[0.543s] Invoking command in '/home/agv/Desktop/catkin/catkin_ws/build/bot_gazebo': CMAKE_PREFIX_PATH=/opt/ros/humble /usr/bin/cmake --build /home/agv/Desktop/catkin/catkin_ws/build/bot_gazebo -- -j8 -l8
[1.488s] Invoked command in '/home/agv/Desktop/catkin/catkin_ws/build/bot_gazebo' returned '0': CMAKE_PREFIX_PATH=/opt/ros/humble /usr/bin/cmake --build /home/agv/Desktop/catkin/catkin_ws/build/bot_gazebo -- -j8 -l8
[1.491s] Invoking command in '/home/agv/Desktop/catkin/catkin_ws/build/bot_gazebo': CMAKE_PREFIX_PATH=/opt/ros/humble /usr/bin/cmake --install /home/agv/Desktop/catkin/catkin_ws/build/bot_gazebo
[1.521s] -- Install configuration: ""
[1.522s] -- Up-to-date: /home/agv/Desktop/catkin/catkin_ws/install/bot_gazebo/share/bot_gazebo/launch
[1.522s] -- Up-to-date: /home/agv/Desktop/catkin/catkin_ws/install/bot_gazebo/share/bot_gazebo/launch/gazebo_sim.launch.py
[1.522s] -- Up-to-date: /home/agv/Desktop/catkin/catkin_ws/install/bot_gazebo/share/bot_gazebo/launch/__pycache__
[1.522s] -- Up-to-date: /home/agv/Desktop/catkin/catkin_ws/install/bot_gazebo/share/bot_gazebo/launch/__pycache__/display_robot.launch.cpython-310.pyc
[1.522s] -- Up-to-date: /home/agv/Desktop/catkin/catkin_ws/install/bot_gazebo/share/bot_gazebo/world
[1.522s] -- Up-to-date: /home/agv/Desktop/catkin/catkin_ws/install/bot_gazebo/share/bot_gazebo/world/experiment_rooms
[1.522s] -- Up-to-date: /home/agv/Desktop/catkin/catkin_ws/install/bot_gazebo/share/bot_gazebo/world/experiment_rooms/worlds
[1.522s] -- Up-to-date: /home/agv/Desktop/catkin/catkin_ws/install/bot_gazebo/share/bot_gazebo/world/experiment_rooms/worlds/room2
[1.523s] -- Up-to-date: /home/agv/Desktop/catkin/catkin_ws/install/bot_gazebo/share/bot_gazebo/world/experiment_rooms/worlds/room2/world_dynamic.model
[1.523s] -- Up-to-date: /home/agv/Desktop/catkin/catkin_ws/install/bot_gazebo/share/bot_gazebo/world/experiment_rooms/worlds/room2/world.model
[1.523s] -- Up-to-date: /home/agv/Desktop/catkin/catkin_ws/install/bot_gazebo/share/bot_gazebo/world/experiment_rooms/worlds/room2/map
[1.523s] -- Up-to-date: /home/agv/Desktop/catkin/catkin_ws/install/bot_gazebo/share/bot_gazebo/world/experiment_rooms/worlds/room2/map/room2.yaml
[1.523s] -- Up-to-date: /home/agv/Desktop/catkin/catkin_ws/install/bot_gazebo/share/bot_gazebo/world/experiment_rooms/worlds/room2/map/room2.png
[1.523s] -- Up-to-date: /home/agv/Desktop/catkin/catkin_ws/install/bot_gazebo/share/bot_gazebo/world/experiment_rooms/experiments_room.png
[1.523s] -- Up-to-date: /home/agv/Desktop/catkin/catkin_ws/install/bot_gazebo/share/bot_gazebo/world/experiment_rooms/models
[1.523s] -- Up-to-date: /home/agv/Desktop/catkin/catkin_ws/install/bot_gazebo/share/bot_gazebo/world/experiment_rooms/models/dynamic_obstacle
[1.524s] -- Up-to-date: /home/agv/Desktop/catkin/catkin_ws/install/bot_gazebo/share/bot_gazebo/world/experiment_rooms/models/dynamic_obstacle/model.sdf
[1.524s] -- Up-to-date: /home/agv/Desktop/catkin/catkin_ws/install/bot_gazebo/share/bot_gazebo/world/experiment_rooms/models/dynamic_obstacle/model.config
[1.524s] -- Up-to-date: /home/agv/Desktop/catkin/catkin_ws/install/bot_gazebo/share/bot_gazebo/world/experiment_rooms/models/exp_empty_rooms
[1.524s] -- Up-to-date: /home/agv/Desktop/catkin/catkin_ws/install/bot_gazebo/share/bot_gazebo/world/experiment_rooms/models/exp_empty_rooms/model.sdf
[1.524s] -- Up-to-date: /home/agv/Desktop/catkin/catkin_ws/install/bot_gazebo/share/bot_gazebo/world/experiment_rooms/models/exp_empty_rooms/model.config
[1.524s] -- Up-to-date: /home/agv/Desktop/catkin/catkin_ws/install/bot_gazebo/share/bot_gazebo/world/warehouse
[1.524s] -- Up-to-date: /home/agv/Desktop/catkin/catkin_ws/install/bot_gazebo/share/bot_gazebo/world/warehouse/no_roof_small_warehouse.world
[1.524s] -- Up-to-date: /home/agv/Desktop/catkin/catkin_ws/install/bot_gazebo/share/bot_gazebo/world/warehouse/warehouse0.world
[1.524s] -- Up-to-date: /home/agv/Desktop/catkin/catkin_ws/install/bot_gazebo/share/bot_gazebo/world/warehouse/models
[1.524s] -- Up-to-date: /home/agv/Desktop/catkin/catkin_ws/install/bot_gazebo/share/bot_gazebo/world/warehouse/models/aws_robomaker_warehouse_ClutteringC_01
[1.524s] -- Up-to-date: /home/agv/Desktop/catkin/catkin_ws/install/bot_gazebo/share/bot_gazebo/world/warehouse/models/aws_robomaker_warehouse_ClutteringC_01/model.sdf
[1.528s] -- Up-to-date: /home/agv/Desktop/catkin/catkin_ws/install/bot_gazebo/share/bot_gazebo/world/warehouse/models/aws_robomaker_warehouse_ClutteringC_01/meshes
[1.532s] -- Up-to-date: /home/agv/Desktop/catkin/catkin_ws/install/bot_gazebo/share/bot_gazebo/world/warehouse/models/aws_robomaker_warehouse_ClutteringC_01/meshes/aws_robomaker_warehouse_ClutteringC_01_visual.DAE
[1.533s] -- Up-to-date: /home/agv/Desktop/catkin/catkin_ws/install/bot_gazebo/share/bot_gazebo/world/warehouse/models/aws_robomaker_warehouse_ClutteringC_01/meshes/aws_robomaker_warehouse_ClutteringC_01_collision.DAE
[1.533s] -- Up-to-date: /home/agv/Desktop/catkin/catkin_ws/install/bot_gazebo/share/bot_gazebo/world/warehouse/models/aws_robomaker_warehouse_ClutteringC_01/materials
[1.533s] -- Up-to-date: /home/agv/Desktop/catkin/catkin_ws/install/bot_gazebo/share/bot_gazebo/world/warehouse/models/aws_robomaker_warehouse_ClutteringC_01/materials/textures
[1.533s] -- Up-to-date: /home/agv/Desktop/catkin/catkin_ws/install/bot_gazebo/share/bot_gazebo/world/warehouse/models/aws_robomaker_warehouse_ClutteringC_01/materials/textures/aws_robomaker_warehouse_ClutteringC_01.png
[1.533s] -- Up-to-date: /home/agv/Desktop/catkin/catkin_ws/install/bot_gazebo/share/bot_gazebo/world/warehouse/models/aws_robomaker_warehouse_ClutteringC_01/materials/textures/aws_robomaker_warehouse_ClutteringC_02.png
[1.533s] -- Up-to-date: /home/agv/Desktop/catkin/catkin_ws/install/bot_gazebo/share/bot_gazebo/world/warehouse/models/aws_robomaker_warehouse_ClutteringC_01/model.config
[1.533s] -- Up-to-date: /home/agv/Desktop/catkin/catkin_ws/install/bot_gazebo/share/bot_gazebo/world/warehouse/models/aws_robomaker_warehouse_ShelfE_01
[1.533s] -- Up-to-date: /home/agv/Desktop/catkin/catkin_ws/install/bot_gazebo/share/bot_gazebo/world/warehouse/models/aws_robomaker_warehouse_ShelfE_01/model.sdf
[1.533s] -- Up-to-date: /home/agv/Desktop/catkin/catkin_ws/install/bot_gazebo/share/bot_gazebo/world/warehouse/models/aws_robomaker_warehouse_ShelfE_01/.DS_Store
[1.533s] -- Up-to-date: /home/agv/Desktop/catkin/catkin_ws/install/bot_gazebo/share/bot_gazebo/world/warehouse/models/aws_robomaker_warehouse_ShelfE_01/meshes
[1.534s] -- Up-to-date: /home/agv/Desktop/catkin/catkin_ws/install/bot_gazebo/share/bot_gazebo/world/warehouse/models/aws_robomaker_warehouse_ShelfE_01/meshes/aws_robomaker_warehouse_ShelfE_01_collision.DAE
[1.534s] -- Up-to-date: /home/agv/Desktop/catkin/catkin_ws/install/bot_gazebo/share/bot_gazebo/world/warehouse/models/aws_robomaker_warehouse_ShelfE_01/meshes/aws_robomaker_warehouse_ShelfE_01_visual.DAE
[1.534s] -- Up-to-date: /home/agv/Desktop/catkin/catkin_ws/install/bot_gazebo/share/bot_gazebo/world/warehouse/models/aws_robomaker_warehouse_ShelfE_01/materials
[1.534s] -- Up-to-date: /home/agv/Desktop/catkin/catkin_ws/install/bot_gazebo/share/bot_gazebo/world/warehouse/models/aws_robomaker_warehouse_ShelfE_01/materials/textures
[1.534s] -- Up-to-date: /home/agv/Desktop/catkin/catkin_ws/install/bot_gazebo/share/bot_gazebo/world/warehouse/models/aws_robomaker_warehouse_ShelfE_01/materials/textures/aws_robomaker_warehouse_ShelfE_02.png
[1.534s] -- Up-to-date: /home/agv/Desktop/catkin/catkin_ws/install/bot_gazebo/share/bot_gazebo/world/warehouse/models/aws_robomaker_warehouse_ShelfE_01/materials/textures/aws_robomaker_warehouse_ShelfE_01.png
[1.537s] -- Up-to-date: /home/agv/Desktop/catkin/catkin_ws/install/bot_gazebo/share/bot_gazebo/world/warehouse/models/aws_robomaker_warehouse_ShelfE_01/materials/textures/aws_robomaker_warehouse_ShelfE_03.png
[1.537s] -- Up-to-date: /home/agv/Desktop/catkin/catkin_ws/install/bot_gazebo/share/bot_gazebo/world/warehouse/models/aws_robomaker_warehouse_ShelfE_01/materials/textures/aws_robomaker_warehouse_ShelfE_04.png
[1.538s] -- Up-to-date: /home/agv/Desktop/catkin/catkin_ws/install/bot_gazebo/share/bot_gazebo/world/warehouse/models/aws_robomaker_warehouse_ShelfE_01/materials/.DS_Store
[1.538s] -- Up-to-date: /home/agv/Desktop/catkin/catkin_ws/install/bot_gazebo/share/bot_gazebo/world/warehouse/models/aws_robomaker_warehouse_ShelfE_01/model.config
[1.539s] -- Up-to-date: /home/agv/Desktop/catkin/catkin_ws/install/bot_gazebo/share/bot_gazebo/world/warehouse/models/apriltag_0
[1.540s] -- Up-to-date: /home/agv/Desktop/catkin/catkin_ws/install/bot_gazebo/share/bot_gazebo/world/warehouse/models/apriltag_0/apriltag_0.sdf
[1.540s] -- Up-to-date: /home/agv/Desktop/catkin/catkin_ws/install/bot_gazebo/share/bot_gazebo/world/warehouse/models/apriltag_0/meshes
[1.540s] -- Up-to-date: /home/agv/Desktop/catkin/catkin_ws/install/bot_gazebo/share/bot_gazebo/world/warehouse/models/apriltag_0/meshes/apriltag_0.dae
[1.540s] -- Up-to-date: /home/agv/Desktop/catkin/catkin_ws/install/bot_gazebo/share/bot_gazebo/world/warehouse/models/apriltag_0/model.config
[1.540s] -- Up-to-date: /home/agv/Desktop/catkin/catkin_ws/install/bot_gazebo/share/bot_gazebo/world/warehouse/models/aws_robomaker_warehouse_WallB_01
[1.541s] -- Up-to-date: /home/agv/Desktop/catkin/catkin_ws/install/bot_gazebo/share/bot_gazebo/world/warehouse/models/aws_robomaker_warehouse_WallB_01/model.sdf
[1.541s] -- Up-to-date: /home/agv/Desktop/catkin/catkin_ws/install/bot_gazebo/share/bot_gazebo/world/warehouse/models/aws_robomaker_warehouse_WallB_01/meshes
[1.541s] -- Up-to-date: /home/agv/Desktop/catkin/catkin_ws/install/bot_gazebo/share/bot_gazebo/world/warehouse/models/aws_robomaker_warehouse_WallB_01/meshes/aws_robomaker_warehouse_WallB_01_collision.DAE
[1.541s] -- Up-to-date: /home/agv/Desktop/catkin/catkin_ws/install/bot_gazebo/share/bot_gazebo/world/warehouse/models/aws_robomaker_warehouse_WallB_01/meshes/aws_robomaker_warehouse_WallB_01_visual.DAE
[1.541s] -- Up-to-date: /home/agv/Desktop/catkin/catkin_ws/install/bot_gazebo/share/bot_gazebo/world/warehouse/models/aws_robomaker_warehouse_WallB_01/materials
[1.541s] -- Up-to-date: /home/agv/Desktop/catkin/catkin_ws/install/bot_gazebo/share/bot_gazebo/world/warehouse/models/aws_robomaker_warehouse_WallB_01/materials/textures
[1.541s] -- Up-to-date: /home/agv/Desktop/catkin/catkin_ws/install/bot_gazebo/share/bot_gazebo/world/warehouse/models/aws_robomaker_warehouse_WallB_01/materials/textures/aws_robomaker_warehouse_WallB_01.png
[1.547s] -- Up-to-date: /home/agv/Desktop/catkin/catkin_ws/install/bot_gazebo/share/bot_gazebo/world/warehouse/models/aws_robomaker_warehouse_WallB_01/model.config
[1.548s] -- Up-to-date: /home/agv/Desktop/catkin/catkin_ws/install/bot_gazebo/share/bot_gazebo/world/warehouse/models/aws_robomaker_warehouse_ShelfF_01
[1.560s] -- Up-to-date: /home/agv/Desktop/catkin/catkin_ws/install/bot_gazebo/share/bot_gazebo/world/warehouse/models/aws_robomaker_warehouse_ShelfF_01/model.sdf
[1.560s] -- Up-to-date: /home/agv/Desktop/catkin/catkin_ws/install/bot_gazebo/share/bot_gazebo/world/warehouse/models/aws_robomaker_warehouse_ShelfF_01/meshes
[1.560s] -- Up-to-date: /home/agv/Desktop/catkin/catkin_ws/install/bot_gazebo/share/bot_gazebo/world/warehouse/models/aws_robomaker_warehouse_ShelfF_01/meshes/aws_robomaker_warehouse_ShelfF_01_collision.DAE
[1.560s] -- Up-to-date: /home/agv/Desktop/catkin/catkin_ws/install/bot_gazebo/share/bot_gazebo/world/warehouse/models/aws_robomaker_warehouse_ShelfF_01/meshes/aws_robomaker_warehouse_ShelfF_01_visual.DAE
[1.560s] -- Up-to-date: /home/agv/Desktop/catkin/catkin_ws/install/bot_gazebo/share/bot_gazebo/world/warehouse/models/aws_robomaker_warehouse_ShelfF_01/materials
[1.560s] -- Up-to-date: /home/agv/Desktop/catkin/catkin_ws/install/bot_gazebo/share/bot_gazebo/world/warehouse/models/aws_robomaker_warehouse_ShelfF_01/materials/textures
[1.560s] -- Up-to-date: /home/agv/Desktop/catkin/catkin_ws/install/bot_gazebo/share/bot_gazebo/world/warehouse/models/aws_robomaker_warehouse_ShelfF_01/materials/textures/aws_robomaker_warehouse_ShelfF_03.png
[1.560s] -- Up-to-date: /home/agv/Desktop/catkin/catkin_ws/install/bot_gazebo/share/bot_gazebo/world/warehouse/models/aws_robomaker_warehouse_ShelfF_01/materials/textures/aws_robomaker_warehouse_ShelfF_01.png
[1.561s] -- Up-to-date: /home/agv/Desktop/catkin/catkin_ws/install/bot_gazebo/share/bot_gazebo/world/warehouse/models/aws_robomaker_warehouse_ShelfF_01/materials/textures/aws_robomaker_warehouse_ShelfF_02.png
[1.561s] -- Up-to-date: /home/agv/Desktop/catkin/catkin_ws/install/bot_gazebo/share/bot_gazebo/world/warehouse/models/aws_robomaker_warehouse_ShelfF_01/model.config
[1.561s] -- Up-to-date: /home/agv/Desktop/catkin/catkin_ws/install/bot_gazebo/share/bot_gazebo/world/warehouse/models/aws_robomaker_warehouse_PalletJackB_01
[1.561s] -- Up-to-date: /home/agv/Desktop/catkin/catkin_ws/install/bot_gazebo/share/bot_gazebo/world/warehouse/models/aws_robomaker_warehouse_PalletJackB_01/model.sdf
[1.561s] -- Up-to-date: /home/agv/Desktop/catkin/catkin_ws/install/bot_gazebo/share/bot_gazebo/world/warehouse/models/aws_robomaker_warehouse_PalletJackB_01/.DS_Store
[1.561s] -- Up-to-date: /home/agv/Desktop/catkin/catkin_ws/install/bot_gazebo/share/bot_gazebo/world/warehouse/models/aws_robomaker_warehouse_PalletJackB_01/meshes
[1.561s] -- Up-to-date: /home/agv/Desktop/catkin/catkin_ws/install/bot_gazebo/share/bot_gazebo/world/warehouse/models/aws_robomaker_warehouse_PalletJackB_01/meshes/aws_robomaker_warehouse_PalletJackB_01_collision.DAE
[1.561s] -- Up-to-date: /home/agv/Desktop/catkin/catkin_ws/install/bot_gazebo/share/bot_gazebo/world/warehouse/models/aws_robomaker_warehouse_PalletJackB_01/meshes/aws_robomaker_warehouse_PalletJackB_01_visual.DAE
[1.561s] -- Up-to-date: /home/agv/Desktop/catkin/catkin_ws/install/bot_gazebo/share/bot_gazebo/world/warehouse/models/aws_robomaker_warehouse_PalletJackB_01/materials
[1.561s] -- Up-to-date: /home/agv/Desktop/catkin/catkin_ws/install/bot_gazebo/share/bot_gazebo/world/warehouse/models/aws_robomaker_warehouse_PalletJackB_01/materials/textures
[1.561s] -- Up-to-date: /home/agv/Desktop/catkin/catkin_ws/install/bot_gazebo/share/bot_gazebo/world/warehouse/models/aws_robomaker_warehouse_PalletJackB_01/materials/textures/aws_robomaker_warehouse_PalletJackB_01.png
[1.561s] -- Up-to-date: /home/agv/Desktop/catkin/catkin_ws/install/bot_gazebo/share/bot_gazebo/world/warehouse/models/aws_robomaker_warehouse_PalletJackB_01/materials/textures/aws_robomaker_warehouse_PalletJackB_02.png
[1.561s] -- Up-to-date: /home/agv/Desktop/catkin/catkin_ws/install/bot_gazebo/share/bot_gazebo/world/warehouse/models/aws_robomaker_warehouse_PalletJackB_01/materials/.DS_Store
[1.562s] -- Up-to-date: /home/agv/Desktop/catkin/catkin_ws/install/bot_gazebo/share/bot_gazebo/world/warehouse/models/aws_robomaker_warehouse_PalletJackB_01/model.config
[1.562s] -- Up-to-date: /home/agv/Desktop/catkin/catkin_ws/install/bot_gazebo/share/bot_gazebo/world/warehouse/models/aws_robomaker_warehouse_Lamp_01
[1.562s] -- Up-to-date: /home/agv/Desktop/catkin/catkin_ws/install/bot_gazebo/share/bot_gazebo/world/warehouse/models/aws_robomaker_warehouse_Lamp_01/model.sdf
[1.562s] -- Up-to-date: /home/agv/Desktop/catkin/catkin_ws/install/bot_gazebo/share/bot_gazebo/world/warehouse/models/aws_robomaker_warehouse_Lamp_01/meshes
[1.562s] -- Up-to-date: /home/agv/Desktop/catkin/catkin_ws/install/bot_gazebo/share/bot_gazebo/world/warehouse/models/aws_robomaker_warehouse_Lamp_01/meshes/aws_robomaker_warehouse_Lamp_01_visual.DAE
[1.562s] -- Up-to-date: /home/agv/Desktop/catkin/catkin_ws/install/bot_gazebo/share/bot_gazebo/world/warehouse/models/aws_robomaker_warehouse_Lamp_01/meshes/aws_robomaker_warehouse_Lamp_01_collision.DAE
[1.562s] -- Up-to-date: /home/agv/Desktop/catkin/catkin_ws/install/bot_gazebo/share/bot_gazebo/world/warehouse/models/aws_robomaker_warehouse_Lamp_01/materials
[1.562s] -- Up-to-date: /home/agv/Desktop/catkin/catkin_ws/install/bot_gazebo/share/bot_gazebo/world/warehouse/models/aws_robomaker_warehouse_Lamp_01/materials/textures
[1.562s] -- Up-to-date: /home/agv/Desktop/catkin/catkin_ws/install/bot_gazebo/share/bot_gazebo/world/warehouse/models/aws_robomaker_warehouse_Lamp_01/materials/textures/aws_robomaker_warehouse_Lamp_01.png
[1.562s] -- Up-to-date: /home/agv/Desktop/catkin/catkin_ws/install/bot_gazebo/share/bot_gazebo/world/warehouse/models/aws_robomaker_warehouse_Lamp_01/model.config
[1.562s] -- Up-to-date: /home/agv/Desktop/catkin/catkin_ws/install/bot_gazebo/share/bot_gazebo/world/warehouse/models/.DS_Store
[1.562s] -- Up-to-date: /home/agv/Desktop/catkin/catkin_ws/install/bot_gazebo/share/bot_gazebo/world/warehouse/models/aws_robomaker_warehouse_GroundB_01
[1.565s] -- Up-to-date: /home/agv/Desktop/catkin/catkin_ws/install/bot_gazebo/share/bot_gazebo/world/warehouse/models/aws_robomaker_warehouse_GroundB_01/model.sdf
[1.566s] -- Up-to-date: /home/agv/Desktop/catkin/catkin_ws/install/bot_gazebo/share/bot_gazebo/world/warehouse/models/aws_robomaker_warehouse_GroundB_01/meshes
[1.566s] -- Up-to-date: /home/agv/Desktop/catkin/catkin_ws/install/bot_gazebo/share/bot_gazebo/world/warehouse/models/aws_robomaker_warehouse_GroundB_01/meshes/aws_robomaker_warehouse_GroundB_01_visual.DAE
[1.567s] -- Up-to-date: /home/agv/Desktop/catkin/catkin_ws/install/bot_gazebo/share/bot_gazebo/world/warehouse/models/aws_robomaker_warehouse_GroundB_01/meshes/aws_robomaker_warehouse_GroundB_01_collision.DAE
[1.567s] -- Up-to-date: /home/agv/Desktop/catkin/catkin_ws/install/bot_gazebo/share/bot_gazebo/world/warehouse/models/aws_robomaker_warehouse_GroundB_01/materials
[1.567s] -- Up-to-date: /home/agv/Desktop/catkin/catkin_ws/install/bot_gazebo/share/bot_gazebo/world/warehouse/models/aws_robomaker_warehouse_GroundB_01/materials/textures
[1.567s] -- Up-to-date: /home/agv/Desktop/catkin/catkin_ws/install/bot_gazebo/share/bot_gazebo/world/warehouse/models/aws_robomaker_warehouse_GroundB_01/materials/textures/aws_robomaker_warehouse_GroundB_01.png
[1.567s] -- Up-to-date: /home/agv/Desktop/catkin/catkin_ws/install/bot_gazebo/share/bot_gazebo/world/warehouse/models/aws_robomaker_warehouse_GroundB_01/materials/textures/aws_robomaker_warehouse_GroundB_02.png
[1.567s] -- Up-to-date: /home/agv/Desktop/catkin/catkin_ws/install/bot_gazebo/share/bot_gazebo/world/warehouse/models/aws_robomaker_warehouse_GroundB_01/model.config
[1.567s] -- Up-to-date: /home/agv/Desktop/catkin/catkin_ws/install/bot_gazebo/share/bot_gazebo/world/warehouse/models/aws_robomaker_warehouse_Bucket_01
[1.567s] -- Up-to-date: /home/agv/Desktop/catkin/catkin_ws/install/bot_gazebo/share/bot_gazebo/world/warehouse/models/aws_robomaker_warehouse_Bucket_01/model.sdf
[1.567s] -- Up-to-date: /home/agv/Desktop/catkin/catkin_ws/install/bot_gazebo/share/bot_gazebo/world/warehouse/models/aws_robomaker_warehouse_Bucket_01/.DS_Store
[1.568s] -- Up-to-date: /home/agv/Desktop/catkin/catkin_ws/install/bot_gazebo/share/bot_gazebo/world/warehouse/models/aws_robomaker_warehouse_Bucket_01/meshes
[1.568s] -- Up-to-date: /home/agv/Desktop/catkin/catkin_ws/install/bot_gazebo/share/bot_gazebo/world/warehouse/models/aws_robomaker_warehouse_Bucket_01/meshes/aws_robomaker_warehouse_Bucket_01_visual.DAE
[1.568s] -- Up-to-date: /home/agv/Desktop/catkin/catkin_ws/install/bot_gazebo/share/bot_gazebo/world/warehouse/models/aws_robomaker_warehouse_Bucket_01/meshes/aws_robomaker_warehouse_Bucket_01_collision.DAE
[1.573s] -- Up-to-date: /home/agv/Desktop/catkin/catkin_ws/install/bot_gazebo/share/bot_gazebo/world/warehouse/models/aws_robomaker_warehouse_Bucket_01/materials
[1.573s] -- Up-to-date: /home/agv/Desktop/catkin/catkin_ws/install/bot_gazebo/share/bot_gazebo/world/warehouse/models/aws_robomaker_warehouse_Bucket_01/materials/textures
[1.573s] -- Up-to-date: /home/agv/Desktop/catkin/catkin_ws/install/bot_gazebo/share/bot_gazebo/world/warehouse/models/aws_robomaker_warehouse_Bucket_01/materials/textures/aws_robomaker_warehouse_Bucket_01.png
[1.573s] -- Up-to-date: /home/agv/Desktop/catkin/catkin_ws/install/bot_gazebo/share/bot_gazebo/world/warehouse/models/aws_robomaker_warehouse_Bucket_01/materials/.DS_Store
[1.574s] -- Up-to-date: /home/agv/Desktop/catkin/catkin_ws/install/bot_gazebo/share/bot_gazebo/world/warehouse/models/aws_robomaker_warehouse_Bucket_01/model.config
[1.574s] -- Up-to-date: /home/agv/Desktop/catkin/catkin_ws/install/bot_gazebo/share/bot_gazebo/world/warehouse/models/aws_robomaker_warehouse_ShelfD_01
[1.574s] -- Up-to-date: /home/agv/Desktop/catkin/catkin_ws/install/bot_gazebo/share/bot_gazebo/world/warehouse/models/aws_robomaker_warehouse_ShelfD_01/model.sdf
[1.574s] -- Up-to-date: /home/agv/Desktop/catkin/catkin_ws/install/bot_gazebo/share/bot_gazebo/world/warehouse/models/aws_robomaker_warehouse_ShelfD_01/meshes
[1.574s] -- Up-to-date: /home/agv/Desktop/catkin/catkin_ws/install/bot_gazebo/share/bot_gazebo/world/warehouse/models/aws_robomaker_warehouse_ShelfD_01/meshes/aws_robomaker_warehouse_ShelfD_01_collision.DAE
[1.574s] -- Up-to-date: /home/agv/Desktop/catkin/catkin_ws/install/bot_gazebo/share/bot_gazebo/world/warehouse/models/aws_robomaker_warehouse_ShelfD_01/meshes/aws_robomaker_warehouse_ShelfD_01_visual.DAE
[1.574s] -- Up-to-date: /home/agv/Desktop/catkin/catkin_ws/install/bot_gazebo/share/bot_gazebo/world/warehouse/models/aws_robomaker_warehouse_ShelfD_01/materials
[1.577s] -- Up-to-date: /home/agv/Desktop/catkin/catkin_ws/install/bot_gazebo/share/bot_gazebo/world/warehouse/models/aws_robomaker_warehouse_ShelfD_01/materials/textures
[1.577s] -- Up-to-date: /home/agv/Desktop/catkin/catkin_ws/install/bot_gazebo/share/bot_gazebo/world/warehouse/models/aws_robomaker_warehouse_ShelfD_01/materials/textures/aws_robomaker_warehouse_ShelfD_01.png
[1.577s] -- Up-to-date: /home/agv/Desktop/catkin/catkin_ws/install/bot_gazebo/share/bot_gazebo/world/warehouse/models/aws_robomaker_warehouse_ShelfD_01/materials/textures/aws_robomaker_warehouse_ShelfD_02.png
[1.577s] -- Up-to-date: /home/agv/Desktop/catkin/catkin_ws/install/bot_gazebo/share/bot_gazebo/world/warehouse/models/aws_robomaker_warehouse_ShelfD_01/materials/textures/aws_robomaker_warehouse_ShelfD_04.png
[1.577s] -- Up-to-date: /home/agv/Desktop/catkin/catkin_ws/install/bot_gazebo/share/bot_gazebo/world/warehouse/models/aws_robomaker_warehouse_ShelfD_01/materials/textures/aws_robomaker_warehouse_ShelfD_03.png
[1.577s] -- Up-to-date: /home/agv/Desktop/catkin/catkin_ws/install/bot_gazebo/share/bot_gazebo/world/warehouse/models/aws_robomaker_warehouse_ShelfD_01/model.config
[1.577s] -- Up-to-date: /home/agv/Desktop/catkin/catkin_ws/install/bot_gazebo/share/bot_gazebo/world/warehouse/models/aws_robomaker_warehouse_ClutteringA_01
[1.577s] -- Up-to-date: /home/agv/Desktop/catkin/catkin_ws/install/bot_gazebo/share/bot_gazebo/world/warehouse/models/aws_robomaker_warehouse_ClutteringA_01/model.sdf
[1.577s] -- Up-to-date: /home/agv/Desktop/catkin/catkin_ws/install/bot_gazebo/share/bot_gazebo/world/warehouse/models/aws_robomaker_warehouse_ClutteringA_01/.DS_Store
[1.577s] -- Up-to-date: /home/agv/Desktop/catkin/catkin_ws/install/bot_gazebo/share/bot_gazebo/world/warehouse/models/aws_robomaker_warehouse_ClutteringA_01/meshes
[1.577s] -- Up-to-date: /home/agv/Desktop/catkin/catkin_ws/install/bot_gazebo/share/bot_gazebo/world/warehouse/models/aws_robomaker_warehouse_ClutteringA_01/meshes/aws_robomaker_warehouse_ClutteringA_01_visual.DAE
[1.577s] -- Up-to-date: /home/agv/Desktop/catkin/catkin_ws/install/bot_gazebo/share/bot_gazebo/world/warehouse/models/aws_robomaker_warehouse_ClutteringA_01/meshes/aws_robomaker_warehouse_ClutteringA_01_collision.DAE
[1.578s] -- Up-to-date: /home/agv/Desktop/catkin/catkin_ws/install/bot_gazebo/share/bot_gazebo/world/warehouse/models/aws_robomaker_warehouse_ClutteringA_01/materials
[1.578s] -- Up-to-date: /home/agv/Desktop/catkin/catkin_ws/install/bot_gazebo/share/bot_gazebo/world/warehouse/models/aws_robomaker_warehouse_ClutteringA_01/materials/textures
[1.578s] -- Up-to-date: /home/agv/Desktop/catkin/catkin_ws/install/bot_gazebo/share/bot_gazebo/world/warehouse/models/aws_robomaker_warehouse_ClutteringA_01/materials/textures/.DS_Store
[1.578s] -- Up-to-date: /home/agv/Desktop/catkin/catkin_ws/install/bot_gazebo/share/bot_gazebo/world/warehouse/models/aws_robomaker_warehouse_ClutteringA_01/materials/textures/aws_robomaker_warehouse_ClutteringA_02.png
[1.578s] -- Up-to-date: /home/agv/Desktop/catkin/catkin_ws/install/bot_gazebo/share/bot_gazebo/world/warehouse/models/aws_robomaker_warehouse_ClutteringA_01/materials/textures/aws_robomaker_warehouse_ClutteringA_03.png
[1.578s] -- Up-to-date: /home/agv/Desktop/catkin/catkin_ws/install/bot_gazebo/share/bot_gazebo/world/warehouse/models/aws_robomaker_warehouse_ClutteringA_01/materials/textures/aws_robomaker_warehouse_ClutteringA_01.png
[1.578s] -- Up-to-date: /home/agv/Desktop/catkin/catkin_ws/install/bot_gazebo/share/bot_gazebo/world/warehouse/models/aws_robomaker_warehouse_ClutteringA_01/materials/.DS_Store
[1.579s] -- Up-to-date: /home/agv/Desktop/catkin/catkin_ws/install/bot_gazebo/share/bot_gazebo/world/warehouse/models/aws_robomaker_warehouse_ClutteringA_01/model.config
[1.579s] -- Up-to-date: /home/agv/Desktop/catkin/catkin_ws/install/bot_gazebo/share/bot_gazebo/world/warehouse/models/aws_robomaker_warehouse_ClutteringD_01
[1.579s] -- Up-to-date: /home/agv/Desktop/catkin/catkin_ws/install/bot_gazebo/share/bot_gazebo/world/warehouse/models/aws_robomaker_warehouse_ClutteringD_01/model.sdf
[1.579s] -- Up-to-date: /home/agv/Desktop/catkin/catkin_ws/install/bot_gazebo/share/bot_gazebo/world/warehouse/models/aws_robomaker_warehouse_ClutteringD_01/meshes
[1.579s] -- Up-to-date: /home/agv/Desktop/catkin/catkin_ws/install/bot_gazebo/share/bot_gazebo/world/warehouse/models/aws_robomaker_warehouse_ClutteringD_01/meshes/aws_robomaker_warehouse_ClutteringD_01_collision.DAE
[1.579s] -- Up-to-date: /home/agv/Desktop/catkin/catkin_ws/install/bot_gazebo/share/bot_gazebo/world/warehouse/models/aws_robomaker_warehouse_ClutteringD_01/meshes/aws_robomaker_warehouse_ClutteringD_01_visual.DAE
[1.579s] -- Up-to-date: /home/agv/Desktop/catkin/catkin_ws/install/bot_gazebo/share/bot_gazebo/world/warehouse/models/aws_robomaker_warehouse_ClutteringD_01/materials
[1.580s] -- Up-to-date: /home/agv/Desktop/catkin/catkin_ws/install/bot_gazebo/share/bot_gazebo/world/warehouse/models/aws_robomaker_warehouse_ClutteringD_01/materials/textures
[1.587s] -- Up-to-date: /home/agv/Desktop/catkin/catkin_ws/install/bot_gazebo/share/bot_gazebo/world/warehouse/models/aws_robomaker_warehouse_ClutteringD_01/materials/textures/aws_robomaker_warehouse_ClutteringD_02.png
[1.587s] -- Up-to-date: /home/agv/Desktop/catkin/catkin_ws/install/bot_gazebo/share/bot_gazebo/world/warehouse/models/aws_robomaker_warehouse_ClutteringD_01/materials/textures/aws_robomaker_warehouse_ClutteringD_01.png
[1.587s] -- Up-to-date: /home/agv/Desktop/catkin/catkin_ws/install/bot_gazebo/share/bot_gazebo/world/warehouse/models/aws_robomaker_warehouse_ClutteringD_01/model.config
[1.587s] -- Up-to-date: /home/agv/Desktop/catkin/catkin_ws/install/bot_gazebo/share/bot_gazebo/world/warehouse/models/aws_robomaker_warehouse_TrashCanC_01
[1.589s] -- Up-to-date: /home/agv/Desktop/catkin/catkin_ws/install/bot_gazebo/share/bot_gazebo/world/warehouse/models/aws_robomaker_warehouse_TrashCanC_01/model.sdf
[1.589s] -- Up-to-date: /home/agv/Desktop/catkin/catkin_ws/install/bot_gazebo/share/bot_gazebo/world/warehouse/models/aws_robomaker_warehouse_TrashCanC_01/meshes
[1.589s] -- Up-to-date: /home/agv/Desktop/catkin/catkin_ws/install/bot_gazebo/share/bot_gazebo/world/warehouse/models/aws_robomaker_warehouse_TrashCanC_01/meshes/aws_robomaker_warehouse_TrashCanC_01_collision.DAE
[1.589s] -- Up-to-date: /home/agv/Desktop/catkin/catkin_ws/install/bot_gazebo/share/bot_gazebo/world/warehouse/models/aws_robomaker_warehouse_TrashCanC_01/meshes/aws_robomaker_warehouse_TrashCanC_01_visual.DAE
[1.589s] -- Up-to-date: /home/agv/Desktop/catkin/catkin_ws/install/bot_gazebo/share/bot_gazebo/world/warehouse/models/aws_robomaker_warehouse_TrashCanC_01/materials
[1.589s] -- Up-to-date: /home/agv/Desktop/catkin/catkin_ws/install/bot_gazebo/share/bot_gazebo/world/warehouse/models/aws_robomaker_warehouse_TrashCanC_01/materials/textures
[1.589s] -- Up-to-date: /home/agv/Desktop/catkin/catkin_ws/install/bot_gazebo/share/bot_gazebo/world/warehouse/models/aws_robomaker_warehouse_TrashCanC_01/materials/textures/aws_robomaker_warehouse_TrashCanC_01.png
[1.590s] -- Up-to-date: /home/agv/Desktop/catkin/catkin_ws/install/bot_gazebo/share/bot_gazebo/world/warehouse/models/aws_robomaker_warehouse_TrashCanC_01/model.config
[1.590s] -- Up-to-date: /home/agv/Desktop/catkin/catkin_ws/install/bot_gazebo/share/bot_gazebo/world/warehouse/models/aws_robomaker_warehouse_DeskC_01
[1.590s] -- Up-to-date: /home/agv/Desktop/catkin/catkin_ws/install/bot_gazebo/share/bot_gazebo/world/warehouse/models/aws_robomaker_warehouse_DeskC_01/model.sdf
[1.590s] -- Up-to-date: /home/agv/Desktop/catkin/catkin_ws/install/bot_gazebo/share/bot_gazebo/world/warehouse/models/aws_robomaker_warehouse_DeskC_01/meshes
[1.590s] -- Up-to-date: /home/agv/Desktop/catkin/catkin_ws/install/bot_gazebo/share/bot_gazebo/world/warehouse/models/aws_robomaker_warehouse_DeskC_01/meshes/aws_robomaker_warehouse_DeskC_01_visual.DAE
[1.592s] -- Up-to-date: /home/agv/Desktop/catkin/catkin_ws/install/bot_gazebo/share/bot_gazebo/world/warehouse/models/aws_robomaker_warehouse_DeskC_01/meshes/aws_robomaker_warehouse_DeskC_01_collision.DAE
[1.592s] -- Up-to-date: /home/agv/Desktop/catkin/catkin_ws/install/bot_gazebo/share/bot_gazebo/world/warehouse/models/aws_robomaker_warehouse_DeskC_01/materials
[1.592s] -- Up-to-date: /home/agv/Desktop/catkin/catkin_ws/install/bot_gazebo/share/bot_gazebo/world/warehouse/models/aws_robomaker_warehouse_DeskC_01/materials/textures
[1.592s] -- Up-to-date: /home/agv/Desktop/catkin/catkin_ws/install/bot_gazebo/share/bot_gazebo/world/warehouse/models/aws_robomaker_warehouse_DeskC_01/materials/textures/aws_robomaker_warehouse_DeskC_03.png
[1.593s] -- Up-to-date: /home/agv/Desktop/catkin/catkin_ws/install/bot_gazebo/share/bot_gazebo/world/warehouse/models/aws_robomaker_warehouse_DeskC_01/materials/textures/aws_robomaker_warehouse_DeskC_03.psd
[1.593s] -- Up-to-date: /home/agv/Desktop/catkin/catkin_ws/install/bot_gazebo/share/bot_gazebo/world/warehouse/models/aws_robomaker_warehouse_DeskC_01/materials/textures/aws_robomaker_warehouse_DeskC_02.png
[1.593s] -- Up-to-date: /home/agv/Desktop/catkin/catkin_ws/install/bot_gazebo/share/bot_gazebo/world/warehouse/models/aws_robomaker_warehouse_DeskC_01/materials/textures/aws_robomaker_warehouse_DeskC_04.png
[1.593s] -- Up-to-date: /home/agv/Desktop/catkin/catkin_ws/install/bot_gazebo/share/bot_gazebo/world/warehouse/models/aws_robomaker_warehouse_DeskC_01/materials/textures/aws_robomaker_warehouse_DeskC_01.png
[1.593s] -- Up-to-date: /home/agv/Desktop/catkin/catkin_ws/install/bot_gazebo/share/bot_gazebo/world/warehouse/models/aws_robomaker_warehouse_DeskC_01/materials/.DS_Store
[1.596s] -- Up-to-date: /home/agv/Desktop/catkin/catkin_ws/install/bot_gazebo/share/bot_gazebo/world/warehouse/models/aws_robomaker_warehouse_DeskC_01/model.config
[1.596s] -- Up-to-date: /home/agv/Desktop/catkin/catkin_ws/install/bot_gazebo/share/bot_gazebo/world/warehouse/models/apriltag_1
[1.596s] -- Up-to-date: /home/agv/Desktop/catkin/catkin_ws/install/bot_gazebo/share/bot_gazebo/world/warehouse/models/apriltag_1/meshes
[1.596s] -- Up-to-date: /home/agv/Desktop/catkin/catkin_ws/install/bot_gazebo/share/bot_gazebo/world/warehouse/models/apriltag_1/meshes/apriltag_1.dae
[1.598s] -- Up-to-date: /home/agv/Desktop/catkin/catkin_ws/install/bot_gazebo/share/bot_gazebo/world/warehouse/models/apriltag_1/model.config
[1.598s] -- Up-to-date: /home/agv/Desktop/catkin/catkin_ws/install/bot_gazebo/share/bot_gazebo/world/warehouse/models/apriltag_1/apriltag_1.sdf
[1.598s] -- Up-to-date: /home/agv/Desktop/catkin/catkin_ws/install/bot_gazebo/share/bot_gazebo/world/warehouse/models/aws_robomaker_warehouse_RoofB_01
[1.598s] -- Up-to-date: /home/agv/Desktop/catkin/catkin_ws/install/bot_gazebo/share/bot_gazebo/world/warehouse/models/aws_robomaker_warehouse_RoofB_01/model.sdf
[1.598s] -- Up-to-date: /home/agv/Desktop/catkin/catkin_ws/install/bot_gazebo/share/bot_gazebo/world/warehouse/models/aws_robomaker_warehouse_RoofB_01/meshes
[1.599s] -- Up-to-date: /home/agv/Desktop/catkin/catkin_ws/install/bot_gazebo/share/bot_gazebo/world/warehouse/models/aws_robomaker_warehouse_RoofB_01/meshes/aws_robomaker_warehouse_RoofB_01_collision.DAE
[1.599s] -- Up-to-date: /home/agv/Desktop/catkin/catkin_ws/install/bot_gazebo/share/bot_gazebo/world/warehouse/models/aws_robomaker_warehouse_RoofB_01/meshes/aws_robomaker_warehouse_RoofB_01_visual.DAE
[1.599s] -- Up-to-date: /home/agv/Desktop/catkin/catkin_ws/install/bot_gazebo/share/bot_gazebo/world/warehouse/models/aws_robomaker_warehouse_RoofB_01/materials
[1.599s] -- Up-to-date: /home/agv/Desktop/catkin/catkin_ws/install/bot_gazebo/share/bot_gazebo/world/warehouse/models/aws_robomaker_warehouse_RoofB_01/materials/textures
[1.599s] -- Up-to-date: /home/agv/Desktop/catkin/catkin_ws/install/bot_gazebo/share/bot_gazebo/world/warehouse/models/aws_robomaker_warehouse_RoofB_01/materials/textures/aws_robomaker_warehouse_RoofB_01.png
[1.599s] -- Up-to-date: /home/agv/Desktop/catkin/catkin_ws/install/bot_gazebo/share/bot_gazebo/world/warehouse/models/aws_robomaker_warehouse_RoofB_01/model.config
[1.599s] -- Up-to-date: /home/agv/Desktop/catkin/catkin_ws/install/bot_gazebo/share/bot_gazebo/world/test_april
[1.599s] -- Up-to-date: /home/agv/Desktop/catkin/catkin_ws/install/bot_gazebo/share/bot_gazebo/world/test_april/test2.world
[1.599s] -- Up-to-date: /home/agv/Desktop/catkin/catkin_ws/install/bot_gazebo/share/bot_gazebo/world/test_april/test.world
[1.599s] -- Up-to-date: /home/agv/Desktop/catkin/catkin_ws/install/bot_gazebo/share/bot_gazebo/world/test_april/models
[1.600s] -- Up-to-date: /home/agv/Desktop/catkin/catkin_ws/install/bot_gazebo/share/bot_gazebo/world/test_april/models/apriltag_0
[1.600s] -- Up-to-date: /home/agv/Desktop/catkin/catkin_ws/install/bot_gazebo/share/bot_gazebo/world/test_april/models/apriltag_0/apriltag_0.sdf
[1.600s] -- Up-to-date: /home/agv/Desktop/catkin/catkin_ws/install/bot_gazebo/share/bot_gazebo/world/test_april/models/apriltag_0/meshes
[1.603s] -- Up-to-date: /home/agv/Desktop/catkin/catkin_ws/install/bot_gazebo/share/bot_gazebo/world/test_april/models/apriltag_0/meshes/apriltag_0.dae
[1.603s] -- Up-to-date: /home/agv/Desktop/catkin/catkin_ws/install/bot_gazebo/share/bot_gazebo/world/test_april/models/apriltag_0/model.config
[1.604s] -- Up-to-date: /home/agv/Desktop/catkin/catkin_ws/install/bot_gazebo/share/bot_gazebo/world/test_april/models/apriltag_1
[1.604s] -- Up-to-date: /home/agv/Desktop/catkin/catkin_ws/install/bot_gazebo/share/bot_gazebo/world/test_april/models/apriltag_1/meshes
[1.604s] -- Up-to-date: /home/agv/Desktop/catkin/catkin_ws/install/bot_gazebo/share/bot_gazebo/world/test_april/models/apriltag_1/meshes/apriltag_1.dae
[1.604s] -- Up-to-date: /home/agv/Desktop/catkin/catkin_ws/install/bot_gazebo/share/bot_gazebo/world/test_april/models/apriltag_1/model.config
[1.604s] -- Up-to-date: /home/agv/Desktop/catkin/catkin_ws/install/bot_gazebo/share/bot_gazebo/world/test_april/models/apriltag_1/apriltag_1.sdf
[1.607s] -- Up-to-date: /home/agv/Desktop/catkin/catkin_ws/install/bot_gazebo/share/ament_index/resource_index/package_run_dependencies/bot_gazebo
[1.607s] -- Up-to-date: /home/agv/Desktop/catkin/catkin_ws/install/bot_gazebo/share/ament_index/resource_index/parent_prefix_path/bot_gazebo
[1.607s] -- Up-to-date: /home/agv/Desktop/catkin/catkin_ws/install/bot_gazebo/share/bot_gazebo/environment/ament_prefix_path.sh
[1.607s] -- Up-to-date: /home/agv/Desktop/catkin/catkin_ws/install/bot_gazebo/share/bot_gazebo/environment/ament_prefix_path.dsv
[1.607s] -- Up-to-date: /home/agv/Desktop/catkin/catkin_ws/install/bot_gazebo/share/bot_gazebo/environment/path.sh
[1.607s] -- Up-to-date: /home/agv/Desktop/catkin/catkin_ws/install/bot_gazebo/share/bot_gazebo/environment/path.dsv
[1.607s] -- Up-to-date: /home/agv/Desktop/catkin/catkin_ws/install/bot_gazebo/share/bot_gazebo/local_setup.bash
[1.607s] -- Up-to-date: /home/agv/Desktop/catkin/catkin_ws/install/bot_gazebo/share/bot_gazebo/local_setup.sh
[1.608s] -- Up-to-date: /home/agv/Desktop/catkin/catkin_ws/install/bot_gazebo/share/bot_gazebo/local_setup.zsh
[1.608s] -- Up-to-date: /home/agv/Desktop/catkin/catkin_ws/install/bot_gazebo/share/bot_gazebo/local_setup.dsv
[1.608s] -- Installing: /home/agv/Desktop/catkin/catkin_ws/install/bot_gazebo/share/bot_gazebo/package.dsv
[1.608s] -- Up-to-date: /home/agv/Desktop/catkin/catkin_ws/install/bot_gazebo/share/ament_index/resource_index/packages/bot_gazebo
[1.608s] -- Up-to-date: /home/agv/Desktop/catkin/catkin_ws/install/bot_gazebo/share/bot_gazebo/cmake/bot_gazeboConfig.cmake
[1.608s] -- Up-to-date: /home/agv/Desktop/catkin/catkin_ws/install/bot_gazebo/share/bot_gazebo/cmake/bot_gazeboConfig-version.cmake
[1.608s] -- Up-to-date: /home/agv/Desktop/catkin/catkin_ws/install/bot_gazebo/share/bot_gazebo/package.xml
[1.629s] Invoked command in '/home/agv/Desktop/catkin/catkin_ws/build/bot_gazebo' returned '0': CMAKE_PREFIX_PATH=/opt/ros/humble /usr/bin/cmake --install /home/agv/Desktop/catkin/catkin_ws/build/bot_gazebo
