[1.441s] Invoking command in '/home/agv/Desktop/catkin/catkin_ws/src/bot_localization': PYTHONPATH=/home/agv/Desktop/catkin/catkin_ws/build/bot_localization/prefix_override:/usr/lib/python3/dist-packages/colcon_core/task/python/colcon_distutils_commands:/home/agv/Desktop/catkin/catkin_ws/install/bot_localization/lib/python3.10/site-packages:${PYTHONPATH} /usr/bin/python3 -W ignore:setup.py install is deprecated -W ignore:easy_install command is deprecated setup.py egg_info --egg-base ../../build/bot_localization build --build-base /home/agv/Desktop/catkin/catkin_ws/build/bot_localization/build install --record /home/agv/Desktop/catkin/catkin_ws/build/bot_localization/install.log --single-version-externally-managed install_data
[1.715s] running egg_info
[1.715s] writing ../../build/bot_localization/bot_localization.egg-info/PKG-INFO
[1.716s] writing dependency_links to ../../build/bot_localization/bot_localization.egg-info/dependency_links.txt
[1.717s] writing entry points to ../../build/bot_localization/bot_localization.egg-info/entry_points.txt
[1.717s] writing requirements to ../../build/bot_localization/bot_localization.egg-info/requires.txt
[1.717s] writing top-level names to ../../build/bot_localization/bot_localization.egg-info/top_level.txt
[1.721s] reading manifest file '../../build/bot_localization/bot_localization.egg-info/SOURCES.txt'
[1.724s] writing manifest file '../../build/bot_localization/bot_localization.egg-info/SOURCES.txt'
[1.724s] running build
[1.724s] running build_py
[1.724s] running install
[1.724s] running install_lib
[1.728s] running install_data
[1.729s] running install_egg_info
[1.729s] removing '/home/agv/Desktop/catkin/catkin_ws/install/bot_localization/lib/python3.10/site-packages/bot_localization-0.0.0-py3.10.egg-info' (and everything under it)
[1.731s] Copying ../../build/bot_localization/bot_localization.egg-info to /home/agv/Desktop/catkin/catkin_ws/install/bot_localization/lib/python3.10/site-packages/bot_localization-0.0.0-py3.10.egg-info
[1.731s] running install_scripts
[1.755s] Installing apriltag_to_pose_node script to /home/agv/Desktop/catkin/catkin_ws/install/bot_localization/lib/bot_localization
[1.755s] writing list of installed files to '/home/agv/Desktop/catkin/catkin_ws/build/bot_localization/install.log'
[1.800s] Invoked command in '/home/agv/Desktop/catkin/catkin_ws/src/bot_localization' returned '0': PYTHONPATH=/home/agv/Desktop/catkin/catkin_ws/build/bot_localization/prefix_override:/usr/lib/python3/dist-packages/colcon_core/task/python/colcon_distutils_commands:/home/agv/Desktop/catkin/catkin_ws/install/bot_localization/lib/python3.10/site-packages:${PYTHONPATH} /usr/bin/python3 -W ignore:setup.py install is deprecated -W ignore:easy_install command is deprecated setup.py egg_info --egg-base ../../build/bot_localization build --build-base /home/agv/Desktop/catkin/catkin_ws/build/bot_localization/build install --record /home/agv/Desktop/catkin/catkin_ws/build/bot_localization/install.log --single-version-externally-managed install_data
