[2.723s] Invoking command in '/home/agv/Desktop/catkin/catkin_ws/src/bot_navigation': PYTHONPATH=/home/agv/Desktop/catkin/catkin_ws/build/bot_navigation/prefix_override:/usr/lib/python3/dist-packages/colcon_core/task/python/colcon_distutils_commands:/home/agv/Desktop/catkin/catkin_ws/install/bot_navigation/lib/python3.10/site-packages:${PYTHONPATH} /usr/bin/python3 -W ignore:setup.py install is deprecated -W ignore:easy_install command is deprecated setup.py egg_info --egg-base ../../build/bot_navigation build --build-base /home/agv/Desktop/catkin/catkin_ws/build/bot_navigation/build install --record /home/agv/Desktop/catkin/catkin_ws/build/bot_navigation/install.log --single-version-externally-managed install_data
[3.352s] running egg_info
[3.352s] writing ../../build/bot_navigation/bot_navigation.egg-info/PKG-INFO
[3.352s] writing dependency_links to ../../build/bot_navigation/bot_navigation.egg-info/dependency_links.txt
[3.364s] writing entry points to ../../build/bot_navigation/bot_navigation.egg-info/entry_points.txt
[3.364s] writing requirements to ../../build/bot_navigation/bot_navigation.egg-info/requires.txt
[3.365s] writing top-level names to ../../build/bot_navigation/bot_navigation.egg-info/top_level.txt
[3.365s] reading manifest file '../../build/bot_navigation/bot_navigation.egg-info/SOURCES.txt'
[3.365s] writing manifest file '../../build/bot_navigation/bot_navigation.egg-info/SOURCES.txt'
[3.366s] running build
[3.366s] running build_py
[3.366s] running install
[3.366s] running install_lib
[3.366s] running install_data
[3.366s] running install_egg_info
[3.371s] removing '/home/agv/Desktop/catkin/catkin_ws/install/bot_navigation/lib/python3.10/site-packages/bot_navigation-0.0.0-py3.10.egg-info' (and everything under it)
[3.371s] Copying ../../build/bot_navigation/bot_navigation.egg-info to /home/agv/Desktop/catkin/catkin_ws/install/bot_navigation/lib/python3.10/site-packages/bot_navigation-0.0.0-py3.10.egg-info
[3.375s] running install_scripts
[3.408s] Installing waypoint_navigator script to /home/agv/Desktop/catkin/catkin_ws/install/bot_navigation/lib/bot_navigation
[3.410s] writing list of installed files to '/home/agv/Desktop/catkin/catkin_ws/build/bot_navigation/install.log'
[3.471s] Invoked command in '/home/agv/Desktop/catkin/catkin_ws/src/bot_navigation' returned '0': PYTHONPATH=/home/agv/Desktop/catkin/catkin_ws/build/bot_navigation/prefix_override:/usr/lib/python3/dist-packages/colcon_core/task/python/colcon_distutils_commands:/home/agv/Desktop/catkin/catkin_ws/install/bot_navigation/lib/python3.10/site-packages:${PYTHONPATH} /usr/bin/python3 -W ignore:setup.py install is deprecated -W ignore:easy_install command is deprecated setup.py egg_info --egg-base ../../build/bot_navigation build --build-base /home/agv/Desktop/catkin/catkin_ws/build/bot_navigation/build install --record /home/agv/Desktop/catkin/catkin_ws/build/bot_navigation/install.log --single-version-externally-managed install_data
