[0.099s] DEBUG:colcon:Command line arguments: ['/usr/bin/colcon', 'build']
[0.099s] DEBUG:colcon:Parsed command line arguments: Namespace(log_base=None, log_level=None, verb_name='build', build_base='build', install_base='install', merge_install=False, symlink_install=False, test_result_base=None, continue_on_error=False, executor='parallel', parallel_workers=8, event_handlers=None, ignore_user_meta=False, metas=['./colcon.meta'], base_paths=['.'], packages_ignore=None, packages_ignore_regex=None, paths=None, packages_up_to=None, packages_up_to_regex=None, packages_above=None, packages_above_and_dependencies=None, packages_above_depth=None, packages_select_by_dep=None, packages_skip_by_dep=None, packages_skip_up_to=None, packages_select_build_failed=False, packages_skip_build_finished=False, packages_select_test_failures=False, packages_skip_test_passed=False, packages_select=None, packages_skip=None, packages_select_regex=None, packages_skip_regex=None, packages_start=None, packages_end=None, allow_overriding=[], cmake_args=None, cmake_target=None, cmake_target_skip_unavailable=False, cmake_clean_cache=False, cmake_clean_first=False, cmake_force_configure=False, ament_cmake_args=None, catkin_cmake_args=None, catkin_skip_building_tests=False, verb_parser=<colcon_defaults.argument_parser.defaults.DefaultArgumentsDecorator object at 0x725bf3039360>, verb_extension=<colcon_core.verb.build.BuildVerb object at 0x725bf3038ee0>, main=<bound method BuildVerb.main of <colcon_core.verb.build.BuildVerb object at 0x725bf3038ee0>>)
[0.287s] Level 1:colcon.colcon_core.package_discovery:discover_packages(colcon_meta) check parameters
[0.287s] Level 1:colcon.colcon_core.package_discovery:discover_packages(recursive) check parameters
[0.287s] Level 1:colcon.colcon_core.package_discovery:discover_packages(ignore) check parameters
[0.288s] Level 1:colcon.colcon_core.package_discovery:discover_packages(path) check parameters
[0.288s] Level 1:colcon.colcon_core.package_discovery:discover_packages(colcon_meta) discover
[0.288s] Level 1:colcon.colcon_core.package_discovery:discover_packages(recursive) discover
[0.288s] INFO:colcon.colcon_core.package_discovery:Crawling recursively for packages in '/home/agv/Desktop/catkin/catkin_ws'
[0.288s] Level 1:colcon.colcon_core.package_identification:_identify(.) by extensions ['ignore', 'ignore_ament_install']
[0.288s] Level 1:colcon.colcon_core.package_identification:_identify(.) by extension 'ignore'
[0.288s] Level 1:colcon.colcon_core.package_identification:_identify(.) by extension 'ignore_ament_install'
[0.288s] Level 1:colcon.colcon_core.package_identification:_identify(.) by extensions ['colcon_pkg']
[0.288s] Level 1:colcon.colcon_core.package_identification:_identify(.) by extension 'colcon_pkg'
[0.288s] Level 1:colcon.colcon_core.package_identification:_identify(.) by extensions ['colcon_meta']
[0.288s] Level 1:colcon.colcon_core.package_identification:_identify(.) by extension 'colcon_meta'
[0.288s] Level 1:colcon.colcon_core.package_identification:_identify(.) by extensions ['ros']
[0.288s] Level 1:colcon.colcon_core.package_identification:_identify(.) by extension 'ros'
[0.306s] Level 1:colcon.colcon_core.package_identification:_identify(.) by extensions ['cmake', 'python']
[0.306s] Level 1:colcon.colcon_core.package_identification:_identify(.) by extension 'cmake'
[0.306s] Level 1:colcon.colcon_core.package_identification:_identify(.) by extension 'python'
[0.306s] Level 1:colcon.colcon_core.package_identification:_identify(.) by extensions ['python_setup_py']
[0.306s] Level 1:colcon.colcon_core.package_identification:_identify(.) by extension 'python_setup_py'
[0.307s] Level 1:colcon.colcon_core.package_identification:_identify(build) by extensions ['ignore', 'ignore_ament_install']
[0.307s] Level 1:colcon.colcon_core.package_identification:_identify(build) by extension 'ignore'
[0.307s] Level 1:colcon.colcon_core.package_identification:_identify(build) ignored
[0.307s] Level 1:colcon.colcon_core.package_identification:_identify(install) by extensions ['ignore', 'ignore_ament_install']
[0.307s] Level 1:colcon.colcon_core.package_identification:_identify(install) by extension 'ignore'
[0.307s] Level 1:colcon.colcon_core.package_identification:_identify(install) ignored
[0.308s] Level 1:colcon.colcon_core.package_identification:_identify(log) by extensions ['ignore', 'ignore_ament_install']
[0.308s] Level 1:colcon.colcon_core.package_identification:_identify(log) by extension 'ignore'
[0.308s] Level 1:colcon.colcon_core.package_identification:_identify(log) ignored
[0.308s] Level 1:colcon.colcon_core.package_identification:_identify(src) by extensions ['ignore', 'ignore_ament_install']
[0.308s] Level 1:colcon.colcon_core.package_identification:_identify(src) by extension 'ignore'
[0.308s] Level 1:colcon.colcon_core.package_identification:_identify(src) by extension 'ignore_ament_install'
[0.308s] Level 1:colcon.colcon_core.package_identification:_identify(src) by extensions ['colcon_pkg']
[0.308s] Level 1:colcon.colcon_core.package_identification:_identify(src) by extension 'colcon_pkg'
[0.308s] Level 1:colcon.colcon_core.package_identification:_identify(src) by extensions ['colcon_meta']
[0.308s] Level 1:colcon.colcon_core.package_identification:_identify(src) by extension 'colcon_meta'
[0.308s] Level 1:colcon.colcon_core.package_identification:_identify(src) by extensions ['ros']
[0.308s] Level 1:colcon.colcon_core.package_identification:_identify(src) by extension 'ros'
[0.308s] Level 1:colcon.colcon_core.package_identification:_identify(src) by extensions ['cmake', 'python']
[0.308s] Level 1:colcon.colcon_core.package_identification:_identify(src) by extension 'cmake'
[0.309s] Level 1:colcon.colcon_core.package_identification:_identify(src) by extension 'python'
[0.309s] Level 1:colcon.colcon_core.package_identification:_identify(src) by extensions ['python_setup_py']
[0.309s] Level 1:colcon.colcon_core.package_identification:_identify(src) by extension 'python_setup_py'
[0.309s] Level 1:colcon.colcon_core.package_identification:_identify(src/bot_apriltag) by extensions ['ignore', 'ignore_ament_install']
[0.309s] Level 1:colcon.colcon_core.package_identification:_identify(src/bot_apriltag) by extension 'ignore'
[0.309s] Level 1:colcon.colcon_core.package_identification:_identify(src/bot_apriltag) by extension 'ignore_ament_install'
[0.309s] Level 1:colcon.colcon_core.package_identification:_identify(src/bot_apriltag) by extensions ['colcon_pkg']
[0.309s] Level 1:colcon.colcon_core.package_identification:_identify(src/bot_apriltag) by extension 'colcon_pkg'
[0.309s] Level 1:colcon.colcon_core.package_identification:_identify(src/bot_apriltag) by extensions ['colcon_meta']
[0.309s] Level 1:colcon.colcon_core.package_identification:_identify(src/bot_apriltag) by extension 'colcon_meta'
[0.309s] Level 1:colcon.colcon_core.package_identification:_identify(src/bot_apriltag) by extensions ['ros']
[0.309s] Level 1:colcon.colcon_core.package_identification:_identify(src/bot_apriltag) by extension 'ros'
[0.312s] DEBUG:colcon.colcon_core.package_identification:Package 'src/bot_apriltag' with type 'ros.ament_python' and name 'bot_apriltag'
[0.312s] Level 1:colcon.colcon_core.package_identification:_identify(src/bot_description) by extensions ['ignore', 'ignore_ament_install']
[0.312s] Level 1:colcon.colcon_core.package_identification:_identify(src/bot_description) by extension 'ignore'
[0.312s] Level 1:colcon.colcon_core.package_identification:_identify(src/bot_description) by extension 'ignore_ament_install'
[0.312s] Level 1:colcon.colcon_core.package_identification:_identify(src/bot_description) by extensions ['colcon_pkg']
[0.312s] Level 1:colcon.colcon_core.package_identification:_identify(src/bot_description) by extension 'colcon_pkg'
[0.313s] Level 1:colcon.colcon_core.package_identification:_identify(src/bot_description) by extensions ['colcon_meta']
[0.313s] Level 1:colcon.colcon_core.package_identification:_identify(src/bot_description) by extension 'colcon_meta'
[0.313s] Level 1:colcon.colcon_core.package_identification:_identify(src/bot_description) by extensions ['ros']
[0.313s] Level 1:colcon.colcon_core.package_identification:_identify(src/bot_description) by extension 'ros'
[0.313s] DEBUG:colcon.colcon_core.package_identification:Package 'src/bot_description' with type 'ros.ament_cmake' and name 'bot_description'
[0.313s] Level 1:colcon.colcon_core.package_identification:_identify(src/bot_gazebo) by extensions ['ignore', 'ignore_ament_install']
[0.314s] Level 1:colcon.colcon_core.package_identification:_identify(src/bot_gazebo) by extension 'ignore'
[0.314s] Level 1:colcon.colcon_core.package_identification:_identify(src/bot_gazebo) by extension 'ignore_ament_install'
[0.314s] Level 1:colcon.colcon_core.package_identification:_identify(src/bot_gazebo) by extensions ['colcon_pkg']
[0.314s] Level 1:colcon.colcon_core.package_identification:_identify(src/bot_gazebo) by extension 'colcon_pkg'
[0.314s] Level 1:colcon.colcon_core.package_identification:_identify(src/bot_gazebo) by extensions ['colcon_meta']
[0.314s] Level 1:colcon.colcon_core.package_identification:_identify(src/bot_gazebo) by extension 'colcon_meta'
[0.314s] Level 1:colcon.colcon_core.package_identification:_identify(src/bot_gazebo) by extensions ['ros']
[0.314s] Level 1:colcon.colcon_core.package_identification:_identify(src/bot_gazebo) by extension 'ros'
[0.314s] DEBUG:colcon.colcon_core.package_identification:Package 'src/bot_gazebo' with type 'ros.ament_cmake' and name 'bot_gazebo'
[0.315s] Level 1:colcon.colcon_core.package_identification:_identify(src/bot_localization) by extensions ['ignore', 'ignore_ament_install']
[0.315s] Level 1:colcon.colcon_core.package_identification:_identify(src/bot_localization) by extension 'ignore'
[0.315s] Level 1:colcon.colcon_core.package_identification:_identify(src/bot_localization) by extension 'ignore_ament_install'
[0.315s] Level 1:colcon.colcon_core.package_identification:_identify(src/bot_localization) by extensions ['colcon_pkg']
[0.315s] Level 1:colcon.colcon_core.package_identification:_identify(src/bot_localization) by extension 'colcon_pkg'
[0.315s] Level 1:colcon.colcon_core.package_identification:_identify(src/bot_localization) by extensions ['colcon_meta']
[0.315s] Level 1:colcon.colcon_core.package_identification:_identify(src/bot_localization) by extension 'colcon_meta'
[0.315s] Level 1:colcon.colcon_core.package_identification:_identify(src/bot_localization) by extensions ['ros']
[0.315s] Level 1:colcon.colcon_core.package_identification:_identify(src/bot_localization) by extension 'ros'
[0.316s] DEBUG:colcon.colcon_core.package_identification:Package 'src/bot_localization' with type 'ros.ament_python' and name 'bot_localization'
[0.316s] Level 1:colcon.colcon_core.package_identification:_identify(src/bot_navigation) by extensions ['ignore', 'ignore_ament_install']
[0.316s] Level 1:colcon.colcon_core.package_identification:_identify(src/bot_navigation) by extension 'ignore'
[0.317s] Level 1:colcon.colcon_core.package_identification:_identify(src/bot_navigation) by extension 'ignore_ament_install'
[0.317s] Level 1:colcon.colcon_core.package_identification:_identify(src/bot_navigation) by extensions ['colcon_pkg']
[0.317s] Level 1:colcon.colcon_core.package_identification:_identify(src/bot_navigation) by extension 'colcon_pkg'
[0.317s] Level 1:colcon.colcon_core.package_identification:_identify(src/bot_navigation) by extensions ['colcon_meta']
[0.317s] Level 1:colcon.colcon_core.package_identification:_identify(src/bot_navigation) by extension 'colcon_meta'
[0.317s] Level 1:colcon.colcon_core.package_identification:_identify(src/bot_navigation) by extensions ['ros']
[0.317s] Level 1:colcon.colcon_core.package_identification:_identify(src/bot_navigation) by extension 'ros'
[0.317s] DEBUG:colcon.colcon_core.package_identification:Package 'src/bot_navigation' with type 'ros.ament_python' and name 'bot_navigation'
[0.317s] Level 1:colcon.colcon_core.package_discovery:discover_packages(recursive) using defaults
[0.318s] Level 1:colcon.colcon_core.package_discovery:discover_packages(ignore) discover
[0.318s] Level 1:colcon.colcon_core.package_discovery:discover_packages(ignore) using defaults
[0.318s] Level 1:colcon.colcon_core.package_discovery:discover_packages(path) discover
[0.318s] Level 1:colcon.colcon_core.package_discovery:discover_packages(path) using defaults
[0.337s] Level 1:colcon.colcon_core.package_discovery:discover_packages(prefix_path) check parameters
[0.337s] Level 1:colcon.colcon_core.package_discovery:discover_packages(prefix_path) discover
[0.339s] DEBUG:colcon.colcon_installed_package_information.package_discovery:Found 5 installed packages in /home/agv/Desktop/catkin/catkin_ws/install
[0.341s] DEBUG:colcon.colcon_installed_package_information.package_discovery:Found 379 installed packages in /opt/ros/humble
[0.343s] Level 1:colcon.colcon_core.package_discovery:discover_packages(prefix_path) using defaults
[0.388s] Level 5:colcon.colcon_core.verb:set package 'bot_apriltag' build argument 'cmake_args' from command line to 'None'
[0.388s] Level 5:colcon.colcon_core.verb:set package 'bot_apriltag' build argument 'cmake_target' from command line to 'None'
[0.388s] Level 5:colcon.colcon_core.verb:set package 'bot_apriltag' build argument 'cmake_target_skip_unavailable' from command line to 'False'
[0.388s] Level 5:colcon.colcon_core.verb:set package 'bot_apriltag' build argument 'cmake_clean_cache' from command line to 'False'
[0.388s] Level 5:colcon.colcon_core.verb:set package 'bot_apriltag' build argument 'cmake_clean_first' from command line to 'False'
[0.388s] Level 5:colcon.colcon_core.verb:set package 'bot_apriltag' build argument 'cmake_force_configure' from command line to 'False'
[0.388s] Level 5:colcon.colcon_core.verb:set package 'bot_apriltag' build argument 'ament_cmake_args' from command line to 'None'
[0.388s] Level 5:colcon.colcon_core.verb:set package 'bot_apriltag' build argument 'catkin_cmake_args' from command line to 'None'
[0.388s] Level 5:colcon.colcon_core.verb:set package 'bot_apriltag' build argument 'catkin_skip_building_tests' from command line to 'False'
[0.388s] DEBUG:colcon.colcon_core.verb:Building package 'bot_apriltag' with the following arguments: {'ament_cmake_args': None, 'build_base': '/home/agv/Desktop/catkin/catkin_ws/build/bot_apriltag', 'catkin_cmake_args': None, 'catkin_skip_building_tests': False, 'cmake_args': None, 'cmake_clean_cache': False, 'cmake_clean_first': False, 'cmake_force_configure': False, 'cmake_target': None, 'cmake_target_skip_unavailable': False, 'install_base': '/home/agv/Desktop/catkin/catkin_ws/install/bot_apriltag', 'merge_install': False, 'path': '/home/agv/Desktop/catkin/catkin_ws/src/bot_apriltag', 'symlink_install': False, 'test_result_base': None}
[0.389s] Level 5:colcon.colcon_core.verb:set package 'bot_description' build argument 'cmake_args' from command line to 'None'
[0.389s] Level 5:colcon.colcon_core.verb:set package 'bot_description' build argument 'cmake_target' from command line to 'None'
[0.389s] Level 5:colcon.colcon_core.verb:set package 'bot_description' build argument 'cmake_target_skip_unavailable' from command line to 'False'
[0.389s] Level 5:colcon.colcon_core.verb:set package 'bot_description' build argument 'cmake_clean_cache' from command line to 'False'
[0.389s] Level 5:colcon.colcon_core.verb:set package 'bot_description' build argument 'cmake_clean_first' from command line to 'False'
[0.389s] Level 5:colcon.colcon_core.verb:set package 'bot_description' build argument 'cmake_force_configure' from command line to 'False'
[0.389s] Level 5:colcon.colcon_core.verb:set package 'bot_description' build argument 'ament_cmake_args' from command line to 'None'
[0.389s] Level 5:colcon.colcon_core.verb:set package 'bot_description' build argument 'catkin_cmake_args' from command line to 'None'
[0.389s] Level 5:colcon.colcon_core.verb:set package 'bot_description' build argument 'catkin_skip_building_tests' from command line to 'False'
[0.389s] DEBUG:colcon.colcon_core.verb:Building package 'bot_description' with the following arguments: {'ament_cmake_args': None, 'build_base': '/home/agv/Desktop/catkin/catkin_ws/build/bot_description', 'catkin_cmake_args': None, 'catkin_skip_building_tests': False, 'cmake_args': None, 'cmake_clean_cache': False, 'cmake_clean_first': False, 'cmake_force_configure': False, 'cmake_target': None, 'cmake_target_skip_unavailable': False, 'install_base': '/home/agv/Desktop/catkin/catkin_ws/install/bot_description', 'merge_install': False, 'path': '/home/agv/Desktop/catkin/catkin_ws/src/bot_description', 'symlink_install': False, 'test_result_base': None}
[0.390s] Level 5:colcon.colcon_core.verb:set package 'bot_gazebo' build argument 'cmake_args' from command line to 'None'
[0.390s] Level 5:colcon.colcon_core.verb:set package 'bot_gazebo' build argument 'cmake_target' from command line to 'None'
[0.390s] Level 5:colcon.colcon_core.verb:set package 'bot_gazebo' build argument 'cmake_target_skip_unavailable' from command line to 'False'
[0.390s] Level 5:colcon.colcon_core.verb:set package 'bot_gazebo' build argument 'cmake_clean_cache' from command line to 'False'
[0.390s] Level 5:colcon.colcon_core.verb:set package 'bot_gazebo' build argument 'cmake_clean_first' from command line to 'False'
[0.390s] Level 5:colcon.colcon_core.verb:set package 'bot_gazebo' build argument 'cmake_force_configure' from command line to 'False'
[0.390s] Level 5:colcon.colcon_core.verb:set package 'bot_gazebo' build argument 'ament_cmake_args' from command line to 'None'
[0.390s] Level 5:colcon.colcon_core.verb:set package 'bot_gazebo' build argument 'catkin_cmake_args' from command line to 'None'
[0.390s] Level 5:colcon.colcon_core.verb:set package 'bot_gazebo' build argument 'catkin_skip_building_tests' from command line to 'False'
[0.390s] DEBUG:colcon.colcon_core.verb:Building package 'bot_gazebo' with the following arguments: {'ament_cmake_args': None, 'build_base': '/home/agv/Desktop/catkin/catkin_ws/build/bot_gazebo', 'catkin_cmake_args': None, 'catkin_skip_building_tests': False, 'cmake_args': None, 'cmake_clean_cache': False, 'cmake_clean_first': False, 'cmake_force_configure': False, 'cmake_target': None, 'cmake_target_skip_unavailable': False, 'install_base': '/home/agv/Desktop/catkin/catkin_ws/install/bot_gazebo', 'merge_install': False, 'path': '/home/agv/Desktop/catkin/catkin_ws/src/bot_gazebo', 'symlink_install': False, 'test_result_base': None}
[0.391s] Level 5:colcon.colcon_core.verb:set package 'bot_localization' build argument 'cmake_args' from command line to 'None'
[0.391s] Level 5:colcon.colcon_core.verb:set package 'bot_localization' build argument 'cmake_target' from command line to 'None'
[0.391s] Level 5:colcon.colcon_core.verb:set package 'bot_localization' build argument 'cmake_target_skip_unavailable' from command line to 'False'
[0.391s] Level 5:colcon.colcon_core.verb:set package 'bot_localization' build argument 'cmake_clean_cache' from command line to 'False'
[0.391s] Level 5:colcon.colcon_core.verb:set package 'bot_localization' build argument 'cmake_clean_first' from command line to 'False'
[0.391s] Level 5:colcon.colcon_core.verb:set package 'bot_localization' build argument 'cmake_force_configure' from command line to 'False'
[0.391s] Level 5:colcon.colcon_core.verb:set package 'bot_localization' build argument 'ament_cmake_args' from command line to 'None'
[0.391s] Level 5:colcon.colcon_core.verb:set package 'bot_localization' build argument 'catkin_cmake_args' from command line to 'None'
[0.391s] Level 5:colcon.colcon_core.verb:set package 'bot_localization' build argument 'catkin_skip_building_tests' from command line to 'False'
[0.391s] DEBUG:colcon.colcon_core.verb:Building package 'bot_localization' with the following arguments: {'ament_cmake_args': None, 'build_base': '/home/agv/Desktop/catkin/catkin_ws/build/bot_localization', 'catkin_cmake_args': None, 'catkin_skip_building_tests': False, 'cmake_args': None, 'cmake_clean_cache': False, 'cmake_clean_first': False, 'cmake_force_configure': False, 'cmake_target': None, 'cmake_target_skip_unavailable': False, 'install_base': '/home/agv/Desktop/catkin/catkin_ws/install/bot_localization', 'merge_install': False, 'path': '/home/agv/Desktop/catkin/catkin_ws/src/bot_localization', 'symlink_install': False, 'test_result_base': None}
[0.391s] Level 5:colcon.colcon_core.verb:set package 'bot_navigation' build argument 'cmake_args' from command line to 'None'
[0.391s] Level 5:colcon.colcon_core.verb:set package 'bot_navigation' build argument 'cmake_target' from command line to 'None'
[0.391s] Level 5:colcon.colcon_core.verb:set package 'bot_navigation' build argument 'cmake_target_skip_unavailable' from command line to 'False'
[0.391s] Level 5:colcon.colcon_core.verb:set package 'bot_navigation' build argument 'cmake_clean_cache' from command line to 'False'
[0.391s] Level 5:colcon.colcon_core.verb:set package 'bot_navigation' build argument 'cmake_clean_first' from command line to 'False'
[0.391s] Level 5:colcon.colcon_core.verb:set package 'bot_navigation' build argument 'cmake_force_configure' from command line to 'False'
[0.391s] Level 5:colcon.colcon_core.verb:set package 'bot_navigation' build argument 'ament_cmake_args' from command line to 'None'
[0.391s] Level 5:colcon.colcon_core.verb:set package 'bot_navigation' build argument 'catkin_cmake_args' from command line to 'None'
[0.391s] Level 5:colcon.colcon_core.verb:set package 'bot_navigation' build argument 'catkin_skip_building_tests' from command line to 'False'
[0.391s] DEBUG:colcon.colcon_core.verb:Building package 'bot_navigation' with the following arguments: {'ament_cmake_args': None, 'build_base': '/home/agv/Desktop/catkin/catkin_ws/build/bot_navigation', 'catkin_cmake_args': None, 'catkin_skip_building_tests': False, 'cmake_args': None, 'cmake_clean_cache': False, 'cmake_clean_first': False, 'cmake_force_configure': False, 'cmake_target': None, 'cmake_target_skip_unavailable': False, 'install_base': '/home/agv/Desktop/catkin/catkin_ws/install/bot_navigation', 'merge_install': False, 'path': '/home/agv/Desktop/catkin/catkin_ws/src/bot_navigation', 'symlink_install': False, 'test_result_base': None}
[0.391s] INFO:colcon.colcon_core.executor:Executing jobs using 'parallel' executor
[0.393s] DEBUG:colcon.colcon_parallel_executor.executor.parallel:run_until_complete
[0.393s] INFO:colcon.colcon_ros.task.ament_python.build:Building ROS package in '/home/agv/Desktop/catkin/catkin_ws/src/bot_apriltag' with build type 'ament_python'
[0.394s] Level 1:colcon.colcon_core.shell:create_environment_hook('bot_apriltag', 'ament_prefix_path')
[0.396s] INFO:colcon.colcon_core.plugin_system:Skipping extension 'colcon_core.shell.bat': Not used on non-Windows systems
[0.397s] INFO:colcon.colcon_core.shell:Creating environment hook '/home/agv/Desktop/catkin/catkin_ws/install/bot_apriltag/share/bot_apriltag/hook/ament_prefix_path.ps1'
[0.397s] INFO:colcon.colcon_core.shell:Creating environment descriptor '/home/agv/Desktop/catkin/catkin_ws/install/bot_apriltag/share/bot_apriltag/hook/ament_prefix_path.dsv'
[0.399s] INFO:colcon.colcon_core.shell:Creating environment hook '/home/agv/Desktop/catkin/catkin_ws/install/bot_apriltag/share/bot_apriltag/hook/ament_prefix_path.sh'
[0.400s] INFO:colcon.colcon_core.shell:Skip shell extension 'powershell' for command environment: Not usable outside of PowerShell
[0.400s] DEBUG:colcon.colcon_core.shell:Skip shell extension 'dsv' for command environment
[0.404s] INFO:colcon.colcon_ros.task.ament_cmake.build:Building ROS package in '/home/agv/Desktop/catkin/catkin_ws/src/bot_description' with build type 'ament_cmake'
[0.405s] INFO:colcon.colcon_cmake.task.cmake.build:Building CMake package in '/home/agv/Desktop/catkin/catkin_ws/src/bot_description'
[0.405s] INFO:colcon.colcon_core.shell:Skip shell extension 'powershell' for command environment: Not usable outside of PowerShell
[0.405s] DEBUG:colcon.colcon_core.shell:Skip shell extension 'dsv' for command environment
[0.410s] INFO:colcon.colcon_ros.task.ament_cmake.build:Building ROS package in '/home/agv/Desktop/catkin/catkin_ws/src/bot_gazebo' with build type 'ament_cmake'
[0.410s] INFO:colcon.colcon_cmake.task.cmake.build:Building CMake package in '/home/agv/Desktop/catkin/catkin_ws/src/bot_gazebo'
[0.411s] INFO:colcon.colcon_core.shell:Skip shell extension 'powershell' for command environment: Not usable outside of PowerShell
[0.411s] DEBUG:colcon.colcon_core.shell:Skip shell extension 'dsv' for command environment
[0.418s] INFO:colcon.colcon_ros.task.ament_python.build:Building ROS package in '/home/agv/Desktop/catkin/catkin_ws/src/bot_localization' with build type 'ament_python'
[0.418s] Level 1:colcon.colcon_core.shell:create_environment_hook('bot_localization', 'ament_prefix_path')
[0.419s] INFO:colcon.colcon_core.shell:Creating environment hook '/home/agv/Desktop/catkin/catkin_ws/install/bot_localization/share/bot_localization/hook/ament_prefix_path.ps1'
[0.421s] INFO:colcon.colcon_core.shell:Creating environment descriptor '/home/agv/Desktop/catkin/catkin_ws/install/bot_localization/share/bot_localization/hook/ament_prefix_path.dsv'
[0.422s] INFO:colcon.colcon_core.shell:Creating environment hook '/home/agv/Desktop/catkin/catkin_ws/install/bot_localization/share/bot_localization/hook/ament_prefix_path.sh'
[0.428s] INFO:colcon.colcon_core.shell:Skip shell extension 'powershell' for command environment: Not usable outside of PowerShell
[0.428s] DEBUG:colcon.colcon_core.shell:Skip shell extension 'dsv' for command environment
[0.435s] INFO:colcon.colcon_ros.task.ament_python.build:Building ROS package in '/home/agv/Desktop/catkin/catkin_ws/src/bot_navigation' with build type 'ament_python'
[0.435s] Level 1:colcon.colcon_core.shell:create_environment_hook('bot_navigation', 'ament_prefix_path')
[0.436s] INFO:colcon.colcon_core.shell:Creating environment hook '/home/agv/Desktop/catkin/catkin_ws/install/bot_navigation/share/bot_navigation/hook/ament_prefix_path.ps1'
[0.440s] INFO:colcon.colcon_core.shell:Creating environment descriptor '/home/agv/Desktop/catkin/catkin_ws/install/bot_navigation/share/bot_navigation/hook/ament_prefix_path.dsv'
[0.441s] INFO:colcon.colcon_core.shell:Creating environment hook '/home/agv/Desktop/catkin/catkin_ws/install/bot_navigation/share/bot_navigation/hook/ament_prefix_path.sh'
[0.443s] INFO:colcon.colcon_core.shell:Skip shell extension 'powershell' for command environment: Not usable outside of PowerShell
[0.443s] DEBUG:colcon.colcon_core.shell:Skip shell extension 'dsv' for command environment
[0.751s] INFO:colcon.colcon_core.task.python.build:Building Python package in '/home/agv/Desktop/catkin/catkin_ws/src/bot_apriltag'
[0.752s] INFO:colcon.colcon_core.shell:Skip shell extension 'powershell' for command environment: Not usable outside of PowerShell
[0.752s] DEBUG:colcon.colcon_core.shell:Skip shell extension 'dsv' for command environment
[0.765s] DEBUG:colcon.colcon_core.event_handler.log_command:Invoking command in '/home/agv/Desktop/catkin/catkin_ws/build/bot_description': CMAKE_PREFIX_PATH=${CMAKE_PREFIX_PATH}:/home/agv/Desktop/catkin/catkin_ws/install/bot_navigation:/home/agv/Desktop/catkin/catkin_ws/install/bot_localization:/home/agv/Desktop/catkin/catkin_ws/install/bot_apriltag:/opt/ros/humble /usr/bin/cmake --build /home/agv/Desktop/catkin/catkin_ws/build/bot_description -- -j8 -l8
[0.771s] DEBUG:colcon.colcon_core.event_handler.log_command:Invoking command in '/home/agv/Desktop/catkin/catkin_ws/build/bot_gazebo': CMAKE_PREFIX_PATH=${CMAKE_PREFIX_PATH}:/home/agv/Desktop/catkin/catkin_ws/install/bot_navigation:/home/agv/Desktop/catkin/catkin_ws/install/bot_localization:/home/agv/Desktop/catkin/catkin_ws/install/bot_apriltag:/opt/ros/humble /usr/bin/cmake --build /home/agv/Desktop/catkin/catkin_ws/build/bot_gazebo -- -j8 -l8
[1.108s] INFO:colcon.colcon_core.task.python.build:Building Python package in '/home/agv/Desktop/catkin/catkin_ws/src/bot_localization'
[1.108s] INFO:colcon.colcon_core.shell:Skip shell extension 'powershell' for command environment: Not usable outside of PowerShell
[1.108s] DEBUG:colcon.colcon_core.shell:Skip shell extension 'dsv' for command environment
[1.412s] INFO:colcon.colcon_core.task.python.build:Building Python package in '/home/agv/Desktop/catkin/catkin_ws/src/bot_navigation'
[1.413s] INFO:colcon.colcon_core.shell:Skip shell extension 'powershell' for command environment: Not usable outside of PowerShell
[1.413s] DEBUG:colcon.colcon_core.shell:Skip shell extension 'dsv' for command environment
[1.419s] DEBUG:colcon.colcon_core.event_handler.log_command:Invoked command in '/home/agv/Desktop/catkin/catkin_ws/build/bot_description' returned '0': CMAKE_PREFIX_PATH=${CMAKE_PREFIX_PATH}:/home/agv/Desktop/catkin/catkin_ws/install/bot_navigation:/home/agv/Desktop/catkin/catkin_ws/install/bot_localization:/home/agv/Desktop/catkin/catkin_ws/install/bot_apriltag:/opt/ros/humble /usr/bin/cmake --build /home/agv/Desktop/catkin/catkin_ws/build/bot_description -- -j8 -l8
[1.433s] DEBUG:colcon.colcon_core.event_handler.log_command:Invoking command in '/home/agv/Desktop/catkin/catkin_ws/build/bot_description': CMAKE_PREFIX_PATH=${CMAKE_PREFIX_PATH}:/home/agv/Desktop/catkin/catkin_ws/install/bot_navigation:/home/agv/Desktop/catkin/catkin_ws/install/bot_localization:/home/agv/Desktop/catkin/catkin_ws/install/bot_apriltag:/opt/ros/humble /usr/bin/cmake --install /home/agv/Desktop/catkin/catkin_ws/build/bot_description
[1.463s] Level 1:colcon.colcon_core.environment:create_environment_scripts_only(bot_description)
[1.471s] Level 1:colcon.colcon_core.environment:checking '/home/agv/Desktop/catkin/catkin_ws/install/bot_description' for CMake module files
[1.472s] Level 1:colcon.colcon_core.environment:checking '/home/agv/Desktop/catkin/catkin_ws/install/bot_description' for CMake config files
[1.473s] Level 1:colcon.colcon_core.shell:create_environment_hook('bot_description', 'cmake_prefix_path')
[1.475s] INFO:colcon.colcon_core.shell:Creating environment hook '/home/agv/Desktop/catkin/catkin_ws/install/bot_description/share/bot_description/hook/cmake_prefix_path.ps1'
[1.474s] DEBUG:colcon.colcon_core.event_handler.log_command:Invoked command in '/home/agv/Desktop/catkin/catkin_ws/build/bot_gazebo' returned '0': CMAKE_PREFIX_PATH=${CMAKE_PREFIX_PATH}:/home/agv/Desktop/catkin/catkin_ws/install/bot_navigation:/home/agv/Desktop/catkin/catkin_ws/install/bot_localization:/home/agv/Desktop/catkin/catkin_ws/install/bot_apriltag:/opt/ros/humble /usr/bin/cmake --build /home/agv/Desktop/catkin/catkin_ws/build/bot_gazebo -- -j8 -l8
[1.476s] DEBUG:colcon.colcon_core.event_handler.log_command:Invoking command in '/home/agv/Desktop/catkin/catkin_ws/build/bot_gazebo': CMAKE_PREFIX_PATH=${CMAKE_PREFIX_PATH}:/home/agv/Desktop/catkin/catkin_ws/install/bot_navigation:/home/agv/Desktop/catkin/catkin_ws/install/bot_localization:/home/agv/Desktop/catkin/catkin_ws/install/bot_apriltag:/opt/ros/humble /usr/bin/cmake --install /home/agv/Desktop/catkin/catkin_ws/build/bot_gazebo
[1.477s] DEBUG:colcon.colcon_core.event_handler.log_command:Invoked command in '/home/agv/Desktop/catkin/catkin_ws/build/bot_description' returned '0': CMAKE_PREFIX_PATH=${CMAKE_PREFIX_PATH}:/home/agv/Desktop/catkin/catkin_ws/install/bot_navigation:/home/agv/Desktop/catkin/catkin_ws/install/bot_localization:/home/agv/Desktop/catkin/catkin_ws/install/bot_apriltag:/opt/ros/humble /usr/bin/cmake --install /home/agv/Desktop/catkin/catkin_ws/build/bot_description
[1.476s] INFO:colcon.colcon_core.shell:Creating environment descriptor '/home/agv/Desktop/catkin/catkin_ws/install/bot_description/share/bot_description/hook/cmake_prefix_path.dsv'
[1.478s] INFO:colcon.colcon_core.shell:Creating environment hook '/home/agv/Desktop/catkin/catkin_ws/install/bot_description/share/bot_description/hook/cmake_prefix_path.sh'
[1.479s] Level 1:colcon.colcon_core.environment:checking '/home/agv/Desktop/catkin/catkin_ws/install/bot_description/bin'
[1.479s] Level 1:colcon.colcon_core.environment:checking '/home/agv/Desktop/catkin/catkin_ws/install/bot_description/lib/pkgconfig/bot_description.pc'
[1.480s] Level 1:colcon.colcon_core.environment:checking '/home/agv/Desktop/catkin/catkin_ws/install/bot_description/lib/python3.10/site-packages'
[1.480s] Level 1:colcon.colcon_core.environment:checking '/home/agv/Desktop/catkin/catkin_ws/install/bot_description/bin'
[1.480s] INFO:colcon.colcon_core.shell:Creating package script '/home/agv/Desktop/catkin/catkin_ws/install/bot_description/share/bot_description/package.ps1'
[1.487s] INFO:colcon.colcon_core.shell:Creating package descriptor '/home/agv/Desktop/catkin/catkin_ws/install/bot_description/share/bot_description/package.dsv'
[1.489s] INFO:colcon.colcon_core.shell:Creating package script '/home/agv/Desktop/catkin/catkin_ws/install/bot_description/share/bot_description/package.sh'
[1.491s] INFO:colcon.colcon_core.shell:Creating package script '/home/agv/Desktop/catkin/catkin_ws/install/bot_description/share/bot_description/package.bash'
[1.494s] INFO:colcon.colcon_core.shell:Creating package script '/home/agv/Desktop/catkin/catkin_ws/install/bot_description/share/bot_description/package.zsh'
[1.498s] Level 1:colcon.colcon_core.environment:create_file_with_runtime_dependencies(/home/agv/Desktop/catkin/catkin_ws/install/bot_description/share/colcon-core/packages/bot_description)
[1.499s] Level 1:colcon.colcon_core.environment:create_environment_scripts_only(bot_description)
[1.500s] Level 1:colcon.colcon_core.environment:checking '/home/agv/Desktop/catkin/catkin_ws/install/bot_description' for CMake module files
[1.504s] Level 1:colcon.colcon_core.environment:checking '/home/agv/Desktop/catkin/catkin_ws/install/bot_description' for CMake config files
[1.506s] Level 1:colcon.colcon_core.shell:create_environment_hook('bot_description', 'cmake_prefix_path')
[1.506s] INFO:colcon.colcon_core.shell:Creating environment hook '/home/agv/Desktop/catkin/catkin_ws/install/bot_description/share/bot_description/hook/cmake_prefix_path.ps1'
[1.508s] INFO:colcon.colcon_core.shell:Creating environment descriptor '/home/agv/Desktop/catkin/catkin_ws/install/bot_description/share/bot_description/hook/cmake_prefix_path.dsv'
[1.508s] INFO:colcon.colcon_core.shell:Creating environment hook '/home/agv/Desktop/catkin/catkin_ws/install/bot_description/share/bot_description/hook/cmake_prefix_path.sh'
[1.510s] Level 1:colcon.colcon_core.environment:checking '/home/agv/Desktop/catkin/catkin_ws/install/bot_description/bin'
[1.510s] Level 1:colcon.colcon_core.environment:checking '/home/agv/Desktop/catkin/catkin_ws/install/bot_description/lib/pkgconfig/bot_description.pc'
[1.511s] Level 1:colcon.colcon_core.environment:checking '/home/agv/Desktop/catkin/catkin_ws/install/bot_description/lib/python3.10/site-packages'
[1.511s] Level 1:colcon.colcon_core.environment:checking '/home/agv/Desktop/catkin/catkin_ws/install/bot_description/bin'
[1.512s] INFO:colcon.colcon_core.shell:Creating package script '/home/agv/Desktop/catkin/catkin_ws/install/bot_description/share/bot_description/package.ps1'
[1.515s] INFO:colcon.colcon_core.shell:Creating package descriptor '/home/agv/Desktop/catkin/catkin_ws/install/bot_description/share/bot_description/package.dsv'
[1.516s] INFO:colcon.colcon_core.shell:Creating package script '/home/agv/Desktop/catkin/catkin_ws/install/bot_description/share/bot_description/package.sh'
[1.518s] INFO:colcon.colcon_core.shell:Creating package script '/home/agv/Desktop/catkin/catkin_ws/install/bot_description/share/bot_description/package.bash'
[1.518s] INFO:colcon.colcon_core.shell:Creating package script '/home/agv/Desktop/catkin/catkin_ws/install/bot_description/share/bot_description/package.zsh'
[1.519s] Level 1:colcon.colcon_core.environment:create_file_with_runtime_dependencies(/home/agv/Desktop/catkin/catkin_ws/install/bot_description/share/colcon-core/packages/bot_description)
[1.527s] Level 1:colcon.colcon_core.environment:create_environment_scripts_only(bot_gazebo)
[1.527s] Level 1:colcon.colcon_core.environment:checking '/home/agv/Desktop/catkin/catkin_ws/install/bot_gazebo' for CMake module files
[1.528s] Level 1:colcon.colcon_core.environment:checking '/home/agv/Desktop/catkin/catkin_ws/install/bot_gazebo' for CMake config files
[1.529s] Level 1:colcon.colcon_core.shell:create_environment_hook('bot_gazebo', 'cmake_prefix_path')
[1.529s] INFO:colcon.colcon_core.shell:Creating environment hook '/home/agv/Desktop/catkin/catkin_ws/install/bot_gazebo/share/bot_gazebo/hook/cmake_prefix_path.ps1'
[1.533s] INFO:colcon.colcon_core.shell:Creating environment descriptor '/home/agv/Desktop/catkin/catkin_ws/install/bot_gazebo/share/bot_gazebo/hook/cmake_prefix_path.dsv'
[1.538s] INFO:colcon.colcon_core.shell:Creating environment hook '/home/agv/Desktop/catkin/catkin_ws/install/bot_gazebo/share/bot_gazebo/hook/cmake_prefix_path.sh'
[1.539s] Level 1:colcon.colcon_core.environment:checking '/home/agv/Desktop/catkin/catkin_ws/install/bot_gazebo/bin'
[1.539s] Level 1:colcon.colcon_core.environment:checking '/home/agv/Desktop/catkin/catkin_ws/install/bot_gazebo/lib/pkgconfig/bot_gazebo.pc'
[1.540s] Level 1:colcon.colcon_core.environment:checking '/home/agv/Desktop/catkin/catkin_ws/install/bot_gazebo/lib/python3.10/site-packages'
[1.540s] Level 1:colcon.colcon_core.environment:checking '/home/agv/Desktop/catkin/catkin_ws/install/bot_gazebo/bin'
[1.541s] INFO:colcon.colcon_core.shell:Creating package script '/home/agv/Desktop/catkin/catkin_ws/install/bot_gazebo/share/bot_gazebo/package.ps1'
[1.545s] INFO:colcon.colcon_core.shell:Creating package descriptor '/home/agv/Desktop/catkin/catkin_ws/install/bot_gazebo/share/bot_gazebo/package.dsv'
[1.547s] INFO:colcon.colcon_core.shell:Creating package script '/home/agv/Desktop/catkin/catkin_ws/install/bot_gazebo/share/bot_gazebo/package.sh'
[1.549s] INFO:colcon.colcon_core.shell:Creating package script '/home/agv/Desktop/catkin/catkin_ws/install/bot_gazebo/share/bot_gazebo/package.bash'
[1.550s] INFO:colcon.colcon_core.shell:Creating package script '/home/agv/Desktop/catkin/catkin_ws/install/bot_gazebo/share/bot_gazebo/package.zsh'
[1.552s] Level 1:colcon.colcon_core.environment:create_file_with_runtime_dependencies(/home/agv/Desktop/catkin/catkin_ws/install/bot_gazebo/share/colcon-core/packages/bot_gazebo)
[1.554s] Level 1:colcon.colcon_core.environment:create_environment_scripts_only(bot_gazebo)
[1.554s] Level 1:colcon.colcon_core.environment:checking '/home/agv/Desktop/catkin/catkin_ws/install/bot_gazebo' for CMake module files
[1.557s] Level 1:colcon.colcon_core.environment:checking '/home/agv/Desktop/catkin/catkin_ws/install/bot_gazebo' for CMake config files
[1.558s] Level 1:colcon.colcon_core.shell:create_environment_hook('bot_gazebo', 'cmake_prefix_path')
[1.559s] INFO:colcon.colcon_core.shell:Creating environment hook '/home/agv/Desktop/catkin/catkin_ws/install/bot_gazebo/share/bot_gazebo/hook/cmake_prefix_path.ps1'
[1.560s] DEBUG:colcon.colcon_core.event_handler.log_command:Invoked command in '/home/agv/Desktop/catkin/catkin_ws/build/bot_gazebo' returned '0': CMAKE_PREFIX_PATH=${CMAKE_PREFIX_PATH}:/home/agv/Desktop/catkin/catkin_ws/install/bot_navigation:/home/agv/Desktop/catkin/catkin_ws/install/bot_localization:/home/agv/Desktop/catkin/catkin_ws/install/bot_apriltag:/opt/ros/humble /usr/bin/cmake --install /home/agv/Desktop/catkin/catkin_ws/build/bot_gazebo
[1.560s] INFO:colcon.colcon_core.shell:Creating environment descriptor '/home/agv/Desktop/catkin/catkin_ws/install/bot_gazebo/share/bot_gazebo/hook/cmake_prefix_path.dsv'
[1.561s] INFO:colcon.colcon_core.shell:Creating environment hook '/home/agv/Desktop/catkin/catkin_ws/install/bot_gazebo/share/bot_gazebo/hook/cmake_prefix_path.sh'
[1.562s] Level 1:colcon.colcon_core.environment:checking '/home/agv/Desktop/catkin/catkin_ws/install/bot_gazebo/bin'
[1.563s] Level 1:colcon.colcon_core.environment:checking '/home/agv/Desktop/catkin/catkin_ws/install/bot_gazebo/lib/pkgconfig/bot_gazebo.pc'
[1.563s] Level 1:colcon.colcon_core.environment:checking '/home/agv/Desktop/catkin/catkin_ws/install/bot_gazebo/lib/python3.10/site-packages'
[1.563s] Level 1:colcon.colcon_core.environment:checking '/home/agv/Desktop/catkin/catkin_ws/install/bot_gazebo/bin'
[1.564s] INFO:colcon.colcon_core.shell:Creating package script '/home/agv/Desktop/catkin/catkin_ws/install/bot_gazebo/share/bot_gazebo/package.ps1'
[1.565s] INFO:colcon.colcon_core.shell:Creating package descriptor '/home/agv/Desktop/catkin/catkin_ws/install/bot_gazebo/share/bot_gazebo/package.dsv'
[1.567s] INFO:colcon.colcon_core.shell:Creating package script '/home/agv/Desktop/catkin/catkin_ws/install/bot_gazebo/share/bot_gazebo/package.sh'
[1.568s] INFO:colcon.colcon_core.shell:Creating package script '/home/agv/Desktop/catkin/catkin_ws/install/bot_gazebo/share/bot_gazebo/package.bash'
[1.569s] INFO:colcon.colcon_core.shell:Creating package script '/home/agv/Desktop/catkin/catkin_ws/install/bot_gazebo/share/bot_gazebo/package.zsh'
[1.570s] Level 1:colcon.colcon_core.environment:create_file_with_runtime_dependencies(/home/agv/Desktop/catkin/catkin_ws/install/bot_gazebo/share/colcon-core/packages/bot_gazebo)
[1.939s] DEBUG:colcon.colcon_core.event_handler.log_command:Invoking command in '/home/agv/Desktop/catkin/catkin_ws/src/bot_navigation': PYTHONPATH=/home/agv/Desktop/catkin/catkin_ws/build/bot_navigation/prefix_override:/usr/lib/python3/dist-packages/colcon_core/task/python/colcon_distutils_commands:/home/agv/Desktop/catkin/catkin_ws/install/bot_navigation/lib/python3.10/site-packages:${PYTHONPATH} /usr/bin/python3 -W ignore:setup.py install is deprecated -W ignore:easy_install command is deprecated setup.py egg_info --egg-base ../../build/bot_navigation build --build-base /home/agv/Desktop/catkin/catkin_ws/build/bot_navigation/build install --record /home/agv/Desktop/catkin/catkin_ws/build/bot_navigation/install.log --single-version-externally-managed install_data
[1.941s] DEBUG:colcon.colcon_core.event_handler.log_command:Invoking command in '/home/agv/Desktop/catkin/catkin_ws/src/bot_apriltag': PYTHONPATH=/home/agv/Desktop/catkin/catkin_ws/build/bot_apriltag/prefix_override:/usr/lib/python3/dist-packages/colcon_core/task/python/colcon_distutils_commands:/home/agv/Desktop/catkin/catkin_ws/install/bot_apriltag/lib/python3.10/site-packages:${PYTHONPATH} /usr/bin/python3 -W ignore:setup.py install is deprecated -W ignore:easy_install command is deprecated setup.py egg_info --egg-base ../../build/bot_apriltag build --build-base /home/agv/Desktop/catkin/catkin_ws/build/bot_apriltag/build install --record /home/agv/Desktop/catkin/catkin_ws/build/bot_apriltag/install.log --single-version-externally-managed install_data
[1.973s] DEBUG:colcon.colcon_core.event_handler.log_command:Invoking command in '/home/agv/Desktop/catkin/catkin_ws/src/bot_localization': PYTHONPATH=/home/agv/Desktop/catkin/catkin_ws/build/bot_localization/prefix_override:/usr/lib/python3/dist-packages/colcon_core/task/python/colcon_distutils_commands:/home/agv/Desktop/catkin/catkin_ws/install/bot_localization/lib/python3.10/site-packages:${PYTHONPATH} /usr/bin/python3 -W ignore:setup.py install is deprecated -W ignore:easy_install command is deprecated setup.py egg_info --egg-base ../../build/bot_localization build --build-base /home/agv/Desktop/catkin/catkin_ws/build/bot_localization/build install --record /home/agv/Desktop/catkin/catkin_ws/build/bot_localization/install.log --single-version-externally-managed install_data
[2.280s] Level 1:colcon.colcon_core.environment:checking '/home/agv/Desktop/catkin/catkin_ws/install/bot_navigation' for CMake module files
[2.281s] DEBUG:colcon.colcon_core.event_handler.log_command:Invoked command in '/home/agv/Desktop/catkin/catkin_ws/src/bot_navigation' returned '0': PYTHONPATH=/home/agv/Desktop/catkin/catkin_ws/build/bot_navigation/prefix_override:/usr/lib/python3/dist-packages/colcon_core/task/python/colcon_distutils_commands:/home/agv/Desktop/catkin/catkin_ws/install/bot_navigation/lib/python3.10/site-packages:${PYTHONPATH} /usr/bin/python3 -W ignore:setup.py install is deprecated -W ignore:easy_install command is deprecated setup.py egg_info --egg-base ../../build/bot_navigation build --build-base /home/agv/Desktop/catkin/catkin_ws/build/bot_navigation/build install --record /home/agv/Desktop/catkin/catkin_ws/build/bot_navigation/install.log --single-version-externally-managed install_data
[2.281s] Level 1:colcon.colcon_core.environment:checking '/home/agv/Desktop/catkin/catkin_ws/install/bot_navigation' for CMake config files
[2.282s] Level 1:colcon.colcon_core.environment:checking '/home/agv/Desktop/catkin/catkin_ws/install/bot_navigation/lib'
[2.283s] Level 1:colcon.colcon_core.environment:checking '/home/agv/Desktop/catkin/catkin_ws/install/bot_navigation/bin'
[2.283s] Level 1:colcon.colcon_core.environment:checking '/home/agv/Desktop/catkin/catkin_ws/install/bot_navigation/lib/pkgconfig/bot_navigation.pc'
[2.283s] Level 1:colcon.colcon_core.environment:checking '/home/agv/Desktop/catkin/catkin_ws/install/bot_navigation/lib/python3.10/site-packages'
[2.284s] Level 1:colcon.colcon_core.shell:create_environment_hook('bot_navigation', 'pythonpath')
[2.284s] INFO:colcon.colcon_core.shell:Creating environment hook '/home/agv/Desktop/catkin/catkin_ws/install/bot_navigation/share/bot_navigation/hook/pythonpath.ps1'
[2.285s] INFO:colcon.colcon_core.shell:Creating environment descriptor '/home/agv/Desktop/catkin/catkin_ws/install/bot_navigation/share/bot_navigation/hook/pythonpath.dsv'
[2.286s] INFO:colcon.colcon_core.shell:Creating environment hook '/home/agv/Desktop/catkin/catkin_ws/install/bot_navigation/share/bot_navigation/hook/pythonpath.sh'
[2.287s] Level 1:colcon.colcon_core.environment:checking '/home/agv/Desktop/catkin/catkin_ws/install/bot_navigation/bin'
[2.287s] Level 1:colcon.colcon_core.environment:create_environment_scripts_only(bot_navigation)
[2.288s] INFO:colcon.colcon_core.shell:Creating package script '/home/agv/Desktop/catkin/catkin_ws/install/bot_navigation/share/bot_navigation/package.ps1'
[2.289s] INFO:colcon.colcon_core.shell:Creating package descriptor '/home/agv/Desktop/catkin/catkin_ws/install/bot_navigation/share/bot_navigation/package.dsv'
[2.290s] INFO:colcon.colcon_core.shell:Creating package script '/home/agv/Desktop/catkin/catkin_ws/install/bot_navigation/share/bot_navigation/package.sh'
[2.291s] INFO:colcon.colcon_core.shell:Creating package script '/home/agv/Desktop/catkin/catkin_ws/install/bot_navigation/share/bot_navigation/package.bash'
[2.292s] INFO:colcon.colcon_core.shell:Creating package script '/home/agv/Desktop/catkin/catkin_ws/install/bot_navigation/share/bot_navigation/package.zsh'
[2.293s] Level 1:colcon.colcon_core.environment:create_file_with_runtime_dependencies(/home/agv/Desktop/catkin/catkin_ws/install/bot_navigation/share/colcon-core/packages/bot_navigation)
[2.296s] Level 1:colcon.colcon_core.environment:checking '/home/agv/Desktop/catkin/catkin_ws/install/bot_apriltag' for CMake module files
[2.296s] Level 1:colcon.colcon_core.environment:checking '/home/agv/Desktop/catkin/catkin_ws/install/bot_apriltag' for CMake config files
[2.298s] Level 1:colcon.colcon_core.environment:checking '/home/agv/Desktop/catkin/catkin_ws/install/bot_apriltag/lib'
[2.299s] DEBUG:colcon.colcon_core.event_handler.log_command:Invoked command in '/home/agv/Desktop/catkin/catkin_ws/src/bot_apriltag' returned '0': PYTHONPATH=/home/agv/Desktop/catkin/catkin_ws/build/bot_apriltag/prefix_override:/usr/lib/python3/dist-packages/colcon_core/task/python/colcon_distutils_commands:/home/agv/Desktop/catkin/catkin_ws/install/bot_apriltag/lib/python3.10/site-packages:${PYTHONPATH} /usr/bin/python3 -W ignore:setup.py install is deprecated -W ignore:easy_install command is deprecated setup.py egg_info --egg-base ../../build/bot_apriltag build --build-base /home/agv/Desktop/catkin/catkin_ws/build/bot_apriltag/build install --record /home/agv/Desktop/catkin/catkin_ws/build/bot_apriltag/install.log --single-version-externally-managed install_data
[2.299s] Level 1:colcon.colcon_core.environment:checking '/home/agv/Desktop/catkin/catkin_ws/install/bot_apriltag/bin'
[2.299s] Level 1:colcon.colcon_core.environment:checking '/home/agv/Desktop/catkin/catkin_ws/install/bot_apriltag/lib/pkgconfig/bot_apriltag.pc'
[2.299s] Level 1:colcon.colcon_core.environment:checking '/home/agv/Desktop/catkin/catkin_ws/install/bot_apriltag/lib/python3.10/site-packages'
[2.300s] Level 1:colcon.colcon_core.shell:create_environment_hook('bot_apriltag', 'pythonpath')
[2.300s] INFO:colcon.colcon_core.shell:Creating environment hook '/home/agv/Desktop/catkin/catkin_ws/install/bot_apriltag/share/bot_apriltag/hook/pythonpath.ps1'
[2.301s] INFO:colcon.colcon_core.shell:Creating environment descriptor '/home/agv/Desktop/catkin/catkin_ws/install/bot_apriltag/share/bot_apriltag/hook/pythonpath.dsv'
[2.302s] INFO:colcon.colcon_core.shell:Creating environment hook '/home/agv/Desktop/catkin/catkin_ws/install/bot_apriltag/share/bot_apriltag/hook/pythonpath.sh'
[2.303s] Level 1:colcon.colcon_core.environment:checking '/home/agv/Desktop/catkin/catkin_ws/install/bot_apriltag/bin'
[2.303s] Level 1:colcon.colcon_core.environment:create_environment_scripts_only(bot_apriltag)
[2.303s] INFO:colcon.colcon_core.shell:Creating package script '/home/agv/Desktop/catkin/catkin_ws/install/bot_apriltag/share/bot_apriltag/package.ps1'
[2.305s] INFO:colcon.colcon_core.shell:Creating package descriptor '/home/agv/Desktop/catkin/catkin_ws/install/bot_apriltag/share/bot_apriltag/package.dsv'
[2.305s] INFO:colcon.colcon_core.shell:Creating package script '/home/agv/Desktop/catkin/catkin_ws/install/bot_apriltag/share/bot_apriltag/package.sh'
[2.307s] INFO:colcon.colcon_core.shell:Creating package script '/home/agv/Desktop/catkin/catkin_ws/install/bot_apriltag/share/bot_apriltag/package.bash'
[2.308s] INFO:colcon.colcon_core.shell:Creating package script '/home/agv/Desktop/catkin/catkin_ws/install/bot_apriltag/share/bot_apriltag/package.zsh'
[2.309s] Level 1:colcon.colcon_core.environment:create_file_with_runtime_dependencies(/home/agv/Desktop/catkin/catkin_ws/install/bot_apriltag/share/colcon-core/packages/bot_apriltag)
[2.326s] Level 1:colcon.colcon_core.environment:checking '/home/agv/Desktop/catkin/catkin_ws/install/bot_localization' for CMake module files
[2.327s] DEBUG:colcon.colcon_core.event_handler.log_command:Invoked command in '/home/agv/Desktop/catkin/catkin_ws/src/bot_localization' returned '0': PYTHONPATH=/home/agv/Desktop/catkin/catkin_ws/build/bot_localization/prefix_override:/usr/lib/python3/dist-packages/colcon_core/task/python/colcon_distutils_commands:/home/agv/Desktop/catkin/catkin_ws/install/bot_localization/lib/python3.10/site-packages:${PYTHONPATH} /usr/bin/python3 -W ignore:setup.py install is deprecated -W ignore:easy_install command is deprecated setup.py egg_info --egg-base ../../build/bot_localization build --build-base /home/agv/Desktop/catkin/catkin_ws/build/bot_localization/build install --record /home/agv/Desktop/catkin/catkin_ws/build/bot_localization/install.log --single-version-externally-managed install_data
[2.328s] Level 1:colcon.colcon_core.environment:checking '/home/agv/Desktop/catkin/catkin_ws/install/bot_localization' for CMake config files
[2.328s] Level 1:colcon.colcon_core.environment:checking '/home/agv/Desktop/catkin/catkin_ws/install/bot_localization/lib'
[2.329s] Level 1:colcon.colcon_core.environment:checking '/home/agv/Desktop/catkin/catkin_ws/install/bot_localization/bin'
[2.329s] Level 1:colcon.colcon_core.environment:checking '/home/agv/Desktop/catkin/catkin_ws/install/bot_localization/lib/pkgconfig/bot_localization.pc'
[2.329s] Level 1:colcon.colcon_core.environment:checking '/home/agv/Desktop/catkin/catkin_ws/install/bot_localization/lib/python3.10/site-packages'
[2.329s] Level 1:colcon.colcon_core.shell:create_environment_hook('bot_localization', 'pythonpath')
[2.330s] INFO:colcon.colcon_core.shell:Creating environment hook '/home/agv/Desktop/catkin/catkin_ws/install/bot_localization/share/bot_localization/hook/pythonpath.ps1'
[2.332s] INFO:colcon.colcon_core.shell:Creating environment descriptor '/home/agv/Desktop/catkin/catkin_ws/install/bot_localization/share/bot_localization/hook/pythonpath.dsv'
[2.337s] INFO:colcon.colcon_core.shell:Creating environment hook '/home/agv/Desktop/catkin/catkin_ws/install/bot_localization/share/bot_localization/hook/pythonpath.sh'
[2.341s] Level 1:colcon.colcon_core.environment:checking '/home/agv/Desktop/catkin/catkin_ws/install/bot_localization/bin'
[2.341s] Level 1:colcon.colcon_core.environment:create_environment_scripts_only(bot_localization)
[2.341s] INFO:colcon.colcon_core.shell:Creating package script '/home/agv/Desktop/catkin/catkin_ws/install/bot_localization/share/bot_localization/package.ps1'
[2.346s] INFO:colcon.colcon_core.shell:Creating package descriptor '/home/agv/Desktop/catkin/catkin_ws/install/bot_localization/share/bot_localization/package.dsv'
[2.349s] INFO:colcon.colcon_core.shell:Creating package script '/home/agv/Desktop/catkin/catkin_ws/install/bot_localization/share/bot_localization/package.sh'
[2.351s] INFO:colcon.colcon_core.shell:Creating package script '/home/agv/Desktop/catkin/catkin_ws/install/bot_localization/share/bot_localization/package.bash'
[2.352s] INFO:colcon.colcon_core.shell:Creating package script '/home/agv/Desktop/catkin/catkin_ws/install/bot_localization/share/bot_localization/package.zsh'
[2.352s] Level 1:colcon.colcon_core.environment:create_file_with_runtime_dependencies(/home/agv/Desktop/catkin/catkin_ws/install/bot_localization/share/colcon-core/packages/bot_localization)
[2.353s] DEBUG:colcon.colcon_parallel_executor.executor.parallel:closing loop
[2.353s] DEBUG:colcon.colcon_parallel_executor.executor.parallel:loop closed
[2.353s] DEBUG:colcon.colcon_parallel_executor.executor.parallel:run_until_complete finished with '0'
[2.353s] DEBUG:colcon.colcon_core.event_reactor:joining thread
[2.362s] INFO:colcon.colcon_core.plugin_system:Skipping extension 'colcon_notification.desktop_notification.terminal_notifier': Not used on non-Darwin systems
[2.362s] INFO:colcon.colcon_core.plugin_system:Skipping extension 'colcon_notification.desktop_notification.win32': Not used on non-Windows systems
[2.362s] INFO:colcon.colcon_notification.desktop_notification:Sending desktop notification using 'notify2'
[2.378s] DEBUG:colcon.colcon_core.event_reactor:joined thread
[2.379s] INFO:colcon.colcon_core.shell:Creating prefix script '/home/agv/Desktop/catkin/catkin_ws/install/local_setup.ps1'
[2.380s] INFO:colcon.colcon_core.shell:Creating prefix util module '/home/agv/Desktop/catkin/catkin_ws/install/_local_setup_util_ps1.py'
[2.382s] INFO:colcon.colcon_core.shell:Creating prefix chain script '/home/agv/Desktop/catkin/catkin_ws/install/setup.ps1'
[2.384s] INFO:colcon.colcon_core.shell:Creating prefix script '/home/agv/Desktop/catkin/catkin_ws/install/local_setup.sh'
[2.385s] INFO:colcon.colcon_core.shell:Creating prefix util module '/home/agv/Desktop/catkin/catkin_ws/install/_local_setup_util_sh.py'
[2.386s] INFO:colcon.colcon_core.shell:Creating prefix chain script '/home/agv/Desktop/catkin/catkin_ws/install/setup.sh'
[2.388s] INFO:colcon.colcon_core.shell:Creating prefix script '/home/agv/Desktop/catkin/catkin_ws/install/local_setup.bash'
[2.389s] INFO:colcon.colcon_core.shell:Creating prefix chain script '/home/agv/Desktop/catkin/catkin_ws/install/setup.bash'
[2.391s] INFO:colcon.colcon_core.shell:Creating prefix script '/home/agv/Desktop/catkin/catkin_ws/install/local_setup.zsh'
[2.392s] INFO:colcon.colcon_core.shell:Creating prefix chain script '/home/agv/Desktop/catkin/catkin_ws/install/setup.zsh'
