[1.954s] Invoking command in '/home/agv/Desktop/catkin/catkin_ws/src/bot_localization': PYTHONPATH=/home/agv/Desktop/catkin/catkin_ws/build/bot_localization/prefix_override:/usr/lib/python3/dist-packages/colcon_core/task/python/colcon_distutils_commands:/home/agv/Desktop/catkin/catkin_ws/install/bot_localization/lib/python3.10/site-packages:${PYTHONPATH} /usr/bin/python3 -W ignore:setup.py install is deprecated -W ignore:easy_install command is deprecated setup.py egg_info --egg-base ../../build/bot_localization build --build-base /home/agv/Desktop/catkin/catkin_ws/build/bot_localization/build install --record /home/agv/Desktop/catkin/catkin_ws/build/bot_localization/install.log --single-version-externally-managed install_data
[2.367s] running egg_info
[2.368s] writing ../../build/bot_localization/bot_localization.egg-info/PKG-INFO
[2.368s] writing dependency_links to ../../build/bot_localization/bot_localization.egg-info/dependency_links.txt
[2.368s] writing entry points to ../../build/bot_localization/bot_localization.egg-info/entry_points.txt
[2.368s] writing requirements to ../../build/bot_localization/bot_localization.egg-info/requires.txt
[2.368s] writing top-level names to ../../build/bot_localization/bot_localization.egg-info/top_level.txt
[2.373s] reading manifest file '../../build/bot_localization/bot_localization.egg-info/SOURCES.txt'
[2.373s] writing manifest file '../../build/bot_localization/bot_localization.egg-info/SOURCES.txt'
[2.376s] running build
[2.376s] running build_py
[2.377s] running install
[2.378s] running install_lib
[2.382s] running install_data
[2.383s] copying config/ekf.yaml -> /home/agv/Desktop/catkin/catkin_ws/install/bot_localization/share/bot_localization/config
[2.383s] running install_egg_info
[2.387s] removing '/home/agv/Desktop/catkin/catkin_ws/install/bot_localization/lib/python3.10/site-packages/bot_localization-0.0.0-py3.10.egg-info' (and everything under it)
[2.387s] Copying ../../build/bot_localization/bot_localization.egg-info to /home/agv/Desktop/catkin/catkin_ws/install/bot_localization/lib/python3.10/site-packages/bot_localization-0.0.0-py3.10.egg-info
[2.389s] running install_scripts
[2.416s] Installing apriltag_to_pose_node script to /home/agv/Desktop/catkin/catkin_ws/install/bot_localization/lib/bot_localization
[2.417s] writing list of installed files to '/home/agv/Desktop/catkin/catkin_ws/build/bot_localization/install.log'
[2.494s] Invoked command in '/home/agv/Desktop/catkin/catkin_ws/src/bot_localization' returned '0': PYTHONPATH=/home/agv/Desktop/catkin/catkin_ws/build/bot_localization/prefix_override:/usr/lib/python3/dist-packages/colcon_core/task/python/colcon_distutils_commands:/home/agv/Desktop/catkin/catkin_ws/install/bot_localization/lib/python3.10/site-packages:${PYTHONPATH} /usr/bin/python3 -W ignore:setup.py install is deprecated -W ignore:easy_install command is deprecated setup.py egg_info --egg-base ../../build/bot_localization build --build-base /home/agv/Desktop/catkin/catkin_ws/build/bot_localization/build install --record /home/agv/Desktop/catkin/catkin_ws/build/bot_localization/install.log --single-version-externally-managed install_data
