[0.442s] Invoking command in '/home/agv/Desktop/catkin/catkin_ws/build/bot_gazebo': CMAKE_PREFIX_PATH=${CMAKE_PREFIX_PATH}:/home/agv/Desktop/catkin/catkin_ws/install/bot_navigation:/home/agv/Desktop/catkin/catkin_ws/install/bot_localization:/home/agv/Desktop/catkin/catkin_ws/install/bot_apriltag:/opt/ros/humble /usr/bin/cmake --build /home/agv/Desktop/catkin/catkin_ws/build/bot_gazebo -- -j8 -l8
[1.273s] Invoked command in '/home/agv/Desktop/catkin/catkin_ws/build/bot_gazebo' returned '0': CMAKE_PREFIX_PATH=${CMAKE_PREFIX_PATH}:/home/agv/Desktop/catkin/catkin_ws/install/bot_navigation:/home/agv/Desktop/catkin/catkin_ws/install/bot_localization:/home/agv/Desktop/catkin/catkin_ws/install/bot_apriltag:/opt/ros/humble /usr/bin/cmake --build /home/agv/Desktop/catkin/catkin_ws/build/bot_gazebo -- -j8 -l8
[1.292s] Invoking command in '/home/agv/Desktop/catkin/catkin_ws/build/bot_gazebo': CMAKE_PREFIX_PATH=${CMAKE_PREFIX_PATH}:/home/agv/Desktop/catkin/catkin_ws/install/bot_navigation:/home/agv/Desktop/catkin/catkin_ws/install/bot_localization:/home/agv/Desktop/catkin/catkin_ws/install/bot_apriltag:/opt/ros/humble /usr/bin/cmake --install /home/agv/Desktop/catkin/catkin_ws/build/bot_gazebo
[1.318s] -- Install configuration: ""
[1.318s] -- Up-to-date: /home/agv/Desktop/catkin/catkin_ws/install/bot_gazebo/share/bot_gazebo/launch
[1.318s] -- Up-to-date: /home/agv/Desktop/catkin/catkin_ws/install/bot_gazebo/share/bot_gazebo/launch/gazebo_sim.launch.py
[1.332s] -- Up-to-date: /home/agv/Desktop/catkin/catkin_ws/install/bot_gazebo/share/bot_gazebo/launch/__pycache__
[1.332s] -- Up-to-date: /home/agv/Desktop/catkin/catkin_ws/install/bot_gazebo/share/bot_gazebo/launch/__pycache__/display_robot.launch.cpython-310.pyc
[1.332s] -- Up-to-date: /home/agv/Desktop/catkin/catkin_ws/install/bot_gazebo/share/bot_gazebo/world
[1.332s] -- Up-to-date: /home/agv/Desktop/catkin/catkin_ws/install/bot_gazebo/share/bot_gazebo/world/experiment_rooms
[1.332s] -- Up-to-date: /home/agv/Desktop/catkin/catkin_ws/install/bot_gazebo/share/bot_gazebo/world/experiment_rooms/worlds
[1.332s] -- Up-to-date: /home/agv/Desktop/catkin/catkin_ws/install/bot_gazebo/share/bot_gazebo/world/experiment_rooms/worlds/room2
[1.333s] -- Up-to-date: /home/agv/Desktop/catkin/catkin_ws/install/bot_gazebo/share/bot_gazebo/world/experiment_rooms/worlds/room2/world_dynamic.model
[1.333s] -- Up-to-date: /home/agv/Desktop/catkin/catkin_ws/install/bot_gazebo/share/bot_gazebo/world/experiment_rooms/worlds/room2/world.model
[1.333s] -- Up-to-date: /home/agv/Desktop/catkin/catkin_ws/install/bot_gazebo/share/bot_gazebo/world/experiment_rooms/worlds/room2/map
[1.333s] -- Up-to-date: /home/agv/Desktop/catkin/catkin_ws/install/bot_gazebo/share/bot_gazebo/world/experiment_rooms/worlds/room2/map/room2.yaml
[1.333s] -- Up-to-date: /home/agv/Desktop/catkin/catkin_ws/install/bot_gazebo/share/bot_gazebo/world/experiment_rooms/worlds/room2/map/room2.png
[1.333s] -- Up-to-date: /home/agv/Desktop/catkin/catkin_ws/install/bot_gazebo/share/bot_gazebo/world/experiment_rooms/experiments_room.png
[1.333s] -- Up-to-date: /home/agv/Desktop/catkin/catkin_ws/install/bot_gazebo/share/bot_gazebo/world/experiment_rooms/models
[1.333s] -- Up-to-date: /home/agv/Desktop/catkin/catkin_ws/install/bot_gazebo/share/bot_gazebo/world/experiment_rooms/models/dynamic_obstacle
[1.333s] -- Up-to-date: /home/agv/Desktop/catkin/catkin_ws/install/bot_gazebo/share/bot_gazebo/world/experiment_rooms/models/dynamic_obstacle/model.sdf
[1.333s] -- Up-to-date: /home/agv/Desktop/catkin/catkin_ws/install/bot_gazebo/share/bot_gazebo/world/experiment_rooms/models/dynamic_obstacle/model.config
[1.334s] -- Up-to-date: /home/agv/Desktop/catkin/catkin_ws/install/bot_gazebo/share/bot_gazebo/world/experiment_rooms/models/exp_empty_rooms
[1.334s] -- Up-to-date: /home/agv/Desktop/catkin/catkin_ws/install/bot_gazebo/share/bot_gazebo/world/experiment_rooms/models/exp_empty_rooms/model.sdf
[1.334s] -- Up-to-date: /home/agv/Desktop/catkin/catkin_ws/install/bot_gazebo/share/bot_gazebo/world/experiment_rooms/models/exp_empty_rooms/model.config
[1.334s] -- Up-to-date: /home/agv/Desktop/catkin/catkin_ws/install/bot_gazebo/share/bot_gazebo/world/warehouse
[1.334s] -- Up-to-date: /home/agv/Desktop/catkin/catkin_ws/install/bot_gazebo/share/bot_gazebo/world/warehouse/no_roof_small_warehouse.world
[1.334s] -- Up-to-date: /home/agv/Desktop/catkin/catkin_ws/install/bot_gazebo/share/bot_gazebo/world/warehouse/warehouse0.world
[1.334s] -- Up-to-date: /home/agv/Desktop/catkin/catkin_ws/install/bot_gazebo/share/bot_gazebo/world/warehouse/models
[1.334s] -- Up-to-date: /home/agv/Desktop/catkin/catkin_ws/install/bot_gazebo/share/bot_gazebo/world/warehouse/models/aws_robomaker_warehouse_ClutteringC_01
[1.334s] -- Up-to-date: /home/agv/Desktop/catkin/catkin_ws/install/bot_gazebo/share/bot_gazebo/world/warehouse/models/aws_robomaker_warehouse_ClutteringC_01/model.sdf
[1.340s] -- Up-to-date: /home/agv/Desktop/catkin/catkin_ws/install/bot_gazebo/share/bot_gazebo/world/warehouse/models/aws_robomaker_warehouse_ClutteringC_01/meshes
[1.341s] -- Up-to-date: /home/agv/Desktop/catkin/catkin_ws/install/bot_gazebo/share/bot_gazebo/world/warehouse/models/aws_robomaker_warehouse_ClutteringC_01/meshes/aws_robomaker_warehouse_ClutteringC_01_visual.DAE
[1.341s] -- Up-to-date: /home/agv/Desktop/catkin/catkin_ws/install/bot_gazebo/share/bot_gazebo/world/warehouse/models/aws_robomaker_warehouse_ClutteringC_01/meshes/aws_robomaker_warehouse_ClutteringC_01_collision.DAE
[1.341s] -- Up-to-date: /home/agv/Desktop/catkin/catkin_ws/install/bot_gazebo/share/bot_gazebo/world/warehouse/models/aws_robomaker_warehouse_ClutteringC_01/materials
[1.341s] -- Up-to-date: /home/agv/Desktop/catkin/catkin_ws/install/bot_gazebo/share/bot_gazebo/world/warehouse/models/aws_robomaker_warehouse_ClutteringC_01/materials/textures
[1.341s] -- Up-to-date: /home/agv/Desktop/catkin/catkin_ws/install/bot_gazebo/share/bot_gazebo/world/warehouse/models/aws_robomaker_warehouse_ClutteringC_01/materials/textures/aws_robomaker_warehouse_ClutteringC_01.png
[1.342s] -- Up-to-date: /home/agv/Desktop/catkin/catkin_ws/install/bot_gazebo/share/bot_gazebo/world/warehouse/models/aws_robomaker_warehouse_ClutteringC_01/materials/textures/aws_robomaker_warehouse_ClutteringC_02.png
[1.342s] -- Up-to-date: /home/agv/Desktop/catkin/catkin_ws/install/bot_gazebo/share/bot_gazebo/world/warehouse/models/aws_robomaker_warehouse_ClutteringC_01/model.config
[1.342s] -- Up-to-date: /home/agv/Desktop/catkin/catkin_ws/install/bot_gazebo/share/bot_gazebo/world/warehouse/models/aws_robomaker_warehouse_ShelfE_01
[1.343s] -- Up-to-date: /home/agv/Desktop/catkin/catkin_ws/install/bot_gazebo/share/bot_gazebo/world/warehouse/models/aws_robomaker_warehouse_ShelfE_01/model.sdf
[1.343s] -- Up-to-date: /home/agv/Desktop/catkin/catkin_ws/install/bot_gazebo/share/bot_gazebo/world/warehouse/models/aws_robomaker_warehouse_ShelfE_01/.DS_Store
[1.343s] -- Up-to-date: /home/agv/Desktop/catkin/catkin_ws/install/bot_gazebo/share/bot_gazebo/world/warehouse/models/aws_robomaker_warehouse_ShelfE_01/meshes
[1.343s] -- Up-to-date: /home/agv/Desktop/catkin/catkin_ws/install/bot_gazebo/share/bot_gazebo/world/warehouse/models/aws_robomaker_warehouse_ShelfE_01/meshes/aws_robomaker_warehouse_ShelfE_01_collision.DAE
[1.343s] -- Up-to-date: /home/agv/Desktop/catkin/catkin_ws/install/bot_gazebo/share/bot_gazebo/world/warehouse/models/aws_robomaker_warehouse_ShelfE_01/meshes/aws_robomaker_warehouse_ShelfE_01_visual.DAE
[1.343s] -- Up-to-date: /home/agv/Desktop/catkin/catkin_ws/install/bot_gazebo/share/bot_gazebo/world/warehouse/models/aws_robomaker_warehouse_ShelfE_01/materials
[1.343s] -- Up-to-date: /home/agv/Desktop/catkin/catkin_ws/install/bot_gazebo/share/bot_gazebo/world/warehouse/models/aws_robomaker_warehouse_ShelfE_01/materials/textures
[1.344s] -- Up-to-date: /home/agv/Desktop/catkin/catkin_ws/install/bot_gazebo/share/bot_gazebo/world/warehouse/models/aws_robomaker_warehouse_ShelfE_01/materials/textures/aws_robomaker_warehouse_ShelfE_02.png
[1.360s] -- Up-to-date: /home/agv/Desktop/catkin/catkin_ws/install/bot_gazebo/share/bot_gazebo/world/warehouse/models/aws_robomaker_warehouse_ShelfE_01/materials/textures/aws_robomaker_warehouse_ShelfE_01.png
[1.360s] -- Up-to-date: /home/agv/Desktop/catkin/catkin_ws/install/bot_gazebo/share/bot_gazebo/world/warehouse/models/aws_robomaker_warehouse_ShelfE_01/materials/textures/aws_robomaker_warehouse_ShelfE_03.png
[1.360s] -- Up-to-date: /home/agv/Desktop/catkin/catkin_ws/install/bot_gazebo/share/bot_gazebo/world/warehouse/models/aws_robomaker_warehouse_ShelfE_01/materials/textures/aws_robomaker_warehouse_ShelfE_04.png
[1.360s] -- Up-to-date: /home/agv/Desktop/catkin/catkin_ws/install/bot_gazebo/share/bot_gazebo/world/warehouse/models/aws_robomaker_warehouse_ShelfE_01/materials/.DS_Store
[1.360s] -- Up-to-date: /home/agv/Desktop/catkin/catkin_ws/install/bot_gazebo/share/bot_gazebo/world/warehouse/models/aws_robomaker_warehouse_ShelfE_01/model.config
[1.360s] -- Up-to-date: /home/agv/Desktop/catkin/catkin_ws/install/bot_gazebo/share/bot_gazebo/world/warehouse/models/apriltag_0
[1.360s] -- Up-to-date: /home/agv/Desktop/catkin/catkin_ws/install/bot_gazebo/share/bot_gazebo/world/warehouse/models/apriltag_0/apriltag_0.sdf
[1.360s] -- Up-to-date: /home/agv/Desktop/catkin/catkin_ws/install/bot_gazebo/share/bot_gazebo/world/warehouse/models/apriltag_0/meshes
[1.360s] -- Up-to-date: /home/agv/Desktop/catkin/catkin_ws/install/bot_gazebo/share/bot_gazebo/world/warehouse/models/apriltag_0/meshes/apriltag_0.dae
[1.360s] -- Up-to-date: /home/agv/Desktop/catkin/catkin_ws/install/bot_gazebo/share/bot_gazebo/world/warehouse/models/apriltag_0/model.config
[1.361s] -- Up-to-date: /home/agv/Desktop/catkin/catkin_ws/install/bot_gazebo/share/bot_gazebo/world/warehouse/models/aws_robomaker_warehouse_WallB_01
[1.361s] -- Up-to-date: /home/agv/Desktop/catkin/catkin_ws/install/bot_gazebo/share/bot_gazebo/world/warehouse/models/aws_robomaker_warehouse_WallB_01/model.sdf
[1.361s] -- Up-to-date: /home/agv/Desktop/catkin/catkin_ws/install/bot_gazebo/share/bot_gazebo/world/warehouse/models/aws_robomaker_warehouse_WallB_01/meshes
[1.361s] -- Up-to-date: /home/agv/Desktop/catkin/catkin_ws/install/bot_gazebo/share/bot_gazebo/world/warehouse/models/aws_robomaker_warehouse_WallB_01/meshes/aws_robomaker_warehouse_WallB_01_collision.DAE
[1.361s] -- Up-to-date: /home/agv/Desktop/catkin/catkin_ws/install/bot_gazebo/share/bot_gazebo/world/warehouse/models/aws_robomaker_warehouse_WallB_01/meshes/aws_robomaker_warehouse_WallB_01_visual.DAE
[1.361s] -- Up-to-date: /home/agv/Desktop/catkin/catkin_ws/install/bot_gazebo/share/bot_gazebo/world/warehouse/models/aws_robomaker_warehouse_WallB_01/materials
[1.361s] -- Up-to-date: /home/agv/Desktop/catkin/catkin_ws/install/bot_gazebo/share/bot_gazebo/world/warehouse/models/aws_robomaker_warehouse_WallB_01/materials/textures
[1.361s] -- Up-to-date: /home/agv/Desktop/catkin/catkin_ws/install/bot_gazebo/share/bot_gazebo/world/warehouse/models/aws_robomaker_warehouse_WallB_01/materials/textures/aws_robomaker_warehouse_WallB_01.png
[1.361s] -- Up-to-date: /home/agv/Desktop/catkin/catkin_ws/install/bot_gazebo/share/bot_gazebo/world/warehouse/models/aws_robomaker_warehouse_WallB_01/model.config
[1.361s] -- Up-to-date: /home/agv/Desktop/catkin/catkin_ws/install/bot_gazebo/share/bot_gazebo/world/warehouse/models/aws_robomaker_warehouse_ShelfF_01
[1.361s] -- Up-to-date: /home/agv/Desktop/catkin/catkin_ws/install/bot_gazebo/share/bot_gazebo/world/warehouse/models/aws_robomaker_warehouse_ShelfF_01/model.sdf
[1.361s] -- Up-to-date: /home/agv/Desktop/catkin/catkin_ws/install/bot_gazebo/share/bot_gazebo/world/warehouse/models/aws_robomaker_warehouse_ShelfF_01/meshes
[1.361s] -- Up-to-date: /home/agv/Desktop/catkin/catkin_ws/install/bot_gazebo/share/bot_gazebo/world/warehouse/models/aws_robomaker_warehouse_ShelfF_01/meshes/aws_robomaker_warehouse_ShelfF_01_collision.DAE
[1.361s] -- Up-to-date: /home/agv/Desktop/catkin/catkin_ws/install/bot_gazebo/share/bot_gazebo/world/warehouse/models/aws_robomaker_warehouse_ShelfF_01/meshes/aws_robomaker_warehouse_ShelfF_01_visual.DAE
[1.362s] -- Up-to-date: /home/agv/Desktop/catkin/catkin_ws/install/bot_gazebo/share/bot_gazebo/world/warehouse/models/aws_robomaker_warehouse_ShelfF_01/materials
[1.362s] -- Up-to-date: /home/agv/Desktop/catkin/catkin_ws/install/bot_gazebo/share/bot_gazebo/world/warehouse/models/aws_robomaker_warehouse_ShelfF_01/materials/textures
[1.362s] -- Up-to-date: /home/agv/Desktop/catkin/catkin_ws/install/bot_gazebo/share/bot_gazebo/world/warehouse/models/aws_robomaker_warehouse_ShelfF_01/materials/textures/aws_robomaker_warehouse_ShelfF_03.png
[1.362s] -- Up-to-date: /home/agv/Desktop/catkin/catkin_ws/install/bot_gazebo/share/bot_gazebo/world/warehouse/models/aws_robomaker_warehouse_ShelfF_01/materials/textures/aws_robomaker_warehouse_ShelfF_01.png
[1.362s] -- Up-to-date: /home/agv/Desktop/catkin/catkin_ws/install/bot_gazebo/share/bot_gazebo/world/warehouse/models/aws_robomaker_warehouse_ShelfF_01/materials/textures/aws_robomaker_warehouse_ShelfF_02.png
[1.362s] -- Up-to-date: /home/agv/Desktop/catkin/catkin_ws/install/bot_gazebo/share/bot_gazebo/world/warehouse/models/aws_robomaker_warehouse_ShelfF_01/model.config
[1.362s] -- Up-to-date: /home/agv/Desktop/catkin/catkin_ws/install/bot_gazebo/share/bot_gazebo/world/warehouse/models/aws_robomaker_warehouse_PalletJackB_01
[1.362s] -- Up-to-date: /home/agv/Desktop/catkin/catkin_ws/install/bot_gazebo/share/bot_gazebo/world/warehouse/models/aws_robomaker_warehouse_PalletJackB_01/model.sdf
[1.365s] -- Up-to-date: /home/agv/Desktop/catkin/catkin_ws/install/bot_gazebo/share/bot_gazebo/world/warehouse/models/aws_robomaker_warehouse_PalletJackB_01/.DS_Store
[1.365s] -- Up-to-date: /home/agv/Desktop/catkin/catkin_ws/install/bot_gazebo/share/bot_gazebo/world/warehouse/models/aws_robomaker_warehouse_PalletJackB_01/meshes
[1.365s] -- Up-to-date: /home/agv/Desktop/catkin/catkin_ws/install/bot_gazebo/share/bot_gazebo/world/warehouse/models/aws_robomaker_warehouse_PalletJackB_01/meshes/aws_robomaker_warehouse_PalletJackB_01_collision.DAE
[1.365s] -- Up-to-date: /home/agv/Desktop/catkin/catkin_ws/install/bot_gazebo/share/bot_gazebo/world/warehouse/models/aws_robomaker_warehouse_PalletJackB_01/meshes/aws_robomaker_warehouse_PalletJackB_01_visual.DAE
[1.365s] -- Up-to-date: /home/agv/Desktop/catkin/catkin_ws/install/bot_gazebo/share/bot_gazebo/world/warehouse/models/aws_robomaker_warehouse_PalletJackB_01/materials
[1.366s] -- Up-to-date: /home/agv/Desktop/catkin/catkin_ws/install/bot_gazebo/share/bot_gazebo/world/warehouse/models/aws_robomaker_warehouse_PalletJackB_01/materials/textures
[1.366s] -- Up-to-date: /home/agv/Desktop/catkin/catkin_ws/install/bot_gazebo/share/bot_gazebo/world/warehouse/models/aws_robomaker_warehouse_PalletJackB_01/materials/textures/aws_robomaker_warehouse_PalletJackB_01.png
[1.366s] -- Up-to-date: /home/agv/Desktop/catkin/catkin_ws/install/bot_gazebo/share/bot_gazebo/world/warehouse/models/aws_robomaker_warehouse_PalletJackB_01/materials/textures/aws_robomaker_warehouse_PalletJackB_02.png
[1.366s] -- Up-to-date: /home/agv/Desktop/catkin/catkin_ws/install/bot_gazebo/share/bot_gazebo/world/warehouse/models/aws_robomaker_warehouse_PalletJackB_01/materials/.DS_Store
[1.366s] -- Up-to-date: /home/agv/Desktop/catkin/catkin_ws/install/bot_gazebo/share/bot_gazebo/world/warehouse/models/aws_robomaker_warehouse_PalletJackB_01/model.config
[1.366s] -- Up-to-date: /home/agv/Desktop/catkin/catkin_ws/install/bot_gazebo/share/bot_gazebo/world/warehouse/models/aws_robomaker_warehouse_Lamp_01
[1.366s] -- Up-to-date: /home/agv/Desktop/catkin/catkin_ws/install/bot_gazebo/share/bot_gazebo/world/warehouse/models/aws_robomaker_warehouse_Lamp_01/model.sdf
[1.366s] -- Up-to-date: /home/agv/Desktop/catkin/catkin_ws/install/bot_gazebo/share/bot_gazebo/world/warehouse/models/aws_robomaker_warehouse_Lamp_01/meshes
[1.366s] -- Up-to-date: /home/agv/Desktop/catkin/catkin_ws/install/bot_gazebo/share/bot_gazebo/world/warehouse/models/aws_robomaker_warehouse_Lamp_01/meshes/aws_robomaker_warehouse_Lamp_01_visual.DAE
[1.367s] -- Up-to-date: /home/agv/Desktop/catkin/catkin_ws/install/bot_gazebo/share/bot_gazebo/world/warehouse/models/aws_robomaker_warehouse_Lamp_01/meshes/aws_robomaker_warehouse_Lamp_01_collision.DAE
[1.367s] -- Up-to-date: /home/agv/Desktop/catkin/catkin_ws/install/bot_gazebo/share/bot_gazebo/world/warehouse/models/aws_robomaker_warehouse_Lamp_01/materials
[1.367s] -- Up-to-date: /home/agv/Desktop/catkin/catkin_ws/install/bot_gazebo/share/bot_gazebo/world/warehouse/models/aws_robomaker_warehouse_Lamp_01/materials/textures
[1.367s] -- Up-to-date: /home/agv/Desktop/catkin/catkin_ws/install/bot_gazebo/share/bot_gazebo/world/warehouse/models/aws_robomaker_warehouse_Lamp_01/materials/textures/aws_robomaker_warehouse_Lamp_01.png
[1.367s] -- Up-to-date: /home/agv/Desktop/catkin/catkin_ws/install/bot_gazebo/share/bot_gazebo/world/warehouse/models/aws_robomaker_warehouse_Lamp_01/model.config
[1.367s] -- Up-to-date: /home/agv/Desktop/catkin/catkin_ws/install/bot_gazebo/share/bot_gazebo/world/warehouse/models/.DS_Store
[1.367s] -- Up-to-date: /home/agv/Desktop/catkin/catkin_ws/install/bot_gazebo/share/bot_gazebo/world/warehouse/models/aws_robomaker_warehouse_GroundB_01
[1.367s] -- Up-to-date: /home/agv/Desktop/catkin/catkin_ws/install/bot_gazebo/share/bot_gazebo/world/warehouse/models/aws_robomaker_warehouse_GroundB_01/model.sdf
[1.367s] -- Up-to-date: /home/agv/Desktop/catkin/catkin_ws/install/bot_gazebo/share/bot_gazebo/world/warehouse/models/aws_robomaker_warehouse_GroundB_01/meshes
[1.368s] -- Up-to-date: /home/agv/Desktop/catkin/catkin_ws/install/bot_gazebo/share/bot_gazebo/world/warehouse/models/aws_robomaker_warehouse_GroundB_01/meshes/aws_robomaker_warehouse_GroundB_01_visual.DAE
[1.368s] -- Up-to-date: /home/agv/Desktop/catkin/catkin_ws/install/bot_gazebo/share/bot_gazebo/world/warehouse/models/aws_robomaker_warehouse_GroundB_01/meshes/aws_robomaker_warehouse_GroundB_01_collision.DAE
[1.368s] -- Up-to-date: /home/agv/Desktop/catkin/catkin_ws/install/bot_gazebo/share/bot_gazebo/world/warehouse/models/aws_robomaker_warehouse_GroundB_01/materials
[1.368s] -- Up-to-date: /home/agv/Desktop/catkin/catkin_ws/install/bot_gazebo/share/bot_gazebo/world/warehouse/models/aws_robomaker_warehouse_GroundB_01/materials/textures
[1.372s] -- Up-to-date: /home/agv/Desktop/catkin/catkin_ws/install/bot_gazebo/share/bot_gazebo/world/warehouse/models/aws_robomaker_warehouse_GroundB_01/materials/textures/aws_robomaker_warehouse_GroundB_01.png
[1.373s] -- Up-to-date: /home/agv/Desktop/catkin/catkin_ws/install/bot_gazebo/share/bot_gazebo/world/warehouse/models/aws_robomaker_warehouse_GroundB_01/materials/textures/aws_robomaker_warehouse_GroundB_02.png
[1.373s] -- Up-to-date: /home/agv/Desktop/catkin/catkin_ws/install/bot_gazebo/share/bot_gazebo/world/warehouse/models/aws_robomaker_warehouse_GroundB_01/model.config
[1.373s] -- Up-to-date: /home/agv/Desktop/catkin/catkin_ws/install/bot_gazebo/share/bot_gazebo/world/warehouse/models/aws_robomaker_warehouse_Bucket_01
[1.373s] -- Up-to-date: /home/agv/Desktop/catkin/catkin_ws/install/bot_gazebo/share/bot_gazebo/world/warehouse/models/aws_robomaker_warehouse_Bucket_01/model.sdf
[1.373s] -- Up-to-date: /home/agv/Desktop/catkin/catkin_ws/install/bot_gazebo/share/bot_gazebo/world/warehouse/models/aws_robomaker_warehouse_Bucket_01/.DS_Store
[1.373s] -- Up-to-date: /home/agv/Desktop/catkin/catkin_ws/install/bot_gazebo/share/bot_gazebo/world/warehouse/models/aws_robomaker_warehouse_Bucket_01/meshes
[1.373s] -- Up-to-date: /home/agv/Desktop/catkin/catkin_ws/install/bot_gazebo/share/bot_gazebo/world/warehouse/models/aws_robomaker_warehouse_Bucket_01/meshes/aws_robomaker_warehouse_Bucket_01_visual.DAE
[1.373s] -- Up-to-date: /home/agv/Desktop/catkin/catkin_ws/install/bot_gazebo/share/bot_gazebo/world/warehouse/models/aws_robomaker_warehouse_Bucket_01/meshes/aws_robomaker_warehouse_Bucket_01_collision.DAE
[1.374s] -- Up-to-date: /home/agv/Desktop/catkin/catkin_ws/install/bot_gazebo/share/bot_gazebo/world/warehouse/models/aws_robomaker_warehouse_Bucket_01/materials
[1.374s] -- Up-to-date: /home/agv/Desktop/catkin/catkin_ws/install/bot_gazebo/share/bot_gazebo/world/warehouse/models/aws_robomaker_warehouse_Bucket_01/materials/textures
[1.374s] -- Up-to-date: /home/agv/Desktop/catkin/catkin_ws/install/bot_gazebo/share/bot_gazebo/world/warehouse/models/aws_robomaker_warehouse_Bucket_01/materials/textures/aws_robomaker_warehouse_Bucket_01.png
[1.374s] -- Up-to-date: /home/agv/Desktop/catkin/catkin_ws/install/bot_gazebo/share/bot_gazebo/world/warehouse/models/aws_robomaker_warehouse_Bucket_01/materials/.DS_Store
[1.374s] -- Up-to-date: /home/agv/Desktop/catkin/catkin_ws/install/bot_gazebo/share/bot_gazebo/world/warehouse/models/aws_robomaker_warehouse_Bucket_01/model.config
[1.374s] -- Up-to-date: /home/agv/Desktop/catkin/catkin_ws/install/bot_gazebo/share/bot_gazebo/world/warehouse/models/aws_robomaker_warehouse_ShelfD_01
[1.375s] -- Up-to-date: /home/agv/Desktop/catkin/catkin_ws/install/bot_gazebo/share/bot_gazebo/world/warehouse/models/aws_robomaker_warehouse_ShelfD_01/model.sdf
[1.375s] -- Up-to-date: /home/agv/Desktop/catkin/catkin_ws/install/bot_gazebo/share/bot_gazebo/world/warehouse/models/aws_robomaker_warehouse_ShelfD_01/meshes
[1.389s] -- Up-to-date: /home/agv/Desktop/catkin/catkin_ws/install/bot_gazebo/share/bot_gazebo/world/warehouse/models/aws_robomaker_warehouse_ShelfD_01/meshes/aws_robomaker_warehouse_ShelfD_01_collision.DAE
[1.389s] -- Up-to-date: /home/agv/Desktop/catkin/catkin_ws/install/bot_gazebo/share/bot_gazebo/world/warehouse/models/aws_robomaker_warehouse_ShelfD_01/meshes/aws_robomaker_warehouse_ShelfD_01_visual.DAE
[1.389s] -- Up-to-date: /home/agv/Desktop/catkin/catkin_ws/install/bot_gazebo/share/bot_gazebo/world/warehouse/models/aws_robomaker_warehouse_ShelfD_01/materials
[1.390s] -- Up-to-date: /home/agv/Desktop/catkin/catkin_ws/install/bot_gazebo/share/bot_gazebo/world/warehouse/models/aws_robomaker_warehouse_ShelfD_01/materials/textures
[1.390s] -- Up-to-date: /home/agv/Desktop/catkin/catkin_ws/install/bot_gazebo/share/bot_gazebo/world/warehouse/models/aws_robomaker_warehouse_ShelfD_01/materials/textures/aws_robomaker_warehouse_ShelfD_01.png
[1.390s] -- Up-to-date: /home/agv/Desktop/catkin/catkin_ws/install/bot_gazebo/share/bot_gazebo/world/warehouse/models/aws_robomaker_warehouse_ShelfD_01/materials/textures/aws_robomaker_warehouse_ShelfD_02.png
[1.390s] -- Up-to-date: /home/agv/Desktop/catkin/catkin_ws/install/bot_gazebo/share/bot_gazebo/world/warehouse/models/aws_robomaker_warehouse_ShelfD_01/materials/textures/aws_robomaker_warehouse_ShelfD_04.png
[1.390s] -- Up-to-date: /home/agv/Desktop/catkin/catkin_ws/install/bot_gazebo/share/bot_gazebo/world/warehouse/models/aws_robomaker_warehouse_ShelfD_01/materials/textures/aws_robomaker_warehouse_ShelfD_03.png
[1.391s] -- Up-to-date: /home/agv/Desktop/catkin/catkin_ws/install/bot_gazebo/share/bot_gazebo/world/warehouse/models/aws_robomaker_warehouse_ShelfD_01/model.config
[1.391s] -- Up-to-date: /home/agv/Desktop/catkin/catkin_ws/install/bot_gazebo/share/bot_gazebo/world/warehouse/models/aws_robomaker_warehouse_ClutteringA_01
[1.391s] -- Up-to-date: /home/agv/Desktop/catkin/catkin_ws/install/bot_gazebo/share/bot_gazebo/world/warehouse/models/aws_robomaker_warehouse_ClutteringA_01/model.sdf
[1.391s] -- Up-to-date: /home/agv/Desktop/catkin/catkin_ws/install/bot_gazebo/share/bot_gazebo/world/warehouse/models/aws_robomaker_warehouse_ClutteringA_01/.DS_Store
[1.391s] -- Up-to-date: /home/agv/Desktop/catkin/catkin_ws/install/bot_gazebo/share/bot_gazebo/world/warehouse/models/aws_robomaker_warehouse_ClutteringA_01/meshes
[1.392s] -- Up-to-date: /home/agv/Desktop/catkin/catkin_ws/install/bot_gazebo/share/bot_gazebo/world/warehouse/models/aws_robomaker_warehouse_ClutteringA_01/meshes/aws_robomaker_warehouse_ClutteringA_01_visual.DAE
[1.395s] -- Up-to-date: /home/agv/Desktop/catkin/catkin_ws/install/bot_gazebo/share/bot_gazebo/world/warehouse/models/aws_robomaker_warehouse_ClutteringA_01/meshes/aws_robomaker_warehouse_ClutteringA_01_collision.DAE
[1.396s] -- Up-to-date: /home/agv/Desktop/catkin/catkin_ws/install/bot_gazebo/share/bot_gazebo/world/warehouse/models/aws_robomaker_warehouse_ClutteringA_01/materials
[1.396s] -- Up-to-date: /home/agv/Desktop/catkin/catkin_ws/install/bot_gazebo/share/bot_gazebo/world/warehouse/models/aws_robomaker_warehouse_ClutteringA_01/materials/textures
[1.399s] -- Up-to-date: /home/agv/Desktop/catkin/catkin_ws/install/bot_gazebo/share/bot_gazebo/world/warehouse/models/aws_robomaker_warehouse_ClutteringA_01/materials/textures/.DS_Store
[1.400s] -- Up-to-date: /home/agv/Desktop/catkin/catkin_ws/install/bot_gazebo/share/bot_gazebo/world/warehouse/models/aws_robomaker_warehouse_ClutteringA_01/materials/textures/aws_robomaker_warehouse_ClutteringA_02.png
[1.400s] -- Up-to-date: /home/agv/Desktop/catkin/catkin_ws/install/bot_gazebo/share/bot_gazebo/world/warehouse/models/aws_robomaker_warehouse_ClutteringA_01/materials/textures/aws_robomaker_warehouse_ClutteringA_03.png
[1.400s] -- Up-to-date: /home/agv/Desktop/catkin/catkin_ws/install/bot_gazebo/share/bot_gazebo/world/warehouse/models/aws_robomaker_warehouse_ClutteringA_01/materials/textures/aws_robomaker_warehouse_ClutteringA_01.png
[1.400s] -- Up-to-date: /home/agv/Desktop/catkin/catkin_ws/install/bot_gazebo/share/bot_gazebo/world/warehouse/models/aws_robomaker_warehouse_ClutteringA_01/materials/.DS_Store
[1.400s] -- Up-to-date: /home/agv/Desktop/catkin/catkin_ws/install/bot_gazebo/share/bot_gazebo/world/warehouse/models/aws_robomaker_warehouse_ClutteringA_01/model.config
[1.400s] -- Up-to-date: /home/agv/Desktop/catkin/catkin_ws/install/bot_gazebo/share/bot_gazebo/world/warehouse/models/aws_robomaker_warehouse_ClutteringD_01
[1.401s] -- Up-to-date: /home/agv/Desktop/catkin/catkin_ws/install/bot_gazebo/share/bot_gazebo/world/warehouse/models/aws_robomaker_warehouse_ClutteringD_01/model.sdf
[1.401s] -- Up-to-date: /home/agv/Desktop/catkin/catkin_ws/install/bot_gazebo/share/bot_gazebo/world/warehouse/models/aws_robomaker_warehouse_ClutteringD_01/meshes
[1.401s] -- Up-to-date: /home/agv/Desktop/catkin/catkin_ws/install/bot_gazebo/share/bot_gazebo/world/warehouse/models/aws_robomaker_warehouse_ClutteringD_01/meshes/aws_robomaker_warehouse_ClutteringD_01_collision.DAE
[1.401s] -- Up-to-date: /home/agv/Desktop/catkin/catkin_ws/install/bot_gazebo/share/bot_gazebo/world/warehouse/models/aws_robomaker_warehouse_ClutteringD_01/meshes/aws_robomaker_warehouse_ClutteringD_01_visual.DAE
[1.401s] -- Up-to-date: /home/agv/Desktop/catkin/catkin_ws/install/bot_gazebo/share/bot_gazebo/world/warehouse/models/aws_robomaker_warehouse_ClutteringD_01/materials
[1.401s] -- Up-to-date: /home/agv/Desktop/catkin/catkin_ws/install/bot_gazebo/share/bot_gazebo/world/warehouse/models/aws_robomaker_warehouse_ClutteringD_01/materials/textures
[1.401s] -- Up-to-date: /home/agv/Desktop/catkin/catkin_ws/install/bot_gazebo/share/bot_gazebo/world/warehouse/models/aws_robomaker_warehouse_ClutteringD_01/materials/textures/aws_robomaker_warehouse_ClutteringD_02.png
[1.401s] -- Up-to-date: /home/agv/Desktop/catkin/catkin_ws/install/bot_gazebo/share/bot_gazebo/world/warehouse/models/aws_robomaker_warehouse_ClutteringD_01/materials/textures/aws_robomaker_warehouse_ClutteringD_01.png
[1.401s] -- Up-to-date: /home/agv/Desktop/catkin/catkin_ws/install/bot_gazebo/share/bot_gazebo/world/warehouse/models/aws_robomaker_warehouse_ClutteringD_01/model.config
[1.402s] -- Up-to-date: /home/agv/Desktop/catkin/catkin_ws/install/bot_gazebo/share/bot_gazebo/world/warehouse/models/aws_robomaker_warehouse_TrashCanC_01
[1.402s] -- Up-to-date: /home/agv/Desktop/catkin/catkin_ws/install/bot_gazebo/share/bot_gazebo/world/warehouse/models/aws_robomaker_warehouse_TrashCanC_01/model.sdf
[1.402s] -- Up-to-date: /home/agv/Desktop/catkin/catkin_ws/install/bot_gazebo/share/bot_gazebo/world/warehouse/models/aws_robomaker_warehouse_TrashCanC_01/meshes
[1.402s] -- Up-to-date: /home/agv/Desktop/catkin/catkin_ws/install/bot_gazebo/share/bot_gazebo/world/warehouse/models/aws_robomaker_warehouse_TrashCanC_01/meshes/aws_robomaker_warehouse_TrashCanC_01_collision.DAE
[1.402s] -- Up-to-date: /home/agv/Desktop/catkin/catkin_ws/install/bot_gazebo/share/bot_gazebo/world/warehouse/models/aws_robomaker_warehouse_TrashCanC_01/meshes/aws_robomaker_warehouse_TrashCanC_01_visual.DAE
[1.403s] -- Up-to-date: /home/agv/Desktop/catkin/catkin_ws/install/bot_gazebo/share/bot_gazebo/world/warehouse/models/aws_robomaker_warehouse_TrashCanC_01/materials
[1.403s] -- Up-to-date: /home/agv/Desktop/catkin/catkin_ws/install/bot_gazebo/share/bot_gazebo/world/warehouse/models/aws_robomaker_warehouse_TrashCanC_01/materials/textures
[1.403s] -- Up-to-date: /home/agv/Desktop/catkin/catkin_ws/install/bot_gazebo/share/bot_gazebo/world/warehouse/models/aws_robomaker_warehouse_TrashCanC_01/materials/textures/aws_robomaker_warehouse_TrashCanC_01.png
[1.403s] -- Up-to-date: /home/agv/Desktop/catkin/catkin_ws/install/bot_gazebo/share/bot_gazebo/world/warehouse/models/aws_robomaker_warehouse_TrashCanC_01/model.config
[1.404s] -- Up-to-date: /home/agv/Desktop/catkin/catkin_ws/install/bot_gazebo/share/bot_gazebo/world/warehouse/models/aws_robomaker_warehouse_DeskC_01
[1.404s] -- Up-to-date: /home/agv/Desktop/catkin/catkin_ws/install/bot_gazebo/share/bot_gazebo/world/warehouse/models/aws_robomaker_warehouse_DeskC_01/model.sdf
[1.404s] -- Up-to-date: /home/agv/Desktop/catkin/catkin_ws/install/bot_gazebo/share/bot_gazebo/world/warehouse/models/aws_robomaker_warehouse_DeskC_01/meshes
[1.404s] -- Up-to-date: /home/agv/Desktop/catkin/catkin_ws/install/bot_gazebo/share/bot_gazebo/world/warehouse/models/aws_robomaker_warehouse_DeskC_01/meshes/aws_robomaker_warehouse_DeskC_01_visual.DAE
[1.404s] -- Up-to-date: /home/agv/Desktop/catkin/catkin_ws/install/bot_gazebo/share/bot_gazebo/world/warehouse/models/aws_robomaker_warehouse_DeskC_01/meshes/aws_robomaker_warehouse_DeskC_01_collision.DAE
[1.404s] -- Up-to-date: /home/agv/Desktop/catkin/catkin_ws/install/bot_gazebo/share/bot_gazebo/world/warehouse/models/aws_robomaker_warehouse_DeskC_01/materials
[1.405s] -- Up-to-date: /home/agv/Desktop/catkin/catkin_ws/install/bot_gazebo/share/bot_gazebo/world/warehouse/models/aws_robomaker_warehouse_DeskC_01/materials/textures
[1.409s] -- Up-to-date: /home/agv/Desktop/catkin/catkin_ws/install/bot_gazebo/share/bot_gazebo/world/warehouse/models/aws_robomaker_warehouse_DeskC_01/materials/textures/aws_robomaker_warehouse_DeskC_03.png
[1.410s] -- Up-to-date: /home/agv/Desktop/catkin/catkin_ws/install/bot_gazebo/share/bot_gazebo/world/warehouse/models/aws_robomaker_warehouse_DeskC_01/materials/textures/aws_robomaker_warehouse_DeskC_03.psd
[1.410s] -- Up-to-date: /home/agv/Desktop/catkin/catkin_ws/install/bot_gazebo/share/bot_gazebo/world/warehouse/models/aws_robomaker_warehouse_DeskC_01/materials/textures/aws_robomaker_warehouse_DeskC_02.png
[1.410s] -- Up-to-date: /home/agv/Desktop/catkin/catkin_ws/install/bot_gazebo/share/bot_gazebo/world/warehouse/models/aws_robomaker_warehouse_DeskC_01/materials/textures/aws_robomaker_warehouse_DeskC_04.png
[1.410s] -- Up-to-date: /home/agv/Desktop/catkin/catkin_ws/install/bot_gazebo/share/bot_gazebo/world/warehouse/models/aws_robomaker_warehouse_DeskC_01/materials/textures/aws_robomaker_warehouse_DeskC_01.png
[1.410s] -- Up-to-date: /home/agv/Desktop/catkin/catkin_ws/install/bot_gazebo/share/bot_gazebo/world/warehouse/models/aws_robomaker_warehouse_DeskC_01/materials/.DS_Store
[1.410s] -- Up-to-date: /home/agv/Desktop/catkin/catkin_ws/install/bot_gazebo/share/bot_gazebo/world/warehouse/models/aws_robomaker_warehouse_DeskC_01/model.config
[1.410s] -- Up-to-date: /home/agv/Desktop/catkin/catkin_ws/install/bot_gazebo/share/bot_gazebo/world/warehouse/models/apriltag_1
[1.411s] -- Up-to-date: /home/agv/Desktop/catkin/catkin_ws/install/bot_gazebo/share/bot_gazebo/world/warehouse/models/apriltag_1/meshes
[1.411s] -- Up-to-date: /home/agv/Desktop/catkin/catkin_ws/install/bot_gazebo/share/bot_gazebo/world/warehouse/models/apriltag_1/meshes/apriltag_1.dae
[1.411s] -- Up-to-date: /home/agv/Desktop/catkin/catkin_ws/install/bot_gazebo/share/bot_gazebo/world/warehouse/models/apriltag_1/model.config
[1.411s] -- Up-to-date: /home/agv/Desktop/catkin/catkin_ws/install/bot_gazebo/share/bot_gazebo/world/warehouse/models/apriltag_1/apriltag_1.sdf
[1.412s] -- Up-to-date: /home/agv/Desktop/catkin/catkin_ws/install/bot_gazebo/share/bot_gazebo/world/warehouse/models/aws_robomaker_warehouse_RoofB_01
[1.412s] -- Up-to-date: /home/agv/Desktop/catkin/catkin_ws/install/bot_gazebo/share/bot_gazebo/world/warehouse/models/aws_robomaker_warehouse_RoofB_01/model.sdf
[1.412s] -- Up-to-date: /home/agv/Desktop/catkin/catkin_ws/install/bot_gazebo/share/bot_gazebo/world/warehouse/models/aws_robomaker_warehouse_RoofB_01/meshes
[1.412s] -- Up-to-date: /home/agv/Desktop/catkin/catkin_ws/install/bot_gazebo/share/bot_gazebo/world/warehouse/models/aws_robomaker_warehouse_RoofB_01/meshes/aws_robomaker_warehouse_RoofB_01_collision.DAE
[1.412s] -- Up-to-date: /home/agv/Desktop/catkin/catkin_ws/install/bot_gazebo/share/bot_gazebo/world/warehouse/models/aws_robomaker_warehouse_RoofB_01/meshes/aws_robomaker_warehouse_RoofB_01_visual.DAE
[1.412s] -- Up-to-date: /home/agv/Desktop/catkin/catkin_ws/install/bot_gazebo/share/bot_gazebo/world/warehouse/models/aws_robomaker_warehouse_RoofB_01/materials
[1.412s] -- Up-to-date: /home/agv/Desktop/catkin/catkin_ws/install/bot_gazebo/share/bot_gazebo/world/warehouse/models/aws_robomaker_warehouse_RoofB_01/materials/textures
[1.412s] -- Up-to-date: /home/agv/Desktop/catkin/catkin_ws/install/bot_gazebo/share/bot_gazebo/world/warehouse/models/aws_robomaker_warehouse_RoofB_01/materials/textures/aws_robomaker_warehouse_RoofB_01.png
[1.412s] -- Up-to-date: /home/agv/Desktop/catkin/catkin_ws/install/bot_gazebo/share/bot_gazebo/world/warehouse/models/aws_robomaker_warehouse_RoofB_01/model.config
[1.412s] -- Up-to-date: /home/agv/Desktop/catkin/catkin_ws/install/bot_gazebo/share/bot_gazebo/world/test_april
[1.413s] -- Up-to-date: /home/agv/Desktop/catkin/catkin_ws/install/bot_gazebo/share/bot_gazebo/world/test_april/test2.world
[1.413s] -- Up-to-date: /home/agv/Desktop/catkin/catkin_ws/install/bot_gazebo/share/bot_gazebo/world/test_april/test.world
[1.413s] -- Up-to-date: /home/agv/Desktop/catkin/catkin_ws/install/bot_gazebo/share/bot_gazebo/world/test_april/models
[1.413s] -- Up-to-date: /home/agv/Desktop/catkin/catkin_ws/install/bot_gazebo/share/bot_gazebo/world/test_april/models/apriltag_0
[1.413s] -- Up-to-date: /home/agv/Desktop/catkin/catkin_ws/install/bot_gazebo/share/bot_gazebo/world/test_april/models/apriltag_0/apriltag_0.sdf
[1.413s] -- Up-to-date: /home/agv/Desktop/catkin/catkin_ws/install/bot_gazebo/share/bot_gazebo/world/test_april/models/apriltag_0/meshes
[1.418s] -- Up-to-date: /home/agv/Desktop/catkin/catkin_ws/install/bot_gazebo/share/bot_gazebo/world/test_april/models/apriltag_0/meshes/apriltag_0.dae
[1.418s] -- Up-to-date: /home/agv/Desktop/catkin/catkin_ws/install/bot_gazebo/share/bot_gazebo/world/test_april/models/apriltag_0/model.config
[1.418s] -- Up-to-date: /home/agv/Desktop/catkin/catkin_ws/install/bot_gazebo/share/bot_gazebo/world/test_april/models/apriltag_1
[1.418s] -- Up-to-date: /home/agv/Desktop/catkin/catkin_ws/install/bot_gazebo/share/bot_gazebo/world/test_april/models/apriltag_1/meshes
[1.419s] -- Up-to-date: /home/agv/Desktop/catkin/catkin_ws/install/bot_gazebo/share/bot_gazebo/world/test_april/models/apriltag_1/meshes/apriltag_1.dae
[1.419s] -- Up-to-date: /home/agv/Desktop/catkin/catkin_ws/install/bot_gazebo/share/bot_gazebo/world/test_april/models/apriltag_1/model.config
[1.419s] -- Up-to-date: /home/agv/Desktop/catkin/catkin_ws/install/bot_gazebo/share/bot_gazebo/world/test_april/models/apriltag_1/apriltag_1.sdf
[1.419s] -- Up-to-date: /home/agv/Desktop/catkin/catkin_ws/install/bot_gazebo/share/ament_index/resource_index/package_run_dependencies/bot_gazebo
[1.419s] -- Up-to-date: /home/agv/Desktop/catkin/catkin_ws/install/bot_gazebo/share/ament_index/resource_index/parent_prefix_path/bot_gazebo
[1.419s] -- Up-to-date: /home/agv/Desktop/catkin/catkin_ws/install/bot_gazebo/share/bot_gazebo/environment/ament_prefix_path.sh
[1.420s] -- Up-to-date: /home/agv/Desktop/catkin/catkin_ws/install/bot_gazebo/share/bot_gazebo/environment/ament_prefix_path.dsv
[1.420s] -- Up-to-date: /home/agv/Desktop/catkin/catkin_ws/install/bot_gazebo/share/bot_gazebo/environment/path.sh
[1.420s] -- Up-to-date: /home/agv/Desktop/catkin/catkin_ws/install/bot_gazebo/share/bot_gazebo/environment/path.dsv
[1.420s] -- Up-to-date: /home/agv/Desktop/catkin/catkin_ws/install/bot_gazebo/share/bot_gazebo/local_setup.bash
[1.420s] -- Up-to-date: /home/agv/Desktop/catkin/catkin_ws/install/bot_gazebo/share/bot_gazebo/local_setup.sh
[1.420s] -- Up-to-date: /home/agv/Desktop/catkin/catkin_ws/install/bot_gazebo/share/bot_gazebo/local_setup.zsh
[1.420s] -- Up-to-date: /home/agv/Desktop/catkin/catkin_ws/install/bot_gazebo/share/bot_gazebo/local_setup.dsv
[1.420s] -- Installing: /home/agv/Desktop/catkin/catkin_ws/install/bot_gazebo/share/bot_gazebo/package.dsv
[1.420s] -- Up-to-date: /home/agv/Desktop/catkin/catkin_ws/install/bot_gazebo/share/ament_index/resource_index/packages/bot_gazebo
[1.420s] -- Up-to-date: /home/agv/Desktop/catkin/catkin_ws/install/bot_gazebo/share/bot_gazebo/cmake/bot_gazeboConfig.cmake
[1.420s] -- Up-to-date: /home/agv/Desktop/catkin/catkin_ws/install/bot_gazebo/share/bot_gazebo/cmake/bot_gazeboConfig-version.cmake
[1.420s] -- Up-to-date: /home/agv/Desktop/catkin/catkin_ws/install/bot_gazebo/share/bot_gazebo/package.xml
[1.424s] Invoked command in '/home/agv/Desktop/catkin/catkin_ws/build/bot_gazebo' returned '0': CMAKE_PREFIX_PATH=${CMAKE_PREFIX_PATH}:/home/agv/Desktop/catkin/catkin_ws/install/bot_navigation:/home/agv/Desktop/catkin/catkin_ws/install/bot_localization:/home/agv/Desktop/catkin/catkin_ws/install/bot_apriltag:/opt/ros/humble /usr/bin/cmake --install /home/agv/Desktop/catkin/catkin_ws/build/bot_gazebo
