[0.138s] DEBUG:colcon:Command line arguments: ['/usr/bin/colcon', 'build']
[0.138s] DEBUG:colcon:Parsed command line arguments: Namespace(log_base=None, log_level=None, verb_name='build', build_base='build', install_base='install', merge_install=False, symlink_install=False, test_result_base=None, continue_on_error=False, executor='parallel', parallel_workers=8, event_handlers=None, ignore_user_meta=False, metas=['./colcon.meta'], base_paths=['.'], packages_ignore=None, packages_ignore_regex=None, paths=None, packages_up_to=None, packages_up_to_regex=None, packages_above=None, packages_above_and_dependencies=None, packages_above_depth=None, packages_select_by_dep=None, packages_skip_by_dep=None, packages_skip_up_to=None, packages_select_build_failed=False, packages_skip_build_finished=False, packages_select_test_failures=False, packages_skip_test_passed=False, packages_select=None, packages_skip=None, packages_select_regex=None, packages_skip_regex=None, packages_start=None, packages_end=None, allow_overriding=[], cmake_args=None, cmake_target=None, cmake_target_skip_unavailable=False, cmake_clean_cache=False, cmake_clean_first=False, cmake_force_configure=False, ament_cmake_args=None, catkin_cmake_args=None, catkin_skip_building_tests=False, verb_parser=<colcon_defaults.argument_parser.defaults.DefaultArgumentsDecorator object at 0x7b166533c490>, verb_extension=<colcon_core.verb.build.BuildVerb object at 0x7b166530fd60>, main=<bound method BuildVerb.main of <colcon_core.verb.build.BuildVerb object at 0x7b166530fd60>>)
[0.394s] Level 1:colcon.colcon_core.package_discovery:discover_packages(colcon_meta) check parameters
[0.394s] Level 1:colcon.colcon_core.package_discovery:discover_packages(recursive) check parameters
[0.394s] Level 1:colcon.colcon_core.package_discovery:discover_packages(ignore) check parameters
[0.394s] Level 1:colcon.colcon_core.package_discovery:discover_packages(path) check parameters
[0.394s] Level 1:colcon.colcon_core.package_discovery:discover_packages(colcon_meta) discover
[0.395s] Level 1:colcon.colcon_core.package_discovery:discover_packages(recursive) discover
[0.395s] INFO:colcon.colcon_core.package_discovery:Crawling recursively for packages in '/home/agv/Desktop/catkin/catkin_ws'
[0.395s] Level 1:colcon.colcon_core.package_identification:_identify(.) by extensions ['ignore', 'ignore_ament_install']
[0.395s] Level 1:colcon.colcon_core.package_identification:_identify(.) by extension 'ignore'
[0.395s] Level 1:colcon.colcon_core.package_identification:_identify(.) by extension 'ignore_ament_install'
[0.395s] Level 1:colcon.colcon_core.package_identification:_identify(.) by extensions ['colcon_pkg']
[0.395s] Level 1:colcon.colcon_core.package_identification:_identify(.) by extension 'colcon_pkg'
[0.395s] Level 1:colcon.colcon_core.package_identification:_identify(.) by extensions ['colcon_meta']
[0.395s] Level 1:colcon.colcon_core.package_identification:_identify(.) by extension 'colcon_meta'
[0.396s] Level 1:colcon.colcon_core.package_identification:_identify(.) by extensions ['ros']
[0.396s] Level 1:colcon.colcon_core.package_identification:_identify(.) by extension 'ros'
[0.420s] Level 1:colcon.colcon_core.package_identification:_identify(.) by extensions ['cmake', 'python']
[0.420s] Level 1:colcon.colcon_core.package_identification:_identify(.) by extension 'cmake'
[0.420s] Level 1:colcon.colcon_core.package_identification:_identify(.) by extension 'python'
[0.420s] Level 1:colcon.colcon_core.package_identification:_identify(.) by extensions ['python_setup_py']
[0.420s] Level 1:colcon.colcon_core.package_identification:_identify(.) by extension 'python_setup_py'
[0.420s] Level 1:colcon.colcon_core.package_identification:_identify(build) by extensions ['ignore', 'ignore_ament_install']
[0.421s] Level 1:colcon.colcon_core.package_identification:_identify(build) by extension 'ignore'
[0.421s] Level 1:colcon.colcon_core.package_identification:_identify(build) ignored
[0.421s] Level 1:colcon.colcon_core.package_identification:_identify(install) by extensions ['ignore', 'ignore_ament_install']
[0.421s] Level 1:colcon.colcon_core.package_identification:_identify(install) by extension 'ignore'
[0.421s] Level 1:colcon.colcon_core.package_identification:_identify(install) ignored
[0.421s] Level 1:colcon.colcon_core.package_identification:_identify(log) by extensions ['ignore', 'ignore_ament_install']
[0.421s] Level 1:colcon.colcon_core.package_identification:_identify(log) by extension 'ignore'
[0.422s] Level 1:colcon.colcon_core.package_identification:_identify(log) ignored
[0.422s] Level 1:colcon.colcon_core.package_identification:_identify(src) by extensions ['ignore', 'ignore_ament_install']
[0.422s] Level 1:colcon.colcon_core.package_identification:_identify(src) by extension 'ignore'
[0.422s] Level 1:colcon.colcon_core.package_identification:_identify(src) by extension 'ignore_ament_install'
[0.422s] Level 1:colcon.colcon_core.package_identification:_identify(src) by extensions ['colcon_pkg']
[0.422s] Level 1:colcon.colcon_core.package_identification:_identify(src) by extension 'colcon_pkg'
[0.422s] Level 1:colcon.colcon_core.package_identification:_identify(src) by extensions ['colcon_meta']
[0.422s] Level 1:colcon.colcon_core.package_identification:_identify(src) by extension 'colcon_meta'
[0.422s] Level 1:colcon.colcon_core.package_identification:_identify(src) by extensions ['ros']
[0.422s] Level 1:colcon.colcon_core.package_identification:_identify(src) by extension 'ros'
[0.422s] Level 1:colcon.colcon_core.package_identification:_identify(src) by extensions ['cmake', 'python']
[0.422s] Level 1:colcon.colcon_core.package_identification:_identify(src) by extension 'cmake'
[0.422s] Level 1:colcon.colcon_core.package_identification:_identify(src) by extension 'python'
[0.423s] Level 1:colcon.colcon_core.package_identification:_identify(src) by extensions ['python_setup_py']
[0.423s] Level 1:colcon.colcon_core.package_identification:_identify(src) by extension 'python_setup_py'
[0.423s] Level 1:colcon.colcon_core.package_identification:_identify(src/bot_apriltag) by extensions ['ignore', 'ignore_ament_install']
[0.423s] Level 1:colcon.colcon_core.package_identification:_identify(src/bot_apriltag) by extension 'ignore'
[0.423s] Level 1:colcon.colcon_core.package_identification:_identify(src/bot_apriltag) by extension 'ignore_ament_install'
[0.423s] Level 1:colcon.colcon_core.package_identification:_identify(src/bot_apriltag) by extensions ['colcon_pkg']
[0.423s] Level 1:colcon.colcon_core.package_identification:_identify(src/bot_apriltag) by extension 'colcon_pkg'
[0.423s] Level 1:colcon.colcon_core.package_identification:_identify(src/bot_apriltag) by extensions ['colcon_meta']
[0.423s] Level 1:colcon.colcon_core.package_identification:_identify(src/bot_apriltag) by extension 'colcon_meta'
[0.423s] Level 1:colcon.colcon_core.package_identification:_identify(src/bot_apriltag) by extensions ['ros']
[0.423s] Level 1:colcon.colcon_core.package_identification:_identify(src/bot_apriltag) by extension 'ros'
[0.426s] DEBUG:colcon.colcon_core.package_identification:Package 'src/bot_apriltag' with type 'ros.ament_python' and name 'bot_apriltag'
[0.427s] Level 1:colcon.colcon_core.package_identification:_identify(src/bot_description) by extensions ['ignore', 'ignore_ament_install']
[0.427s] Level 1:colcon.colcon_core.package_identification:_identify(src/bot_description) by extension 'ignore'
[0.427s] Level 1:colcon.colcon_core.package_identification:_identify(src/bot_description) by extension 'ignore_ament_install'
[0.427s] Level 1:colcon.colcon_core.package_identification:_identify(src/bot_description) by extensions ['colcon_pkg']
[0.427s] Level 1:colcon.colcon_core.package_identification:_identify(src/bot_description) by extension 'colcon_pkg'
[0.427s] Level 1:colcon.colcon_core.package_identification:_identify(src/bot_description) by extensions ['colcon_meta']
[0.427s] Level 1:colcon.colcon_core.package_identification:_identify(src/bot_description) by extension 'colcon_meta'
[0.427s] Level 1:colcon.colcon_core.package_identification:_identify(src/bot_description) by extensions ['ros']
[0.428s] Level 1:colcon.colcon_core.package_identification:_identify(src/bot_description) by extension 'ros'
[0.428s] DEBUG:colcon.colcon_core.package_identification:Package 'src/bot_description' with type 'ros.ament_cmake' and name 'bot_description'
[0.428s] Level 1:colcon.colcon_core.package_identification:_identify(src/bot_gazebo) by extensions ['ignore', 'ignore_ament_install']
[0.429s] Level 1:colcon.colcon_core.package_identification:_identify(src/bot_gazebo) by extension 'ignore'
[0.429s] Level 1:colcon.colcon_core.package_identification:_identify(src/bot_gazebo) by extension 'ignore_ament_install'
[0.429s] Level 1:colcon.colcon_core.package_identification:_identify(src/bot_gazebo) by extensions ['colcon_pkg']
[0.429s] Level 1:colcon.colcon_core.package_identification:_identify(src/bot_gazebo) by extension 'colcon_pkg'
[0.429s] Level 1:colcon.colcon_core.package_identification:_identify(src/bot_gazebo) by extensions ['colcon_meta']
[0.429s] Level 1:colcon.colcon_core.package_identification:_identify(src/bot_gazebo) by extension 'colcon_meta'
[0.429s] Level 1:colcon.colcon_core.package_identification:_identify(src/bot_gazebo) by extensions ['ros']
[0.429s] Level 1:colcon.colcon_core.package_identification:_identify(src/bot_gazebo) by extension 'ros'
[0.430s] DEBUG:colcon.colcon_core.package_identification:Package 'src/bot_gazebo' with type 'ros.ament_cmake' and name 'bot_gazebo'
[0.430s] Level 1:colcon.colcon_core.package_identification:_identify(src/bot_localization) by extensions ['ignore', 'ignore_ament_install']
[0.430s] Level 1:colcon.colcon_core.package_identification:_identify(src/bot_localization) by extension 'ignore'
[0.431s] Level 1:colcon.colcon_core.package_identification:_identify(src/bot_localization) by extension 'ignore_ament_install'
[0.431s] Level 1:colcon.colcon_core.package_identification:_identify(src/bot_localization) by extensions ['colcon_pkg']
[0.431s] Level 1:colcon.colcon_core.package_identification:_identify(src/bot_localization) by extension 'colcon_pkg'
[0.431s] Level 1:colcon.colcon_core.package_identification:_identify(src/bot_localization) by extensions ['colcon_meta']
[0.431s] Level 1:colcon.colcon_core.package_identification:_identify(src/bot_localization) by extension 'colcon_meta'
[0.431s] Level 1:colcon.colcon_core.package_identification:_identify(src/bot_localization) by extensions ['ros']
[0.431s] Level 1:colcon.colcon_core.package_identification:_identify(src/bot_localization) by extension 'ros'
[0.432s] DEBUG:colcon.colcon_core.package_identification:Package 'src/bot_localization' with type 'ros.ament_python' and name 'bot_localization'
[0.432s] Level 1:colcon.colcon_core.package_identification:_identify(src/bot_navigation) by extensions ['ignore', 'ignore_ament_install']
[0.432s] Level 1:colcon.colcon_core.package_identification:_identify(src/bot_navigation) by extension 'ignore'
[0.432s] Level 1:colcon.colcon_core.package_identification:_identify(src/bot_navigation) by extension 'ignore_ament_install'
[0.432s] Level 1:colcon.colcon_core.package_identification:_identify(src/bot_navigation) by extensions ['colcon_pkg']
[0.432s] Level 1:colcon.colcon_core.package_identification:_identify(src/bot_navigation) by extension 'colcon_pkg'
[0.433s] Level 1:colcon.colcon_core.package_identification:_identify(src/bot_navigation) by extensions ['colcon_meta']
[0.433s] Level 1:colcon.colcon_core.package_identification:_identify(src/bot_navigation) by extension 'colcon_meta'
[0.433s] Level 1:colcon.colcon_core.package_identification:_identify(src/bot_navigation) by extensions ['ros']
[0.433s] Level 1:colcon.colcon_core.package_identification:_identify(src/bot_navigation) by extension 'ros'
[0.434s] DEBUG:colcon.colcon_core.package_identification:Package 'src/bot_navigation' with type 'ros.ament_python' and name 'bot_navigation'
[0.434s] Level 1:colcon.colcon_core.package_discovery:discover_packages(recursive) using defaults
[0.434s] Level 1:colcon.colcon_core.package_discovery:discover_packages(ignore) discover
[0.434s] Level 1:colcon.colcon_core.package_discovery:discover_packages(ignore) using defaults
[0.434s] Level 1:colcon.colcon_core.package_discovery:discover_packages(path) discover
[0.434s] Level 1:colcon.colcon_core.package_discovery:discover_packages(path) using defaults
[0.458s] Level 1:colcon.colcon_core.package_discovery:discover_packages(prefix_path) check parameters
[0.459s] Level 1:colcon.colcon_core.package_discovery:discover_packages(prefix_path) discover
[0.462s] DEBUG:colcon.colcon_installed_package_information.package_discovery:Found 379 installed packages in /opt/ros/humble
[0.464s] Level 1:colcon.colcon_core.package_discovery:discover_packages(prefix_path) using defaults
[0.525s] Level 5:colcon.colcon_core.verb:set package 'bot_apriltag' build argument 'cmake_args' from command line to 'None'
[0.525s] Level 5:colcon.colcon_core.verb:set package 'bot_apriltag' build argument 'cmake_target' from command line to 'None'
[0.525s] Level 5:colcon.colcon_core.verb:set package 'bot_apriltag' build argument 'cmake_target_skip_unavailable' from command line to 'False'
[0.525s] Level 5:colcon.colcon_core.verb:set package 'bot_apriltag' build argument 'cmake_clean_cache' from command line to 'False'
[0.525s] Level 5:colcon.colcon_core.verb:set package 'bot_apriltag' build argument 'cmake_clean_first' from command line to 'False'
[0.525s] Level 5:colcon.colcon_core.verb:set package 'bot_apriltag' build argument 'cmake_force_configure' from command line to 'False'
[0.525s] Level 5:colcon.colcon_core.verb:set package 'bot_apriltag' build argument 'ament_cmake_args' from command line to 'None'
[0.525s] Level 5:colcon.colcon_core.verb:set package 'bot_apriltag' build argument 'catkin_cmake_args' from command line to 'None'
[0.525s] Level 5:colcon.colcon_core.verb:set package 'bot_apriltag' build argument 'catkin_skip_building_tests' from command line to 'False'
[0.525s] DEBUG:colcon.colcon_core.verb:Building package 'bot_apriltag' with the following arguments: {'ament_cmake_args': None, 'build_base': '/home/agv/Desktop/catkin/catkin_ws/build/bot_apriltag', 'catkin_cmake_args': None, 'catkin_skip_building_tests': False, 'cmake_args': None, 'cmake_clean_cache': False, 'cmake_clean_first': False, 'cmake_force_configure': False, 'cmake_target': None, 'cmake_target_skip_unavailable': False, 'install_base': '/home/agv/Desktop/catkin/catkin_ws/install/bot_apriltag', 'merge_install': False, 'path': '/home/agv/Desktop/catkin/catkin_ws/src/bot_apriltag', 'symlink_install': False, 'test_result_base': None}
[0.526s] Level 5:colcon.colcon_core.verb:set package 'bot_description' build argument 'cmake_args' from command line to 'None'
[0.526s] Level 5:colcon.colcon_core.verb:set package 'bot_description' build argument 'cmake_target' from command line to 'None'
[0.526s] Level 5:colcon.colcon_core.verb:set package 'bot_description' build argument 'cmake_target_skip_unavailable' from command line to 'False'
[0.526s] Level 5:colcon.colcon_core.verb:set package 'bot_description' build argument 'cmake_clean_cache' from command line to 'False'
[0.526s] Level 5:colcon.colcon_core.verb:set package 'bot_description' build argument 'cmake_clean_first' from command line to 'False'
[0.526s] Level 5:colcon.colcon_core.verb:set package 'bot_description' build argument 'cmake_force_configure' from command line to 'False'
[0.526s] Level 5:colcon.colcon_core.verb:set package 'bot_description' build argument 'ament_cmake_args' from command line to 'None'
[0.526s] Level 5:colcon.colcon_core.verb:set package 'bot_description' build argument 'catkin_cmake_args' from command line to 'None'
[0.526s] Level 5:colcon.colcon_core.verb:set package 'bot_description' build argument 'catkin_skip_building_tests' from command line to 'False'
[0.526s] DEBUG:colcon.colcon_core.verb:Building package 'bot_description' with the following arguments: {'ament_cmake_args': None, 'build_base': '/home/agv/Desktop/catkin/catkin_ws/build/bot_description', 'catkin_cmake_args': None, 'catkin_skip_building_tests': False, 'cmake_args': None, 'cmake_clean_cache': False, 'cmake_clean_first': False, 'cmake_force_configure': False, 'cmake_target': None, 'cmake_target_skip_unavailable': False, 'install_base': '/home/agv/Desktop/catkin/catkin_ws/install/bot_description', 'merge_install': False, 'path': '/home/agv/Desktop/catkin/catkin_ws/src/bot_description', 'symlink_install': False, 'test_result_base': None}
[0.527s] Level 5:colcon.colcon_core.verb:set package 'bot_gazebo' build argument 'cmake_args' from command line to 'None'
[0.527s] Level 5:colcon.colcon_core.verb:set package 'bot_gazebo' build argument 'cmake_target' from command line to 'None'
[0.527s] Level 5:colcon.colcon_core.verb:set package 'bot_gazebo' build argument 'cmake_target_skip_unavailable' from command line to 'False'
[0.527s] Level 5:colcon.colcon_core.verb:set package 'bot_gazebo' build argument 'cmake_clean_cache' from command line to 'False'
[0.527s] Level 5:colcon.colcon_core.verb:set package 'bot_gazebo' build argument 'cmake_clean_first' from command line to 'False'
[0.528s] Level 5:colcon.colcon_core.verb:set package 'bot_gazebo' build argument 'cmake_force_configure' from command line to 'False'
[0.528s] Level 5:colcon.colcon_core.verb:set package 'bot_gazebo' build argument 'ament_cmake_args' from command line to 'None'
[0.528s] Level 5:colcon.colcon_core.verb:set package 'bot_gazebo' build argument 'catkin_cmake_args' from command line to 'None'
[0.528s] Level 5:colcon.colcon_core.verb:set package 'bot_gazebo' build argument 'catkin_skip_building_tests' from command line to 'False'
[0.528s] DEBUG:colcon.colcon_core.verb:Building package 'bot_gazebo' with the following arguments: {'ament_cmake_args': None, 'build_base': '/home/agv/Desktop/catkin/catkin_ws/build/bot_gazebo', 'catkin_cmake_args': None, 'catkin_skip_building_tests': False, 'cmake_args': None, 'cmake_clean_cache': False, 'cmake_clean_first': False, 'cmake_force_configure': False, 'cmake_target': None, 'cmake_target_skip_unavailable': False, 'install_base': '/home/agv/Desktop/catkin/catkin_ws/install/bot_gazebo', 'merge_install': False, 'path': '/home/agv/Desktop/catkin/catkin_ws/src/bot_gazebo', 'symlink_install': False, 'test_result_base': None}
[0.528s] Level 5:colcon.colcon_core.verb:set package 'bot_localization' build argument 'cmake_args' from command line to 'None'
[0.529s] Level 5:colcon.colcon_core.verb:set package 'bot_localization' build argument 'cmake_target' from command line to 'None'
[0.529s] Level 5:colcon.colcon_core.verb:set package 'bot_localization' build argument 'cmake_target_skip_unavailable' from command line to 'False'
[0.529s] Level 5:colcon.colcon_core.verb:set package 'bot_localization' build argument 'cmake_clean_cache' from command line to 'False'
[0.529s] Level 5:colcon.colcon_core.verb:set package 'bot_localization' build argument 'cmake_clean_first' from command line to 'False'
[0.529s] Level 5:colcon.colcon_core.verb:set package 'bot_localization' build argument 'cmake_force_configure' from command line to 'False'
[0.529s] Level 5:colcon.colcon_core.verb:set package 'bot_localization' build argument 'ament_cmake_args' from command line to 'None'
[0.529s] Level 5:colcon.colcon_core.verb:set package 'bot_localization' build argument 'catkin_cmake_args' from command line to 'None'
[0.529s] Level 5:colcon.colcon_core.verb:set package 'bot_localization' build argument 'catkin_skip_building_tests' from command line to 'False'
[0.530s] DEBUG:colcon.colcon_core.verb:Building package 'bot_localization' with the following arguments: {'ament_cmake_args': None, 'build_base': '/home/agv/Desktop/catkin/catkin_ws/build/bot_localization', 'catkin_cmake_args': None, 'catkin_skip_building_tests': False, 'cmake_args': None, 'cmake_clean_cache': False, 'cmake_clean_first': False, 'cmake_force_configure': False, 'cmake_target': None, 'cmake_target_skip_unavailable': False, 'install_base': '/home/agv/Desktop/catkin/catkin_ws/install/bot_localization', 'merge_install': False, 'path': '/home/agv/Desktop/catkin/catkin_ws/src/bot_localization', 'symlink_install': False, 'test_result_base': None}
[0.530s] Level 5:colcon.colcon_core.verb:set package 'bot_navigation' build argument 'cmake_args' from command line to 'None'
[0.530s] Level 5:colcon.colcon_core.verb:set package 'bot_navigation' build argument 'cmake_target' from command line to 'None'
[0.530s] Level 5:colcon.colcon_core.verb:set package 'bot_navigation' build argument 'cmake_target_skip_unavailable' from command line to 'False'
[0.530s] Level 5:colcon.colcon_core.verb:set package 'bot_navigation' build argument 'cmake_clean_cache' from command line to 'False'
[0.530s] Level 5:colcon.colcon_core.verb:set package 'bot_navigation' build argument 'cmake_clean_first' from command line to 'False'
[0.531s] Level 5:colcon.colcon_core.verb:set package 'bot_navigation' build argument 'cmake_force_configure' from command line to 'False'
[0.531s] Level 5:colcon.colcon_core.verb:set package 'bot_navigation' build argument 'ament_cmake_args' from command line to 'None'
[0.531s] Level 5:colcon.colcon_core.verb:set package 'bot_navigation' build argument 'catkin_cmake_args' from command line to 'None'
[0.531s] Level 5:colcon.colcon_core.verb:set package 'bot_navigation' build argument 'catkin_skip_building_tests' from command line to 'False'
[0.531s] DEBUG:colcon.colcon_core.verb:Building package 'bot_navigation' with the following arguments: {'ament_cmake_args': None, 'build_base': '/home/agv/Desktop/catkin/catkin_ws/build/bot_navigation', 'catkin_cmake_args': None, 'catkin_skip_building_tests': False, 'cmake_args': None, 'cmake_clean_cache': False, 'cmake_clean_first': False, 'cmake_force_configure': False, 'cmake_target': None, 'cmake_target_skip_unavailable': False, 'install_base': '/home/agv/Desktop/catkin/catkin_ws/install/bot_navigation', 'merge_install': False, 'path': '/home/agv/Desktop/catkin/catkin_ws/src/bot_navigation', 'symlink_install': False, 'test_result_base': None}
[0.531s] INFO:colcon.colcon_core.executor:Executing jobs using 'parallel' executor
[0.533s] DEBUG:colcon.colcon_parallel_executor.executor.parallel:run_until_complete
[0.534s] INFO:colcon.colcon_ros.task.ament_python.build:Building ROS package in '/home/agv/Desktop/catkin/catkin_ws/src/bot_apriltag' with build type 'ament_python'
[0.534s] Level 1:colcon.colcon_core.shell:create_environment_hook('bot_apriltag', 'ament_prefix_path')
[0.539s] INFO:colcon.colcon_core.plugin_system:Skipping extension 'colcon_core.shell.bat': Not used on non-Windows systems
[0.539s] INFO:colcon.colcon_core.shell:Creating environment hook '/home/agv/Desktop/catkin/catkin_ws/install/bot_apriltag/share/bot_apriltag/hook/ament_prefix_path.ps1'
[0.540s] INFO:colcon.colcon_core.shell:Creating environment descriptor '/home/agv/Desktop/catkin/catkin_ws/install/bot_apriltag/share/bot_apriltag/hook/ament_prefix_path.dsv'
[0.542s] INFO:colcon.colcon_core.shell:Creating environment hook '/home/agv/Desktop/catkin/catkin_ws/install/bot_apriltag/share/bot_apriltag/hook/ament_prefix_path.sh'
[0.543s] INFO:colcon.colcon_core.shell:Skip shell extension 'powershell' for command environment: Not usable outside of PowerShell
[0.543s] DEBUG:colcon.colcon_core.shell:Skip shell extension 'dsv' for command environment
[0.554s] INFO:colcon.colcon_ros.task.ament_cmake.build:Building ROS package in '/home/agv/Desktop/catkin/catkin_ws/src/bot_description' with build type 'ament_cmake'
[0.555s] INFO:colcon.colcon_cmake.task.cmake.build:Building CMake package in '/home/agv/Desktop/catkin/catkin_ws/src/bot_description'
[0.556s] INFO:colcon.colcon_core.shell:Skip shell extension 'powershell' for command environment: Not usable outside of PowerShell
[0.557s] DEBUG:colcon.colcon_core.shell:Skip shell extension 'dsv' for command environment
[0.565s] INFO:colcon.colcon_ros.task.ament_cmake.build:Building ROS package in '/home/agv/Desktop/catkin/catkin_ws/src/bot_gazebo' with build type 'ament_cmake'
[0.568s] INFO:colcon.colcon_cmake.task.cmake.build:Building CMake package in '/home/agv/Desktop/catkin/catkin_ws/src/bot_gazebo'
[0.568s] INFO:colcon.colcon_core.shell:Skip shell extension 'powershell' for command environment: Not usable outside of PowerShell
[0.568s] DEBUG:colcon.colcon_core.shell:Skip shell extension 'dsv' for command environment
[0.575s] INFO:colcon.colcon_ros.task.ament_python.build:Building ROS package in '/home/agv/Desktop/catkin/catkin_ws/src/bot_localization' with build type 'ament_python'
[0.576s] Level 1:colcon.colcon_core.shell:create_environment_hook('bot_localization', 'ament_prefix_path')
[0.576s] INFO:colcon.colcon_core.shell:Creating environment hook '/home/agv/Desktop/catkin/catkin_ws/install/bot_localization/share/bot_localization/hook/ament_prefix_path.ps1'
[0.577s] INFO:colcon.colcon_core.shell:Creating environment descriptor '/home/agv/Desktop/catkin/catkin_ws/install/bot_localization/share/bot_localization/hook/ament_prefix_path.dsv'
[0.580s] INFO:colcon.colcon_core.shell:Creating environment hook '/home/agv/Desktop/catkin/catkin_ws/install/bot_localization/share/bot_localization/hook/ament_prefix_path.sh'
[0.583s] INFO:colcon.colcon_core.shell:Skip shell extension 'powershell' for command environment: Not usable outside of PowerShell
[0.583s] DEBUG:colcon.colcon_core.shell:Skip shell extension 'dsv' for command environment
[0.590s] INFO:colcon.colcon_ros.task.ament_python.build:Building ROS package in '/home/agv/Desktop/catkin/catkin_ws/src/bot_navigation' with build type 'ament_python'
[0.591s] Level 1:colcon.colcon_core.shell:create_environment_hook('bot_navigation', 'ament_prefix_path')
[0.591s] INFO:colcon.colcon_core.shell:Creating environment hook '/home/agv/Desktop/catkin/catkin_ws/install/bot_navigation/share/bot_navigation/hook/ament_prefix_path.ps1'
[0.592s] INFO:colcon.colcon_core.shell:Creating environment descriptor '/home/agv/Desktop/catkin/catkin_ws/install/bot_navigation/share/bot_navigation/hook/ament_prefix_path.dsv'
[0.594s] INFO:colcon.colcon_core.shell:Creating environment hook '/home/agv/Desktop/catkin/catkin_ws/install/bot_navigation/share/bot_navigation/hook/ament_prefix_path.sh'
[0.601s] INFO:colcon.colcon_core.shell:Skip shell extension 'powershell' for command environment: Not usable outside of PowerShell
[0.601s] DEBUG:colcon.colcon_core.shell:Skip shell extension 'dsv' for command environment
[0.995s] INFO:colcon.colcon_core.task.python.build:Building Python package in '/home/agv/Desktop/catkin/catkin_ws/src/bot_apriltag'
[0.995s] INFO:colcon.colcon_core.shell:Skip shell extension 'powershell' for command environment: Not usable outside of PowerShell
[0.995s] DEBUG:colcon.colcon_core.shell:Skip shell extension 'dsv' for command environment
[1.007s] DEBUG:colcon.colcon_core.event_handler.log_command:Invoking command in '/home/agv/Desktop/catkin/catkin_ws/build/bot_description': CMAKE_PREFIX_PATH=/opt/ros/humble /usr/bin/cmake --build /home/agv/Desktop/catkin/catkin_ws/build/bot_description -- -j8 -l8
[1.013s] DEBUG:colcon.colcon_core.event_handler.log_command:Invoking command in '/home/agv/Desktop/catkin/catkin_ws/build/bot_gazebo': CMAKE_PREFIX_PATH=/opt/ros/humble /usr/bin/cmake --build /home/agv/Desktop/catkin/catkin_ws/build/bot_gazebo -- -j8 -l8
[1.395s] INFO:colcon.colcon_core.task.python.build:Building Python package in '/home/agv/Desktop/catkin/catkin_ws/src/bot_localization'
[1.395s] INFO:colcon.colcon_core.shell:Skip shell extension 'powershell' for command environment: Not usable outside of PowerShell
[1.396s] DEBUG:colcon.colcon_core.shell:Skip shell extension 'dsv' for command environment
[1.405s] DEBUG:colcon.colcon_core.event_handler.log_command:Invoked command in '/home/agv/Desktop/catkin/catkin_ws/build/bot_description' returned '0': CMAKE_PREFIX_PATH=/opt/ros/humble /usr/bin/cmake --build /home/agv/Desktop/catkin/catkin_ws/build/bot_description -- -j8 -l8
[1.422s] DEBUG:colcon.colcon_core.event_handler.log_command:Invoking command in '/home/agv/Desktop/catkin/catkin_ws/build/bot_description': CMAKE_PREFIX_PATH=/opt/ros/humble /usr/bin/cmake --install /home/agv/Desktop/catkin/catkin_ws/build/bot_description
[1.792s] INFO:colcon.colcon_core.task.python.build:Building Python package in '/home/agv/Desktop/catkin/catkin_ws/src/bot_navigation'
[1.793s] INFO:colcon.colcon_core.shell:Skip shell extension 'powershell' for command environment: Not usable outside of PowerShell
[1.794s] DEBUG:colcon.colcon_core.shell:Skip shell extension 'dsv' for command environment
[1.805s] DEBUG:colcon.colcon_core.event_handler.log_command:Invoked command in '/home/agv/Desktop/catkin/catkin_ws/build/bot_gazebo' returned '0': CMAKE_PREFIX_PATH=/opt/ros/humble /usr/bin/cmake --build /home/agv/Desktop/catkin/catkin_ws/build/bot_gazebo -- -j8 -l8
[1.805s] DEBUG:colcon.colcon_core.event_handler.log_command:Invoking command in '/home/agv/Desktop/catkin/catkin_ws/build/bot_gazebo': CMAKE_PREFIX_PATH=/opt/ros/humble /usr/bin/cmake --install /home/agv/Desktop/catkin/catkin_ws/build/bot_gazebo
[1.852s] Level 1:colcon.colcon_core.environment:create_environment_scripts_only(bot_description)
[1.860s] Level 1:colcon.colcon_core.environment:checking '/home/agv/Desktop/catkin/catkin_ws/install/bot_description' for CMake module files
[1.860s] Level 1:colcon.colcon_core.environment:checking '/home/agv/Desktop/catkin/catkin_ws/install/bot_description' for CMake config files
[1.860s] Level 1:colcon.colcon_core.shell:create_environment_hook('bot_description', 'cmake_prefix_path')
[1.861s] INFO:colcon.colcon_core.shell:Creating environment hook '/home/agv/Desktop/catkin/catkin_ws/install/bot_description/share/bot_description/hook/cmake_prefix_path.ps1'
[1.862s] INFO:colcon.colcon_core.shell:Creating environment descriptor '/home/agv/Desktop/catkin/catkin_ws/install/bot_description/share/bot_description/hook/cmake_prefix_path.dsv'
[1.879s] INFO:colcon.colcon_core.shell:Creating environment hook '/home/agv/Desktop/catkin/catkin_ws/install/bot_description/share/bot_description/hook/cmake_prefix_path.sh'
[1.882s] Level 1:colcon.colcon_core.environment:checking '/home/agv/Desktop/catkin/catkin_ws/install/bot_description/bin'
[1.882s] Level 1:colcon.colcon_core.environment:checking '/home/agv/Desktop/catkin/catkin_ws/install/bot_description/lib/pkgconfig/bot_description.pc'
[1.883s] Level 1:colcon.colcon_core.environment:checking '/home/agv/Desktop/catkin/catkin_ws/install/bot_description/lib/python3.10/site-packages'
[1.884s] Level 1:colcon.colcon_core.environment:checking '/home/agv/Desktop/catkin/catkin_ws/install/bot_description/bin'
[1.888s] INFO:colcon.colcon_core.shell:Creating package script '/home/agv/Desktop/catkin/catkin_ws/install/bot_description/share/bot_description/package.ps1'
[1.890s] INFO:colcon.colcon_core.shell:Creating package descriptor '/home/agv/Desktop/catkin/catkin_ws/install/bot_description/share/bot_description/package.dsv'
[1.895s] INFO:colcon.colcon_core.shell:Creating package script '/home/agv/Desktop/catkin/catkin_ws/install/bot_description/share/bot_description/package.sh'
[1.897s] INFO:colcon.colcon_core.shell:Creating package script '/home/agv/Desktop/catkin/catkin_ws/install/bot_description/share/bot_description/package.bash'
[1.902s] INFO:colcon.colcon_core.shell:Creating package script '/home/agv/Desktop/catkin/catkin_ws/install/bot_description/share/bot_description/package.zsh'
[1.908s] Level 1:colcon.colcon_core.environment:create_file_with_runtime_dependencies(/home/agv/Desktop/catkin/catkin_ws/install/bot_description/share/colcon-core/packages/bot_description)
[1.910s] Level 1:colcon.colcon_core.environment:create_environment_scripts_only(bot_description)
[1.912s] Level 1:colcon.colcon_core.environment:checking '/home/agv/Desktop/catkin/catkin_ws/install/bot_description' for CMake module files
[1.913s] Level 1:colcon.colcon_core.environment:checking '/home/agv/Desktop/catkin/catkin_ws/install/bot_description' for CMake config files
[1.913s] Level 1:colcon.colcon_core.shell:create_environment_hook('bot_description', 'cmake_prefix_path')
[1.914s] INFO:colcon.colcon_core.shell:Creating environment hook '/home/agv/Desktop/catkin/catkin_ws/install/bot_description/share/bot_description/hook/cmake_prefix_path.ps1'
[1.917s] DEBUG:colcon.colcon_core.event_handler.log_command:Invoked command in '/home/agv/Desktop/catkin/catkin_ws/build/bot_description' returned '0': CMAKE_PREFIX_PATH=/opt/ros/humble /usr/bin/cmake --install /home/agv/Desktop/catkin/catkin_ws/build/bot_description
[1.918s] INFO:colcon.colcon_core.shell:Creating environment descriptor '/home/agv/Desktop/catkin/catkin_ws/install/bot_description/share/bot_description/hook/cmake_prefix_path.dsv'
[1.919s] INFO:colcon.colcon_core.shell:Creating environment hook '/home/agv/Desktop/catkin/catkin_ws/install/bot_description/share/bot_description/hook/cmake_prefix_path.sh'
[1.920s] Level 1:colcon.colcon_core.environment:checking '/home/agv/Desktop/catkin/catkin_ws/install/bot_description/bin'
[1.920s] Level 1:colcon.colcon_core.environment:checking '/home/agv/Desktop/catkin/catkin_ws/install/bot_description/lib/pkgconfig/bot_description.pc'
[1.920s] Level 1:colcon.colcon_core.environment:checking '/home/agv/Desktop/catkin/catkin_ws/install/bot_description/lib/python3.10/site-packages'
[1.921s] Level 1:colcon.colcon_core.environment:checking '/home/agv/Desktop/catkin/catkin_ws/install/bot_description/bin'
[1.925s] INFO:colcon.colcon_core.shell:Creating package script '/home/agv/Desktop/catkin/catkin_ws/install/bot_description/share/bot_description/package.ps1'
[1.926s] INFO:colcon.colcon_core.shell:Creating package descriptor '/home/agv/Desktop/catkin/catkin_ws/install/bot_description/share/bot_description/package.dsv'
[1.927s] INFO:colcon.colcon_core.shell:Creating package script '/home/agv/Desktop/catkin/catkin_ws/install/bot_description/share/bot_description/package.sh'
[1.930s] INFO:colcon.colcon_core.shell:Creating package script '/home/agv/Desktop/catkin/catkin_ws/install/bot_description/share/bot_description/package.bash'
[1.931s] INFO:colcon.colcon_core.shell:Creating package script '/home/agv/Desktop/catkin/catkin_ws/install/bot_description/share/bot_description/package.zsh'
[1.932s] Level 1:colcon.colcon_core.environment:create_file_with_runtime_dependencies(/home/agv/Desktop/catkin/catkin_ws/install/bot_description/share/colcon-core/packages/bot_description)
[1.940s] Level 1:colcon.colcon_core.environment:create_environment_scripts_only(bot_gazebo)
[1.941s] Level 1:colcon.colcon_core.environment:checking '/home/agv/Desktop/catkin/catkin_ws/install/bot_gazebo' for CMake module files
[1.941s] Level 1:colcon.colcon_core.environment:checking '/home/agv/Desktop/catkin/catkin_ws/install/bot_gazebo' for CMake config files
[1.942s] Level 1:colcon.colcon_core.shell:create_environment_hook('bot_gazebo', 'cmake_prefix_path')
[1.942s] INFO:colcon.colcon_core.shell:Creating environment hook '/home/agv/Desktop/catkin/catkin_ws/install/bot_gazebo/share/bot_gazebo/hook/cmake_prefix_path.ps1'
[1.943s] INFO:colcon.colcon_core.shell:Creating environment descriptor '/home/agv/Desktop/catkin/catkin_ws/install/bot_gazebo/share/bot_gazebo/hook/cmake_prefix_path.dsv'
[1.945s] DEBUG:colcon.colcon_core.event_handler.log_command:Invoked command in '/home/agv/Desktop/catkin/catkin_ws/build/bot_gazebo' returned '0': CMAKE_PREFIX_PATH=/opt/ros/humble /usr/bin/cmake --install /home/agv/Desktop/catkin/catkin_ws/build/bot_gazebo
[1.946s] INFO:colcon.colcon_core.shell:Creating environment hook '/home/agv/Desktop/catkin/catkin_ws/install/bot_gazebo/share/bot_gazebo/hook/cmake_prefix_path.sh'
[1.948s] Level 1:colcon.colcon_core.environment:checking '/home/agv/Desktop/catkin/catkin_ws/install/bot_gazebo/bin'
[1.949s] Level 1:colcon.colcon_core.environment:checking '/home/agv/Desktop/catkin/catkin_ws/install/bot_gazebo/lib/pkgconfig/bot_gazebo.pc'
[1.949s] Level 1:colcon.colcon_core.environment:checking '/home/agv/Desktop/catkin/catkin_ws/install/bot_gazebo/lib/python3.10/site-packages'
[1.949s] Level 1:colcon.colcon_core.environment:checking '/home/agv/Desktop/catkin/catkin_ws/install/bot_gazebo/bin'
[1.952s] INFO:colcon.colcon_core.shell:Creating package script '/home/agv/Desktop/catkin/catkin_ws/install/bot_gazebo/share/bot_gazebo/package.ps1'
[1.953s] INFO:colcon.colcon_core.shell:Creating package descriptor '/home/agv/Desktop/catkin/catkin_ws/install/bot_gazebo/share/bot_gazebo/package.dsv'
[1.954s] INFO:colcon.colcon_core.shell:Creating package script '/home/agv/Desktop/catkin/catkin_ws/install/bot_gazebo/share/bot_gazebo/package.sh'
[1.957s] INFO:colcon.colcon_core.shell:Creating package script '/home/agv/Desktop/catkin/catkin_ws/install/bot_gazebo/share/bot_gazebo/package.bash'
[1.964s] INFO:colcon.colcon_core.shell:Creating package script '/home/agv/Desktop/catkin/catkin_ws/install/bot_gazebo/share/bot_gazebo/package.zsh'
[1.965s] Level 1:colcon.colcon_core.environment:create_file_with_runtime_dependencies(/home/agv/Desktop/catkin/catkin_ws/install/bot_gazebo/share/colcon-core/packages/bot_gazebo)
[1.966s] Level 1:colcon.colcon_core.environment:create_environment_scripts_only(bot_gazebo)
[1.973s] Level 1:colcon.colcon_core.environment:checking '/home/agv/Desktop/catkin/catkin_ws/install/bot_gazebo' for CMake module files
[1.974s] Level 1:colcon.colcon_core.environment:checking '/home/agv/Desktop/catkin/catkin_ws/install/bot_gazebo' for CMake config files
[1.975s] Level 1:colcon.colcon_core.shell:create_environment_hook('bot_gazebo', 'cmake_prefix_path')
[1.975s] INFO:colcon.colcon_core.shell:Creating environment hook '/home/agv/Desktop/catkin/catkin_ws/install/bot_gazebo/share/bot_gazebo/hook/cmake_prefix_path.ps1'
[1.976s] INFO:colcon.colcon_core.shell:Creating environment descriptor '/home/agv/Desktop/catkin/catkin_ws/install/bot_gazebo/share/bot_gazebo/hook/cmake_prefix_path.dsv'
[1.977s] INFO:colcon.colcon_core.shell:Creating environment hook '/home/agv/Desktop/catkin/catkin_ws/install/bot_gazebo/share/bot_gazebo/hook/cmake_prefix_path.sh'
[1.978s] Level 1:colcon.colcon_core.environment:checking '/home/agv/Desktop/catkin/catkin_ws/install/bot_gazebo/bin'
[1.979s] Level 1:colcon.colcon_core.environment:checking '/home/agv/Desktop/catkin/catkin_ws/install/bot_gazebo/lib/pkgconfig/bot_gazebo.pc'
[1.979s] Level 1:colcon.colcon_core.environment:checking '/home/agv/Desktop/catkin/catkin_ws/install/bot_gazebo/lib/python3.10/site-packages'
[1.979s] Level 1:colcon.colcon_core.environment:checking '/home/agv/Desktop/catkin/catkin_ws/install/bot_gazebo/bin'
[1.980s] INFO:colcon.colcon_core.shell:Creating package script '/home/agv/Desktop/catkin/catkin_ws/install/bot_gazebo/share/bot_gazebo/package.ps1'
[1.981s] INFO:colcon.colcon_core.shell:Creating package descriptor '/home/agv/Desktop/catkin/catkin_ws/install/bot_gazebo/share/bot_gazebo/package.dsv'
[1.982s] INFO:colcon.colcon_core.shell:Creating package script '/home/agv/Desktop/catkin/catkin_ws/install/bot_gazebo/share/bot_gazebo/package.sh'
[1.984s] INFO:colcon.colcon_core.shell:Creating package script '/home/agv/Desktop/catkin/catkin_ws/install/bot_gazebo/share/bot_gazebo/package.bash'
[1.985s] INFO:colcon.colcon_core.shell:Creating package script '/home/agv/Desktop/catkin/catkin_ws/install/bot_gazebo/share/bot_gazebo/package.zsh'
[1.986s] Level 1:colcon.colcon_core.environment:create_file_with_runtime_dependencies(/home/agv/Desktop/catkin/catkin_ws/install/bot_gazebo/share/colcon-core/packages/bot_gazebo)
[2.515s] DEBUG:colcon.colcon_core.event_handler.log_command:Invoking command in '/home/agv/Desktop/catkin/catkin_ws/src/bot_apriltag': PYTHONPATH=/home/agv/Desktop/catkin/catkin_ws/build/bot_apriltag/prefix_override:/usr/lib/python3/dist-packages/colcon_core/task/python/colcon_distutils_commands:/home/agv/Desktop/catkin/catkin_ws/install/bot_apriltag/lib/python3.10/site-packages:${PYTHONPATH} /usr/bin/python3 -W ignore:setup.py install is deprecated -W ignore:easy_install command is deprecated setup.py egg_info --egg-base ../../build/bot_apriltag build --build-base /home/agv/Desktop/catkin/catkin_ws/build/bot_apriltag/build install --record /home/agv/Desktop/catkin/catkin_ws/build/bot_apriltag/install.log --single-version-externally-managed install_data
[2.606s] DEBUG:colcon.colcon_core.event_handler.log_command:Invoking command in '/home/agv/Desktop/catkin/catkin_ws/src/bot_localization': PYTHONPATH=/home/agv/Desktop/catkin/catkin_ws/build/bot_localization/prefix_override:/usr/lib/python3/dist-packages/colcon_core/task/python/colcon_distutils_commands:/home/agv/Desktop/catkin/catkin_ws/install/bot_localization/lib/python3.10/site-packages:${PYTHONPATH} /usr/bin/python3 -W ignore:setup.py install is deprecated -W ignore:easy_install command is deprecated setup.py egg_info --egg-base ../../build/bot_localization build --build-base /home/agv/Desktop/catkin/catkin_ws/build/bot_localization/build install --record /home/agv/Desktop/catkin/catkin_ws/build/bot_localization/install.log --single-version-externally-managed install_data
[2.713s] DEBUG:colcon.colcon_core.event_handler.log_command:Invoking command in '/home/agv/Desktop/catkin/catkin_ws/src/bot_navigation': PYTHONPATH=/home/agv/Desktop/catkin/catkin_ws/build/bot_navigation/prefix_override:/usr/lib/python3/dist-packages/colcon_core/task/python/colcon_distutils_commands:/home/agv/Desktop/catkin/catkin_ws/install/bot_navigation/lib/python3.10/site-packages:${PYTHONPATH} /usr/bin/python3 -W ignore:setup.py install is deprecated -W ignore:easy_install command is deprecated setup.py egg_info --egg-base ../../build/bot_navigation build --build-base /home/agv/Desktop/catkin/catkin_ws/build/bot_navigation/build install --record /home/agv/Desktop/catkin/catkin_ws/build/bot_navigation/install.log --single-version-externally-managed install_data
[3.067s] Level 1:colcon.colcon_core.environment:checking '/home/agv/Desktop/catkin/catkin_ws/install/bot_apriltag' for CMake module files
[3.070s] Level 1:colcon.colcon_core.environment:checking '/home/agv/Desktop/catkin/catkin_ws/install/bot_apriltag' for CMake config files
[3.067s] DEBUG:colcon.colcon_core.event_handler.log_command:Invoked command in '/home/agv/Desktop/catkin/catkin_ws/src/bot_apriltag' returned '0': PYTHONPATH=/home/agv/Desktop/catkin/catkin_ws/build/bot_apriltag/prefix_override:/usr/lib/python3/dist-packages/colcon_core/task/python/colcon_distutils_commands:/home/agv/Desktop/catkin/catkin_ws/install/bot_apriltag/lib/python3.10/site-packages:${PYTHONPATH} /usr/bin/python3 -W ignore:setup.py install is deprecated -W ignore:easy_install command is deprecated setup.py egg_info --egg-base ../../build/bot_apriltag build --build-base /home/agv/Desktop/catkin/catkin_ws/build/bot_apriltag/build install --record /home/agv/Desktop/catkin/catkin_ws/build/bot_apriltag/install.log --single-version-externally-managed install_data
[3.071s] Level 1:colcon.colcon_core.environment:checking '/home/agv/Desktop/catkin/catkin_ws/install/bot_apriltag/lib'
[3.072s] Level 1:colcon.colcon_core.environment:checking '/home/agv/Desktop/catkin/catkin_ws/install/bot_apriltag/bin'
[3.072s] Level 1:colcon.colcon_core.environment:checking '/home/agv/Desktop/catkin/catkin_ws/install/bot_apriltag/lib/pkgconfig/bot_apriltag.pc'
[3.073s] Level 1:colcon.colcon_core.environment:checking '/home/agv/Desktop/catkin/catkin_ws/install/bot_apriltag/lib/python3.10/site-packages'
[3.073s] Level 1:colcon.colcon_core.shell:create_environment_hook('bot_apriltag', 'pythonpath')
[3.073s] INFO:colcon.colcon_core.shell:Creating environment hook '/home/agv/Desktop/catkin/catkin_ws/install/bot_apriltag/share/bot_apriltag/hook/pythonpath.ps1'
[3.074s] INFO:colcon.colcon_core.shell:Creating environment descriptor '/home/agv/Desktop/catkin/catkin_ws/install/bot_apriltag/share/bot_apriltag/hook/pythonpath.dsv'
[3.076s] INFO:colcon.colcon_core.shell:Creating environment hook '/home/agv/Desktop/catkin/catkin_ws/install/bot_apriltag/share/bot_apriltag/hook/pythonpath.sh'
[3.079s] Level 1:colcon.colcon_core.environment:checking '/home/agv/Desktop/catkin/catkin_ws/install/bot_apriltag/bin'
[3.080s] Level 1:colcon.colcon_core.environment:create_environment_scripts_only(bot_apriltag)
[3.080s] INFO:colcon.colcon_core.shell:Creating package script '/home/agv/Desktop/catkin/catkin_ws/install/bot_apriltag/share/bot_apriltag/package.ps1'
[3.082s] INFO:colcon.colcon_core.shell:Creating package descriptor '/home/agv/Desktop/catkin/catkin_ws/install/bot_apriltag/share/bot_apriltag/package.dsv'
[3.084s] INFO:colcon.colcon_core.shell:Creating package script '/home/agv/Desktop/catkin/catkin_ws/install/bot_apriltag/share/bot_apriltag/package.sh'
[3.085s] INFO:colcon.colcon_core.shell:Creating package script '/home/agv/Desktop/catkin/catkin_ws/install/bot_apriltag/share/bot_apriltag/package.bash'
[3.085s] INFO:colcon.colcon_core.shell:Creating package script '/home/agv/Desktop/catkin/catkin_ws/install/bot_apriltag/share/bot_apriltag/package.zsh'
[3.086s] Level 1:colcon.colcon_core.environment:create_file_with_runtime_dependencies(/home/agv/Desktop/catkin/catkin_ws/install/bot_apriltag/share/colcon-core/packages/bot_apriltag)
[3.151s] Level 1:colcon.colcon_core.environment:checking '/home/agv/Desktop/catkin/catkin_ws/install/bot_localization' for CMake module files
[3.152s] DEBUG:colcon.colcon_core.event_handler.log_command:Invoked command in '/home/agv/Desktop/catkin/catkin_ws/src/bot_localization' returned '0': PYTHONPATH=/home/agv/Desktop/catkin/catkin_ws/build/bot_localization/prefix_override:/usr/lib/python3/dist-packages/colcon_core/task/python/colcon_distutils_commands:/home/agv/Desktop/catkin/catkin_ws/install/bot_localization/lib/python3.10/site-packages:${PYTHONPATH} /usr/bin/python3 -W ignore:setup.py install is deprecated -W ignore:easy_install command is deprecated setup.py egg_info --egg-base ../../build/bot_localization build --build-base /home/agv/Desktop/catkin/catkin_ws/build/bot_localization/build install --record /home/agv/Desktop/catkin/catkin_ws/build/bot_localization/install.log --single-version-externally-managed install_data
[3.153s] Level 1:colcon.colcon_core.environment:checking '/home/agv/Desktop/catkin/catkin_ws/install/bot_localization' for CMake config files
[3.154s] Level 1:colcon.colcon_core.environment:checking '/home/agv/Desktop/catkin/catkin_ws/install/bot_localization/lib'
[3.154s] Level 1:colcon.colcon_core.environment:checking '/home/agv/Desktop/catkin/catkin_ws/install/bot_localization/bin'
[3.154s] Level 1:colcon.colcon_core.environment:checking '/home/agv/Desktop/catkin/catkin_ws/install/bot_localization/lib/pkgconfig/bot_localization.pc'
[3.154s] Level 1:colcon.colcon_core.environment:checking '/home/agv/Desktop/catkin/catkin_ws/install/bot_localization/lib/python3.10/site-packages'
[3.154s] Level 1:colcon.colcon_core.shell:create_environment_hook('bot_localization', 'pythonpath')
[3.155s] INFO:colcon.colcon_core.shell:Creating environment hook '/home/agv/Desktop/catkin/catkin_ws/install/bot_localization/share/bot_localization/hook/pythonpath.ps1'
[3.156s] INFO:colcon.colcon_core.shell:Creating environment descriptor '/home/agv/Desktop/catkin/catkin_ws/install/bot_localization/share/bot_localization/hook/pythonpath.dsv'
[3.157s] INFO:colcon.colcon_core.shell:Creating environment hook '/home/agv/Desktop/catkin/catkin_ws/install/bot_localization/share/bot_localization/hook/pythonpath.sh'
[3.159s] Level 1:colcon.colcon_core.environment:checking '/home/agv/Desktop/catkin/catkin_ws/install/bot_localization/bin'
[3.159s] Level 1:colcon.colcon_core.environment:create_environment_scripts_only(bot_localization)
[3.160s] INFO:colcon.colcon_core.shell:Creating package script '/home/agv/Desktop/catkin/catkin_ws/install/bot_localization/share/bot_localization/package.ps1'
[3.161s] INFO:colcon.colcon_core.shell:Creating package descriptor '/home/agv/Desktop/catkin/catkin_ws/install/bot_localization/share/bot_localization/package.dsv'
[3.163s] INFO:colcon.colcon_core.shell:Creating package script '/home/agv/Desktop/catkin/catkin_ws/install/bot_localization/share/bot_localization/package.sh'
[3.165s] INFO:colcon.colcon_core.shell:Creating package script '/home/agv/Desktop/catkin/catkin_ws/install/bot_localization/share/bot_localization/package.bash'
[3.166s] INFO:colcon.colcon_core.shell:Creating package script '/home/agv/Desktop/catkin/catkin_ws/install/bot_localization/share/bot_localization/package.zsh'
[3.167s] Level 1:colcon.colcon_core.environment:create_file_with_runtime_dependencies(/home/agv/Desktop/catkin/catkin_ws/install/bot_localization/share/colcon-core/packages/bot_localization)
[3.220s] Level 1:colcon.colcon_core.environment:checking '/home/agv/Desktop/catkin/catkin_ws/install/bot_navigation' for CMake module files
[3.221s] Level 1:colcon.colcon_core.environment:checking '/home/agv/Desktop/catkin/catkin_ws/install/bot_navigation' for CMake config files
[3.222s] Level 1:colcon.colcon_core.environment:checking '/home/agv/Desktop/catkin/catkin_ws/install/bot_navigation/lib'
[3.223s] DEBUG:colcon.colcon_core.event_handler.log_command:Invoked command in '/home/agv/Desktop/catkin/catkin_ws/src/bot_navigation' returned '0': PYTHONPATH=/home/agv/Desktop/catkin/catkin_ws/build/bot_navigation/prefix_override:/usr/lib/python3/dist-packages/colcon_core/task/python/colcon_distutils_commands:/home/agv/Desktop/catkin/catkin_ws/install/bot_navigation/lib/python3.10/site-packages:${PYTHONPATH} /usr/bin/python3 -W ignore:setup.py install is deprecated -W ignore:easy_install command is deprecated setup.py egg_info --egg-base ../../build/bot_navigation build --build-base /home/agv/Desktop/catkin/catkin_ws/build/bot_navigation/build install --record /home/agv/Desktop/catkin/catkin_ws/build/bot_navigation/install.log --single-version-externally-managed install_data
[3.223s] Level 1:colcon.colcon_core.environment:checking '/home/agv/Desktop/catkin/catkin_ws/install/bot_navigation/bin'
[3.223s] Level 1:colcon.colcon_core.environment:checking '/home/agv/Desktop/catkin/catkin_ws/install/bot_navigation/lib/pkgconfig/bot_navigation.pc'
[3.223s] Level 1:colcon.colcon_core.environment:checking '/home/agv/Desktop/catkin/catkin_ws/install/bot_navigation/lib/python3.10/site-packages'
[3.223s] Level 1:colcon.colcon_core.shell:create_environment_hook('bot_navigation', 'pythonpath')
[3.224s] INFO:colcon.colcon_core.shell:Creating environment hook '/home/agv/Desktop/catkin/catkin_ws/install/bot_navigation/share/bot_navigation/hook/pythonpath.ps1'
[3.226s] INFO:colcon.colcon_core.shell:Creating environment descriptor '/home/agv/Desktop/catkin/catkin_ws/install/bot_navigation/share/bot_navigation/hook/pythonpath.dsv'
[3.227s] INFO:colcon.colcon_core.shell:Creating environment hook '/home/agv/Desktop/catkin/catkin_ws/install/bot_navigation/share/bot_navigation/hook/pythonpath.sh'
[3.230s] Level 1:colcon.colcon_core.environment:checking '/home/agv/Desktop/catkin/catkin_ws/install/bot_navigation/bin'
[3.230s] Level 1:colcon.colcon_core.environment:create_environment_scripts_only(bot_navigation)
[3.231s] INFO:colcon.colcon_core.shell:Creating package script '/home/agv/Desktop/catkin/catkin_ws/install/bot_navigation/share/bot_navigation/package.ps1'
[3.232s] INFO:colcon.colcon_core.shell:Creating package descriptor '/home/agv/Desktop/catkin/catkin_ws/install/bot_navigation/share/bot_navigation/package.dsv'
[3.235s] INFO:colcon.colcon_core.shell:Creating package script '/home/agv/Desktop/catkin/catkin_ws/install/bot_navigation/share/bot_navigation/package.sh'
[3.236s] INFO:colcon.colcon_core.shell:Creating package script '/home/agv/Desktop/catkin/catkin_ws/install/bot_navigation/share/bot_navigation/package.bash'
[3.237s] INFO:colcon.colcon_core.shell:Creating package script '/home/agv/Desktop/catkin/catkin_ws/install/bot_navigation/share/bot_navigation/package.zsh'
[3.239s] Level 1:colcon.colcon_core.environment:create_file_with_runtime_dependencies(/home/agv/Desktop/catkin/catkin_ws/install/bot_navigation/share/colcon-core/packages/bot_navigation)
[3.240s] DEBUG:colcon.colcon_parallel_executor.executor.parallel:closing loop
[3.240s] DEBUG:colcon.colcon_parallel_executor.executor.parallel:loop closed
[3.240s] DEBUG:colcon.colcon_parallel_executor.executor.parallel:run_until_complete finished with '0'
[3.241s] DEBUG:colcon.colcon_core.event_reactor:joining thread
[3.250s] INFO:colcon.colcon_core.plugin_system:Skipping extension 'colcon_notification.desktop_notification.terminal_notifier': Not used on non-Darwin systems
[3.250s] INFO:colcon.colcon_core.plugin_system:Skipping extension 'colcon_notification.desktop_notification.win32': Not used on non-Windows systems
[3.250s] INFO:colcon.colcon_notification.desktop_notification:Sending desktop notification using 'notify2'
[3.278s] DEBUG:colcon.colcon_core.event_reactor:joined thread
[3.278s] INFO:colcon.colcon_core.shell:Creating prefix script '/home/agv/Desktop/catkin/catkin_ws/install/local_setup.ps1'
[3.281s] INFO:colcon.colcon_core.shell:Creating prefix util module '/home/agv/Desktop/catkin/catkin_ws/install/_local_setup_util_ps1.py'
[3.283s] INFO:colcon.colcon_core.shell:Creating prefix chain script '/home/agv/Desktop/catkin/catkin_ws/install/setup.ps1'
[3.285s] INFO:colcon.colcon_core.shell:Creating prefix script '/home/agv/Desktop/catkin/catkin_ws/install/local_setup.sh'
[3.287s] INFO:colcon.colcon_core.shell:Creating prefix util module '/home/agv/Desktop/catkin/catkin_ws/install/_local_setup_util_sh.py'
[3.289s] INFO:colcon.colcon_core.shell:Creating prefix chain script '/home/agv/Desktop/catkin/catkin_ws/install/setup.sh'
[3.291s] INFO:colcon.colcon_core.shell:Creating prefix script '/home/agv/Desktop/catkin/catkin_ws/install/local_setup.bash'
[3.292s] INFO:colcon.colcon_core.shell:Creating prefix chain script '/home/agv/Desktop/catkin/catkin_ws/install/setup.bash'
[3.294s] INFO:colcon.colcon_core.shell:Creating prefix script '/home/agv/Desktop/catkin/catkin_ws/install/local_setup.zsh'
[3.295s] INFO:colcon.colcon_core.shell:Creating prefix chain script '/home/agv/Desktop/catkin/catkin_ws/install/setup.zsh'
