[2.122s] Invoking command in '/home/agv/Desktop/catkin/catkin_ws/src/bot_navigation': PYTHONPATH=/home/agv/Desktop/catkin/catkin_ws/build/bot_navigation/prefix_override:/usr/lib/python3/dist-packages/colcon_core/task/python/colcon_distutils_commands:/home/agv/Desktop/catkin/catkin_ws/install/bot_navigation/lib/python3.10/site-packages:${PYTHONPATH} /usr/bin/python3 -W ignore:setup.py install is deprecated -W ignore:easy_install command is deprecated setup.py egg_info --egg-base ../../build/bot_navigation build --build-base /home/agv/Desktop/catkin/catkin_ws/build/bot_navigation/build install --record /home/agv/Desktop/catkin/catkin_ws/build/bot_navigation/install.log --single-version-externally-managed install_data
[2.530s] running egg_info
[2.531s] writing ../../build/bot_navigation/bot_navigation.egg-info/PKG-INFO
[2.531s] writing dependency_links to ../../build/bot_navigation/bot_navigation.egg-info/dependency_links.txt
[2.533s] writing entry points to ../../build/bot_navigation/bot_navigation.egg-info/entry_points.txt
[2.533s] writing requirements to ../../build/bot_navigation/bot_navigation.egg-info/requires.txt
[2.533s] writing top-level names to ../../build/bot_navigation/bot_navigation.egg-info/top_level.txt
[2.538s] reading manifest file '../../build/bot_navigation/bot_navigation.egg-info/SOURCES.txt'
[2.541s] writing manifest file '../../build/bot_navigation/bot_navigation.egg-info/SOURCES.txt'
[2.541s] running build
[2.542s] running build_py
[2.542s] running install
[2.542s] running install_lib
[2.545s] running install_data
[2.545s] running install_egg_info
[2.550s] removing '/home/agv/Desktop/catkin/catkin_ws/install/bot_navigation/lib/python3.10/site-packages/bot_navigation-0.0.0-py3.10.egg-info' (and everything under it)
[2.550s] Copying ../../build/bot_navigation/bot_navigation.egg-info to /home/agv/Desktop/catkin/catkin_ws/install/bot_navigation/lib/python3.10/site-packages/bot_navigation-0.0.0-py3.10.egg-info
[2.552s] running install_scripts
[2.583s] Installing waypoint_navigator script to /home/agv/Desktop/catkin/catkin_ws/install/bot_navigation/lib/bot_navigation
[2.584s] writing list of installed files to '/home/agv/Desktop/catkin/catkin_ws/build/bot_navigation/install.log'
[2.632s] Invoked command in '/home/agv/Desktop/catkin/catkin_ws/src/bot_navigation' returned '0': PYTHONPATH=/home/agv/Desktop/catkin/catkin_ws/build/bot_navigation/prefix_override:/usr/lib/python3/dist-packages/colcon_core/task/python/colcon_distutils_commands:/home/agv/Desktop/catkin/catkin_ws/install/bot_navigation/lib/python3.10/site-packages:${PYTHONPATH} /usr/bin/python3 -W ignore:setup.py install is deprecated -W ignore:easy_install command is deprecated setup.py egg_info --egg-base ../../build/bot_navigation build --build-base /home/agv/Desktop/catkin/catkin_ws/build/bot_navigation/build install --record /home/agv/Desktop/catkin/catkin_ws/build/bot_navigation/install.log --single-version-externally-managed install_data
