-- Install configuration: ""
-- Up-to-date: /home/agv/Desktop/catkin/catkin_ws/install/bot_gazebo/share/bot_gazebo/launch
-- Installing: /home/agv/Desktop/catkin/catkin_ws/install/bot_gazebo/share/bot_gazebo/launch/gazebo_sim.launch.py
-- Up-to-date: /home/agv/Desktop/catkin/catkin_ws/install/bot_gazebo/share/bot_gazebo/launch/__pycache__
-- Up-to-date: /home/agv/Desktop/catkin/catkin_ws/install/bot_gazebo/share/bot_gazebo/launch/__pycache__/display_robot.launch.cpython-310.pyc
-- Up-to-date: /home/agv/Desktop/catkin/catkin_ws/install/bot_gazebo/share/bot_gazebo/world
-- Up-to-date: /home/agv/Desktop/catkin/catkin_ws/install/bot_gazebo/share/bot_gazebo/world/experiment_rooms
-- Up-to-date: /home/agv/Desktop/catkin/catkin_ws/install/bot_gazebo/share/bot_gazebo/world/experiment_rooms/worlds
-- Up-to-date: /home/agv/Desktop/catkin/catkin_ws/install/bot_gazebo/share/bot_gazebo/world/experiment_rooms/worlds/room2
-- Up-to-date: /home/agv/Desktop/catkin/catkin_ws/install/bot_gazebo/share/bot_gazebo/world/experiment_rooms/worlds/room2/world_dynamic.model
-- Up-to-date: /home/agv/Desktop/catkin/catkin_ws/install/bot_gazebo/share/bot_gazebo/world/experiment_rooms/worlds/room2/world.model
-- Up-to-date: /home/agv/Desktop/catkin/catkin_ws/install/bot_gazebo/share/bot_gazebo/world/experiment_rooms/worlds/room2/map
-- Up-to-date: /home/agv/Desktop/catkin/catkin_ws/install/bot_gazebo/share/bot_gazebo/world/experiment_rooms/worlds/room2/map/room2.yaml
-- Up-to-date: /home/agv/Desktop/catkin/catkin_ws/install/bot_gazebo/share/bot_gazebo/world/experiment_rooms/worlds/room2/map/room2.png
-- Up-to-date: /home/agv/Desktop/catkin/catkin_ws/install/bot_gazebo/share/bot_gazebo/world/experiment_rooms/experiments_room.png
-- Up-to-date: /home/agv/Desktop/catkin/catkin_ws/install/bot_gazebo/share/bot_gazebo/world/experiment_rooms/models
-- Up-to-date: /home/agv/Desktop/catkin/catkin_ws/install/bot_gazebo/share/bot_gazebo/world/experiment_rooms/models/dynamic_obstacle
-- Up-to-date: /home/agv/Desktop/catkin/catkin_ws/install/bot_gazebo/share/bot_gazebo/world/experiment_rooms/models/dynamic_obstacle/model.sdf
-- Up-to-date: /home/agv/Desktop/catkin/catkin_ws/install/bot_gazebo/share/bot_gazebo/world/experiment_rooms/models/dynamic_obstacle/model.config
-- Up-to-date: /home/agv/Desktop/catkin/catkin_ws/install/bot_gazebo/share/bot_gazebo/world/experiment_rooms/models/exp_empty_rooms
-- Up-to-date: /home/agv/Desktop/catkin/catkin_ws/install/bot_gazebo/share/bot_gazebo/world/experiment_rooms/models/exp_empty_rooms/model.sdf
-- Up-to-date: /home/agv/Desktop/catkin/catkin_ws/install/bot_gazebo/share/bot_gazebo/world/experiment_rooms/models/exp_empty_rooms/model.config
-- Up-to-date: /home/agv/Desktop/catkin/catkin_ws/install/bot_gazebo/share/bot_gazebo/world/warehouse
-- Up-to-date: /home/agv/Desktop/catkin/catkin_ws/install/bot_gazebo/share/bot_gazebo/world/warehouse/no_roof_small_warehouse.world
-- Installing: /home/agv/Desktop/catkin/catkin_ws/install/bot_gazebo/share/bot_gazebo/world/warehouse/warehouse1.world
-- Up-to-date: /home/agv/Desktop/catkin/catkin_ws/install/bot_gazebo/share/bot_gazebo/world/warehouse/warehouse0.world
-- Up-to-date: /home/agv/Desktop/catkin/catkin_ws/install/bot_gazebo/share/bot_gazebo/world/warehouse/models
-- Up-to-date: /home/agv/Desktop/catkin/catkin_ws/install/bot_gazebo/share/bot_gazebo/world/warehouse/models/aws_robomaker_warehouse_ClutteringC_01
-- Up-to-date: /home/agv/Desktop/catkin/catkin_ws/install/bot_gazebo/share/bot_gazebo/world/warehouse/models/aws_robomaker_warehouse_ClutteringC_01/model.sdf
-- Up-to-date: /home/agv/Desktop/catkin/catkin_ws/install/bot_gazebo/share/bot_gazebo/world/warehouse/models/aws_robomaker_warehouse_ClutteringC_01/meshes
-- Up-to-date: /home/agv/Desktop/catkin/catkin_ws/install/bot_gazebo/share/bot_gazebo/world/warehouse/models/aws_robomaker_warehouse_ClutteringC_01/meshes/aws_robomaker_warehouse_ClutteringC_01_visual.DAE
-- Up-to-date: /home/agv/Desktop/catkin/catkin_ws/install/bot_gazebo/share/bot_gazebo/world/warehouse/models/aws_robomaker_warehouse_ClutteringC_01/meshes/aws_robomaker_warehouse_ClutteringC_01_collision.DAE
-- Up-to-date: /home/agv/Desktop/catkin/catkin_ws/install/bot_gazebo/share/bot_gazebo/world/warehouse/models/aws_robomaker_warehouse_ClutteringC_01/materials
-- Up-to-date: /home/agv/Desktop/catkin/catkin_ws/install/bot_gazebo/share/bot_gazebo/world/warehouse/models/aws_robomaker_warehouse_ClutteringC_01/materials/textures
-- Up-to-date: /home/agv/Desktop/catkin/catkin_ws/install/bot_gazebo/share/bot_gazebo/world/warehouse/models/aws_robomaker_warehouse_ClutteringC_01/materials/textures/aws_robomaker_warehouse_ClutteringC_01.png
-- Up-to-date: /home/agv/Desktop/catkin/catkin_ws/install/bot_gazebo/share/bot_gazebo/world/warehouse/models/aws_robomaker_warehouse_ClutteringC_01/materials/textures/aws_robomaker_warehouse_ClutteringC_02.png
-- Up-to-date: /home/agv/Desktop/catkin/catkin_ws/install/bot_gazebo/share/bot_gazebo/world/warehouse/models/aws_robomaker_warehouse_ClutteringC_01/model.config
-- Up-to-date: /home/agv/Desktop/catkin/catkin_ws/install/bot_gazebo/share/bot_gazebo/world/warehouse/models/aws_robomaker_warehouse_ShelfE_01
-- Up-to-date: /home/agv/Desktop/catkin/catkin_ws/install/bot_gazebo/share/bot_gazebo/world/warehouse/models/aws_robomaker_warehouse_ShelfE_01/model.sdf
-- Up-to-date: /home/agv/Desktop/catkin/catkin_ws/install/bot_gazebo/share/bot_gazebo/world/warehouse/models/aws_robomaker_warehouse_ShelfE_01/.DS_Store
-- Up-to-date: /home/agv/Desktop/catkin/catkin_ws/install/bot_gazebo/share/bot_gazebo/world/warehouse/models/aws_robomaker_warehouse_ShelfE_01/meshes
-- Up-to-date: /home/agv/Desktop/catkin/catkin_ws/install/bot_gazebo/share/bot_gazebo/world/warehouse/models/aws_robomaker_warehouse_ShelfE_01/meshes/aws_robomaker_warehouse_ShelfE_01_collision.DAE
-- Up-to-date: /home/agv/Desktop/catkin/catkin_ws/install/bot_gazebo/share/bot_gazebo/world/warehouse/models/aws_robomaker_warehouse_ShelfE_01/meshes/aws_robomaker_warehouse_ShelfE_01_visual.DAE
-- Up-to-date: /home/agv/Desktop/catkin/catkin_ws/install/bot_gazebo/share/bot_gazebo/world/warehouse/models/aws_robomaker_warehouse_ShelfE_01/materials
-- Up-to-date: /home/agv/Desktop/catkin/catkin_ws/install/bot_gazebo/share/bot_gazebo/world/warehouse/models/aws_robomaker_warehouse_ShelfE_01/materials/textures
-- Up-to-date: /home/agv/Desktop/catkin/catkin_ws/install/bot_gazebo/share/bot_gazebo/world/warehouse/models/aws_robomaker_warehouse_ShelfE_01/materials/textures/aws_robomaker_warehouse_ShelfE_02.png
-- Up-to-date: /home/agv/Desktop/catkin/catkin_ws/install/bot_gazebo/share/bot_gazebo/world/warehouse/models/aws_robomaker_warehouse_ShelfE_01/materials/textures/aws_robomaker_warehouse_ShelfE_01.png
-- Up-to-date: /home/agv/Desktop/catkin/catkin_ws/install/bot_gazebo/share/bot_gazebo/world/warehouse/models/aws_robomaker_warehouse_ShelfE_01/materials/textures/aws_robomaker_warehouse_ShelfE_03.png
-- Up-to-date: /home/agv/Desktop/catkin/catkin_ws/install/bot_gazebo/share/bot_gazebo/world/warehouse/models/aws_robomaker_warehouse_ShelfE_01/materials/textures/aws_robomaker_warehouse_ShelfE_04.png
-- Up-to-date: /home/agv/Desktop/catkin/catkin_ws/install/bot_gazebo/share/bot_gazebo/world/warehouse/models/aws_robomaker_warehouse_ShelfE_01/materials/.DS_Store
-- Up-to-date: /home/agv/Desktop/catkin/catkin_ws/install/bot_gazebo/share/bot_gazebo/world/warehouse/models/aws_robomaker_warehouse_ShelfE_01/model.config
-- Up-to-date: /home/agv/Desktop/catkin/catkin_ws/install/bot_gazebo/share/bot_gazebo/world/warehouse/models/apriltag_0
-- Up-to-date: /home/agv/Desktop/catkin/catkin_ws/install/bot_gazebo/share/bot_gazebo/world/warehouse/models/apriltag_0/apriltag_0.sdf
-- Up-to-date: /home/agv/Desktop/catkin/catkin_ws/install/bot_gazebo/share/bot_gazebo/world/warehouse/models/apriltag_0/meshes
-- Up-to-date: /home/agv/Desktop/catkin/catkin_ws/install/bot_gazebo/share/bot_gazebo/world/warehouse/models/apriltag_0/meshes/apriltag_0.dae
-- Up-to-date: /home/agv/Desktop/catkin/catkin_ws/install/bot_gazebo/share/bot_gazebo/world/warehouse/models/apriltag_0/model.config
-- Up-to-date: /home/agv/Desktop/catkin/catkin_ws/install/bot_gazebo/share/bot_gazebo/world/warehouse/models/aws_robomaker_warehouse_WallB_01
-- Up-to-date: /home/agv/Desktop/catkin/catkin_ws/install/bot_gazebo/share/bot_gazebo/world/warehouse/models/aws_robomaker_warehouse_WallB_01/model.sdf
-- Up-to-date: /home/agv/Desktop/catkin/catkin_ws/install/bot_gazebo/share/bot_gazebo/world/warehouse/models/aws_robomaker_warehouse_WallB_01/meshes
-- Up-to-date: /home/agv/Desktop/catkin/catkin_ws/install/bot_gazebo/share/bot_gazebo/world/warehouse/models/aws_robomaker_warehouse_WallB_01/meshes/aws_robomaker_warehouse_WallB_01_collision.DAE
-- Up-to-date: /home/agv/Desktop/catkin/catkin_ws/install/bot_gazebo/share/bot_gazebo/world/warehouse/models/aws_robomaker_warehouse_WallB_01/meshes/aws_robomaker_warehouse_WallB_01_visual.DAE
-- Up-to-date: /home/agv/Desktop/catkin/catkin_ws/install/bot_gazebo/share/bot_gazebo/world/warehouse/models/aws_robomaker_warehouse_WallB_01/materials
-- Up-to-date: /home/agv/Desktop/catkin/catkin_ws/install/bot_gazebo/share/bot_gazebo/world/warehouse/models/aws_robomaker_warehouse_WallB_01/materials/textures
-- Up-to-date: /home/agv/Desktop/catkin/catkin_ws/install/bot_gazebo/share/bot_gazebo/world/warehouse/models/aws_robomaker_warehouse_WallB_01/materials/textures/aws_robomaker_warehouse_WallB_01.png
-- Up-to-date: /home/agv/Desktop/catkin/catkin_ws/install/bot_gazebo/share/bot_gazebo/world/warehouse/models/aws_robomaker_warehouse_WallB_01/model.config
-- Up-to-date: /home/agv/Desktop/catkin/catkin_ws/install/bot_gazebo/share/bot_gazebo/world/warehouse/models/aws_robomaker_warehouse_ShelfF_01
-- Up-to-date: /home/agv/Desktop/catkin/catkin_ws/install/bot_gazebo/share/bot_gazebo/world/warehouse/models/aws_robomaker_warehouse_ShelfF_01/model.sdf
-- Up-to-date: /home/agv/Desktop/catkin/catkin_ws/install/bot_gazebo/share/bot_gazebo/world/warehouse/models/aws_robomaker_warehouse_ShelfF_01/meshes
-- Up-to-date: /home/agv/Desktop/catkin/catkin_ws/install/bot_gazebo/share/bot_gazebo/world/warehouse/models/aws_robomaker_warehouse_ShelfF_01/meshes/aws_robomaker_warehouse_ShelfF_01_collision.DAE
-- Up-to-date: /home/agv/Desktop/catkin/catkin_ws/install/bot_gazebo/share/bot_gazebo/world/warehouse/models/aws_robomaker_warehouse_ShelfF_01/meshes/aws_robomaker_warehouse_ShelfF_01_visual.DAE
-- Up-to-date: /home/agv/Desktop/catkin/catkin_ws/install/bot_gazebo/share/bot_gazebo/world/warehouse/models/aws_robomaker_warehouse_ShelfF_01/materials
-- Up-to-date: /home/agv/Desktop/catkin/catkin_ws/install/bot_gazebo/share/bot_gazebo/world/warehouse/models/aws_robomaker_warehouse_ShelfF_01/materials/textures
-- Up-to-date: /home/agv/Desktop/catkin/catkin_ws/install/bot_gazebo/share/bot_gazebo/world/warehouse/models/aws_robomaker_warehouse_ShelfF_01/materials/textures/aws_robomaker_warehouse_ShelfF_03.png
-- Up-to-date: /home/agv/Desktop/catkin/catkin_ws/install/bot_gazebo/share/bot_gazebo/world/warehouse/models/aws_robomaker_warehouse_ShelfF_01/materials/textures/aws_robomaker_warehouse_ShelfF_01.png
-- Up-to-date: /home/agv/Desktop/catkin/catkin_ws/install/bot_gazebo/share/bot_gazebo/world/warehouse/models/aws_robomaker_warehouse_ShelfF_01/materials/textures/aws_robomaker_warehouse_ShelfF_02.png
-- Up-to-date: /home/agv/Desktop/catkin/catkin_ws/install/bot_gazebo/share/bot_gazebo/world/warehouse/models/aws_robomaker_warehouse_ShelfF_01/model.config
-- Up-to-date: /home/agv/Desktop/catkin/catkin_ws/install/bot_gazebo/share/bot_gazebo/world/warehouse/models/aws_robomaker_warehouse_PalletJackB_01
-- Up-to-date: /home/agv/Desktop/catkin/catkin_ws/install/bot_gazebo/share/bot_gazebo/world/warehouse/models/aws_robomaker_warehouse_PalletJackB_01/model.sdf
-- Up-to-date: /home/agv/Desktop/catkin/catkin_ws/install/bot_gazebo/share/bot_gazebo/world/warehouse/models/aws_robomaker_warehouse_PalletJackB_01/.DS_Store
-- Up-to-date: /home/agv/Desktop/catkin/catkin_ws/install/bot_gazebo/share/bot_gazebo/world/warehouse/models/aws_robomaker_warehouse_PalletJackB_01/meshes
-- Up-to-date: /home/agv/Desktop/catkin/catkin_ws/install/bot_gazebo/share/bot_gazebo/world/warehouse/models/aws_robomaker_warehouse_PalletJackB_01/meshes/aws_robomaker_warehouse_PalletJackB_01_collision.DAE
-- Up-to-date: /home/agv/Desktop/catkin/catkin_ws/install/bot_gazebo/share/bot_gazebo/world/warehouse/models/aws_robomaker_warehouse_PalletJackB_01/meshes/aws_robomaker_warehouse_PalletJackB_01_visual.DAE
-- Up-to-date: /home/agv/Desktop/catkin/catkin_ws/install/bot_gazebo/share/bot_gazebo/world/warehouse/models/aws_robomaker_warehouse_PalletJackB_01/materials
-- Up-to-date: /home/agv/Desktop/catkin/catkin_ws/install/bot_gazebo/share/bot_gazebo/world/warehouse/models/aws_robomaker_warehouse_PalletJackB_01/materials/textures
-- Up-to-date: /home/agv/Desktop/catkin/catkin_ws/install/bot_gazebo/share/bot_gazebo/world/warehouse/models/aws_robomaker_warehouse_PalletJackB_01/materials/textures/aws_robomaker_warehouse_PalletJackB_01.png
-- Up-to-date: /home/agv/Desktop/catkin/catkin_ws/install/bot_gazebo/share/bot_gazebo/world/warehouse/models/aws_robomaker_warehouse_PalletJackB_01/materials/textures/aws_robomaker_warehouse_PalletJackB_02.png
-- Up-to-date: /home/agv/Desktop/catkin/catkin_ws/install/bot_gazebo/share/bot_gazebo/world/warehouse/models/aws_robomaker_warehouse_PalletJackB_01/materials/.DS_Store
-- Up-to-date: /home/agv/Desktop/catkin/catkin_ws/install/bot_gazebo/share/bot_gazebo/world/warehouse/models/aws_robomaker_warehouse_PalletJackB_01/model.config
-- Up-to-date: /home/agv/Desktop/catkin/catkin_ws/install/bot_gazebo/share/bot_gazebo/world/warehouse/models/aws_robomaker_warehouse_Lamp_01
-- Up-to-date: /home/agv/Desktop/catkin/catkin_ws/install/bot_gazebo/share/bot_gazebo/world/warehouse/models/aws_robomaker_warehouse_Lamp_01/model.sdf
-- Up-to-date: /home/agv/Desktop/catkin/catkin_ws/install/bot_gazebo/share/bot_gazebo/world/warehouse/models/aws_robomaker_warehouse_Lamp_01/meshes
-- Up-to-date: /home/agv/Desktop/catkin/catkin_ws/install/bot_gazebo/share/bot_gazebo/world/warehouse/models/aws_robomaker_warehouse_Lamp_01/meshes/aws_robomaker_warehouse_Lamp_01_visual.DAE
-- Up-to-date: /home/agv/Desktop/catkin/catkin_ws/install/bot_gazebo/share/bot_gazebo/world/warehouse/models/aws_robomaker_warehouse_Lamp_01/meshes/aws_robomaker_warehouse_Lamp_01_collision.DAE
-- Up-to-date: /home/agv/Desktop/catkin/catkin_ws/install/bot_gazebo/share/bot_gazebo/world/warehouse/models/aws_robomaker_warehouse_Lamp_01/materials
-- Up-to-date: /home/agv/Desktop/catkin/catkin_ws/install/bot_gazebo/share/bot_gazebo/world/warehouse/models/aws_robomaker_warehouse_Lamp_01/materials/textures
-- Up-to-date: /home/agv/Desktop/catkin/catkin_ws/install/bot_gazebo/share/bot_gazebo/world/warehouse/models/aws_robomaker_warehouse_Lamp_01/materials/textures/aws_robomaker_warehouse_Lamp_01.png
-- Up-to-date: /home/agv/Desktop/catkin/catkin_ws/install/bot_gazebo/share/bot_gazebo/world/warehouse/models/aws_robomaker_warehouse_Lamp_01/model.config
-- Up-to-date: /home/agv/Desktop/catkin/catkin_ws/install/bot_gazebo/share/bot_gazebo/world/warehouse/models/.DS_Store
-- Up-to-date: /home/agv/Desktop/catkin/catkin_ws/install/bot_gazebo/share/bot_gazebo/world/warehouse/models/aws_robomaker_warehouse_GroundB_01
-- Up-to-date: /home/agv/Desktop/catkin/catkin_ws/install/bot_gazebo/share/bot_gazebo/world/warehouse/models/aws_robomaker_warehouse_GroundB_01/model.sdf
-- Up-to-date: /home/agv/Desktop/catkin/catkin_ws/install/bot_gazebo/share/bot_gazebo/world/warehouse/models/aws_robomaker_warehouse_GroundB_01/meshes
-- Up-to-date: /home/agv/Desktop/catkin/catkin_ws/install/bot_gazebo/share/bot_gazebo/world/warehouse/models/aws_robomaker_warehouse_GroundB_01/meshes/aws_robomaker_warehouse_GroundB_01_visual.DAE
-- Up-to-date: /home/agv/Desktop/catkin/catkin_ws/install/bot_gazebo/share/bot_gazebo/world/warehouse/models/aws_robomaker_warehouse_GroundB_01/meshes/aws_robomaker_warehouse_GroundB_01_collision.DAE
-- Up-to-date: /home/agv/Desktop/catkin/catkin_ws/install/bot_gazebo/share/bot_gazebo/world/warehouse/models/aws_robomaker_warehouse_GroundB_01/materials
-- Up-to-date: /home/agv/Desktop/catkin/catkin_ws/install/bot_gazebo/share/bot_gazebo/world/warehouse/models/aws_robomaker_warehouse_GroundB_01/materials/textures
-- Up-to-date: /home/agv/Desktop/catkin/catkin_ws/install/bot_gazebo/share/bot_gazebo/world/warehouse/models/aws_robomaker_warehouse_GroundB_01/materials/textures/aws_robomaker_warehouse_GroundB_01.png
-- Up-to-date: /home/agv/Desktop/catkin/catkin_ws/install/bot_gazebo/share/bot_gazebo/world/warehouse/models/aws_robomaker_warehouse_GroundB_01/materials/textures/aws_robomaker_warehouse_GroundB_02.png
-- Up-to-date: /home/agv/Desktop/catkin/catkin_ws/install/bot_gazebo/share/bot_gazebo/world/warehouse/models/aws_robomaker_warehouse_GroundB_01/model.config
-- Up-to-date: /home/agv/Desktop/catkin/catkin_ws/install/bot_gazebo/share/bot_gazebo/world/warehouse/models/aws_robomaker_warehouse_Bucket_01
-- Up-to-date: /home/agv/Desktop/catkin/catkin_ws/install/bot_gazebo/share/bot_gazebo/world/warehouse/models/aws_robomaker_warehouse_Bucket_01/model.sdf
-- Up-to-date: /home/agv/Desktop/catkin/catkin_ws/install/bot_gazebo/share/bot_gazebo/world/warehouse/models/aws_robomaker_warehouse_Bucket_01/.DS_Store
-- Up-to-date: /home/agv/Desktop/catkin/catkin_ws/install/bot_gazebo/share/bot_gazebo/world/warehouse/models/aws_robomaker_warehouse_Bucket_01/meshes
-- Up-to-date: /home/agv/Desktop/catkin/catkin_ws/install/bot_gazebo/share/bot_gazebo/world/warehouse/models/aws_robomaker_warehouse_Bucket_01/meshes/aws_robomaker_warehouse_Bucket_01_visual.DAE
-- Up-to-date: /home/agv/Desktop/catkin/catkin_ws/install/bot_gazebo/share/bot_gazebo/world/warehouse/models/aws_robomaker_warehouse_Bucket_01/meshes/aws_robomaker_warehouse_Bucket_01_collision.DAE
-- Up-to-date: /home/agv/Desktop/catkin/catkin_ws/install/bot_gazebo/share/bot_gazebo/world/warehouse/models/aws_robomaker_warehouse_Bucket_01/materials
-- Up-to-date: /home/agv/Desktop/catkin/catkin_ws/install/bot_gazebo/share/bot_gazebo/world/warehouse/models/aws_robomaker_warehouse_Bucket_01/materials/textures
-- Up-to-date: /home/agv/Desktop/catkin/catkin_ws/install/bot_gazebo/share/bot_gazebo/world/warehouse/models/aws_robomaker_warehouse_Bucket_01/materials/textures/aws_robomaker_warehouse_Bucket_01.png
-- Up-to-date: /home/agv/Desktop/catkin/catkin_ws/install/bot_gazebo/share/bot_gazebo/world/warehouse/models/aws_robomaker_warehouse_Bucket_01/materials/.DS_Store
-- Up-to-date: /home/agv/Desktop/catkin/catkin_ws/install/bot_gazebo/share/bot_gazebo/world/warehouse/models/aws_robomaker_warehouse_Bucket_01/model.config
-- Up-to-date: /home/agv/Desktop/catkin/catkin_ws/install/bot_gazebo/share/bot_gazebo/world/warehouse/models/aws_robomaker_warehouse_ShelfD_01
-- Up-to-date: /home/agv/Desktop/catkin/catkin_ws/install/bot_gazebo/share/bot_gazebo/world/warehouse/models/aws_robomaker_warehouse_ShelfD_01/model.sdf
-- Up-to-date: /home/agv/Desktop/catkin/catkin_ws/install/bot_gazebo/share/bot_gazebo/world/warehouse/models/aws_robomaker_warehouse_ShelfD_01/meshes
-- Up-to-date: /home/agv/Desktop/catkin/catkin_ws/install/bot_gazebo/share/bot_gazebo/world/warehouse/models/aws_robomaker_warehouse_ShelfD_01/meshes/aws_robomaker_warehouse_ShelfD_01_collision.DAE
-- Up-to-date: /home/agv/Desktop/catkin/catkin_ws/install/bot_gazebo/share/bot_gazebo/world/warehouse/models/aws_robomaker_warehouse_ShelfD_01/meshes/aws_robomaker_warehouse_ShelfD_01_visual.DAE
-- Up-to-date: /home/agv/Desktop/catkin/catkin_ws/install/bot_gazebo/share/bot_gazebo/world/warehouse/models/aws_robomaker_warehouse_ShelfD_01/materials
-- Up-to-date: /home/agv/Desktop/catkin/catkin_ws/install/bot_gazebo/share/bot_gazebo/world/warehouse/models/aws_robomaker_warehouse_ShelfD_01/materials/textures
-- Up-to-date: /home/agv/Desktop/catkin/catkin_ws/install/bot_gazebo/share/bot_gazebo/world/warehouse/models/aws_robomaker_warehouse_ShelfD_01/materials/textures/aws_robomaker_warehouse_ShelfD_01.png
-- Up-to-date: /home/agv/Desktop/catkin/catkin_ws/install/bot_gazebo/share/bot_gazebo/world/warehouse/models/aws_robomaker_warehouse_ShelfD_01/materials/textures/aws_robomaker_warehouse_ShelfD_02.png
-- Up-to-date: /home/agv/Desktop/catkin/catkin_ws/install/bot_gazebo/share/bot_gazebo/world/warehouse/models/aws_robomaker_warehouse_ShelfD_01/materials/textures/aws_robomaker_warehouse_ShelfD_04.png
-- Up-to-date: /home/agv/Desktop/catkin/catkin_ws/install/bot_gazebo/share/bot_gazebo/world/warehouse/models/aws_robomaker_warehouse_ShelfD_01/materials/textures/aws_robomaker_warehouse_ShelfD_03.png
-- Up-to-date: /home/agv/Desktop/catkin/catkin_ws/install/bot_gazebo/share/bot_gazebo/world/warehouse/models/aws_robomaker_warehouse_ShelfD_01/model.config
-- Up-to-date: /home/agv/Desktop/catkin/catkin_ws/install/bot_gazebo/share/bot_gazebo/world/warehouse/models/aws_robomaker_warehouse_ClutteringA_01
-- Up-to-date: /home/agv/Desktop/catkin/catkin_ws/install/bot_gazebo/share/bot_gazebo/world/warehouse/models/aws_robomaker_warehouse_ClutteringA_01/model.sdf
-- Up-to-date: /home/agv/Desktop/catkin/catkin_ws/install/bot_gazebo/share/bot_gazebo/world/warehouse/models/aws_robomaker_warehouse_ClutteringA_01/.DS_Store
-- Up-to-date: /home/agv/Desktop/catkin/catkin_ws/install/bot_gazebo/share/bot_gazebo/world/warehouse/models/aws_robomaker_warehouse_ClutteringA_01/meshes
-- Up-to-date: /home/agv/Desktop/catkin/catkin_ws/install/bot_gazebo/share/bot_gazebo/world/warehouse/models/aws_robomaker_warehouse_ClutteringA_01/meshes/aws_robomaker_warehouse_ClutteringA_01_visual.DAE
-- Up-to-date: /home/agv/Desktop/catkin/catkin_ws/install/bot_gazebo/share/bot_gazebo/world/warehouse/models/aws_robomaker_warehouse_ClutteringA_01/meshes/aws_robomaker_warehouse_ClutteringA_01_collision.DAE
-- Up-to-date: /home/agv/Desktop/catkin/catkin_ws/install/bot_gazebo/share/bot_gazebo/world/warehouse/models/aws_robomaker_warehouse_ClutteringA_01/materials
-- Up-to-date: /home/agv/Desktop/catkin/catkin_ws/install/bot_gazebo/share/bot_gazebo/world/warehouse/models/aws_robomaker_warehouse_ClutteringA_01/materials/textures
-- Up-to-date: /home/agv/Desktop/catkin/catkin_ws/install/bot_gazebo/share/bot_gazebo/world/warehouse/models/aws_robomaker_warehouse_ClutteringA_01/materials/textures/.DS_Store
-- Up-to-date: /home/agv/Desktop/catkin/catkin_ws/install/bot_gazebo/share/bot_gazebo/world/warehouse/models/aws_robomaker_warehouse_ClutteringA_01/materials/textures/aws_robomaker_warehouse_ClutteringA_02.png
-- Up-to-date: /home/agv/Desktop/catkin/catkin_ws/install/bot_gazebo/share/bot_gazebo/world/warehouse/models/aws_robomaker_warehouse_ClutteringA_01/materials/textures/aws_robomaker_warehouse_ClutteringA_03.png
-- Up-to-date: /home/agv/Desktop/catkin/catkin_ws/install/bot_gazebo/share/bot_gazebo/world/warehouse/models/aws_robomaker_warehouse_ClutteringA_01/materials/textures/aws_robomaker_warehouse_ClutteringA_01.png
-- Up-to-date: /home/agv/Desktop/catkin/catkin_ws/install/bot_gazebo/share/bot_gazebo/world/warehouse/models/aws_robomaker_warehouse_ClutteringA_01/materials/.DS_Store
-- Up-to-date: /home/agv/Desktop/catkin/catkin_ws/install/bot_gazebo/share/bot_gazebo/world/warehouse/models/aws_robomaker_warehouse_ClutteringA_01/model.config
-- Up-to-date: /home/agv/Desktop/catkin/catkin_ws/install/bot_gazebo/share/bot_gazebo/world/warehouse/models/aws_robomaker_warehouse_ClutteringD_01
-- Up-to-date: /home/agv/Desktop/catkin/catkin_ws/install/bot_gazebo/share/bot_gazebo/world/warehouse/models/aws_robomaker_warehouse_ClutteringD_01/model.sdf
-- Up-to-date: /home/agv/Desktop/catkin/catkin_ws/install/bot_gazebo/share/bot_gazebo/world/warehouse/models/aws_robomaker_warehouse_ClutteringD_01/meshes
-- Up-to-date: /home/agv/Desktop/catkin/catkin_ws/install/bot_gazebo/share/bot_gazebo/world/warehouse/models/aws_robomaker_warehouse_ClutteringD_01/meshes/aws_robomaker_warehouse_ClutteringD_01_collision.DAE
-- Up-to-date: /home/agv/Desktop/catkin/catkin_ws/install/bot_gazebo/share/bot_gazebo/world/warehouse/models/aws_robomaker_warehouse_ClutteringD_01/meshes/aws_robomaker_warehouse_ClutteringD_01_visual.DAE
-- Up-to-date: /home/agv/Desktop/catkin/catkin_ws/install/bot_gazebo/share/bot_gazebo/world/warehouse/models/aws_robomaker_warehouse_ClutteringD_01/materials
-- Up-to-date: /home/agv/Desktop/catkin/catkin_ws/install/bot_gazebo/share/bot_gazebo/world/warehouse/models/aws_robomaker_warehouse_ClutteringD_01/materials/textures
-- Up-to-date: /home/agv/Desktop/catkin/catkin_ws/install/bot_gazebo/share/bot_gazebo/world/warehouse/models/aws_robomaker_warehouse_ClutteringD_01/materials/textures/aws_robomaker_warehouse_ClutteringD_02.png
-- Up-to-date: /home/agv/Desktop/catkin/catkin_ws/install/bot_gazebo/share/bot_gazebo/world/warehouse/models/aws_robomaker_warehouse_ClutteringD_01/materials/textures/aws_robomaker_warehouse_ClutteringD_01.png
-- Up-to-date: /home/agv/Desktop/catkin/catkin_ws/install/bot_gazebo/share/bot_gazebo/world/warehouse/models/aws_robomaker_warehouse_ClutteringD_01/model.config
-- Up-to-date: /home/agv/Desktop/catkin/catkin_ws/install/bot_gazebo/share/bot_gazebo/world/warehouse/models/aws_robomaker_warehouse_TrashCanC_01
-- Up-to-date: /home/agv/Desktop/catkin/catkin_ws/install/bot_gazebo/share/bot_gazebo/world/warehouse/models/aws_robomaker_warehouse_TrashCanC_01/model.sdf
-- Up-to-date: /home/agv/Desktop/catkin/catkin_ws/install/bot_gazebo/share/bot_gazebo/world/warehouse/models/aws_robomaker_warehouse_TrashCanC_01/meshes
-- Up-to-date: /home/agv/Desktop/catkin/catkin_ws/install/bot_gazebo/share/bot_gazebo/world/warehouse/models/aws_robomaker_warehouse_TrashCanC_01/meshes/aws_robomaker_warehouse_TrashCanC_01_collision.DAE
-- Up-to-date: /home/agv/Desktop/catkin/catkin_ws/install/bot_gazebo/share/bot_gazebo/world/warehouse/models/aws_robomaker_warehouse_TrashCanC_01/meshes/aws_robomaker_warehouse_TrashCanC_01_visual.DAE
-- Up-to-date: /home/agv/Desktop/catkin/catkin_ws/install/bot_gazebo/share/bot_gazebo/world/warehouse/models/aws_robomaker_warehouse_TrashCanC_01/materials
-- Up-to-date: /home/agv/Desktop/catkin/catkin_ws/install/bot_gazebo/share/bot_gazebo/world/warehouse/models/aws_robomaker_warehouse_TrashCanC_01/materials/textures
-- Up-to-date: /home/agv/Desktop/catkin/catkin_ws/install/bot_gazebo/share/bot_gazebo/world/warehouse/models/aws_robomaker_warehouse_TrashCanC_01/materials/textures/aws_robomaker_warehouse_TrashCanC_01.png
-- Up-to-date: /home/agv/Desktop/catkin/catkin_ws/install/bot_gazebo/share/bot_gazebo/world/warehouse/models/aws_robomaker_warehouse_TrashCanC_01/model.config
-- Up-to-date: /home/agv/Desktop/catkin/catkin_ws/install/bot_gazebo/share/bot_gazebo/world/warehouse/models/aws_robomaker_warehouse_DeskC_01
-- Up-to-date: /home/agv/Desktop/catkin/catkin_ws/install/bot_gazebo/share/bot_gazebo/world/warehouse/models/aws_robomaker_warehouse_DeskC_01/model.sdf
-- Up-to-date: /home/agv/Desktop/catkin/catkin_ws/install/bot_gazebo/share/bot_gazebo/world/warehouse/models/aws_robomaker_warehouse_DeskC_01/meshes
-- Up-to-date: /home/agv/Desktop/catkin/catkin_ws/install/bot_gazebo/share/bot_gazebo/world/warehouse/models/aws_robomaker_warehouse_DeskC_01/meshes/aws_robomaker_warehouse_DeskC_01_visual.DAE
-- Up-to-date: /home/agv/Desktop/catkin/catkin_ws/install/bot_gazebo/share/bot_gazebo/world/warehouse/models/aws_robomaker_warehouse_DeskC_01/meshes/aws_robomaker_warehouse_DeskC_01_collision.DAE
-- Up-to-date: /home/agv/Desktop/catkin/catkin_ws/install/bot_gazebo/share/bot_gazebo/world/warehouse/models/aws_robomaker_warehouse_DeskC_01/materials
-- Up-to-date: /home/agv/Desktop/catkin/catkin_ws/install/bot_gazebo/share/bot_gazebo/world/warehouse/models/aws_robomaker_warehouse_DeskC_01/materials/textures
-- Up-to-date: /home/agv/Desktop/catkin/catkin_ws/install/bot_gazebo/share/bot_gazebo/world/warehouse/models/aws_robomaker_warehouse_DeskC_01/materials/textures/aws_robomaker_warehouse_DeskC_03.png
-- Up-to-date: /home/agv/Desktop/catkin/catkin_ws/install/bot_gazebo/share/bot_gazebo/world/warehouse/models/aws_robomaker_warehouse_DeskC_01/materials/textures/aws_robomaker_warehouse_DeskC_03.psd
-- Up-to-date: /home/agv/Desktop/catkin/catkin_ws/install/bot_gazebo/share/bot_gazebo/world/warehouse/models/aws_robomaker_warehouse_DeskC_01/materials/textures/aws_robomaker_warehouse_DeskC_02.png
-- Up-to-date: /home/agv/Desktop/catkin/catkin_ws/install/bot_gazebo/share/bot_gazebo/world/warehouse/models/aws_robomaker_warehouse_DeskC_01/materials/textures/aws_robomaker_warehouse_DeskC_04.png
-- Up-to-date: /home/agv/Desktop/catkin/catkin_ws/install/bot_gazebo/share/bot_gazebo/world/warehouse/models/aws_robomaker_warehouse_DeskC_01/materials/textures/aws_robomaker_warehouse_DeskC_01.png
-- Up-to-date: /home/agv/Desktop/catkin/catkin_ws/install/bot_gazebo/share/bot_gazebo/world/warehouse/models/aws_robomaker_warehouse_DeskC_01/materials/.DS_Store
-- Up-to-date: /home/agv/Desktop/catkin/catkin_ws/install/bot_gazebo/share/bot_gazebo/world/warehouse/models/aws_robomaker_warehouse_DeskC_01/model.config
-- Up-to-date: /home/agv/Desktop/catkin/catkin_ws/install/bot_gazebo/share/bot_gazebo/world/warehouse/models/apriltag_1
-- Up-to-date: /home/agv/Desktop/catkin/catkin_ws/install/bot_gazebo/share/bot_gazebo/world/warehouse/models/apriltag_1/meshes
-- Up-to-date: /home/agv/Desktop/catkin/catkin_ws/install/bot_gazebo/share/bot_gazebo/world/warehouse/models/apriltag_1/meshes/apriltag_1.dae
-- Up-to-date: /home/agv/Desktop/catkin/catkin_ws/install/bot_gazebo/share/bot_gazebo/world/warehouse/models/apriltag_1/model.config
-- Up-to-date: /home/agv/Desktop/catkin/catkin_ws/install/bot_gazebo/share/bot_gazebo/world/warehouse/models/apriltag_1/apriltag_1.sdf
-- Up-to-date: /home/agv/Desktop/catkin/catkin_ws/install/bot_gazebo/share/bot_gazebo/world/warehouse/models/aws_robomaker_warehouse_RoofB_01
-- Up-to-date: /home/agv/Desktop/catkin/catkin_ws/install/bot_gazebo/share/bot_gazebo/world/warehouse/models/aws_robomaker_warehouse_RoofB_01/model.sdf
-- Up-to-date: /home/agv/Desktop/catkin/catkin_ws/install/bot_gazebo/share/bot_gazebo/world/warehouse/models/aws_robomaker_warehouse_RoofB_01/meshes
-- Up-to-date: /home/agv/Desktop/catkin/catkin_ws/install/bot_gazebo/share/bot_gazebo/world/warehouse/models/aws_robomaker_warehouse_RoofB_01/meshes/aws_robomaker_warehouse_RoofB_01_collision.DAE
-- Up-to-date: /home/agv/Desktop/catkin/catkin_ws/install/bot_gazebo/share/bot_gazebo/world/warehouse/models/aws_robomaker_warehouse_RoofB_01/meshes/aws_robomaker_warehouse_RoofB_01_visual.DAE
-- Up-to-date: /home/agv/Desktop/catkin/catkin_ws/install/bot_gazebo/share/bot_gazebo/world/warehouse/models/aws_robomaker_warehouse_RoofB_01/materials
-- Up-to-date: /home/agv/Desktop/catkin/catkin_ws/install/bot_gazebo/share/bot_gazebo/world/warehouse/models/aws_robomaker_warehouse_RoofB_01/materials/textures
-- Up-to-date: /home/agv/Desktop/catkin/catkin_ws/install/bot_gazebo/share/bot_gazebo/world/warehouse/models/aws_robomaker_warehouse_RoofB_01/materials/textures/aws_robomaker_warehouse_RoofB_01.png
-- Up-to-date: /home/agv/Desktop/catkin/catkin_ws/install/bot_gazebo/share/bot_gazebo/world/warehouse/models/aws_robomaker_warehouse_RoofB_01/model.config
-- Up-to-date: /home/agv/Desktop/catkin/catkin_ws/install/bot_gazebo/share/bot_gazebo/world/test_april
-- Up-to-date: /home/agv/Desktop/catkin/catkin_ws/install/bot_gazebo/share/bot_gazebo/world/test_april/test2.world
-- Up-to-date: /home/agv/Desktop/catkin/catkin_ws/install/bot_gazebo/share/bot_gazebo/world/test_april/test.world
-- Up-to-date: /home/agv/Desktop/catkin/catkin_ws/install/bot_gazebo/share/bot_gazebo/world/test_april/models
-- Up-to-date: /home/agv/Desktop/catkin/catkin_ws/install/bot_gazebo/share/bot_gazebo/world/test_april/models/apriltag_0
-- Up-to-date: /home/agv/Desktop/catkin/catkin_ws/install/bot_gazebo/share/bot_gazebo/world/test_april/models/apriltag_0/apriltag_0.sdf
-- Up-to-date: /home/agv/Desktop/catkin/catkin_ws/install/bot_gazebo/share/bot_gazebo/world/test_april/models/apriltag_0/meshes
-- Up-to-date: /home/agv/Desktop/catkin/catkin_ws/install/bot_gazebo/share/bot_gazebo/world/test_april/models/apriltag_0/meshes/apriltag_0.dae
-- Up-to-date: /home/agv/Desktop/catkin/catkin_ws/install/bot_gazebo/share/bot_gazebo/world/test_april/models/apriltag_0/model.config
-- Up-to-date: /home/agv/Desktop/catkin/catkin_ws/install/bot_gazebo/share/bot_gazebo/world/test_april/models/apriltag_1
-- Up-to-date: /home/agv/Desktop/catkin/catkin_ws/install/bot_gazebo/share/bot_gazebo/world/test_april/models/apriltag_1/meshes
-- Up-to-date: /home/agv/Desktop/catkin/catkin_ws/install/bot_gazebo/share/bot_gazebo/world/test_april/models/apriltag_1/meshes/apriltag_1.dae
-- Up-to-date: /home/agv/Desktop/catkin/catkin_ws/install/bot_gazebo/share/bot_gazebo/world/test_april/models/apriltag_1/model.config
-- Up-to-date: /home/agv/Desktop/catkin/catkin_ws/install/bot_gazebo/share/bot_gazebo/world/test_april/models/apriltag_1/apriltag_1.sdf
-- Up-to-date: /home/agv/Desktop/catkin/catkin_ws/install/bot_gazebo/share/ament_index/resource_index/package_run_dependencies/bot_gazebo
-- Up-to-date: /home/agv/Desktop/catkin/catkin_ws/install/bot_gazebo/share/ament_index/resource_index/parent_prefix_path/bot_gazebo
-- Up-to-date: /home/agv/Desktop/catkin/catkin_ws/install/bot_gazebo/share/bot_gazebo/environment/ament_prefix_path.sh
-- Up-to-date: /home/agv/Desktop/catkin/catkin_ws/install/bot_gazebo/share/bot_gazebo/environment/ament_prefix_path.dsv
-- Up-to-date: /home/agv/Desktop/catkin/catkin_ws/install/bot_gazebo/share/bot_gazebo/environment/path.sh
-- Up-to-date: /home/agv/Desktop/catkin/catkin_ws/install/bot_gazebo/share/bot_gazebo/environment/path.dsv
-- Up-to-date: /home/agv/Desktop/catkin/catkin_ws/install/bot_gazebo/share/bot_gazebo/local_setup.bash
-- Up-to-date: /home/agv/Desktop/catkin/catkin_ws/install/bot_gazebo/share/bot_gazebo/local_setup.sh
-- Up-to-date: /home/agv/Desktop/catkin/catkin_ws/install/bot_gazebo/share/bot_gazebo/local_setup.zsh
-- Up-to-date: /home/agv/Desktop/catkin/catkin_ws/install/bot_gazebo/share/bot_gazebo/local_setup.dsv
-- Installing: /home/agv/Desktop/catkin/catkin_ws/install/bot_gazebo/share/bot_gazebo/package.dsv
-- Up-to-date: /home/agv/Desktop/catkin/catkin_ws/install/bot_gazebo/share/ament_index/resource_index/packages/bot_gazebo
-- Up-to-date: /home/agv/Desktop/catkin/catkin_ws/install/bot_gazebo/share/bot_gazebo/cmake/bot_gazeboConfig.cmake
-- Up-to-date: /home/agv/Desktop/catkin/catkin_ws/install/bot_gazebo/share/bot_gazebo/cmake/bot_gazeboConfig-version.cmake
-- Up-to-date: /home/agv/Desktop/catkin/catkin_ws/install/bot_gazebo/share/bot_gazebo/package.xml
