running egg_info
writing ../../build/bot_navigation/bot_navigation.egg-info/PKG-INFO
writing dependency_links to ../../build/bot_navigation/bot_navigation.egg-info/dependency_links.txt
writing entry points to ../../build/bot_navigation/bot_navigation.egg-info/entry_points.txt
writing requirements to ../../build/bot_navigation/bot_navigation.egg-info/requires.txt
writing top-level names to ../../build/bot_navigation/bot_navigation.egg-info/top_level.txt
reading manifest file '../../build/bot_navigation/bot_navigation.egg-info/SOURCES.txt'
writing manifest file '../../build/bot_navigation/bot_navigation.egg-info/SOURCES.txt'
running build
running build_py
copying bot_navigation/waypoint_navigator.py -> /home/agv/Desktop/catkin/catkin_ws/build/bot_navigation/build/lib/bot_navigation
running install
running install_lib
copying /home/agv/Desktop/catkin/catkin_ws/build/bot_navigation/build/lib/bot_navigation/waypoint_navigator.py -> /home/agv/Desktop/catkin/catkin_ws/install/bot_navigation/lib/python3.10/site-packages/bot_navigation
byte-compiling /home/agv/Desktop/catkin/catkin_ws/install/bot_navigation/lib/python3.10/site-packages/bot_navigation/waypoint_navigator.py to waypoint_navigator.cpython-310.pyc
running install_data
copying package.xml -> /home/agv/Desktop/catkin/catkin_ws/install/bot_navigation/share/bot_navigation
copying launch/nav2.launch.py -> /home/agv/Desktop/catkin/catkin_ws/install/bot_navigation/share/bot_navigation/launch
copying config/nav2_params.yaml -> /home/agv/Desktop/catkin/catkin_ws/install/bot_navigation/share/bot_navigation/config
running install_egg_info
removing '/home/agv/Desktop/catkin/catkin_ws/install/bot_navigation/lib/python3.10/site-packages/bot_navigation-0.0.0-py3.10.egg-info' (and everything under it)
Copying ../../build/bot_navigation/bot_navigation.egg-info to /home/agv/Desktop/catkin/catkin_ws/install/bot_navigation/lib/python3.10/site-packages/bot_navigation-0.0.0-py3.10.egg-info
running install_scripts
Installing waypoint_navigator script to /home/agv/Desktop/catkin/catkin_ws/install/bot_navigation/lib/bot_navigation
writing list of installed files to '/home/agv/Desktop/catkin/catkin_ws/build/bot_navigation/install.log'
