[1.905s] Invoking command in '/home/agv/Desktop/catkin/catkin_ws/src/bot_navigation': PYTHONPATH=/home/agv/Desktop/catkin/catkin_ws/build/bot_navigation/prefix_override:/usr/lib/python3/dist-packages/colcon_core/task/python/colcon_distutils_commands:/home/agv/Desktop/catkin/catkin_ws/install/bot_navigation/lib/python3.10/site-packages:${PYTHONPATH} /usr/bin/python3 -W ignore:setup.py install is deprecated -W ignore:easy_install command is deprecated setup.py egg_info --egg-base ../../build/bot_navigation build --build-base /home/agv/Desktop/catkin/catkin_ws/build/bot_navigation/build install --record /home/agv/Desktop/catkin/catkin_ws/build/bot_navigation/install.log --single-version-externally-managed install_data
[2.190s] running egg_info
[2.191s] writing ../../build/bot_navigation/bot_navigation.egg-info/PKG-INFO
[2.192s] writing dependency_links to ../../build/bot_navigation/bot_navigation.egg-info/dependency_links.txt
[2.193s] writing entry points to ../../build/bot_navigation/bot_navigation.egg-info/entry_points.txt
[2.194s] writing requirements to ../../build/bot_navigation/bot_navigation.egg-info/requires.txt
[2.194s] writing top-level names to ../../build/bot_navigation/bot_navigation.egg-info/top_level.txt
[2.197s] reading manifest file '../../build/bot_navigation/bot_navigation.egg-info/SOURCES.txt'
[2.199s] writing manifest file '../../build/bot_navigation/bot_navigation.egg-info/SOURCES.txt'
[2.199s] running build
[2.199s] running build_py
[2.199s] copying bot_navigation/waypoint_navigator.py -> /home/agv/Desktop/catkin/catkin_ws/build/bot_navigation/build/lib/bot_navigation
[2.200s] running install
[2.200s] running install_lib
[2.202s] copying /home/agv/Desktop/catkin/catkin_ws/build/bot_navigation/build/lib/bot_navigation/waypoint_navigator.py -> /home/agv/Desktop/catkin/catkin_ws/install/bot_navigation/lib/python3.10/site-packages/bot_navigation
[2.203s] byte-compiling /home/agv/Desktop/catkin/catkin_ws/install/bot_navigation/lib/python3.10/site-packages/bot_navigation/waypoint_navigator.py to waypoint_navigator.cpython-310.pyc
[2.204s] running install_data
[2.205s] copying package.xml -> /home/agv/Desktop/catkin/catkin_ws/install/bot_navigation/share/bot_navigation
[2.205s] copying launch/nav2.launch.py -> /home/agv/Desktop/catkin/catkin_ws/install/bot_navigation/share/bot_navigation/launch
[2.205s] copying config/nav2_params.yaml -> /home/agv/Desktop/catkin/catkin_ws/install/bot_navigation/share/bot_navigation/config
[2.206s] running install_egg_info
[2.207s] removing '/home/agv/Desktop/catkin/catkin_ws/install/bot_navigation/lib/python3.10/site-packages/bot_navigation-0.0.0-py3.10.egg-info' (and everything under it)
[2.209s] Copying ../../build/bot_navigation/bot_navigation.egg-info to /home/agv/Desktop/catkin/catkin_ws/install/bot_navigation/lib/python3.10/site-packages/bot_navigation-0.0.0-py3.10.egg-info
[2.209s] running install_scripts
[2.251s] Installing waypoint_navigator script to /home/agv/Desktop/catkin/catkin_ws/install/bot_navigation/lib/bot_navigation
[2.252s] writing list of installed files to '/home/agv/Desktop/catkin/catkin_ws/build/bot_navigation/install.log'
[2.282s] Invoked command in '/home/agv/Desktop/catkin/catkin_ws/src/bot_navigation' returned '0': PYTHONPATH=/home/agv/Desktop/catkin/catkin_ws/build/bot_navigation/prefix_override:/usr/lib/python3/dist-packages/colcon_core/task/python/colcon_distutils_commands:/home/agv/Desktop/catkin/catkin_ws/install/bot_navigation/lib/python3.10/site-packages:${PYTHONPATH} /usr/bin/python3 -W ignore:setup.py install is deprecated -W ignore:easy_install command is deprecated setup.py egg_info --egg-base ../../build/bot_navigation build --build-base /home/agv/Desktop/catkin/catkin_ws/build/bot_navigation/build install --record /home/agv/Desktop/catkin/catkin_ws/build/bot_navigation/install.log --single-version-externally-managed install_data
