[1.649s] Invoking command in '/home/agv/Desktop/catkin/catkin_ws/src/bot_apriltag': PYTHONPATH=/home/agv/Desktop/catkin/catkin_ws/build/bot_apriltag/prefix_override:/usr/lib/python3/dist-packages/colcon_core/task/python/colcon_distutils_commands:/home/agv/Desktop/catkin/catkin_ws/install/bot_apriltag/lib/python3.10/site-packages:${PYTHONPATH} /usr/bin/python3 -W ignore:setup.py install is deprecated -W ignore:easy_install command is deprecated setup.py egg_info --egg-base ../../build/bot_apriltag build --build-base /home/agv/Desktop/catkin/catkin_ws/build/bot_apriltag/build install --record /home/agv/Desktop/catkin/catkin_ws/build/bot_apriltag/install.log --single-version-externally-managed install_data
[1.981s] running egg_info
[1.982s] creating ../../build/bot_apriltag/bot_apriltag.egg-info
[1.983s] writing ../../build/bot_apriltag/bot_apriltag.egg-info/PKG-INFO
[1.983s] writing dependency_links to ../../build/bot_apriltag/bot_apriltag.egg-info/dependency_links.txt
[1.983s] writing entry points to ../../build/bot_apriltag/bot_apriltag.egg-info/entry_points.txt
[1.985s] writing requirements to ../../build/bot_apriltag/bot_apriltag.egg-info/requires.txt
[1.985s] writing top-level names to ../../build/bot_apriltag/bot_apriltag.egg-info/top_level.txt
[1.985s] writing manifest file '../../build/bot_apriltag/bot_apriltag.egg-info/SOURCES.txt'
[1.986s] reading manifest file '../../build/bot_apriltag/bot_apriltag.egg-info/SOURCES.txt'
[1.987s] writing manifest file '../../build/bot_apriltag/bot_apriltag.egg-info/SOURCES.txt'
[1.987s] running build
[1.987s] running build_py
[1.990s] creating /home/agv/Desktop/catkin/catkin_ws/build/bot_apriltag/build
[1.991s] creating /home/agv/Desktop/catkin/catkin_ws/build/bot_apriltag/build/lib
[1.991s] creating /home/agv/Desktop/catkin/catkin_ws/build/bot_apriltag/build/lib/bot_apriltag
[1.991s] copying bot_apriltag/__init__.py -> /home/agv/Desktop/catkin/catkin_ws/build/bot_apriltag/build/lib/bot_apriltag
[1.991s] copying bot_apriltag/utils.py -> /home/agv/Desktop/catkin/catkin_ws/build/bot_apriltag/build/lib/bot_apriltag
[1.992s] copying bot_apriltag/apriltag_localizer.py -> /home/agv/Desktop/catkin/catkin_ws/build/bot_apriltag/build/lib/bot_apriltag
[1.992s] copying bot_apriltag/apriltag_detector.py -> /home/agv/Desktop/catkin/catkin_ws/build/bot_apriltag/build/lib/bot_apriltag
[1.992s] running install
[1.992s] running install_lib
[1.992s] creating /home/agv/Desktop/catkin/catkin_ws/install/bot_apriltag/lib/python3.10/site-packages/bot_apriltag
[1.992s] copying /home/agv/Desktop/catkin/catkin_ws/build/bot_apriltag/build/lib/bot_apriltag/__init__.py -> /home/agv/Desktop/catkin/catkin_ws/install/bot_apriltag/lib/python3.10/site-packages/bot_apriltag
[1.992s] copying /home/agv/Desktop/catkin/catkin_ws/build/bot_apriltag/build/lib/bot_apriltag/utils.py -> /home/agv/Desktop/catkin/catkin_ws/install/bot_apriltag/lib/python3.10/site-packages/bot_apriltag
[1.992s] copying /home/agv/Desktop/catkin/catkin_ws/build/bot_apriltag/build/lib/bot_apriltag/apriltag_localizer.py -> /home/agv/Desktop/catkin/catkin_ws/install/bot_apriltag/lib/python3.10/site-packages/bot_apriltag
[1.993s] copying /home/agv/Desktop/catkin/catkin_ws/build/bot_apriltag/build/lib/bot_apriltag/apriltag_detector.py -> /home/agv/Desktop/catkin/catkin_ws/install/bot_apriltag/lib/python3.10/site-packages/bot_apriltag
[1.994s] byte-compiling /home/agv/Desktop/catkin/catkin_ws/install/bot_apriltag/lib/python3.10/site-packages/bot_apriltag/__init__.py to __init__.cpython-310.pyc
[1.995s] byte-compiling /home/agv/Desktop/catkin/catkin_ws/install/bot_apriltag/lib/python3.10/site-packages/bot_apriltag/utils.py to utils.cpython-310.pyc
[1.995s] byte-compiling /home/agv/Desktop/catkin/catkin_ws/install/bot_apriltag/lib/python3.10/site-packages/bot_apriltag/apriltag_localizer.py to apriltag_localizer.cpython-310.pyc
[1.995s] byte-compiling /home/agv/Desktop/catkin/catkin_ws/install/bot_apriltag/lib/python3.10/site-packages/bot_apriltag/apriltag_detector.py to apriltag_detector.cpython-310.pyc
[1.995s] running install_data
[1.995s] creating /home/agv/Desktop/catkin/catkin_ws/install/bot_apriltag/share/ament_index
[1.996s] creating /home/agv/Desktop/catkin/catkin_ws/install/bot_apriltag/share/ament_index/resource_index
[1.996s] creating /home/agv/Desktop/catkin/catkin_ws/install/bot_apriltag/share/ament_index/resource_index/packages
[1.996s] copying resource/bot_apriltag -> /home/agv/Desktop/catkin/catkin_ws/install/bot_apriltag/share/ament_index/resource_index/packages
[1.996s] copying package.xml -> /home/agv/Desktop/catkin/catkin_ws/install/bot_apriltag/share/bot_apriltag
[1.996s] creating /home/agv/Desktop/catkin/catkin_ws/install/bot_apriltag/share/bot_apriltag/launch
[1.996s] copying launch/apriltag.launch.py -> /home/agv/Desktop/catkin/catkin_ws/install/bot_apriltag/share/bot_apriltag/launch
[1.996s] creating /home/agv/Desktop/catkin/catkin_ws/install/bot_apriltag/share/bot_apriltag/config
[1.996s] copying config/tag_map.yaml -> /home/agv/Desktop/catkin/catkin_ws/install/bot_apriltag/share/bot_apriltag/config
[1.997s] running install_egg_info
[1.998s] Copying ../../build/bot_apriltag/bot_apriltag.egg-info to /home/agv/Desktop/catkin/catkin_ws/install/bot_apriltag/lib/python3.10/site-packages/bot_apriltag-0.0.0-py3.10.egg-info
[2.000s] running install_scripts
[2.029s] Installing apriltag_detector script to /home/agv/Desktop/catkin/catkin_ws/install/bot_apriltag/lib/bot_apriltag
[2.030s] Installing apriltag_localizer script to /home/agv/Desktop/catkin/catkin_ws/install/bot_apriltag/lib/bot_apriltag
[2.030s] writing list of installed files to '/home/agv/Desktop/catkin/catkin_ws/build/bot_apriltag/install.log'
[2.068s] Invoked command in '/home/agv/Desktop/catkin/catkin_ws/src/bot_apriltag' returned '0': PYTHONPATH=/home/agv/Desktop/catkin/catkin_ws/build/bot_apriltag/prefix_override:/usr/lib/python3/dist-packages/colcon_core/task/python/colcon_distutils_commands:/home/agv/Desktop/catkin/catkin_ws/install/bot_apriltag/lib/python3.10/site-packages:${PYTHONPATH} /usr/bin/python3 -W ignore:setup.py install is deprecated -W ignore:easy_install command is deprecated setup.py egg_info --egg-base ../../build/bot_apriltag build --build-base /home/agv/Desktop/catkin/catkin_ws/build/bot_apriltag/build install --record /home/agv/Desktop/catkin/catkin_ws/build/bot_apriltag/install.log --single-version-externally-managed install_data
