running egg_info
creating ../../build/bot_localization/bot_localization.egg-info
writing ../../build/bot_localization/bot_localization.egg-info/PKG-INFO
writing dependency_links to ../../build/bot_localization/bot_localization.egg-info/dependency_links.txt
writing entry points to ../../build/bot_localization/bot_localization.egg-info/entry_points.txt
writing requirements to ../../build/bot_localization/bot_localization.egg-info/requires.txt
writing top-level names to ../../build/bot_localization/bot_localization.egg-info/top_level.txt
writing manifest file '../../build/bot_localization/bot_localization.egg-info/SOURCES.txt'
reading manifest file '../../build/bot_localization/bot_localization.egg-info/SOURCES.txt'
writing manifest file '../../build/bot_localization/bot_localization.egg-info/SOURCES.txt'
running build
running build_py
creating /home/agv/Desktop/catkin/catkin_ws/build/bot_localization/build
creating /home/agv/Desktop/catkin/catkin_ws/build/bot_localization/build/lib
creating /home/agv/Desktop/catkin/catkin_ws/build/bot_localization/build/lib/bot_localization
copying bot_localization/__init__.py -> /home/agv/Desktop/catkin/catkin_ws/build/bot_localization/build/lib/bot_localization
running install
running install_lib
creating /home/agv/Desktop/catkin/catkin_ws/install/bot_localization/lib/python3.10/site-packages/bot_localization
copying /home/agv/Desktop/catkin/catkin_ws/build/bot_localization/build/lib/bot_localization/__init__.py -> /home/agv/Desktop/catkin/catkin_ws/install/bot_localization/lib/python3.10/site-packages/bot_localization
byte-compiling /home/agv/Desktop/catkin/catkin_ws/install/bot_localization/lib/python3.10/site-packages/bot_localization/__init__.py to __init__.cpython-310.pyc
running install_data
creating /home/agv/Desktop/catkin/catkin_ws/install/bot_localization/share/ament_index
creating /home/agv/Desktop/catkin/catkin_ws/install/bot_localization/share/ament_index/resource_index
creating /home/agv/Desktop/catkin/catkin_ws/install/bot_localization/share/ament_index/resource_index/packages
copying resource/bot_localization -> /home/agv/Desktop/catkin/catkin_ws/install/bot_localization/share/ament_index/resource_index/packages
copying package.xml -> /home/agv/Desktop/catkin/catkin_ws/install/bot_localization/share/bot_localization
creating /home/agv/Desktop/catkin/catkin_ws/install/bot_localization/share/bot_localization/launch
copying launch/ekf.launch.py -> /home/agv/Desktop/catkin/catkin_ws/install/bot_localization/share/bot_localization/launch
creating /home/agv/Desktop/catkin/catkin_ws/install/bot_localization/share/bot_localization/config
copying config/ekf.yaml -> /home/agv/Desktop/catkin/catkin_ws/install/bot_localization/share/bot_localization/config
copying launch/amcl.launch.py -> /home/agv/Desktop/catkin/catkin_ws/install/bot_localization/share/bot_localization/launch
copying config/amcl.yaml -> /home/agv/Desktop/catkin/catkin_ws/install/bot_localization/share/bot_localization/config
creating /home/agv/Desktop/catkin/catkin_ws/install/bot_localization/share/bot_localization/maps
copying maps/map.yaml -> /home/agv/Desktop/catkin/catkin_ws/install/bot_localization/share/bot_localization/maps
copying maps/map.pgm -> /home/agv/Desktop/catkin/catkin_ws/install/bot_localization/share/bot_localization/maps
running install_egg_info
Copying ../../build/bot_localization/bot_localization.egg-info to /home/agv/Desktop/catkin/catkin_ws/install/bot_localization/lib/python3.10/site-packages/bot_localization-0.0.0-py3.10.egg-info
running install_scripts
Installing apriltag_to_pose_node script to /home/agv/Desktop/catkin/catkin_ws/install/bot_localization/lib/bot_localization
writing list of installed files to '/home/agv/Desktop/catkin/catkin_ws/build/bot_localization/install.log'
