[1.636s] Invoking command in '/home/agv/Desktop/catkin/catkin_ws/src/bot_localization': PYTHONPATH=/home/agv/Desktop/catkin/catkin_ws/build/bot_localization/prefix_override:/usr/lib/python3/dist-packages/colcon_core/task/python/colcon_distutils_commands:/home/agv/Desktop/catkin/catkin_ws/install/bot_localization/lib/python3.10/site-packages:${PYTHONPATH} /usr/bin/python3 -W ignore:setup.py install is deprecated -W ignore:easy_install command is deprecated setup.py egg_info --egg-base ../../build/bot_localization build --build-base /home/agv/Desktop/catkin/catkin_ws/build/bot_localization/build install --record /home/agv/Desktop/catkin/catkin_ws/build/bot_localization/install.log --single-version-externally-managed install_data
[1.957s] running egg_info
[1.958s] creating ../../build/bot_localization/bot_localization.egg-info
[1.958s] writing ../../build/bot_localization/bot_localization.egg-info/PKG-INFO
[1.958s] writing dependency_links to ../../build/bot_localization/bot_localization.egg-info/dependency_links.txt
[1.959s] writing entry points to ../../build/bot_localization/bot_localization.egg-info/entry_points.txt
[1.960s] writing requirements to ../../build/bot_localization/bot_localization.egg-info/requires.txt
[1.960s] writing top-level names to ../../build/bot_localization/bot_localization.egg-info/top_level.txt
[1.960s] writing manifest file '../../build/bot_localization/bot_localization.egg-info/SOURCES.txt'
[1.964s] reading manifest file '../../build/bot_localization/bot_localization.egg-info/SOURCES.txt'
[1.964s] writing manifest file '../../build/bot_localization/bot_localization.egg-info/SOURCES.txt'
[1.964s] running build
[1.965s] running build_py
[1.965s] creating /home/agv/Desktop/catkin/catkin_ws/build/bot_localization/build
[1.966s] creating /home/agv/Desktop/catkin/catkin_ws/build/bot_localization/build/lib
[1.966s] creating /home/agv/Desktop/catkin/catkin_ws/build/bot_localization/build/lib/bot_localization
[1.966s] copying bot_localization/__init__.py -> /home/agv/Desktop/catkin/catkin_ws/build/bot_localization/build/lib/bot_localization
[1.966s] running install
[1.966s] running install_lib
[1.967s] creating /home/agv/Desktop/catkin/catkin_ws/install/bot_localization/lib/python3.10/site-packages/bot_localization
[1.967s] copying /home/agv/Desktop/catkin/catkin_ws/build/bot_localization/build/lib/bot_localization/__init__.py -> /home/agv/Desktop/catkin/catkin_ws/install/bot_localization/lib/python3.10/site-packages/bot_localization
[1.973s] byte-compiling /home/agv/Desktop/catkin/catkin_ws/install/bot_localization/lib/python3.10/site-packages/bot_localization/__init__.py to __init__.cpython-310.pyc
[1.973s] running install_data
[1.973s] creating /home/agv/Desktop/catkin/catkin_ws/install/bot_localization/share/ament_index
[1.973s] creating /home/agv/Desktop/catkin/catkin_ws/install/bot_localization/share/ament_index/resource_index
[1.974s] creating /home/agv/Desktop/catkin/catkin_ws/install/bot_localization/share/ament_index/resource_index/packages
[1.974s] copying resource/bot_localization -> /home/agv/Desktop/catkin/catkin_ws/install/bot_localization/share/ament_index/resource_index/packages
[1.974s] copying package.xml -> /home/agv/Desktop/catkin/catkin_ws/install/bot_localization/share/bot_localization
[1.974s] creating /home/agv/Desktop/catkin/catkin_ws/install/bot_localization/share/bot_localization/launch
[1.974s] copying launch/ekf.launch.py -> /home/agv/Desktop/catkin/catkin_ws/install/bot_localization/share/bot_localization/launch
[1.974s] creating /home/agv/Desktop/catkin/catkin_ws/install/bot_localization/share/bot_localization/config
[1.974s] copying config/ekf.yaml -> /home/agv/Desktop/catkin/catkin_ws/install/bot_localization/share/bot_localization/config
[1.974s] copying launch/amcl.launch.py -> /home/agv/Desktop/catkin/catkin_ws/install/bot_localization/share/bot_localization/launch
[1.974s] copying config/amcl.yaml -> /home/agv/Desktop/catkin/catkin_ws/install/bot_localization/share/bot_localization/config
[1.974s] creating /home/agv/Desktop/catkin/catkin_ws/install/bot_localization/share/bot_localization/maps
[1.974s] copying maps/map.yaml -> /home/agv/Desktop/catkin/catkin_ws/install/bot_localization/share/bot_localization/maps
[1.974s] copying maps/map.pgm -> /home/agv/Desktop/catkin/catkin_ws/install/bot_localization/share/bot_localization/maps
[1.976s] running install_egg_info
[1.978s] Copying ../../build/bot_localization/bot_localization.egg-info to /home/agv/Desktop/catkin/catkin_ws/install/bot_localization/lib/python3.10/site-packages/bot_localization-0.0.0-py3.10.egg-info
[1.979s] running install_scripts
[2.011s] Installing apriltag_to_pose_node script to /home/agv/Desktop/catkin/catkin_ws/install/bot_localization/lib/bot_localization
[2.012s] writing list of installed files to '/home/agv/Desktop/catkin/catkin_ws/build/bot_localization/install.log'
[2.059s] Invoked command in '/home/agv/Desktop/catkin/catkin_ws/src/bot_localization' returned '0': PYTHONPATH=/home/agv/Desktop/catkin/catkin_ws/build/bot_localization/prefix_override:/usr/lib/python3/dist-packages/colcon_core/task/python/colcon_distutils_commands:/home/agv/Desktop/catkin/catkin_ws/install/bot_localization/lib/python3.10/site-packages:${PYTHONPATH} /usr/bin/python3 -W ignore:setup.py install is deprecated -W ignore:easy_install command is deprecated setup.py egg_info --egg-base ../../build/bot_localization build --build-base /home/agv/Desktop/catkin/catkin_ws/build/bot_localization/build install --record /home/agv/Desktop/catkin/catkin_ws/build/bot_localization/install.log --single-version-externally-managed install_data
