running egg_info
writing ../../build/bot_apriltag/bot_apriltag.egg-info/PKG-INFO
writing dependency_links to ../../build/bot_apriltag/bot_apriltag.egg-info/dependency_links.txt
writing entry points to ../../build/bot_apriltag/bot_apriltag.egg-info/entry_points.txt
writing requirements to ../../build/bot_apriltag/bot_apriltag.egg-info/requires.txt
writing top-level names to ../../build/bot_apriltag/bot_apriltag.egg-info/top_level.txt
reading manifest file '../../build/bot_apriltag/bot_apriltag.egg-info/SOURCES.txt'
writing manifest file '../../build/bot_apriltag/bot_apriltag.egg-info/SOURCES.txt'
running build
running build_py
copying bot_apriltag/apriltag_localizer.py -> /home/agv/Desktop/catkin/catkin_ws/build/bot_apriltag/build/lib/bot_apriltag
copying bot_apriltag/apriltag_detector.py -> /home/agv/Desktop/catkin/catkin_ws/build/bot_apriltag/build/lib/bot_apriltag
running install
running install_lib
copying /home/agv/Desktop/catkin/catkin_ws/build/bot_apriltag/build/lib/bot_apriltag/apriltag_localizer.py -> /home/agv/Desktop/catkin/catkin_ws/install/bot_apriltag/lib/python3.10/site-packages/bot_apriltag
copying /home/agv/Desktop/catkin/catkin_ws/build/bot_apriltag/build/lib/bot_apriltag/apriltag_detector.py -> /home/agv/Desktop/catkin/catkin_ws/install/bot_apriltag/lib/python3.10/site-packages/bot_apriltag
byte-compiling /home/agv/Desktop/catkin/catkin_ws/install/bot_apriltag/lib/python3.10/site-packages/bot_apriltag/apriltag_localizer.py to apriltag_localizer.cpython-310.pyc
byte-compiling /home/agv/Desktop/catkin/catkin_ws/install/bot_apriltag/lib/python3.10/site-packages/bot_apriltag/apriltag_detector.py to apriltag_detector.cpython-310.pyc
running install_data
running install_egg_info
removing '/home/agv/Desktop/catkin/catkin_ws/install/bot_apriltag/lib/python3.10/site-packages/bot_apriltag-0.0.0-py3.10.egg-info' (and everything under it)
Copying ../../build/bot_apriltag/bot_apriltag.egg-info to /home/agv/Desktop/catkin/catkin_ws/install/bot_apriltag/lib/python3.10/site-packages/bot_apriltag-0.0.0-py3.10.egg-info
running install_scripts
Installing apriltag_detector script to /home/agv/Desktop/catkin/catkin_ws/install/bot_apriltag/lib/bot_apriltag
Installing apriltag_localizer script to /home/agv/Desktop/catkin/catkin_ws/install/bot_apriltag/lib/bot_apriltag
writing list of installed files to '/home/agv/Desktop/catkin/catkin_ws/build/bot_apriltag/install.log'
