[2.279s] Invoking command in '/home/agv/Desktop/catkin/catkin_ws/src/bot_navigation': PYTHONPATH=/home/agv/Desktop/catkin/catkin_ws/build/bot_navigation/prefix_override:/usr/lib/python3/dist-packages/colcon_core/task/python/colcon_distutils_commands:/home/agv/Desktop/catkin/catkin_ws/install/bot_navigation/lib/python3.10/site-packages:${PYTHONPATH} /usr/bin/python3 -W ignore:setup.py install is deprecated -W ignore:easy_install command is deprecated setup.py egg_info --egg-base ../../build/bot_navigation build --build-base /home/agv/Desktop/catkin/catkin_ws/build/bot_navigation/build install --record /home/agv/Desktop/catkin/catkin_ws/build/bot_navigation/install.log --single-version-externally-managed install_data
[2.744s] running egg_info
[2.745s] writing ../../build/bot_navigation/bot_navigation.egg-info/PKG-INFO
[2.748s] writing dependency_links to ../../build/bot_navigation/bot_navigation.egg-info/dependency_links.txt
[2.751s] writing entry points to ../../build/bot_navigation/bot_navigation.egg-info/entry_points.txt
[2.759s] writing requirements to ../../build/bot_navigation/bot_navigation.egg-info/requires.txt
[2.760s] writing top-level names to ../../build/bot_navigation/bot_navigation.egg-info/top_level.txt
[2.766s] reading manifest file '../../build/bot_navigation/bot_navigation.egg-info/SOURCES.txt'
[2.779s] writing manifest file '../../build/bot_navigation/bot_navigation.egg-info/SOURCES.txt'
[2.779s] running build
[2.780s] running build_py
[2.786s] running install
[2.791s] running install_lib
[2.791s] running install_data
[2.791s] running install_egg_info
[2.791s] removing '/home/agv/Desktop/catkin/catkin_ws/install/bot_navigation/lib/python3.10/site-packages/bot_navigation-0.0.0-py3.10.egg-info' (and everything under it)
[2.791s] Copying ../../build/bot_navigation/bot_navigation.egg-info to /home/agv/Desktop/catkin/catkin_ws/install/bot_navigation/lib/python3.10/site-packages/bot_navigation-0.0.0-py3.10.egg-info
[2.792s] running install_scripts
[2.809s] Installing waypoint_navigator script to /home/agv/Desktop/catkin/catkin_ws/install/bot_navigation/lib/bot_navigation
[2.810s] writing list of installed files to '/home/agv/Desktop/catkin/catkin_ws/build/bot_navigation/install.log'
[2.865s] Invoked command in '/home/agv/Desktop/catkin/catkin_ws/src/bot_navigation' returned '0': PYTHONPATH=/home/agv/Desktop/catkin/catkin_ws/build/bot_navigation/prefix_override:/usr/lib/python3/dist-packages/colcon_core/task/python/colcon_distutils_commands:/home/agv/Desktop/catkin/catkin_ws/install/bot_navigation/lib/python3.10/site-packages:${PYTHONPATH} /usr/bin/python3 -W ignore:setup.py install is deprecated -W ignore:easy_install command is deprecated setup.py egg_info --egg-base ../../build/bot_navigation build --build-base /home/agv/Desktop/catkin/catkin_ws/build/bot_navigation/build install --record /home/agv/Desktop/catkin/catkin_ws/build/bot_navigation/install.log --single-version-externally-managed install_data
