[0.362s] Invoking command in '/home/agv/Desktop/catkin/catkin_ws/build/bot_description': CMAKE_PREFIX_PATH=${CMAKE_PREFIX_PATH}:/home/agv/Desktop/catkin/catkin_ws/install/bot_navigation:/home/agv/Desktop/catkin/catkin_ws/install/bot_localization:/home/agv/Desktop/catkin/catkin_ws/install/bot_apriltag:/opt/ros/humble /usr/bin/cmake --build /home/agv/Desktop/catkin/catkin_ws/build/bot_description -- -j8 -l8
[0.971s] Invoked command in '/home/agv/Desktop/catkin/catkin_ws/build/bot_description' returned '0': CMAKE_PREFIX_PATH=${CMAKE_PREFIX_PATH}:/home/agv/Desktop/catkin/catkin_ws/install/bot_navigation:/home/agv/Desktop/catkin/catkin_ws/install/bot_localization:/home/agv/Desktop/catkin/catkin_ws/install/bot_apriltag:/opt/ros/humble /usr/bin/cmake --build /home/agv/Desktop/catkin/catkin_ws/build/bot_description -- -j8 -l8
[0.973s] Invoking command in '/home/agv/Desktop/catkin/catkin_ws/build/bot_description': CMAKE_PREFIX_PATH=${CMAKE_PREFIX_PATH}:/home/agv/Desktop/catkin/catkin_ws/install/bot_navigation:/home/agv/Desktop/catkin/catkin_ws/install/bot_localization:/home/agv/Desktop/catkin/catkin_ws/install/bot_apriltag:/opt/ros/humble /usr/bin/cmake --install /home/agv/Desktop/catkin/catkin_ws/build/bot_description
[0.985s] -- Install configuration: ""
[0.985s] -- Up-to-date: /home/agv/Desktop/catkin/catkin_ws/install/bot_description/share/bot_description/launch
[0.986s] -- Up-to-date: /home/agv/Desktop/catkin/catkin_ws/install/bot_description/share/bot_description/launch/description.launch.py
[0.986s] -- Up-to-date: /home/agv/Desktop/catkin/catkin_ws/install/bot_description/share/bot_description/launch/display_robot.launch.py
[0.986s] -- Up-to-date: /home/agv/Desktop/catkin/catkin_ws/install/bot_description/share/bot_description/urdf
[0.986s] -- Up-to-date: /home/agv/Desktop/catkin/catkin_ws/install/bot_description/share/bot_description/urdf/robot
[0.986s] -- Up-to-date: /home/agv/Desktop/catkin/catkin_ws/install/bot_description/share/bot_description/urdf/robot/sensor
[0.987s] -- Up-to-date: /home/agv/Desktop/catkin/catkin_ws/install/bot_description/share/bot_description/urdf/robot/sensor/camera.urdf.xacro
[0.987s] -- Up-to-date: /home/agv/Desktop/catkin/catkin_ws/install/bot_description/share/bot_description/urdf/robot/sensor/imu.urdf.xacro
[0.987s] -- Up-to-date: /home/agv/Desktop/catkin/catkin_ws/install/bot_description/share/bot_description/urdf/robot/sensor/laser.urdf.xacro
[0.993s] -- Up-to-date: /home/agv/Desktop/catkin/catkin_ws/install/bot_description/share/bot_description/urdf/robot/plugins
[0.993s] -- Up-to-date: /home/agv/Desktop/catkin/catkin_ws/install/bot_description/share/bot_description/urdf/robot/plugins/gazebo_sensor_plugin.xacro
[0.993s] -- Up-to-date: /home/agv/Desktop/catkin/catkin_ws/install/bot_description/share/bot_description/urdf/robot/plugins/gazebo_control_plugin.xacro
[0.994s] -- Up-to-date: /home/agv/Desktop/catkin/catkin_ws/install/bot_description/share/bot_description/urdf/robot/actuator
[0.994s] -- Up-to-date: /home/agv/Desktop/catkin/catkin_ws/install/bot_description/share/bot_description/urdf/robot/actuator/caster.urdf.xacro
[0.994s] -- Up-to-date: /home/agv/Desktop/catkin/catkin_ws/install/bot_description/share/bot_description/urdf/robot/actuator/wheel.urdf.xacro
[0.994s] -- Up-to-date: /home/agv/Desktop/catkin/catkin_ws/install/bot_description/share/bot_description/urdf/robot/robot.ros2_control.xacro
[0.994s] -- Up-to-date: /home/agv/Desktop/catkin/catkin_ws/install/bot_description/share/bot_description/urdf/robot/base.urdf.xacro
[0.994s] -- Up-to-date: /home/agv/Desktop/catkin/catkin_ws/install/bot_description/share/bot_description/urdf/robot/common_inertia.urdf.xacro
[0.994s] -- Up-to-date: /home/agv/Desktop/catkin/catkin_ws/install/bot_description/share/bot_description/urdf/robot/robot.urdf.xacro
[0.995s] -- Up-to-date: /home/agv/Desktop/catkin/catkin_ws/install/bot_description/share/bot_description/config
[1.000s] -- Up-to-date: /home/agv/Desktop/catkin/catkin_ws/install/bot_description/share/bot_description/config/display_robot_model.rviz
[1.001s] -- Up-to-date: /home/agv/Desktop/catkin/catkin_ws/install/bot_description/share/bot_description/config/bot_ros2_controller.yaml
[1.001s] -- Up-to-date: /home/agv/Desktop/catkin/catkin_ws/install/bot_description/share/ament_index/resource_index/package_run_dependencies/bot_description
[1.001s] -- Up-to-date: /home/agv/Desktop/catkin/catkin_ws/install/bot_description/share/ament_index/resource_index/parent_prefix_path/bot_description
[1.001s] -- Up-to-date: /home/agv/Desktop/catkin/catkin_ws/install/bot_description/share/bot_description/environment/ament_prefix_path.sh
[1.001s] -- Up-to-date: /home/agv/Desktop/catkin/catkin_ws/install/bot_description/share/bot_description/environment/ament_prefix_path.dsv
[1.001s] -- Up-to-date: /home/agv/Desktop/catkin/catkin_ws/install/bot_description/share/bot_description/environment/path.sh
[1.001s] -- Up-to-date: /home/agv/Desktop/catkin/catkin_ws/install/bot_description/share/bot_description/environment/path.dsv
[1.001s] -- Up-to-date: /home/agv/Desktop/catkin/catkin_ws/install/bot_description/share/bot_description/local_setup.bash
[1.001s] -- Up-to-date: /home/agv/Desktop/catkin/catkin_ws/install/bot_description/share/bot_description/local_setup.sh
[1.002s] -- Up-to-date: /home/agv/Desktop/catkin/catkin_ws/install/bot_description/share/bot_description/local_setup.zsh
[1.002s] -- Up-to-date: /home/agv/Desktop/catkin/catkin_ws/install/bot_description/share/bot_description/local_setup.dsv
[1.002s] -- Installing: /home/agv/Desktop/catkin/catkin_ws/install/bot_description/share/bot_description/package.dsv
[1.002s] -- Up-to-date: /home/agv/Desktop/catkin/catkin_ws/install/bot_description/share/ament_index/resource_index/packages/bot_description
[1.002s] -- Up-to-date: /home/agv/Desktop/catkin/catkin_ws/install/bot_description/share/bot_description/cmake/bot_descriptionConfig.cmake
[1.002s] -- Up-to-date: /home/agv/Desktop/catkin/catkin_ws/install/bot_description/share/bot_description/cmake/bot_descriptionConfig-version.cmake
[1.002s] -- Up-to-date: /home/agv/Desktop/catkin/catkin_ws/install/bot_description/share/bot_description/package.xml
[1.044s] Invoked command in '/home/agv/Desktop/catkin/catkin_ws/build/bot_description' returned '0': CMAKE_PREFIX_PATH=${CMAKE_PREFIX_PATH}:/home/agv/Desktop/catkin/catkin_ws/install/bot_navigation:/home/agv/Desktop/catkin/catkin_ws/install/bot_localization:/home/agv/Desktop/catkin/catkin_ws/install/bot_apriltag:/opt/ros/humble /usr/bin/cmake --install /home/agv/Desktop/catkin/catkin_ws/build/bot_description
