[1.450s] Invoking command in '/home/agv/Desktop/catkin/catkin_ws/src/bot_navigation': PYTHONPATH=/home/agv/Desktop/catkin/catkin_ws/build/bot_navigation/prefix_override:/usr/lib/python3/dist-packages/colcon_core/task/python/colcon_distutils_commands:/home/agv/Desktop/catkin/catkin_ws/install/bot_navigation/lib/python3.10/site-packages:${PYTHONPATH} /usr/bin/python3 -W ignore:setup.py install is deprecated -W ignore:easy_install command is deprecated setup.py egg_info --egg-base ../../build/bot_navigation build --build-base /home/agv/Desktop/catkin/catkin_ws/build/bot_navigation/build install --record /home/agv/Desktop/catkin/catkin_ws/build/bot_navigation/install.log --single-version-externally-managed install_data
[1.716s] running egg_info
[1.721s] writing ../../build/bot_navigation/bot_navigation.egg-info/PKG-INFO
[1.722s] writing dependency_links to ../../build/bot_navigation/bot_navigation.egg-info/dependency_links.txt
[1.722s] writing entry points to ../../build/bot_navigation/bot_navigation.egg-info/entry_points.txt
[1.722s] writing requirements to ../../build/bot_navigation/bot_navigation.egg-info/requires.txt
[1.722s] writing top-level names to ../../build/bot_navigation/bot_navigation.egg-info/top_level.txt
[1.722s] reading manifest file '../../build/bot_navigation/bot_navigation.egg-info/SOURCES.txt'
[1.724s] writing manifest file '../../build/bot_navigation/bot_navigation.egg-info/SOURCES.txt'
[1.724s] running build
[1.724s] running build_py
[1.725s] copying bot_navigation/waypoint_navigator.py -> /home/agv/Desktop/catkin/catkin_ws/build/bot_navigation/build/lib/bot_navigation
[1.726s] running install
[1.727s] running install_lib
[1.727s] copying /home/agv/Desktop/catkin/catkin_ws/build/bot_navigation/build/lib/bot_navigation/waypoint_navigator.py -> /home/agv/Desktop/catkin/catkin_ws/install/bot_navigation/lib/python3.10/site-packages/bot_navigation
[1.727s] byte-compiling /home/agv/Desktop/catkin/catkin_ws/install/bot_navigation/lib/python3.10/site-packages/bot_navigation/waypoint_navigator.py to waypoint_navigator.cpython-310.pyc
[1.728s] running install_data
[1.728s] copying launch/nav2.launch.py -> /home/agv/Desktop/catkin/catkin_ws/install/bot_navigation/share/bot_navigation/launch
[1.729s] running install_egg_info
[1.731s] removing '/home/agv/Desktop/catkin/catkin_ws/install/bot_navigation/lib/python3.10/site-packages/bot_navigation-0.0.0-py3.10.egg-info' (and everything under it)
[1.732s] Copying ../../build/bot_navigation/bot_navigation.egg-info to /home/agv/Desktop/catkin/catkin_ws/install/bot_navigation/lib/python3.10/site-packages/bot_navigation-0.0.0-py3.10.egg-info
[1.733s] running install_scripts
[1.759s] Installing waypoint_navigator script to /home/agv/Desktop/catkin/catkin_ws/install/bot_navigation/lib/bot_navigation
[1.760s] writing list of installed files to '/home/agv/Desktop/catkin/catkin_ws/build/bot_navigation/install.log'
[1.821s] Invoked command in '/home/agv/Desktop/catkin/catkin_ws/src/bot_navigation' returned '0': PYTHONPATH=/home/agv/Desktop/catkin/catkin_ws/build/bot_navigation/prefix_override:/usr/lib/python3/dist-packages/colcon_core/task/python/colcon_distutils_commands:/home/agv/Desktop/catkin/catkin_ws/install/bot_navigation/lib/python3.10/site-packages:${PYTHONPATH} /usr/bin/python3 -W ignore:setup.py install is deprecated -W ignore:easy_install command is deprecated setup.py egg_info --egg-base ../../build/bot_navigation build --build-base /home/agv/Desktop/catkin/catkin_ws/build/bot_navigation/build install --record /home/agv/Desktop/catkin/catkin_ws/build/bot_navigation/install.log --single-version-externally-managed install_data
