[0.140s] DEBUG:colcon:Command line arguments: ['/usr/bin/colcon', 'build']
[0.140s] DEBUG:colcon:Parsed command line arguments: Namespace(log_base=None, log_level=None, verb_name='build', build_base='build', install_base='install', merge_install=False, symlink_install=False, test_result_base=None, continue_on_error=False, executor='parallel', parallel_workers=8, event_handlers=None, ignore_user_meta=False, metas=['./colcon.meta'], base_paths=['.'], packages_ignore=None, packages_ignore_regex=None, paths=None, packages_up_to=None, packages_up_to_regex=None, packages_above=None, packages_above_and_dependencies=None, packages_above_depth=None, packages_select_by_dep=None, packages_skip_by_dep=None, packages_skip_up_to=None, packages_select_build_failed=False, packages_skip_build_finished=False, packages_select_test_failures=False, packages_skip_test_passed=False, packages_select=None, packages_skip=None, packages_select_regex=None, packages_skip_regex=None, packages_start=None, packages_end=None, allow_overriding=[], cmake_args=None, cmake_target=None, cmake_target_skip_unavailable=False, cmake_clean_cache=False, cmake_clean_first=False, cmake_force_configure=False, ament_cmake_args=None, catkin_cmake_args=None, catkin_skip_building_tests=False, verb_parser=<colcon_defaults.argument_parser.defaults.DefaultArgumentsDecorator object at 0x7d2ba0018f70>, verb_extension=<colcon_core.verb.build.BuildVerb object at 0x7d2ba0018af0>, main=<bound method BuildVerb.main of <colcon_core.verb.build.BuildVerb object at 0x7d2ba0018af0>>)
[0.401s] Level 1:colcon.colcon_core.package_discovery:discover_packages(colcon_meta) check parameters
[0.402s] Level 1:colcon.colcon_core.package_discovery:discover_packages(recursive) check parameters
[0.402s] Level 1:colcon.colcon_core.package_discovery:discover_packages(ignore) check parameters
[0.402s] Level 1:colcon.colcon_core.package_discovery:discover_packages(path) check parameters
[0.402s] Level 1:colcon.colcon_core.package_discovery:discover_packages(colcon_meta) discover
[0.402s] Level 1:colcon.colcon_core.package_discovery:discover_packages(recursive) discover
[0.402s] INFO:colcon.colcon_core.package_discovery:Crawling recursively for packages in '/home/agv/Desktop/catkin/catkin_ws'
[0.402s] Level 1:colcon.colcon_core.package_identification:_identify(.) by extensions ['ignore', 'ignore_ament_install']
[0.402s] Level 1:colcon.colcon_core.package_identification:_identify(.) by extension 'ignore'
[0.403s] Level 1:colcon.colcon_core.package_identification:_identify(.) by extension 'ignore_ament_install'
[0.403s] Level 1:colcon.colcon_core.package_identification:_identify(.) by extensions ['colcon_pkg']
[0.403s] Level 1:colcon.colcon_core.package_identification:_identify(.) by extension 'colcon_pkg'
[0.403s] Level 1:colcon.colcon_core.package_identification:_identify(.) by extensions ['colcon_meta']
[0.403s] Level 1:colcon.colcon_core.package_identification:_identify(.) by extension 'colcon_meta'
[0.403s] Level 1:colcon.colcon_core.package_identification:_identify(.) by extensions ['ros']
[0.403s] Level 1:colcon.colcon_core.package_identification:_identify(.) by extension 'ros'
[0.429s] Level 1:colcon.colcon_core.package_identification:_identify(.) by extensions ['cmake', 'python']
[0.429s] Level 1:colcon.colcon_core.package_identification:_identify(.) by extension 'cmake'
[0.429s] Level 1:colcon.colcon_core.package_identification:_identify(.) by extension 'python'
[0.429s] Level 1:colcon.colcon_core.package_identification:_identify(.) by extensions ['python_setup_py']
[0.429s] Level 1:colcon.colcon_core.package_identification:_identify(.) by extension 'python_setup_py'
[0.430s] Level 1:colcon.colcon_core.package_identification:_identify(build) by extensions ['ignore', 'ignore_ament_install']
[0.430s] Level 1:colcon.colcon_core.package_identification:_identify(build) by extension 'ignore'
[0.430s] Level 1:colcon.colcon_core.package_identification:_identify(build) ignored
[0.430s] Level 1:colcon.colcon_core.package_identification:_identify(install) by extensions ['ignore', 'ignore_ament_install']
[0.430s] Level 1:colcon.colcon_core.package_identification:_identify(install) by extension 'ignore'
[0.430s] Level 1:colcon.colcon_core.package_identification:_identify(install) ignored
[0.431s] Level 1:colcon.colcon_core.package_identification:_identify(log) by extensions ['ignore', 'ignore_ament_install']
[0.431s] Level 1:colcon.colcon_core.package_identification:_identify(log) by extension 'ignore'
[0.431s] Level 1:colcon.colcon_core.package_identification:_identify(log) ignored
[0.431s] Level 1:colcon.colcon_core.package_identification:_identify(src) by extensions ['ignore', 'ignore_ament_install']
[0.431s] Level 1:colcon.colcon_core.package_identification:_identify(src) by extension 'ignore'
[0.431s] Level 1:colcon.colcon_core.package_identification:_identify(src) by extension 'ignore_ament_install'
[0.432s] Level 1:colcon.colcon_core.package_identification:_identify(src) by extensions ['colcon_pkg']
[0.432s] Level 1:colcon.colcon_core.package_identification:_identify(src) by extension 'colcon_pkg'
[0.432s] Level 1:colcon.colcon_core.package_identification:_identify(src) by extensions ['colcon_meta']
[0.432s] Level 1:colcon.colcon_core.package_identification:_identify(src) by extension 'colcon_meta'
[0.432s] Level 1:colcon.colcon_core.package_identification:_identify(src) by extensions ['ros']
[0.432s] Level 1:colcon.colcon_core.package_identification:_identify(src) by extension 'ros'
[0.432s] Level 1:colcon.colcon_core.package_identification:_identify(src) by extensions ['cmake', 'python']
[0.433s] Level 1:colcon.colcon_core.package_identification:_identify(src) by extension 'cmake'
[0.433s] Level 1:colcon.colcon_core.package_identification:_identify(src) by extension 'python'
[0.433s] Level 1:colcon.colcon_core.package_identification:_identify(src) by extensions ['python_setup_py']
[0.433s] Level 1:colcon.colcon_core.package_identification:_identify(src) by extension 'python_setup_py'
[0.433s] Level 1:colcon.colcon_core.package_identification:_identify(src/bot_apriltag) by extensions ['ignore', 'ignore_ament_install']
[0.433s] Level 1:colcon.colcon_core.package_identification:_identify(src/bot_apriltag) by extension 'ignore'
[0.433s] Level 1:colcon.colcon_core.package_identification:_identify(src/bot_apriltag) by extension 'ignore_ament_install'
[0.433s] Level 1:colcon.colcon_core.package_identification:_identify(src/bot_apriltag) by extensions ['colcon_pkg']
[0.434s] Level 1:colcon.colcon_core.package_identification:_identify(src/bot_apriltag) by extension 'colcon_pkg'
[0.434s] Level 1:colcon.colcon_core.package_identification:_identify(src/bot_apriltag) by extensions ['colcon_meta']
[0.434s] Level 1:colcon.colcon_core.package_identification:_identify(src/bot_apriltag) by extension 'colcon_meta'
[0.434s] Level 1:colcon.colcon_core.package_identification:_identify(src/bot_apriltag) by extensions ['ros']
[0.434s] Level 1:colcon.colcon_core.package_identification:_identify(src/bot_apriltag) by extension 'ros'
[0.437s] DEBUG:colcon.colcon_core.package_identification:Package 'src/bot_apriltag' with type 'ros.ament_python' and name 'bot_apriltag'
[0.437s] Level 1:colcon.colcon_core.package_identification:_identify(src/bot_description) by extensions ['ignore', 'ignore_ament_install']
[0.438s] Level 1:colcon.colcon_core.package_identification:_identify(src/bot_description) by extension 'ignore'
[0.438s] Level 1:colcon.colcon_core.package_identification:_identify(src/bot_description) by extension 'ignore_ament_install'
[0.438s] Level 1:colcon.colcon_core.package_identification:_identify(src/bot_description) by extensions ['colcon_pkg']
[0.438s] Level 1:colcon.colcon_core.package_identification:_identify(src/bot_description) by extension 'colcon_pkg'
[0.438s] Level 1:colcon.colcon_core.package_identification:_identify(src/bot_description) by extensions ['colcon_meta']
[0.438s] Level 1:colcon.colcon_core.package_identification:_identify(src/bot_description) by extension 'colcon_meta'
[0.439s] Level 1:colcon.colcon_core.package_identification:_identify(src/bot_description) by extensions ['ros']
[0.439s] Level 1:colcon.colcon_core.package_identification:_identify(src/bot_description) by extension 'ros'
[0.440s] DEBUG:colcon.colcon_core.package_identification:Package 'src/bot_description' with type 'ros.ament_cmake' and name 'bot_description'
[0.440s] Level 1:colcon.colcon_core.package_identification:_identify(src/bot_gazebo) by extensions ['ignore', 'ignore_ament_install']
[0.441s] Level 1:colcon.colcon_core.package_identification:_identify(src/bot_gazebo) by extension 'ignore'
[0.441s] Level 1:colcon.colcon_core.package_identification:_identify(src/bot_gazebo) by extension 'ignore_ament_install'
[0.441s] Level 1:colcon.colcon_core.package_identification:_identify(src/bot_gazebo) by extensions ['colcon_pkg']
[0.441s] Level 1:colcon.colcon_core.package_identification:_identify(src/bot_gazebo) by extension 'colcon_pkg'
[0.441s] Level 1:colcon.colcon_core.package_identification:_identify(src/bot_gazebo) by extensions ['colcon_meta']
[0.441s] Level 1:colcon.colcon_core.package_identification:_identify(src/bot_gazebo) by extension 'colcon_meta'
[0.441s] Level 1:colcon.colcon_core.package_identification:_identify(src/bot_gazebo) by extensions ['ros']
[0.441s] Level 1:colcon.colcon_core.package_identification:_identify(src/bot_gazebo) by extension 'ros'
[0.442s] DEBUG:colcon.colcon_core.package_identification:Package 'src/bot_gazebo' with type 'ros.ament_cmake' and name 'bot_gazebo'
[0.442s] Level 1:colcon.colcon_core.package_identification:_identify(src/bot_localization) by extensions ['ignore', 'ignore_ament_install']
[0.442s] Level 1:colcon.colcon_core.package_identification:_identify(src/bot_localization) by extension 'ignore'
[0.442s] Level 1:colcon.colcon_core.package_identification:_identify(src/bot_localization) by extension 'ignore_ament_install'
[0.442s] Level 1:colcon.colcon_core.package_identification:_identify(src/bot_localization) by extensions ['colcon_pkg']
[0.442s] Level 1:colcon.colcon_core.package_identification:_identify(src/bot_localization) by extension 'colcon_pkg'
[0.442s] Level 1:colcon.colcon_core.package_identification:_identify(src/bot_localization) by extensions ['colcon_meta']
[0.443s] Level 1:colcon.colcon_core.package_identification:_identify(src/bot_localization) by extension 'colcon_meta'
[0.443s] Level 1:colcon.colcon_core.package_identification:_identify(src/bot_localization) by extensions ['ros']
[0.443s] Level 1:colcon.colcon_core.package_identification:_identify(src/bot_localization) by extension 'ros'
[0.443s] DEBUG:colcon.colcon_core.package_identification:Package 'src/bot_localization' with type 'ros.ament_python' and name 'bot_localization'
[0.444s] Level 1:colcon.colcon_core.package_identification:_identify(src/bot_navigation) by extensions ['ignore', 'ignore_ament_install']
[0.444s] Level 1:colcon.colcon_core.package_identification:_identify(src/bot_navigation) by extension 'ignore'
[0.444s] Level 1:colcon.colcon_core.package_identification:_identify(src/bot_navigation) by extension 'ignore_ament_install'
[0.444s] Level 1:colcon.colcon_core.package_identification:_identify(src/bot_navigation) by extensions ['colcon_pkg']
[0.444s] Level 1:colcon.colcon_core.package_identification:_identify(src/bot_navigation) by extension 'colcon_pkg'
[0.444s] Level 1:colcon.colcon_core.package_identification:_identify(src/bot_navigation) by extensions ['colcon_meta']
[0.444s] Level 1:colcon.colcon_core.package_identification:_identify(src/bot_navigation) by extension 'colcon_meta'
[0.444s] Level 1:colcon.colcon_core.package_identification:_identify(src/bot_navigation) by extensions ['ros']
[0.444s] Level 1:colcon.colcon_core.package_identification:_identify(src/bot_navigation) by extension 'ros'
[0.445s] DEBUG:colcon.colcon_core.package_identification:Package 'src/bot_navigation' with type 'ros.ament_python' and name 'bot_navigation'
[0.445s] Level 1:colcon.colcon_core.package_discovery:discover_packages(recursive) using defaults
[0.445s] Level 1:colcon.colcon_core.package_discovery:discover_packages(ignore) discover
[0.445s] Level 1:colcon.colcon_core.package_discovery:discover_packages(ignore) using defaults
[0.445s] Level 1:colcon.colcon_core.package_discovery:discover_packages(path) discover
[0.445s] Level 1:colcon.colcon_core.package_discovery:discover_packages(path) using defaults
[0.466s] Level 1:colcon.colcon_core.package_discovery:discover_packages(prefix_path) check parameters
[0.466s] Level 1:colcon.colcon_core.package_discovery:discover_packages(prefix_path) discover
[0.469s] DEBUG:colcon.colcon_installed_package_information.package_discovery:Found 5 installed packages in /home/agv/Desktop/catkin/catkin_ws/install
[0.471s] DEBUG:colcon.colcon_installed_package_information.package_discovery:Found 379 installed packages in /opt/ros/humble
[0.474s] Level 1:colcon.colcon_core.package_discovery:discover_packages(prefix_path) using defaults
[0.530s] Level 5:colcon.colcon_core.verb:set package 'bot_apriltag' build argument 'cmake_args' from command line to 'None'
[0.530s] Level 5:colcon.colcon_core.verb:set package 'bot_apriltag' build argument 'cmake_target' from command line to 'None'
[0.530s] Level 5:colcon.colcon_core.verb:set package 'bot_apriltag' build argument 'cmake_target_skip_unavailable' from command line to 'False'
[0.530s] Level 5:colcon.colcon_core.verb:set package 'bot_apriltag' build argument 'cmake_clean_cache' from command line to 'False'
[0.530s] Level 5:colcon.colcon_core.verb:set package 'bot_apriltag' build argument 'cmake_clean_first' from command line to 'False'
[0.530s] Level 5:colcon.colcon_core.verb:set package 'bot_apriltag' build argument 'cmake_force_configure' from command line to 'False'
[0.530s] Level 5:colcon.colcon_core.verb:set package 'bot_apriltag' build argument 'ament_cmake_args' from command line to 'None'
[0.530s] Level 5:colcon.colcon_core.verb:set package 'bot_apriltag' build argument 'catkin_cmake_args' from command line to 'None'
[0.530s] Level 5:colcon.colcon_core.verb:set package 'bot_apriltag' build argument 'catkin_skip_building_tests' from command line to 'False'
[0.530s] DEBUG:colcon.colcon_core.verb:Building package 'bot_apriltag' with the following arguments: {'ament_cmake_args': None, 'build_base': '/home/agv/Desktop/catkin/catkin_ws/build/bot_apriltag', 'catkin_cmake_args': None, 'catkin_skip_building_tests': False, 'cmake_args': None, 'cmake_clean_cache': False, 'cmake_clean_first': False, 'cmake_force_configure': False, 'cmake_target': None, 'cmake_target_skip_unavailable': False, 'install_base': '/home/agv/Desktop/catkin/catkin_ws/install/bot_apriltag', 'merge_install': False, 'path': '/home/agv/Desktop/catkin/catkin_ws/src/bot_apriltag', 'symlink_install': False, 'test_result_base': None}
[0.531s] Level 5:colcon.colcon_core.verb:set package 'bot_description' build argument 'cmake_args' from command line to 'None'
[0.531s] Level 5:colcon.colcon_core.verb:set package 'bot_description' build argument 'cmake_target' from command line to 'None'
[0.531s] Level 5:colcon.colcon_core.verb:set package 'bot_description' build argument 'cmake_target_skip_unavailable' from command line to 'False'
[0.531s] Level 5:colcon.colcon_core.verb:set package 'bot_description' build argument 'cmake_clean_cache' from command line to 'False'
[0.531s] Level 5:colcon.colcon_core.verb:set package 'bot_description' build argument 'cmake_clean_first' from command line to 'False'
[0.531s] Level 5:colcon.colcon_core.verb:set package 'bot_description' build argument 'cmake_force_configure' from command line to 'False'
[0.531s] Level 5:colcon.colcon_core.verb:set package 'bot_description' build argument 'ament_cmake_args' from command line to 'None'
[0.531s] Level 5:colcon.colcon_core.verb:set package 'bot_description' build argument 'catkin_cmake_args' from command line to 'None'
[0.531s] Level 5:colcon.colcon_core.verb:set package 'bot_description' build argument 'catkin_skip_building_tests' from command line to 'False'
[0.531s] DEBUG:colcon.colcon_core.verb:Building package 'bot_description' with the following arguments: {'ament_cmake_args': None, 'build_base': '/home/agv/Desktop/catkin/catkin_ws/build/bot_description', 'catkin_cmake_args': None, 'catkin_skip_building_tests': False, 'cmake_args': None, 'cmake_clean_cache': False, 'cmake_clean_first': False, 'cmake_force_configure': False, 'cmake_target': None, 'cmake_target_skip_unavailable': False, 'install_base': '/home/agv/Desktop/catkin/catkin_ws/install/bot_description', 'merge_install': False, 'path': '/home/agv/Desktop/catkin/catkin_ws/src/bot_description', 'symlink_install': False, 'test_result_base': None}
[0.532s] Level 5:colcon.colcon_core.verb:set package 'bot_gazebo' build argument 'cmake_args' from command line to 'None'
[0.532s] Level 5:colcon.colcon_core.verb:set package 'bot_gazebo' build argument 'cmake_target' from command line to 'None'
[0.532s] Level 5:colcon.colcon_core.verb:set package 'bot_gazebo' build argument 'cmake_target_skip_unavailable' from command line to 'False'
[0.532s] Level 5:colcon.colcon_core.verb:set package 'bot_gazebo' build argument 'cmake_clean_cache' from command line to 'False'
[0.532s] Level 5:colcon.colcon_core.verb:set package 'bot_gazebo' build argument 'cmake_clean_first' from command line to 'False'
[0.532s] Level 5:colcon.colcon_core.verb:set package 'bot_gazebo' build argument 'cmake_force_configure' from command line to 'False'
[0.532s] Level 5:colcon.colcon_core.verb:set package 'bot_gazebo' build argument 'ament_cmake_args' from command line to 'None'
[0.532s] Level 5:colcon.colcon_core.verb:set package 'bot_gazebo' build argument 'catkin_cmake_args' from command line to 'None'
[0.532s] Level 5:colcon.colcon_core.verb:set package 'bot_gazebo' build argument 'catkin_skip_building_tests' from command line to 'False'
[0.532s] DEBUG:colcon.colcon_core.verb:Building package 'bot_gazebo' with the following arguments: {'ament_cmake_args': None, 'build_base': '/home/agv/Desktop/catkin/catkin_ws/build/bot_gazebo', 'catkin_cmake_args': None, 'catkin_skip_building_tests': False, 'cmake_args': None, 'cmake_clean_cache': False, 'cmake_clean_first': False, 'cmake_force_configure': False, 'cmake_target': None, 'cmake_target_skip_unavailable': False, 'install_base': '/home/agv/Desktop/catkin/catkin_ws/install/bot_gazebo', 'merge_install': False, 'path': '/home/agv/Desktop/catkin/catkin_ws/src/bot_gazebo', 'symlink_install': False, 'test_result_base': None}
[0.533s] Level 5:colcon.colcon_core.verb:set package 'bot_localization' build argument 'cmake_args' from command line to 'None'
[0.533s] Level 5:colcon.colcon_core.verb:set package 'bot_localization' build argument 'cmake_target' from command line to 'None'
[0.533s] Level 5:colcon.colcon_core.verb:set package 'bot_localization' build argument 'cmake_target_skip_unavailable' from command line to 'False'
[0.533s] Level 5:colcon.colcon_core.verb:set package 'bot_localization' build argument 'cmake_clean_cache' from command line to 'False'
[0.533s] Level 5:colcon.colcon_core.verb:set package 'bot_localization' build argument 'cmake_clean_first' from command line to 'False'
[0.533s] Level 5:colcon.colcon_core.verb:set package 'bot_localization' build argument 'cmake_force_configure' from command line to 'False'
[0.533s] Level 5:colcon.colcon_core.verb:set package 'bot_localization' build argument 'ament_cmake_args' from command line to 'None'
[0.533s] Level 5:colcon.colcon_core.verb:set package 'bot_localization' build argument 'catkin_cmake_args' from command line to 'None'
[0.533s] Level 5:colcon.colcon_core.verb:set package 'bot_localization' build argument 'catkin_skip_building_tests' from command line to 'False'
[0.533s] DEBUG:colcon.colcon_core.verb:Building package 'bot_localization' with the following arguments: {'ament_cmake_args': None, 'build_base': '/home/agv/Desktop/catkin/catkin_ws/build/bot_localization', 'catkin_cmake_args': None, 'catkin_skip_building_tests': False, 'cmake_args': None, 'cmake_clean_cache': False, 'cmake_clean_first': False, 'cmake_force_configure': False, 'cmake_target': None, 'cmake_target_skip_unavailable': False, 'install_base': '/home/agv/Desktop/catkin/catkin_ws/install/bot_localization', 'merge_install': False, 'path': '/home/agv/Desktop/catkin/catkin_ws/src/bot_localization', 'symlink_install': False, 'test_result_base': None}
[0.534s] Level 5:colcon.colcon_core.verb:set package 'bot_navigation' build argument 'cmake_args' from command line to 'None'
[0.534s] Level 5:colcon.colcon_core.verb:set package 'bot_navigation' build argument 'cmake_target' from command line to 'None'
[0.534s] Level 5:colcon.colcon_core.verb:set package 'bot_navigation' build argument 'cmake_target_skip_unavailable' from command line to 'False'
[0.534s] Level 5:colcon.colcon_core.verb:set package 'bot_navigation' build argument 'cmake_clean_cache' from command line to 'False'
[0.534s] Level 5:colcon.colcon_core.verb:set package 'bot_navigation' build argument 'cmake_clean_first' from command line to 'False'
[0.534s] Level 5:colcon.colcon_core.verb:set package 'bot_navigation' build argument 'cmake_force_configure' from command line to 'False'
[0.534s] Level 5:colcon.colcon_core.verb:set package 'bot_navigation' build argument 'ament_cmake_args' from command line to 'None'
[0.534s] Level 5:colcon.colcon_core.verb:set package 'bot_navigation' build argument 'catkin_cmake_args' from command line to 'None'
[0.534s] Level 5:colcon.colcon_core.verb:set package 'bot_navigation' build argument 'catkin_skip_building_tests' from command line to 'False'
[0.534s] DEBUG:colcon.colcon_core.verb:Building package 'bot_navigation' with the following arguments: {'ament_cmake_args': None, 'build_base': '/home/agv/Desktop/catkin/catkin_ws/build/bot_navigation', 'catkin_cmake_args': None, 'catkin_skip_building_tests': False, 'cmake_args': None, 'cmake_clean_cache': False, 'cmake_clean_first': False, 'cmake_force_configure': False, 'cmake_target': None, 'cmake_target_skip_unavailable': False, 'install_base': '/home/agv/Desktop/catkin/catkin_ws/install/bot_navigation', 'merge_install': False, 'path': '/home/agv/Desktop/catkin/catkin_ws/src/bot_navigation', 'symlink_install': False, 'test_result_base': None}
[0.535s] INFO:colcon.colcon_core.executor:Executing jobs using 'parallel' executor
[0.536s] DEBUG:colcon.colcon_parallel_executor.executor.parallel:run_until_complete
[0.537s] INFO:colcon.colcon_ros.task.ament_python.build:Building ROS package in '/home/agv/Desktop/catkin/catkin_ws/src/bot_apriltag' with build type 'ament_python'
[0.537s] Level 1:colcon.colcon_core.shell:create_environment_hook('bot_apriltag', 'ament_prefix_path')
[0.540s] INFO:colcon.colcon_core.plugin_system:Skipping extension 'colcon_core.shell.bat': Not used on non-Windows systems
[0.540s] INFO:colcon.colcon_core.shell:Creating environment hook '/home/agv/Desktop/catkin/catkin_ws/install/bot_apriltag/share/bot_apriltag/hook/ament_prefix_path.ps1'
[0.542s] INFO:colcon.colcon_core.shell:Creating environment descriptor '/home/agv/Desktop/catkin/catkin_ws/install/bot_apriltag/share/bot_apriltag/hook/ament_prefix_path.dsv'
[0.543s] INFO:colcon.colcon_core.shell:Creating environment hook '/home/agv/Desktop/catkin/catkin_ws/install/bot_apriltag/share/bot_apriltag/hook/ament_prefix_path.sh'
[0.544s] INFO:colcon.colcon_core.shell:Skip shell extension 'powershell' for command environment: Not usable outside of PowerShell
[0.544s] DEBUG:colcon.colcon_core.shell:Skip shell extension 'dsv' for command environment
[0.552s] INFO:colcon.colcon_ros.task.ament_cmake.build:Building ROS package in '/home/agv/Desktop/catkin/catkin_ws/src/bot_description' with build type 'ament_cmake'
[0.553s] INFO:colcon.colcon_cmake.task.cmake.build:Building CMake package in '/home/agv/Desktop/catkin/catkin_ws/src/bot_description'
[0.553s] INFO:colcon.colcon_core.shell:Skip shell extension 'powershell' for command environment: Not usable outside of PowerShell
[0.553s] DEBUG:colcon.colcon_core.shell:Skip shell extension 'dsv' for command environment
[0.563s] INFO:colcon.colcon_ros.task.ament_cmake.build:Building ROS package in '/home/agv/Desktop/catkin/catkin_ws/src/bot_gazebo' with build type 'ament_cmake'
[0.564s] INFO:colcon.colcon_cmake.task.cmake.build:Building CMake package in '/home/agv/Desktop/catkin/catkin_ws/src/bot_gazebo'
[0.564s] INFO:colcon.colcon_core.shell:Skip shell extension 'powershell' for command environment: Not usable outside of PowerShell
[0.564s] DEBUG:colcon.colcon_core.shell:Skip shell extension 'dsv' for command environment
[0.573s] INFO:colcon.colcon_ros.task.ament_python.build:Building ROS package in '/home/agv/Desktop/catkin/catkin_ws/src/bot_localization' with build type 'ament_python'
[0.573s] Level 1:colcon.colcon_core.shell:create_environment_hook('bot_localization', 'ament_prefix_path')
[0.574s] INFO:colcon.colcon_core.shell:Creating environment hook '/home/agv/Desktop/catkin/catkin_ws/install/bot_localization/share/bot_localization/hook/ament_prefix_path.ps1'
[0.575s] INFO:colcon.colcon_core.shell:Creating environment descriptor '/home/agv/Desktop/catkin/catkin_ws/install/bot_localization/share/bot_localization/hook/ament_prefix_path.dsv'
[0.576s] INFO:colcon.colcon_core.shell:Creating environment hook '/home/agv/Desktop/catkin/catkin_ws/install/bot_localization/share/bot_localization/hook/ament_prefix_path.sh'
[0.577s] INFO:colcon.colcon_core.shell:Skip shell extension 'powershell' for command environment: Not usable outside of PowerShell
[0.577s] DEBUG:colcon.colcon_core.shell:Skip shell extension 'dsv' for command environment
[0.586s] INFO:colcon.colcon_ros.task.ament_python.build:Building ROS package in '/home/agv/Desktop/catkin/catkin_ws/src/bot_navigation' with build type 'ament_python'
[0.587s] Level 1:colcon.colcon_core.shell:create_environment_hook('bot_navigation', 'ament_prefix_path')
[0.587s] INFO:colcon.colcon_core.shell:Creating environment hook '/home/agv/Desktop/catkin/catkin_ws/install/bot_navigation/share/bot_navigation/hook/ament_prefix_path.ps1'
[0.591s] INFO:colcon.colcon_core.shell:Creating environment descriptor '/home/agv/Desktop/catkin/catkin_ws/install/bot_navigation/share/bot_navigation/hook/ament_prefix_path.dsv'
[0.599s] INFO:colcon.colcon_core.shell:Creating environment hook '/home/agv/Desktop/catkin/catkin_ws/install/bot_navigation/share/bot_navigation/hook/ament_prefix_path.sh'
[0.602s] INFO:colcon.colcon_core.shell:Skip shell extension 'powershell' for command environment: Not usable outside of PowerShell
[0.603s] DEBUG:colcon.colcon_core.shell:Skip shell extension 'dsv' for command environment
[1.032s] INFO:colcon.colcon_core.task.python.build:Building Python package in '/home/agv/Desktop/catkin/catkin_ws/src/bot_apriltag'
[1.033s] INFO:colcon.colcon_core.shell:Skip shell extension 'powershell' for command environment: Not usable outside of PowerShell
[1.033s] DEBUG:colcon.colcon_core.shell:Skip shell extension 'dsv' for command environment
[1.057s] DEBUG:colcon.colcon_core.event_handler.log_command:Invoking command in '/home/agv/Desktop/catkin/catkin_ws/build/bot_description': CMAKE_PREFIX_PATH=${CMAKE_PREFIX_PATH}:/home/agv/Desktop/catkin/catkin_ws/install/bot_navigation:/home/agv/Desktop/catkin/catkin_ws/install/bot_localization:/home/agv/Desktop/catkin/catkin_ws/install/bot_apriltag:/opt/ros/humble /usr/bin/cmake --build /home/agv/Desktop/catkin/catkin_ws/build/bot_description -- -j8 -l8
[1.064s] DEBUG:colcon.colcon_core.event_handler.log_command:Invoking command in '/home/agv/Desktop/catkin/catkin_ws/build/bot_gazebo': CMAKE_PREFIX_PATH=${CMAKE_PREFIX_PATH}:/home/agv/Desktop/catkin/catkin_ws/install/bot_navigation:/home/agv/Desktop/catkin/catkin_ws/install/bot_localization:/home/agv/Desktop/catkin/catkin_ws/install/bot_apriltag:/opt/ros/humble /usr/bin/cmake --build /home/agv/Desktop/catkin/catkin_ws/build/bot_gazebo -- -j8 -l8
[1.459s] INFO:colcon.colcon_core.task.python.build:Building Python package in '/home/agv/Desktop/catkin/catkin_ws/src/bot_localization'
[1.460s] INFO:colcon.colcon_core.shell:Skip shell extension 'powershell' for command environment: Not usable outside of PowerShell
[1.460s] DEBUG:colcon.colcon_core.shell:Skip shell extension 'dsv' for command environment
[1.940s] INFO:colcon.colcon_core.task.python.build:Building Python package in '/home/agv/Desktop/catkin/catkin_ws/src/bot_navigation'
[1.941s] INFO:colcon.colcon_core.shell:Skip shell extension 'powershell' for command environment: Not usable outside of PowerShell
[1.941s] DEBUG:colcon.colcon_core.shell:Skip shell extension 'dsv' for command environment
[1.994s] DEBUG:colcon.colcon_core.event_handler.log_command:Invoked command in '/home/agv/Desktop/catkin/catkin_ws/build/bot_description' returned '0': CMAKE_PREFIX_PATH=${CMAKE_PREFIX_PATH}:/home/agv/Desktop/catkin/catkin_ws/install/bot_navigation:/home/agv/Desktop/catkin/catkin_ws/install/bot_localization:/home/agv/Desktop/catkin/catkin_ws/install/bot_apriltag:/opt/ros/humble /usr/bin/cmake --build /home/agv/Desktop/catkin/catkin_ws/build/bot_description -- -j8 -l8
[2.021s] DEBUG:colcon.colcon_core.event_handler.log_command:Invoking command in '/home/agv/Desktop/catkin/catkin_ws/build/bot_description': CMAKE_PREFIX_PATH=${CMAKE_PREFIX_PATH}:/home/agv/Desktop/catkin/catkin_ws/install/bot_navigation:/home/agv/Desktop/catkin/catkin_ws/install/bot_localization:/home/agv/Desktop/catkin/catkin_ws/install/bot_apriltag:/opt/ros/humble /usr/bin/cmake --install /home/agv/Desktop/catkin/catkin_ws/build/bot_description
[2.029s] DEBUG:colcon.colcon_core.event_handler.log_command:Invoked command in '/home/agv/Desktop/catkin/catkin_ws/build/bot_gazebo' returned '0': CMAKE_PREFIX_PATH=${CMAKE_PREFIX_PATH}:/home/agv/Desktop/catkin/catkin_ws/install/bot_navigation:/home/agv/Desktop/catkin/catkin_ws/install/bot_localization:/home/agv/Desktop/catkin/catkin_ws/install/bot_apriltag:/opt/ros/humble /usr/bin/cmake --build /home/agv/Desktop/catkin/catkin_ws/build/bot_gazebo -- -j8 -l8
[2.030s] DEBUG:colcon.colcon_core.event_handler.log_command:Invoking command in '/home/agv/Desktop/catkin/catkin_ws/build/bot_gazebo': CMAKE_PREFIX_PATH=${CMAKE_PREFIX_PATH}:/home/agv/Desktop/catkin/catkin_ws/install/bot_navigation:/home/agv/Desktop/catkin/catkin_ws/install/bot_localization:/home/agv/Desktop/catkin/catkin_ws/install/bot_apriltag:/opt/ros/humble /usr/bin/cmake --install /home/agv/Desktop/catkin/catkin_ws/build/bot_gazebo
[2.050s] Level 1:colcon.colcon_core.environment:create_environment_scripts_only(bot_description)
[2.053s] DEBUG:colcon.colcon_core.event_handler.log_command:Invoked command in '/home/agv/Desktop/catkin/catkin_ws/build/bot_description' returned '0': CMAKE_PREFIX_PATH=${CMAKE_PREFIX_PATH}:/home/agv/Desktop/catkin/catkin_ws/install/bot_navigation:/home/agv/Desktop/catkin/catkin_ws/install/bot_localization:/home/agv/Desktop/catkin/catkin_ws/install/bot_apriltag:/opt/ros/humble /usr/bin/cmake --install /home/agv/Desktop/catkin/catkin_ws/build/bot_description
[2.065s] Level 1:colcon.colcon_core.environment:checking '/home/agv/Desktop/catkin/catkin_ws/install/bot_description' for CMake module files
[2.066s] Level 1:colcon.colcon_core.environment:checking '/home/agv/Desktop/catkin/catkin_ws/install/bot_description' for CMake config files
[2.066s] Level 1:colcon.colcon_core.shell:create_environment_hook('bot_description', 'cmake_prefix_path')
[2.067s] INFO:colcon.colcon_core.shell:Creating environment hook '/home/agv/Desktop/catkin/catkin_ws/install/bot_description/share/bot_description/hook/cmake_prefix_path.ps1'
[2.071s] INFO:colcon.colcon_core.shell:Creating environment descriptor '/home/agv/Desktop/catkin/catkin_ws/install/bot_description/share/bot_description/hook/cmake_prefix_path.dsv'
[2.073s] INFO:colcon.colcon_core.shell:Creating environment hook '/home/agv/Desktop/catkin/catkin_ws/install/bot_description/share/bot_description/hook/cmake_prefix_path.sh'
[2.085s] Level 1:colcon.colcon_core.environment:checking '/home/agv/Desktop/catkin/catkin_ws/install/bot_description/bin'
[2.085s] Level 1:colcon.colcon_core.environment:checking '/home/agv/Desktop/catkin/catkin_ws/install/bot_description/lib/pkgconfig/bot_description.pc'
[2.085s] Level 1:colcon.colcon_core.environment:checking '/home/agv/Desktop/catkin/catkin_ws/install/bot_description/lib/python3.10/site-packages'
[2.086s] Level 1:colcon.colcon_core.environment:checking '/home/agv/Desktop/catkin/catkin_ws/install/bot_description/bin'
[2.086s] INFO:colcon.colcon_core.shell:Creating package script '/home/agv/Desktop/catkin/catkin_ws/install/bot_description/share/bot_description/package.ps1'
[2.089s] INFO:colcon.colcon_core.shell:Creating package descriptor '/home/agv/Desktop/catkin/catkin_ws/install/bot_description/share/bot_description/package.dsv'
[2.093s] INFO:colcon.colcon_core.shell:Creating package script '/home/agv/Desktop/catkin/catkin_ws/install/bot_description/share/bot_description/package.sh'
[2.096s] INFO:colcon.colcon_core.shell:Creating package script '/home/agv/Desktop/catkin/catkin_ws/install/bot_description/share/bot_description/package.bash'
[2.099s] INFO:colcon.colcon_core.shell:Creating package script '/home/agv/Desktop/catkin/catkin_ws/install/bot_description/share/bot_description/package.zsh'
[2.103s] Level 1:colcon.colcon_core.environment:create_file_with_runtime_dependencies(/home/agv/Desktop/catkin/catkin_ws/install/bot_description/share/colcon-core/packages/bot_description)
[2.105s] Level 1:colcon.colcon_core.environment:create_environment_scripts_only(bot_description)
[2.105s] Level 1:colcon.colcon_core.environment:checking '/home/agv/Desktop/catkin/catkin_ws/install/bot_description' for CMake module files
[2.109s] Level 1:colcon.colcon_core.environment:checking '/home/agv/Desktop/catkin/catkin_ws/install/bot_description' for CMake config files
[2.109s] Level 1:colcon.colcon_core.shell:create_environment_hook('bot_description', 'cmake_prefix_path')
[2.110s] INFO:colcon.colcon_core.shell:Creating environment hook '/home/agv/Desktop/catkin/catkin_ws/install/bot_description/share/bot_description/hook/cmake_prefix_path.ps1'
[2.111s] INFO:colcon.colcon_core.shell:Creating environment descriptor '/home/agv/Desktop/catkin/catkin_ws/install/bot_description/share/bot_description/hook/cmake_prefix_path.dsv'
[2.114s] INFO:colcon.colcon_core.shell:Creating environment hook '/home/agv/Desktop/catkin/catkin_ws/install/bot_description/share/bot_description/hook/cmake_prefix_path.sh'
[2.123s] Level 1:colcon.colcon_core.environment:checking '/home/agv/Desktop/catkin/catkin_ws/install/bot_description/bin'
[2.123s] Level 1:colcon.colcon_core.environment:checking '/home/agv/Desktop/catkin/catkin_ws/install/bot_description/lib/pkgconfig/bot_description.pc'
[2.124s] Level 1:colcon.colcon_core.environment:checking '/home/agv/Desktop/catkin/catkin_ws/install/bot_description/lib/python3.10/site-packages'
[2.124s] Level 1:colcon.colcon_core.environment:checking '/home/agv/Desktop/catkin/catkin_ws/install/bot_description/bin'
[2.125s] INFO:colcon.colcon_core.shell:Creating package script '/home/agv/Desktop/catkin/catkin_ws/install/bot_description/share/bot_description/package.ps1'
[2.131s] INFO:colcon.colcon_core.shell:Creating package descriptor '/home/agv/Desktop/catkin/catkin_ws/install/bot_description/share/bot_description/package.dsv'
[2.132s] INFO:colcon.colcon_core.shell:Creating package script '/home/agv/Desktop/catkin/catkin_ws/install/bot_description/share/bot_description/package.sh'
[2.133s] INFO:colcon.colcon_core.shell:Creating package script '/home/agv/Desktop/catkin/catkin_ws/install/bot_description/share/bot_description/package.bash'
[2.134s] INFO:colcon.colcon_core.shell:Creating package script '/home/agv/Desktop/catkin/catkin_ws/install/bot_description/share/bot_description/package.zsh'
[2.134s] Level 1:colcon.colcon_core.environment:create_file_with_runtime_dependencies(/home/agv/Desktop/catkin/catkin_ws/install/bot_description/share/colcon-core/packages/bot_description)
[2.138s] Level 1:colcon.colcon_core.environment:create_environment_scripts_only(bot_gazebo)
[2.138s] Level 1:colcon.colcon_core.environment:checking '/home/agv/Desktop/catkin/catkin_ws/install/bot_gazebo' for CMake module files
[2.139s] DEBUG:colcon.colcon_core.event_handler.log_command:Invoked command in '/home/agv/Desktop/catkin/catkin_ws/build/bot_gazebo' returned '0': CMAKE_PREFIX_PATH=${CMAKE_PREFIX_PATH}:/home/agv/Desktop/catkin/catkin_ws/install/bot_navigation:/home/agv/Desktop/catkin/catkin_ws/install/bot_localization:/home/agv/Desktop/catkin/catkin_ws/install/bot_apriltag:/opt/ros/humble /usr/bin/cmake --install /home/agv/Desktop/catkin/catkin_ws/build/bot_gazebo
[2.142s] Level 1:colcon.colcon_core.environment:checking '/home/agv/Desktop/catkin/catkin_ws/install/bot_gazebo' for CMake config files
[2.142s] Level 1:colcon.colcon_core.shell:create_environment_hook('bot_gazebo', 'cmake_prefix_path')
[2.143s] INFO:colcon.colcon_core.shell:Creating environment hook '/home/agv/Desktop/catkin/catkin_ws/install/bot_gazebo/share/bot_gazebo/hook/cmake_prefix_path.ps1'
[2.145s] INFO:colcon.colcon_core.shell:Creating environment descriptor '/home/agv/Desktop/catkin/catkin_ws/install/bot_gazebo/share/bot_gazebo/hook/cmake_prefix_path.dsv'
[2.148s] INFO:colcon.colcon_core.shell:Creating environment hook '/home/agv/Desktop/catkin/catkin_ws/install/bot_gazebo/share/bot_gazebo/hook/cmake_prefix_path.sh'
[2.150s] Level 1:colcon.colcon_core.environment:checking '/home/agv/Desktop/catkin/catkin_ws/install/bot_gazebo/bin'
[2.150s] Level 1:colcon.colcon_core.environment:checking '/home/agv/Desktop/catkin/catkin_ws/install/bot_gazebo/lib/pkgconfig/bot_gazebo.pc'
[2.151s] Level 1:colcon.colcon_core.environment:checking '/home/agv/Desktop/catkin/catkin_ws/install/bot_gazebo/lib/python3.10/site-packages'
[2.151s] Level 1:colcon.colcon_core.environment:checking '/home/agv/Desktop/catkin/catkin_ws/install/bot_gazebo/bin'
[2.152s] INFO:colcon.colcon_core.shell:Creating package script '/home/agv/Desktop/catkin/catkin_ws/install/bot_gazebo/share/bot_gazebo/package.ps1'
[2.154s] INFO:colcon.colcon_core.shell:Creating package descriptor '/home/agv/Desktop/catkin/catkin_ws/install/bot_gazebo/share/bot_gazebo/package.dsv'
[2.157s] INFO:colcon.colcon_core.shell:Creating package script '/home/agv/Desktop/catkin/catkin_ws/install/bot_gazebo/share/bot_gazebo/package.sh'
[2.160s] INFO:colcon.colcon_core.shell:Creating package script '/home/agv/Desktop/catkin/catkin_ws/install/bot_gazebo/share/bot_gazebo/package.bash'
[2.162s] INFO:colcon.colcon_core.shell:Creating package script '/home/agv/Desktop/catkin/catkin_ws/install/bot_gazebo/share/bot_gazebo/package.zsh'
[2.163s] Level 1:colcon.colcon_core.environment:create_file_with_runtime_dependencies(/home/agv/Desktop/catkin/catkin_ws/install/bot_gazebo/share/colcon-core/packages/bot_gazebo)
[2.166s] Level 1:colcon.colcon_core.environment:create_environment_scripts_only(bot_gazebo)
[2.166s] Level 1:colcon.colcon_core.environment:checking '/home/agv/Desktop/catkin/catkin_ws/install/bot_gazebo' for CMake module files
[2.168s] Level 1:colcon.colcon_core.environment:checking '/home/agv/Desktop/catkin/catkin_ws/install/bot_gazebo' for CMake config files
[2.170s] Level 1:colcon.colcon_core.shell:create_environment_hook('bot_gazebo', 'cmake_prefix_path')
[2.170s] INFO:colcon.colcon_core.shell:Creating environment hook '/home/agv/Desktop/catkin/catkin_ws/install/bot_gazebo/share/bot_gazebo/hook/cmake_prefix_path.ps1'
[2.172s] INFO:colcon.colcon_core.shell:Creating environment descriptor '/home/agv/Desktop/catkin/catkin_ws/install/bot_gazebo/share/bot_gazebo/hook/cmake_prefix_path.dsv'
[2.174s] INFO:colcon.colcon_core.shell:Creating environment hook '/home/agv/Desktop/catkin/catkin_ws/install/bot_gazebo/share/bot_gazebo/hook/cmake_prefix_path.sh'
[2.179s] Level 1:colcon.colcon_core.environment:checking '/home/agv/Desktop/catkin/catkin_ws/install/bot_gazebo/bin'
[2.179s] Level 1:colcon.colcon_core.environment:checking '/home/agv/Desktop/catkin/catkin_ws/install/bot_gazebo/lib/pkgconfig/bot_gazebo.pc'
[2.179s] Level 1:colcon.colcon_core.environment:checking '/home/agv/Desktop/catkin/catkin_ws/install/bot_gazebo/lib/python3.10/site-packages'
[2.180s] Level 1:colcon.colcon_core.environment:checking '/home/agv/Desktop/catkin/catkin_ws/install/bot_gazebo/bin'
[2.181s] INFO:colcon.colcon_core.shell:Creating package script '/home/agv/Desktop/catkin/catkin_ws/install/bot_gazebo/share/bot_gazebo/package.ps1'
[2.182s] INFO:colcon.colcon_core.shell:Creating package descriptor '/home/agv/Desktop/catkin/catkin_ws/install/bot_gazebo/share/bot_gazebo/package.dsv'
[2.184s] INFO:colcon.colcon_core.shell:Creating package script '/home/agv/Desktop/catkin/catkin_ws/install/bot_gazebo/share/bot_gazebo/package.sh'
[2.187s] INFO:colcon.colcon_core.shell:Creating package script '/home/agv/Desktop/catkin/catkin_ws/install/bot_gazebo/share/bot_gazebo/package.bash'
[2.190s] INFO:colcon.colcon_core.shell:Creating package script '/home/agv/Desktop/catkin/catkin_ws/install/bot_gazebo/share/bot_gazebo/package.zsh'
[2.191s] Level 1:colcon.colcon_core.environment:create_file_with_runtime_dependencies(/home/agv/Desktop/catkin/catkin_ws/install/bot_gazebo/share/colcon-core/packages/bot_gazebo)
[2.654s] DEBUG:colcon.colcon_core.event_handler.log_command:Invoking command in '/home/agv/Desktop/catkin/catkin_ws/src/bot_apriltag': PYTHONPATH=/home/agv/Desktop/catkin/catkin_ws/build/bot_apriltag/prefix_override:/usr/lib/python3/dist-packages/colcon_core/task/python/colcon_distutils_commands:/home/agv/Desktop/catkin/catkin_ws/install/bot_apriltag/lib/python3.10/site-packages:${PYTHONPATH} /usr/bin/python3 -W ignore:setup.py install is deprecated -W ignore:easy_install command is deprecated setup.py egg_info --egg-base ../../build/bot_apriltag build --build-base /home/agv/Desktop/catkin/catkin_ws/build/bot_apriltag/build install --record /home/agv/Desktop/catkin/catkin_ws/build/bot_apriltag/install.log --single-version-externally-managed install_data
[2.677s] DEBUG:colcon.colcon_core.event_handler.log_command:Invoking command in '/home/agv/Desktop/catkin/catkin_ws/src/bot_navigation': PYTHONPATH=/home/agv/Desktop/catkin/catkin_ws/build/bot_navigation/prefix_override:/usr/lib/python3/dist-packages/colcon_core/task/python/colcon_distutils_commands:/home/agv/Desktop/catkin/catkin_ws/install/bot_navigation/lib/python3.10/site-packages:${PYTHONPATH} /usr/bin/python3 -W ignore:setup.py install is deprecated -W ignore:easy_install command is deprecated setup.py egg_info --egg-base ../../build/bot_navigation build --build-base /home/agv/Desktop/catkin/catkin_ws/build/bot_navigation/build install --record /home/agv/Desktop/catkin/catkin_ws/build/bot_navigation/install.log --single-version-externally-managed install_data
[2.724s] DEBUG:colcon.colcon_core.event_handler.log_command:Invoking command in '/home/agv/Desktop/catkin/catkin_ws/src/bot_localization': PYTHONPATH=/home/agv/Desktop/catkin/catkin_ws/build/bot_localization/prefix_override:/usr/lib/python3/dist-packages/colcon_core/task/python/colcon_distutils_commands:/home/agv/Desktop/catkin/catkin_ws/install/bot_localization/lib/python3.10/site-packages:${PYTHONPATH} /usr/bin/python3 -W ignore:setup.py install is deprecated -W ignore:easy_install command is deprecated setup.py egg_info --egg-base ../../build/bot_localization build --build-base /home/agv/Desktop/catkin/catkin_ws/build/bot_localization/build install --record /home/agv/Desktop/catkin/catkin_ws/build/bot_localization/install.log --single-version-externally-managed install_data
[3.194s] Level 1:colcon.colcon_core.environment:checking '/home/agv/Desktop/catkin/catkin_ws/install/bot_navigation' for CMake module files
[3.195s] Level 1:colcon.colcon_core.environment:checking '/home/agv/Desktop/catkin/catkin_ws/install/bot_navigation' for CMake config files
[3.196s] Level 1:colcon.colcon_core.environment:checking '/home/agv/Desktop/catkin/catkin_ws/install/bot_navigation/lib'
[3.197s] Level 1:colcon.colcon_core.environment:checking '/home/agv/Desktop/catkin/catkin_ws/install/bot_navigation/bin'
[3.197s] Level 1:colcon.colcon_core.environment:checking '/home/agv/Desktop/catkin/catkin_ws/install/bot_navigation/lib/pkgconfig/bot_navigation.pc'
[3.197s] Level 1:colcon.colcon_core.environment:checking '/home/agv/Desktop/catkin/catkin_ws/install/bot_navigation/lib/python3.10/site-packages'
[3.199s] Level 1:colcon.colcon_core.shell:create_environment_hook('bot_navigation', 'pythonpath')
[3.198s] DEBUG:colcon.colcon_core.event_handler.log_command:Invoked command in '/home/agv/Desktop/catkin/catkin_ws/src/bot_navigation' returned '0': PYTHONPATH=/home/agv/Desktop/catkin/catkin_ws/build/bot_navigation/prefix_override:/usr/lib/python3/dist-packages/colcon_core/task/python/colcon_distutils_commands:/home/agv/Desktop/catkin/catkin_ws/install/bot_navigation/lib/python3.10/site-packages:${PYTHONPATH} /usr/bin/python3 -W ignore:setup.py install is deprecated -W ignore:easy_install command is deprecated setup.py egg_info --egg-base ../../build/bot_navigation build --build-base /home/agv/Desktop/catkin/catkin_ws/build/bot_navigation/build install --record /home/agv/Desktop/catkin/catkin_ws/build/bot_navigation/install.log --single-version-externally-managed install_data
[3.199s] INFO:colcon.colcon_core.shell:Creating environment hook '/home/agv/Desktop/catkin/catkin_ws/install/bot_navigation/share/bot_navigation/hook/pythonpath.ps1'
[3.205s] INFO:colcon.colcon_core.shell:Creating environment descriptor '/home/agv/Desktop/catkin/catkin_ws/install/bot_navigation/share/bot_navigation/hook/pythonpath.dsv'
[3.207s] INFO:colcon.colcon_core.shell:Creating environment hook '/home/agv/Desktop/catkin/catkin_ws/install/bot_navigation/share/bot_navigation/hook/pythonpath.sh'
[3.208s] Level 1:colcon.colcon_core.environment:checking '/home/agv/Desktop/catkin/catkin_ws/install/bot_navigation/bin'
[3.209s] Level 1:colcon.colcon_core.environment:create_environment_scripts_only(bot_navigation)
[3.210s] INFO:colcon.colcon_core.shell:Creating package script '/home/agv/Desktop/catkin/catkin_ws/install/bot_navigation/share/bot_navigation/package.ps1'
[3.211s] INFO:colcon.colcon_core.shell:Creating package descriptor '/home/agv/Desktop/catkin/catkin_ws/install/bot_navigation/share/bot_navigation/package.dsv'
[3.213s] INFO:colcon.colcon_core.shell:Creating package script '/home/agv/Desktop/catkin/catkin_ws/install/bot_navigation/share/bot_navigation/package.sh'
[3.216s] INFO:colcon.colcon_core.shell:Creating package script '/home/agv/Desktop/catkin/catkin_ws/install/bot_navigation/share/bot_navigation/package.bash'
[3.218s] INFO:colcon.colcon_core.shell:Creating package script '/home/agv/Desktop/catkin/catkin_ws/install/bot_navigation/share/bot_navigation/package.zsh'
[3.219s] Level 1:colcon.colcon_core.environment:create_file_with_runtime_dependencies(/home/agv/Desktop/catkin/catkin_ws/install/bot_navigation/share/colcon-core/packages/bot_navigation)
[3.223s] Level 1:colcon.colcon_core.environment:checking '/home/agv/Desktop/catkin/catkin_ws/install/bot_apriltag' for CMake module files
[3.225s] Level 1:colcon.colcon_core.environment:checking '/home/agv/Desktop/catkin/catkin_ws/install/bot_apriltag' for CMake config files
[3.226s] Level 1:colcon.colcon_core.environment:checking '/home/agv/Desktop/catkin/catkin_ws/install/bot_apriltag/lib'
[3.226s] Level 1:colcon.colcon_core.environment:checking '/home/agv/Desktop/catkin/catkin_ws/install/bot_apriltag/bin'
[3.226s] Level 1:colcon.colcon_core.environment:checking '/home/agv/Desktop/catkin/catkin_ws/install/bot_apriltag/lib/pkgconfig/bot_apriltag.pc'
[3.226s] Level 1:colcon.colcon_core.environment:checking '/home/agv/Desktop/catkin/catkin_ws/install/bot_apriltag/lib/python3.10/site-packages'
[3.227s] Level 1:colcon.colcon_core.shell:create_environment_hook('bot_apriltag', 'pythonpath')
[3.227s] INFO:colcon.colcon_core.shell:Creating environment hook '/home/agv/Desktop/catkin/catkin_ws/install/bot_apriltag/share/bot_apriltag/hook/pythonpath.ps1'
[3.228s] DEBUG:colcon.colcon_core.event_handler.log_command:Invoked command in '/home/agv/Desktop/catkin/catkin_ws/src/bot_apriltag' returned '0': PYTHONPATH=/home/agv/Desktop/catkin/catkin_ws/build/bot_apriltag/prefix_override:/usr/lib/python3/dist-packages/colcon_core/task/python/colcon_distutils_commands:/home/agv/Desktop/catkin/catkin_ws/install/bot_apriltag/lib/python3.10/site-packages:${PYTHONPATH} /usr/bin/python3 -W ignore:setup.py install is deprecated -W ignore:easy_install command is deprecated setup.py egg_info --egg-base ../../build/bot_apriltag build --build-base /home/agv/Desktop/catkin/catkin_ws/build/bot_apriltag/build install --record /home/agv/Desktop/catkin/catkin_ws/build/bot_apriltag/install.log --single-version-externally-managed install_data
[3.229s] INFO:colcon.colcon_core.shell:Creating environment descriptor '/home/agv/Desktop/catkin/catkin_ws/install/bot_apriltag/share/bot_apriltag/hook/pythonpath.dsv'
[3.230s] INFO:colcon.colcon_core.shell:Creating environment hook '/home/agv/Desktop/catkin/catkin_ws/install/bot_apriltag/share/bot_apriltag/hook/pythonpath.sh'
[3.231s] Level 1:colcon.colcon_core.environment:checking '/home/agv/Desktop/catkin/catkin_ws/install/bot_apriltag/bin'
[3.232s] Level 1:colcon.colcon_core.environment:create_environment_scripts_only(bot_apriltag)
[3.232s] INFO:colcon.colcon_core.shell:Creating package script '/home/agv/Desktop/catkin/catkin_ws/install/bot_apriltag/share/bot_apriltag/package.ps1'
[3.233s] INFO:colcon.colcon_core.shell:Creating package descriptor '/home/agv/Desktop/catkin/catkin_ws/install/bot_apriltag/share/bot_apriltag/package.dsv'
[3.234s] INFO:colcon.colcon_core.shell:Creating package script '/home/agv/Desktop/catkin/catkin_ws/install/bot_apriltag/share/bot_apriltag/package.sh'
[3.235s] INFO:colcon.colcon_core.shell:Creating package script '/home/agv/Desktop/catkin/catkin_ws/install/bot_apriltag/share/bot_apriltag/package.bash'
[3.236s] INFO:colcon.colcon_core.shell:Creating package script '/home/agv/Desktop/catkin/catkin_ws/install/bot_apriltag/share/bot_apriltag/package.zsh'
[3.238s] Level 1:colcon.colcon_core.environment:create_file_with_runtime_dependencies(/home/agv/Desktop/catkin/catkin_ws/install/bot_apriltag/share/colcon-core/packages/bot_apriltag)
[3.239s] Level 1:colcon.colcon_core.environment:checking '/home/agv/Desktop/catkin/catkin_ws/install/bot_localization' for CMake module files
[3.240s] Level 1:colcon.colcon_core.environment:checking '/home/agv/Desktop/catkin/catkin_ws/install/bot_localization' for CMake config files
[3.242s] DEBUG:colcon.colcon_core.event_handler.log_command:Invoked command in '/home/agv/Desktop/catkin/catkin_ws/src/bot_localization' returned '0': PYTHONPATH=/home/agv/Desktop/catkin/catkin_ws/build/bot_localization/prefix_override:/usr/lib/python3/dist-packages/colcon_core/task/python/colcon_distutils_commands:/home/agv/Desktop/catkin/catkin_ws/install/bot_localization/lib/python3.10/site-packages:${PYTHONPATH} /usr/bin/python3 -W ignore:setup.py install is deprecated -W ignore:easy_install command is deprecated setup.py egg_info --egg-base ../../build/bot_localization build --build-base /home/agv/Desktop/catkin/catkin_ws/build/bot_localization/build install --record /home/agv/Desktop/catkin/catkin_ws/build/bot_localization/install.log --single-version-externally-managed install_data
[3.243s] Level 1:colcon.colcon_core.environment:checking '/home/agv/Desktop/catkin/catkin_ws/install/bot_localization/lib'
[3.243s] Level 1:colcon.colcon_core.environment:checking '/home/agv/Desktop/catkin/catkin_ws/install/bot_localization/bin'
[3.243s] Level 1:colcon.colcon_core.environment:checking '/home/agv/Desktop/catkin/catkin_ws/install/bot_localization/lib/pkgconfig/bot_localization.pc'
[3.243s] Level 1:colcon.colcon_core.environment:checking '/home/agv/Desktop/catkin/catkin_ws/install/bot_localization/lib/python3.10/site-packages'
[3.244s] Level 1:colcon.colcon_core.shell:create_environment_hook('bot_localization', 'pythonpath')
[3.244s] INFO:colcon.colcon_core.shell:Creating environment hook '/home/agv/Desktop/catkin/catkin_ws/install/bot_localization/share/bot_localization/hook/pythonpath.ps1'
[3.245s] INFO:colcon.colcon_core.shell:Creating environment descriptor '/home/agv/Desktop/catkin/catkin_ws/install/bot_localization/share/bot_localization/hook/pythonpath.dsv'
[3.246s] INFO:colcon.colcon_core.shell:Creating environment hook '/home/agv/Desktop/catkin/catkin_ws/install/bot_localization/share/bot_localization/hook/pythonpath.sh'
[3.247s] Level 1:colcon.colcon_core.environment:checking '/home/agv/Desktop/catkin/catkin_ws/install/bot_localization/bin'
[3.247s] Level 1:colcon.colcon_core.environment:create_environment_scripts_only(bot_localization)
[3.248s] INFO:colcon.colcon_core.shell:Creating package script '/home/agv/Desktop/catkin/catkin_ws/install/bot_localization/share/bot_localization/package.ps1'
[3.254s] INFO:colcon.colcon_core.shell:Creating package descriptor '/home/agv/Desktop/catkin/catkin_ws/install/bot_localization/share/bot_localization/package.dsv'
[3.258s] INFO:colcon.colcon_core.shell:Creating package script '/home/agv/Desktop/catkin/catkin_ws/install/bot_localization/share/bot_localization/package.sh'
[3.261s] INFO:colcon.colcon_core.shell:Creating package script '/home/agv/Desktop/catkin/catkin_ws/install/bot_localization/share/bot_localization/package.bash'
[3.262s] INFO:colcon.colcon_core.shell:Creating package script '/home/agv/Desktop/catkin/catkin_ws/install/bot_localization/share/bot_localization/package.zsh'
[3.263s] Level 1:colcon.colcon_core.environment:create_file_with_runtime_dependencies(/home/agv/Desktop/catkin/catkin_ws/install/bot_localization/share/colcon-core/packages/bot_localization)
[3.264s] DEBUG:colcon.colcon_parallel_executor.executor.parallel:closing loop
[3.264s] DEBUG:colcon.colcon_parallel_executor.executor.parallel:loop closed
[3.265s] DEBUG:colcon.colcon_parallel_executor.executor.parallel:run_until_complete finished with '0'
[3.265s] DEBUG:colcon.colcon_core.event_reactor:joining thread
[3.275s] INFO:colcon.colcon_core.plugin_system:Skipping extension 'colcon_notification.desktop_notification.terminal_notifier': Not used on non-Darwin systems
[3.275s] INFO:colcon.colcon_core.plugin_system:Skipping extension 'colcon_notification.desktop_notification.win32': Not used on non-Windows systems
[3.276s] INFO:colcon.colcon_notification.desktop_notification:Sending desktop notification using 'notify2'
[3.302s] DEBUG:colcon.colcon_core.event_reactor:joined thread
[3.302s] INFO:colcon.colcon_core.shell:Creating prefix script '/home/agv/Desktop/catkin/catkin_ws/install/local_setup.ps1'
[3.304s] INFO:colcon.colcon_core.shell:Creating prefix util module '/home/agv/Desktop/catkin/catkin_ws/install/_local_setup_util_ps1.py'
[3.306s] INFO:colcon.colcon_core.shell:Creating prefix chain script '/home/agv/Desktop/catkin/catkin_ws/install/setup.ps1'
[3.310s] INFO:colcon.colcon_core.shell:Creating prefix script '/home/agv/Desktop/catkin/catkin_ws/install/local_setup.sh'
[3.312s] INFO:colcon.colcon_core.shell:Creating prefix util module '/home/agv/Desktop/catkin/catkin_ws/install/_local_setup_util_sh.py'
[3.314s] INFO:colcon.colcon_core.shell:Creating prefix chain script '/home/agv/Desktop/catkin/catkin_ws/install/setup.sh'
[3.319s] INFO:colcon.colcon_core.shell:Creating prefix script '/home/agv/Desktop/catkin/catkin_ws/install/local_setup.bash'
[3.327s] INFO:colcon.colcon_core.shell:Creating prefix chain script '/home/agv/Desktop/catkin/catkin_ws/install/setup.bash'
[3.331s] INFO:colcon.colcon_core.shell:Creating prefix script '/home/agv/Desktop/catkin/catkin_ws/install/local_setup.zsh'
[3.332s] INFO:colcon.colcon_core.shell:Creating prefix chain script '/home/agv/Desktop/catkin/catkin_ws/install/setup.zsh'
