[0.501s] Invoking command in '/home/agv/Desktop/catkin/catkin_ws/build/bot_description': CMAKE_PREFIX_PATH=/opt/ros/humble /usr/bin/cmake --build /home/agv/Desktop/catkin/catkin_ws/build/bot_description -- -j8 -l8
[1.005s] Invoked command in '/home/agv/Desktop/catkin/catkin_ws/build/bot_description' returned '0': CMAKE_PREFIX_PATH=/opt/ros/humble /usr/bin/cmake --build /home/agv/Desktop/catkin/catkin_ws/build/bot_description -- -j8 -l8
[1.006s] Invoking command in '/home/agv/Desktop/catkin/catkin_ws/build/bot_description': CMAKE_PREFIX_PATH=/opt/ros/humble /usr/bin/cmake --install /home/agv/Desktop/catkin/catkin_ws/build/bot_description
[1.569s] -- Install configuration: ""
[1.569s] -- Up-to-date: /home/agv/Desktop/catkin/catkin_ws/install/bot_description/share/bot_description/launch
[1.569s] -- Up-to-date: /home/agv/Desktop/catkin/catkin_ws/install/bot_description/share/bot_description/launch/description.launch.py
[1.569s] -- Up-to-date: /home/agv/Desktop/catkin/catkin_ws/install/bot_description/share/bot_description/launch/display_robot.launch.py
[1.569s] -- Up-to-date: /home/agv/Desktop/catkin/catkin_ws/install/bot_description/share/bot_description/urdf
[1.569s] -- Up-to-date: /home/agv/Desktop/catkin/catkin_ws/install/bot_description/share/bot_description/urdf/robot
[1.569s] -- Up-to-date: /home/agv/Desktop/catkin/catkin_ws/install/bot_description/share/bot_description/urdf/robot/sensor
[1.570s] -- Up-to-date: /home/agv/Desktop/catkin/catkin_ws/install/bot_description/share/bot_description/urdf/robot/sensor/camera.urdf.xacro
[1.570s] -- Up-to-date: /home/agv/Desktop/catkin/catkin_ws/install/bot_description/share/bot_description/urdf/robot/sensor/imu.urdf.xacro
[1.570s] -- Up-to-date: /home/agv/Desktop/catkin/catkin_ws/install/bot_description/share/bot_description/urdf/robot/sensor/laser.urdf.xacro
[1.571s] -- Up-to-date: /home/agv/Desktop/catkin/catkin_ws/install/bot_description/share/bot_description/urdf/robot/plugins
[1.571s] -- Up-to-date: /home/agv/Desktop/catkin/catkin_ws/install/bot_description/share/bot_description/urdf/robot/plugins/gazebo_sensor_plugin.xacro
[1.571s] -- Up-to-date: /home/agv/Desktop/catkin/catkin_ws/install/bot_description/share/bot_description/urdf/robot/plugins/gazebo_control_plugin.xacro
[1.571s] -- Up-to-date: /home/agv/Desktop/catkin/catkin_ws/install/bot_description/share/bot_description/urdf/robot/actuator
[1.571s] -- Up-to-date: /home/agv/Desktop/catkin/catkin_ws/install/bot_description/share/bot_description/urdf/robot/actuator/caster.urdf.xacro
[1.572s] -- Up-to-date: /home/agv/Desktop/catkin/catkin_ws/install/bot_description/share/bot_description/urdf/robot/actuator/wheel.urdf.xacro
[1.572s] -- Up-to-date: /home/agv/Desktop/catkin/catkin_ws/install/bot_description/share/bot_description/urdf/robot/robot.ros2_control.xacro
[1.572s] -- Up-to-date: /home/agv/Desktop/catkin/catkin_ws/install/bot_description/share/bot_description/urdf/robot/base.urdf.xacro
[1.572s] -- Up-to-date: /home/agv/Desktop/catkin/catkin_ws/install/bot_description/share/bot_description/urdf/robot/common_inertia.urdf.xacro
[1.573s] -- Up-to-date: /home/agv/Desktop/catkin/catkin_ws/install/bot_description/share/bot_description/urdf/robot/robot.urdf.xacro
[1.573s] -- Up-to-date: /home/agv/Desktop/catkin/catkin_ws/install/bot_description/share/bot_description/config
[1.573s] -- Up-to-date: /home/agv/Desktop/catkin/catkin_ws/install/bot_description/share/bot_description/config/display_robot_model.rviz
[1.573s] -- Up-to-date: /home/agv/Desktop/catkin/catkin_ws/install/bot_description/share/bot_description/config/bot_ros2_controller.yaml
[1.573s] -- Up-to-date: /home/agv/Desktop/catkin/catkin_ws/install/bot_description/share/ament_index/resource_index/package_run_dependencies/bot_description
[1.573s] -- Up-to-date: /home/agv/Desktop/catkin/catkin_ws/install/bot_description/share/ament_index/resource_index/parent_prefix_path/bot_description
[1.581s] -- Up-to-date: /home/agv/Desktop/catkin/catkin_ws/install/bot_description/share/bot_description/environment/ament_prefix_path.sh
[1.581s] -- Up-to-date: /home/agv/Desktop/catkin/catkin_ws/install/bot_description/share/bot_description/environment/ament_prefix_path.dsv
[1.581s] -- Up-to-date: /home/agv/Desktop/catkin/catkin_ws/install/bot_description/share/bot_description/environment/path.sh
[1.581s] -- Up-to-date: /home/agv/Desktop/catkin/catkin_ws/install/bot_description/share/bot_description/environment/path.dsv
[1.581s] -- Up-to-date: /home/agv/Desktop/catkin/catkin_ws/install/bot_description/share/bot_description/local_setup.bash
[1.581s] -- Up-to-date: /home/agv/Desktop/catkin/catkin_ws/install/bot_description/share/bot_description/local_setup.sh
[1.581s] -- Up-to-date: /home/agv/Desktop/catkin/catkin_ws/install/bot_description/share/bot_description/local_setup.zsh
[1.582s] -- Up-to-date: /home/agv/Desktop/catkin/catkin_ws/install/bot_description/share/bot_description/local_setup.dsv
[1.582s] -- Installing: /home/agv/Desktop/catkin/catkin_ws/install/bot_description/share/bot_description/package.dsv
[1.582s] -- Up-to-date: /home/agv/Desktop/catkin/catkin_ws/install/bot_description/share/ament_index/resource_index/packages/bot_description
[1.587s] -- Up-to-date: /home/agv/Desktop/catkin/catkin_ws/install/bot_description/share/bot_description/cmake/bot_descriptionConfig.cmake
[1.588s] -- Up-to-date: /home/agv/Desktop/catkin/catkin_ws/install/bot_description/share/bot_description/cmake/bot_descriptionConfig-version.cmake
[1.589s] -- Up-to-date: /home/agv/Desktop/catkin/catkin_ws/install/bot_description/share/bot_description/package.xml
[1.669s] Invoked command in '/home/agv/Desktop/catkin/catkin_ws/build/bot_description' returned '0': CMAKE_PREFIX_PATH=/opt/ros/humble /usr/bin/cmake --install /home/agv/Desktop/catkin/catkin_ws/build/bot_description
