[2.247s] Invoking command in '/home/agv/Desktop/catkin/catkin_ws/src/bot_apriltag': PYTHONPATH=/home/agv/Desktop/catkin/catkin_ws/build/bot_apriltag/prefix_override:/usr/lib/python3/dist-packages/colcon_core/task/python/colcon_distutils_commands:/home/agv/Desktop/catkin/catkin_ws/install/bot_apriltag/lib/python3.10/site-packages:${PYTHONPATH} /usr/bin/python3 -W ignore:setup.py install is deprecated -W ignore:easy_install command is deprecated setup.py egg_info --egg-base ../../build/bot_apriltag build --build-base /home/agv/Desktop/catkin/catkin_ws/build/bot_apriltag/build install --record /home/agv/Desktop/catkin/catkin_ws/build/bot_apriltag/install.log --single-version-externally-managed install_data
[2.696s] running egg_info
[2.698s] writing ../../build/bot_apriltag/bot_apriltag.egg-info/PKG-INFO
[2.698s] writing dependency_links to ../../build/bot_apriltag/bot_apriltag.egg-info/dependency_links.txt
[2.699s] writing entry points to ../../build/bot_apriltag/bot_apriltag.egg-info/entry_points.txt
[2.699s] writing requirements to ../../build/bot_apriltag/bot_apriltag.egg-info/requires.txt
[2.700s] writing top-level names to ../../build/bot_apriltag/bot_apriltag.egg-info/top_level.txt
[2.704s] reading manifest file '../../build/bot_apriltag/bot_apriltag.egg-info/SOURCES.txt'
[2.706s] writing manifest file '../../build/bot_apriltag/bot_apriltag.egg-info/SOURCES.txt'
[2.706s] running build
[2.706s] running build_py
[2.707s] running install
[2.707s] running install_lib
[2.711s] running install_data
[2.711s] running install_egg_info
[2.717s] removing '/home/agv/Desktop/catkin/catkin_ws/install/bot_apriltag/lib/python3.10/site-packages/bot_apriltag-0.0.0-py3.10.egg-info' (and everything under it)
[2.717s] Copying ../../build/bot_apriltag/bot_apriltag.egg-info to /home/agv/Desktop/catkin/catkin_ws/install/bot_apriltag/lib/python3.10/site-packages/bot_apriltag-0.0.0-py3.10.egg-info
[2.724s] running install_scripts
[2.751s] Installing apriltag_detector script to /home/agv/Desktop/catkin/catkin_ws/install/bot_apriltag/lib/bot_apriltag
[2.753s] Installing apriltag_localizer script to /home/agv/Desktop/catkin/catkin_ws/install/bot_apriltag/lib/bot_apriltag
[2.755s] writing list of installed files to '/home/agv/Desktop/catkin/catkin_ws/build/bot_apriltag/install.log'
[2.811s] Invoked command in '/home/agv/Desktop/catkin/catkin_ws/src/bot_apriltag' returned '0': PYTHONPATH=/home/agv/Desktop/catkin/catkin_ws/build/bot_apriltag/prefix_override:/usr/lib/python3/dist-packages/colcon_core/task/python/colcon_distutils_commands:/home/agv/Desktop/catkin/catkin_ws/install/bot_apriltag/lib/python3.10/site-packages:${PYTHONPATH} /usr/bin/python3 -W ignore:setup.py install is deprecated -W ignore:easy_install command is deprecated setup.py egg_info --egg-base ../../build/bot_apriltag build --build-base /home/agv/Desktop/catkin/catkin_ws/build/bot_apriltag/build install --record /home/agv/Desktop/catkin/catkin_ws/build/bot_apriltag/install.log --single-version-externally-managed install_data
