[0.141s] DEBUG:colcon:Command line arguments: ['/usr/bin/colcon', 'build']
[0.141s] DEBUG:colcon:Parsed command line arguments: Namespace(log_base=None, log_level=None, verb_name='build', build_base='build', install_base='install', merge_install=False, symlink_install=False, test_result_base=None, continue_on_error=False, executor='parallel', parallel_workers=8, event_handlers=None, ignore_user_meta=False, metas=['./colcon.meta'], base_paths=['.'], packages_ignore=None, packages_ignore_regex=None, paths=None, packages_up_to=None, packages_up_to_regex=None, packages_above=None, packages_above_and_dependencies=None, packages_above_depth=None, packages_select_by_dep=None, packages_skip_by_dep=None, packages_skip_up_to=None, packages_select_build_failed=False, packages_skip_build_finished=False, packages_select_test_failures=False, packages_skip_test_passed=False, packages_select=None, packages_skip=None, packages_select_regex=None, packages_skip_regex=None, packages_start=None, packages_end=None, allow_overriding=[], cmake_args=None, cmake_target=None, cmake_target_skip_unavailable=False, cmake_clean_cache=False, cmake_clean_first=False, cmake_force_configure=False, ament_cmake_args=None, catkin_cmake_args=None, catkin_skip_building_tests=False, verb_parser=<colcon_defaults.argument_parser.defaults.DefaultArgumentsDecorator object at 0x71698ef39330>, verb_extension=<colcon_core.verb.build.BuildVerb object at 0x71698ef38eb0>, main=<bound method BuildVerb.main of <colcon_core.verb.build.BuildVerb object at 0x71698ef38eb0>>)
[0.403s] Level 1:colcon.colcon_core.package_discovery:discover_packages(colcon_meta) check parameters
[0.403s] Level 1:colcon.colcon_core.package_discovery:discover_packages(recursive) check parameters
[0.403s] Level 1:colcon.colcon_core.package_discovery:discover_packages(ignore) check parameters
[0.403s] Level 1:colcon.colcon_core.package_discovery:discover_packages(path) check parameters
[0.403s] Level 1:colcon.colcon_core.package_discovery:discover_packages(colcon_meta) discover
[0.403s] Level 1:colcon.colcon_core.package_discovery:discover_packages(recursive) discover
[0.403s] INFO:colcon.colcon_core.package_discovery:Crawling recursively for packages in '/home/agv/Desktop/catkin/catkin_ws'
[0.404s] Level 1:colcon.colcon_core.package_identification:_identify(.) by extensions ['ignore', 'ignore_ament_install']
[0.404s] Level 1:colcon.colcon_core.package_identification:_identify(.) by extension 'ignore'
[0.404s] Level 1:colcon.colcon_core.package_identification:_identify(.) by extension 'ignore_ament_install'
[0.404s] Level 1:colcon.colcon_core.package_identification:_identify(.) by extensions ['colcon_pkg']
[0.404s] Level 1:colcon.colcon_core.package_identification:_identify(.) by extension 'colcon_pkg'
[0.404s] Level 1:colcon.colcon_core.package_identification:_identify(.) by extensions ['colcon_meta']
[0.404s] Level 1:colcon.colcon_core.package_identification:_identify(.) by extension 'colcon_meta'
[0.404s] Level 1:colcon.colcon_core.package_identification:_identify(.) by extensions ['ros']
[0.404s] Level 1:colcon.colcon_core.package_identification:_identify(.) by extension 'ros'
[0.434s] Level 1:colcon.colcon_core.package_identification:_identify(.) by extensions ['cmake', 'python']
[0.434s] Level 1:colcon.colcon_core.package_identification:_identify(.) by extension 'cmake'
[0.434s] Level 1:colcon.colcon_core.package_identification:_identify(.) by extension 'python'
[0.434s] Level 1:colcon.colcon_core.package_identification:_identify(.) by extensions ['python_setup_py']
[0.435s] Level 1:colcon.colcon_core.package_identification:_identify(.) by extension 'python_setup_py'
[0.435s] Level 1:colcon.colcon_core.package_identification:_identify(build) by extensions ['ignore', 'ignore_ament_install']
[0.435s] Level 1:colcon.colcon_core.package_identification:_identify(build) by extension 'ignore'
[0.435s] Level 1:colcon.colcon_core.package_identification:_identify(build) ignored
[0.436s] Level 1:colcon.colcon_core.package_identification:_identify(install) by extensions ['ignore', 'ignore_ament_install']
[0.436s] Level 1:colcon.colcon_core.package_identification:_identify(install) by extension 'ignore'
[0.436s] Level 1:colcon.colcon_core.package_identification:_identify(install) ignored
[0.436s] Level 1:colcon.colcon_core.package_identification:_identify(log) by extensions ['ignore', 'ignore_ament_install']
[0.437s] Level 1:colcon.colcon_core.package_identification:_identify(log) by extension 'ignore'
[0.437s] Level 1:colcon.colcon_core.package_identification:_identify(log) ignored
[0.437s] Level 1:colcon.colcon_core.package_identification:_identify(src) by extensions ['ignore', 'ignore_ament_install']
[0.437s] Level 1:colcon.colcon_core.package_identification:_identify(src) by extension 'ignore'
[0.437s] Level 1:colcon.colcon_core.package_identification:_identify(src) by extension 'ignore_ament_install'
[0.437s] Level 1:colcon.colcon_core.package_identification:_identify(src) by extensions ['colcon_pkg']
[0.437s] Level 1:colcon.colcon_core.package_identification:_identify(src) by extension 'colcon_pkg'
[0.438s] Level 1:colcon.colcon_core.package_identification:_identify(src) by extensions ['colcon_meta']
[0.438s] Level 1:colcon.colcon_core.package_identification:_identify(src) by extension 'colcon_meta'
[0.438s] Level 1:colcon.colcon_core.package_identification:_identify(src) by extensions ['ros']
[0.438s] Level 1:colcon.colcon_core.package_identification:_identify(src) by extension 'ros'
[0.438s] Level 1:colcon.colcon_core.package_identification:_identify(src) by extensions ['cmake', 'python']
[0.438s] Level 1:colcon.colcon_core.package_identification:_identify(src) by extension 'cmake'
[0.438s] Level 1:colcon.colcon_core.package_identification:_identify(src) by extension 'python'
[0.438s] Level 1:colcon.colcon_core.package_identification:_identify(src) by extensions ['python_setup_py']
[0.438s] Level 1:colcon.colcon_core.package_identification:_identify(src) by extension 'python_setup_py'
[0.438s] Level 1:colcon.colcon_core.package_identification:_identify(src/bot_apriltag) by extensions ['ignore', 'ignore_ament_install']
[0.438s] Level 1:colcon.colcon_core.package_identification:_identify(src/bot_apriltag) by extension 'ignore'
[0.439s] Level 1:colcon.colcon_core.package_identification:_identify(src/bot_apriltag) by extension 'ignore_ament_install'
[0.439s] Level 1:colcon.colcon_core.package_identification:_identify(src/bot_apriltag) by extensions ['colcon_pkg']
[0.439s] Level 1:colcon.colcon_core.package_identification:_identify(src/bot_apriltag) by extension 'colcon_pkg'
[0.439s] Level 1:colcon.colcon_core.package_identification:_identify(src/bot_apriltag) by extensions ['colcon_meta']
[0.439s] Level 1:colcon.colcon_core.package_identification:_identify(src/bot_apriltag) by extension 'colcon_meta'
[0.439s] Level 1:colcon.colcon_core.package_identification:_identify(src/bot_apriltag) by extensions ['ros']
[0.439s] Level 1:colcon.colcon_core.package_identification:_identify(src/bot_apriltag) by extension 'ros'
[0.443s] DEBUG:colcon.colcon_core.package_identification:Package 'src/bot_apriltag' with type 'ros.ament_python' and name 'bot_apriltag'
[0.443s] Level 1:colcon.colcon_core.package_identification:_identify(src/bot_description) by extensions ['ignore', 'ignore_ament_install']
[0.444s] Level 1:colcon.colcon_core.package_identification:_identify(src/bot_description) by extension 'ignore'
[0.444s] Level 1:colcon.colcon_core.package_identification:_identify(src/bot_description) by extension 'ignore_ament_install'
[0.444s] Level 1:colcon.colcon_core.package_identification:_identify(src/bot_description) by extensions ['colcon_pkg']
[0.444s] Level 1:colcon.colcon_core.package_identification:_identify(src/bot_description) by extension 'colcon_pkg'
[0.444s] Level 1:colcon.colcon_core.package_identification:_identify(src/bot_description) by extensions ['colcon_meta']
[0.444s] Level 1:colcon.colcon_core.package_identification:_identify(src/bot_description) by extension 'colcon_meta'
[0.444s] Level 1:colcon.colcon_core.package_identification:_identify(src/bot_description) by extensions ['ros']
[0.445s] Level 1:colcon.colcon_core.package_identification:_identify(src/bot_description) by extension 'ros'
[0.446s] DEBUG:colcon.colcon_core.package_identification:Package 'src/bot_description' with type 'ros.ament_cmake' and name 'bot_description'
[0.446s] Level 1:colcon.colcon_core.package_identification:_identify(src/bot_gazebo) by extensions ['ignore', 'ignore_ament_install']
[0.446s] Level 1:colcon.colcon_core.package_identification:_identify(src/bot_gazebo) by extension 'ignore'
[0.446s] Level 1:colcon.colcon_core.package_identification:_identify(src/bot_gazebo) by extension 'ignore_ament_install'
[0.446s] Level 1:colcon.colcon_core.package_identification:_identify(src/bot_gazebo) by extensions ['colcon_pkg']
[0.446s] Level 1:colcon.colcon_core.package_identification:_identify(src/bot_gazebo) by extension 'colcon_pkg'
[0.446s] Level 1:colcon.colcon_core.package_identification:_identify(src/bot_gazebo) by extensions ['colcon_meta']
[0.446s] Level 1:colcon.colcon_core.package_identification:_identify(src/bot_gazebo) by extension 'colcon_meta'
[0.446s] Level 1:colcon.colcon_core.package_identification:_identify(src/bot_gazebo) by extensions ['ros']
[0.447s] Level 1:colcon.colcon_core.package_identification:_identify(src/bot_gazebo) by extension 'ros'
[0.447s] DEBUG:colcon.colcon_core.package_identification:Package 'src/bot_gazebo' with type 'ros.ament_cmake' and name 'bot_gazebo'
[0.448s] Level 1:colcon.colcon_core.package_identification:_identify(src/bot_localization) by extensions ['ignore', 'ignore_ament_install']
[0.448s] Level 1:colcon.colcon_core.package_identification:_identify(src/bot_localization) by extension 'ignore'
[0.448s] Level 1:colcon.colcon_core.package_identification:_identify(src/bot_localization) by extension 'ignore_ament_install'
[0.448s] Level 1:colcon.colcon_core.package_identification:_identify(src/bot_localization) by extensions ['colcon_pkg']
[0.448s] Level 1:colcon.colcon_core.package_identification:_identify(src/bot_localization) by extension 'colcon_pkg'
[0.448s] Level 1:colcon.colcon_core.package_identification:_identify(src/bot_localization) by extensions ['colcon_meta']
[0.448s] Level 1:colcon.colcon_core.package_identification:_identify(src/bot_localization) by extension 'colcon_meta'
[0.448s] Level 1:colcon.colcon_core.package_identification:_identify(src/bot_localization) by extensions ['ros']
[0.449s] Level 1:colcon.colcon_core.package_identification:_identify(src/bot_localization) by extension 'ros'
[0.450s] DEBUG:colcon.colcon_core.package_identification:Package 'src/bot_localization' with type 'ros.ament_python' and name 'bot_localization'
[0.450s] Level 1:colcon.colcon_core.package_identification:_identify(src/bot_navigation) by extensions ['ignore', 'ignore_ament_install']
[0.450s] Level 1:colcon.colcon_core.package_identification:_identify(src/bot_navigation) by extension 'ignore'
[0.450s] Level 1:colcon.colcon_core.package_identification:_identify(src/bot_navigation) by extension 'ignore_ament_install'
[0.450s] Level 1:colcon.colcon_core.package_identification:_identify(src/bot_navigation) by extensions ['colcon_pkg']
[0.450s] Level 1:colcon.colcon_core.package_identification:_identify(src/bot_navigation) by extension 'colcon_pkg'
[0.450s] Level 1:colcon.colcon_core.package_identification:_identify(src/bot_navigation) by extensions ['colcon_meta']
[0.450s] Level 1:colcon.colcon_core.package_identification:_identify(src/bot_navigation) by extension 'colcon_meta'
[0.451s] Level 1:colcon.colcon_core.package_identification:_identify(src/bot_navigation) by extensions ['ros']
[0.451s] Level 1:colcon.colcon_core.package_identification:_identify(src/bot_navigation) by extension 'ros'
[0.451s] DEBUG:colcon.colcon_core.package_identification:Package 'src/bot_navigation' with type 'ros.ament_python' and name 'bot_navigation'
[0.451s] Level 1:colcon.colcon_core.package_discovery:discover_packages(recursive) using defaults
[0.452s] Level 1:colcon.colcon_core.package_discovery:discover_packages(ignore) discover
[0.452s] Level 1:colcon.colcon_core.package_discovery:discover_packages(ignore) using defaults
[0.452s] Level 1:colcon.colcon_core.package_discovery:discover_packages(path) discover
[0.452s] Level 1:colcon.colcon_core.package_discovery:discover_packages(path) using defaults
[0.479s] Level 1:colcon.colcon_core.package_discovery:discover_packages(prefix_path) check parameters
[0.479s] Level 1:colcon.colcon_core.package_discovery:discover_packages(prefix_path) discover
[0.482s] DEBUG:colcon.colcon_installed_package_information.package_discovery:Found 5 installed packages in /home/agv/Desktop/catkin/catkin_ws/install
[0.485s] DEBUG:colcon.colcon_installed_package_information.package_discovery:Found 379 installed packages in /opt/ros/humble
[0.488s] Level 1:colcon.colcon_core.package_discovery:discover_packages(prefix_path) using defaults
[0.552s] Level 5:colcon.colcon_core.verb:set package 'bot_apriltag' build argument 'cmake_args' from command line to 'None'
[0.552s] Level 5:colcon.colcon_core.verb:set package 'bot_apriltag' build argument 'cmake_target' from command line to 'None'
[0.552s] Level 5:colcon.colcon_core.verb:set package 'bot_apriltag' build argument 'cmake_target_skip_unavailable' from command line to 'False'
[0.552s] Level 5:colcon.colcon_core.verb:set package 'bot_apriltag' build argument 'cmake_clean_cache' from command line to 'False'
[0.552s] Level 5:colcon.colcon_core.verb:set package 'bot_apriltag' build argument 'cmake_clean_first' from command line to 'False'
[0.552s] Level 5:colcon.colcon_core.verb:set package 'bot_apriltag' build argument 'cmake_force_configure' from command line to 'False'
[0.552s] Level 5:colcon.colcon_core.verb:set package 'bot_apriltag' build argument 'ament_cmake_args' from command line to 'None'
[0.552s] Level 5:colcon.colcon_core.verb:set package 'bot_apriltag' build argument 'catkin_cmake_args' from command line to 'None'
[0.552s] Level 5:colcon.colcon_core.verb:set package 'bot_apriltag' build argument 'catkin_skip_building_tests' from command line to 'False'
[0.552s] DEBUG:colcon.colcon_core.verb:Building package 'bot_apriltag' with the following arguments: {'ament_cmake_args': None, 'build_base': '/home/agv/Desktop/catkin/catkin_ws/build/bot_apriltag', 'catkin_cmake_args': None, 'catkin_skip_building_tests': False, 'cmake_args': None, 'cmake_clean_cache': False, 'cmake_clean_first': False, 'cmake_force_configure': False, 'cmake_target': None, 'cmake_target_skip_unavailable': False, 'install_base': '/home/agv/Desktop/catkin/catkin_ws/install/bot_apriltag', 'merge_install': False, 'path': '/home/agv/Desktop/catkin/catkin_ws/src/bot_apriltag', 'symlink_install': False, 'test_result_base': None}
[0.553s] Level 5:colcon.colcon_core.verb:set package 'bot_description' build argument 'cmake_args' from command line to 'None'
[0.553s] Level 5:colcon.colcon_core.verb:set package 'bot_description' build argument 'cmake_target' from command line to 'None'
[0.553s] Level 5:colcon.colcon_core.verb:set package 'bot_description' build argument 'cmake_target_skip_unavailable' from command line to 'False'
[0.553s] Level 5:colcon.colcon_core.verb:set package 'bot_description' build argument 'cmake_clean_cache' from command line to 'False'
[0.553s] Level 5:colcon.colcon_core.verb:set package 'bot_description' build argument 'cmake_clean_first' from command line to 'False'
[0.553s] Level 5:colcon.colcon_core.verb:set package 'bot_description' build argument 'cmake_force_configure' from command line to 'False'
[0.553s] Level 5:colcon.colcon_core.verb:set package 'bot_description' build argument 'ament_cmake_args' from command line to 'None'
[0.553s] Level 5:colcon.colcon_core.verb:set package 'bot_description' build argument 'catkin_cmake_args' from command line to 'None'
[0.554s] Level 5:colcon.colcon_core.verb:set package 'bot_description' build argument 'catkin_skip_building_tests' from command line to 'False'
[0.554s] DEBUG:colcon.colcon_core.verb:Building package 'bot_description' with the following arguments: {'ament_cmake_args': None, 'build_base': '/home/agv/Desktop/catkin/catkin_ws/build/bot_description', 'catkin_cmake_args': None, 'catkin_skip_building_tests': False, 'cmake_args': None, 'cmake_clean_cache': False, 'cmake_clean_first': False, 'cmake_force_configure': False, 'cmake_target': None, 'cmake_target_skip_unavailable': False, 'install_base': '/home/agv/Desktop/catkin/catkin_ws/install/bot_description', 'merge_install': False, 'path': '/home/agv/Desktop/catkin/catkin_ws/src/bot_description', 'symlink_install': False, 'test_result_base': None}
[0.554s] Level 5:colcon.colcon_core.verb:set package 'bot_gazebo' build argument 'cmake_args' from command line to 'None'
[0.554s] Level 5:colcon.colcon_core.verb:set package 'bot_gazebo' build argument 'cmake_target' from command line to 'None'
[0.554s] Level 5:colcon.colcon_core.verb:set package 'bot_gazebo' build argument 'cmake_target_skip_unavailable' from command line to 'False'
[0.554s] Level 5:colcon.colcon_core.verb:set package 'bot_gazebo' build argument 'cmake_clean_cache' from command line to 'False'
[0.554s] Level 5:colcon.colcon_core.verb:set package 'bot_gazebo' build argument 'cmake_clean_first' from command line to 'False'
[0.555s] Level 5:colcon.colcon_core.verb:set package 'bot_gazebo' build argument 'cmake_force_configure' from command line to 'False'
[0.555s] Level 5:colcon.colcon_core.verb:set package 'bot_gazebo' build argument 'ament_cmake_args' from command line to 'None'
[0.555s] Level 5:colcon.colcon_core.verb:set package 'bot_gazebo' build argument 'catkin_cmake_args' from command line to 'None'
[0.555s] Level 5:colcon.colcon_core.verb:set package 'bot_gazebo' build argument 'catkin_skip_building_tests' from command line to 'False'
[0.555s] DEBUG:colcon.colcon_core.verb:Building package 'bot_gazebo' with the following arguments: {'ament_cmake_args': None, 'build_base': '/home/agv/Desktop/catkin/catkin_ws/build/bot_gazebo', 'catkin_cmake_args': None, 'catkin_skip_building_tests': False, 'cmake_args': None, 'cmake_clean_cache': False, 'cmake_clean_first': False, 'cmake_force_configure': False, 'cmake_target': None, 'cmake_target_skip_unavailable': False, 'install_base': '/home/agv/Desktop/catkin/catkin_ws/install/bot_gazebo', 'merge_install': False, 'path': '/home/agv/Desktop/catkin/catkin_ws/src/bot_gazebo', 'symlink_install': False, 'test_result_base': None}
[0.555s] Level 5:colcon.colcon_core.verb:set package 'bot_localization' build argument 'cmake_args' from command line to 'None'
[0.555s] Level 5:colcon.colcon_core.verb:set package 'bot_localization' build argument 'cmake_target' from command line to 'None'
[0.555s] Level 5:colcon.colcon_core.verb:set package 'bot_localization' build argument 'cmake_target_skip_unavailable' from command line to 'False'
[0.555s] Level 5:colcon.colcon_core.verb:set package 'bot_localization' build argument 'cmake_clean_cache' from command line to 'False'
[0.556s] Level 5:colcon.colcon_core.verb:set package 'bot_localization' build argument 'cmake_clean_first' from command line to 'False'
[0.556s] Level 5:colcon.colcon_core.verb:set package 'bot_localization' build argument 'cmake_force_configure' from command line to 'False'
[0.556s] Level 5:colcon.colcon_core.verb:set package 'bot_localization' build argument 'ament_cmake_args' from command line to 'None'
[0.556s] Level 5:colcon.colcon_core.verb:set package 'bot_localization' build argument 'catkin_cmake_args' from command line to 'None'
[0.556s] Level 5:colcon.colcon_core.verb:set package 'bot_localization' build argument 'catkin_skip_building_tests' from command line to 'False'
[0.556s] DEBUG:colcon.colcon_core.verb:Building package 'bot_localization' with the following arguments: {'ament_cmake_args': None, 'build_base': '/home/agv/Desktop/catkin/catkin_ws/build/bot_localization', 'catkin_cmake_args': None, 'catkin_skip_building_tests': False, 'cmake_args': None, 'cmake_clean_cache': False, 'cmake_clean_first': False, 'cmake_force_configure': False, 'cmake_target': None, 'cmake_target_skip_unavailable': False, 'install_base': '/home/agv/Desktop/catkin/catkin_ws/install/bot_localization', 'merge_install': False, 'path': '/home/agv/Desktop/catkin/catkin_ws/src/bot_localization', 'symlink_install': False, 'test_result_base': None}
[0.556s] Level 5:colcon.colcon_core.verb:set package 'bot_navigation' build argument 'cmake_args' from command line to 'None'
[0.556s] Level 5:colcon.colcon_core.verb:set package 'bot_navigation' build argument 'cmake_target' from command line to 'None'
[0.557s] Level 5:colcon.colcon_core.verb:set package 'bot_navigation' build argument 'cmake_target_skip_unavailable' from command line to 'False'
[0.557s] Level 5:colcon.colcon_core.verb:set package 'bot_navigation' build argument 'cmake_clean_cache' from command line to 'False'
[0.557s] Level 5:colcon.colcon_core.verb:set package 'bot_navigation' build argument 'cmake_clean_first' from command line to 'False'
[0.557s] Level 5:colcon.colcon_core.verb:set package 'bot_navigation' build argument 'cmake_force_configure' from command line to 'False'
[0.557s] Level 5:colcon.colcon_core.verb:set package 'bot_navigation' build argument 'ament_cmake_args' from command line to 'None'
[0.557s] Level 5:colcon.colcon_core.verb:set package 'bot_navigation' build argument 'catkin_cmake_args' from command line to 'None'
[0.557s] Level 5:colcon.colcon_core.verb:set package 'bot_navigation' build argument 'catkin_skip_building_tests' from command line to 'False'
[0.557s] DEBUG:colcon.colcon_core.verb:Building package 'bot_navigation' with the following arguments: {'ament_cmake_args': None, 'build_base': '/home/agv/Desktop/catkin/catkin_ws/build/bot_navigation', 'catkin_cmake_args': None, 'catkin_skip_building_tests': False, 'cmake_args': None, 'cmake_clean_cache': False, 'cmake_clean_first': False, 'cmake_force_configure': False, 'cmake_target': None, 'cmake_target_skip_unavailable': False, 'install_base': '/home/agv/Desktop/catkin/catkin_ws/install/bot_navigation', 'merge_install': False, 'path': '/home/agv/Desktop/catkin/catkin_ws/src/bot_navigation', 'symlink_install': False, 'test_result_base': None}
[0.557s] INFO:colcon.colcon_core.executor:Executing jobs using 'parallel' executor
[0.559s] DEBUG:colcon.colcon_parallel_executor.executor.parallel:run_until_complete
[0.559s] INFO:colcon.colcon_ros.task.ament_python.build:Building ROS package in '/home/agv/Desktop/catkin/catkin_ws/src/bot_apriltag' with build type 'ament_python'
[0.559s] Level 1:colcon.colcon_core.shell:create_environment_hook('bot_apriltag', 'ament_prefix_path')
[0.564s] INFO:colcon.colcon_core.plugin_system:Skipping extension 'colcon_core.shell.bat': Not used on non-Windows systems
[0.564s] INFO:colcon.colcon_core.shell:Creating environment hook '/home/agv/Desktop/catkin/catkin_ws/install/bot_apriltag/share/bot_apriltag/hook/ament_prefix_path.ps1'
[0.565s] INFO:colcon.colcon_core.shell:Creating environment descriptor '/home/agv/Desktop/catkin/catkin_ws/install/bot_apriltag/share/bot_apriltag/hook/ament_prefix_path.dsv'
[0.566s] INFO:colcon.colcon_core.shell:Creating environment hook '/home/agv/Desktop/catkin/catkin_ws/install/bot_apriltag/share/bot_apriltag/hook/ament_prefix_path.sh'
[0.567s] INFO:colcon.colcon_core.shell:Skip shell extension 'powershell' for command environment: Not usable outside of PowerShell
[0.567s] DEBUG:colcon.colcon_core.shell:Skip shell extension 'dsv' for command environment
[0.574s] INFO:colcon.colcon_ros.task.ament_cmake.build:Building ROS package in '/home/agv/Desktop/catkin/catkin_ws/src/bot_description' with build type 'ament_cmake'
[0.575s] INFO:colcon.colcon_cmake.task.cmake.build:Building CMake package in '/home/agv/Desktop/catkin/catkin_ws/src/bot_description'
[0.575s] INFO:colcon.colcon_core.shell:Skip shell extension 'powershell' for command environment: Not usable outside of PowerShell
[0.575s] DEBUG:colcon.colcon_core.shell:Skip shell extension 'dsv' for command environment
[0.584s] INFO:colcon.colcon_ros.task.ament_cmake.build:Building ROS package in '/home/agv/Desktop/catkin/catkin_ws/src/bot_gazebo' with build type 'ament_cmake'
[0.585s] INFO:colcon.colcon_cmake.task.cmake.build:Building CMake package in '/home/agv/Desktop/catkin/catkin_ws/src/bot_gazebo'
[0.585s] INFO:colcon.colcon_core.shell:Skip shell extension 'powershell' for command environment: Not usable outside of PowerShell
[0.586s] DEBUG:colcon.colcon_core.shell:Skip shell extension 'dsv' for command environment
[0.594s] INFO:colcon.colcon_ros.task.ament_python.build:Building ROS package in '/home/agv/Desktop/catkin/catkin_ws/src/bot_localization' with build type 'ament_python'
[0.594s] Level 1:colcon.colcon_core.shell:create_environment_hook('bot_localization', 'ament_prefix_path')
[0.595s] INFO:colcon.colcon_core.shell:Creating environment hook '/home/agv/Desktop/catkin/catkin_ws/install/bot_localization/share/bot_localization/hook/ament_prefix_path.ps1'
[0.597s] INFO:colcon.colcon_core.shell:Creating environment descriptor '/home/agv/Desktop/catkin/catkin_ws/install/bot_localization/share/bot_localization/hook/ament_prefix_path.dsv'
[0.598s] INFO:colcon.colcon_core.shell:Creating environment hook '/home/agv/Desktop/catkin/catkin_ws/install/bot_localization/share/bot_localization/hook/ament_prefix_path.sh'
[0.600s] INFO:colcon.colcon_core.shell:Skip shell extension 'powershell' for command environment: Not usable outside of PowerShell
[0.600s] DEBUG:colcon.colcon_core.shell:Skip shell extension 'dsv' for command environment
[0.607s] INFO:colcon.colcon_ros.task.ament_python.build:Building ROS package in '/home/agv/Desktop/catkin/catkin_ws/src/bot_navigation' with build type 'ament_python'
[0.607s] Level 1:colcon.colcon_core.shell:create_environment_hook('bot_navigation', 'ament_prefix_path')
[0.608s] INFO:colcon.colcon_core.shell:Creating environment hook '/home/agv/Desktop/catkin/catkin_ws/install/bot_navigation/share/bot_navigation/hook/ament_prefix_path.ps1'
[0.611s] INFO:colcon.colcon_core.shell:Creating environment descriptor '/home/agv/Desktop/catkin/catkin_ws/install/bot_navigation/share/bot_navigation/hook/ament_prefix_path.dsv'
[0.612s] INFO:colcon.colcon_core.shell:Creating environment hook '/home/agv/Desktop/catkin/catkin_ws/install/bot_navigation/share/bot_navigation/hook/ament_prefix_path.sh'
[0.613s] INFO:colcon.colcon_core.shell:Skip shell extension 'powershell' for command environment: Not usable outside of PowerShell
[0.613s] DEBUG:colcon.colcon_core.shell:Skip shell extension 'dsv' for command environment
[1.002s] INFO:colcon.colcon_core.task.python.build:Building Python package in '/home/agv/Desktop/catkin/catkin_ws/src/bot_apriltag'
[1.002s] INFO:colcon.colcon_core.shell:Skip shell extension 'powershell' for command environment: Not usable outside of PowerShell
[1.002s] DEBUG:colcon.colcon_core.shell:Skip shell extension 'dsv' for command environment
[1.027s] DEBUG:colcon.colcon_core.event_handler.log_command:Invoking command in '/home/agv/Desktop/catkin/catkin_ws/build/bot_description': CMAKE_PREFIX_PATH=${CMAKE_PREFIX_PATH}:/home/agv/Desktop/catkin/catkin_ws/install/bot_navigation:/home/agv/Desktop/catkin/catkin_ws/install/bot_localization:/home/agv/Desktop/catkin/catkin_ws/install/bot_apriltag:/opt/ros/humble /usr/bin/cmake --build /home/agv/Desktop/catkin/catkin_ws/build/bot_description -- -j8 -l8
[1.033s] DEBUG:colcon.colcon_core.event_handler.log_command:Invoking command in '/home/agv/Desktop/catkin/catkin_ws/build/bot_gazebo': CMAKE_PREFIX_PATH=${CMAKE_PREFIX_PATH}:/home/agv/Desktop/catkin/catkin_ws/install/bot_navigation:/home/agv/Desktop/catkin/catkin_ws/install/bot_localization:/home/agv/Desktop/catkin/catkin_ws/install/bot_apriltag:/opt/ros/humble /usr/bin/cmake --build /home/agv/Desktop/catkin/catkin_ws/build/bot_gazebo -- -j8 -l8
[1.445s] INFO:colcon.colcon_core.task.python.build:Building Python package in '/home/agv/Desktop/catkin/catkin_ws/src/bot_localization'
[1.445s] INFO:colcon.colcon_core.shell:Skip shell extension 'powershell' for command environment: Not usable outside of PowerShell
[1.445s] DEBUG:colcon.colcon_core.shell:Skip shell extension 'dsv' for command environment
[1.837s] INFO:colcon.colcon_core.task.python.build:Building Python package in '/home/agv/Desktop/catkin/catkin_ws/src/bot_navigation'
[1.837s] INFO:colcon.colcon_core.shell:Skip shell extension 'powershell' for command environment: Not usable outside of PowerShell
[1.837s] DEBUG:colcon.colcon_core.shell:Skip shell extension 'dsv' for command environment
[1.854s] DEBUG:colcon.colcon_core.event_handler.log_command:Invoked command in '/home/agv/Desktop/catkin/catkin_ws/build/bot_gazebo' returned '0': CMAKE_PREFIX_PATH=${CMAKE_PREFIX_PATH}:/home/agv/Desktop/catkin/catkin_ws/install/bot_navigation:/home/agv/Desktop/catkin/catkin_ws/install/bot_localization:/home/agv/Desktop/catkin/catkin_ws/install/bot_apriltag:/opt/ros/humble /usr/bin/cmake --build /home/agv/Desktop/catkin/catkin_ws/build/bot_gazebo -- -j8 -l8
[1.869s] DEBUG:colcon.colcon_core.event_handler.log_command:Invoking command in '/home/agv/Desktop/catkin/catkin_ws/build/bot_gazebo': CMAKE_PREFIX_PATH=${CMAKE_PREFIX_PATH}:/home/agv/Desktop/catkin/catkin_ws/install/bot_navigation:/home/agv/Desktop/catkin/catkin_ws/install/bot_localization:/home/agv/Desktop/catkin/catkin_ws/install/bot_apriltag:/opt/ros/humble /usr/bin/cmake --install /home/agv/Desktop/catkin/catkin_ws/build/bot_gazebo
[1.874s] DEBUG:colcon.colcon_core.event_handler.log_command:Invoked command in '/home/agv/Desktop/catkin/catkin_ws/build/bot_description' returned '0': CMAKE_PREFIX_PATH=${CMAKE_PREFIX_PATH}:/home/agv/Desktop/catkin/catkin_ws/install/bot_navigation:/home/agv/Desktop/catkin/catkin_ws/install/bot_localization:/home/agv/Desktop/catkin/catkin_ws/install/bot_apriltag:/opt/ros/humble /usr/bin/cmake --build /home/agv/Desktop/catkin/catkin_ws/build/bot_description -- -j8 -l8
[1.874s] DEBUG:colcon.colcon_core.event_handler.log_command:Invoking command in '/home/agv/Desktop/catkin/catkin_ws/build/bot_description': CMAKE_PREFIX_PATH=${CMAKE_PREFIX_PATH}:/home/agv/Desktop/catkin/catkin_ws/install/bot_navigation:/home/agv/Desktop/catkin/catkin_ws/install/bot_localization:/home/agv/Desktop/catkin/catkin_ws/install/bot_apriltag:/opt/ros/humble /usr/bin/cmake --install /home/agv/Desktop/catkin/catkin_ws/build/bot_description
[1.928s] Level 1:colcon.colcon_core.environment:create_environment_scripts_only(bot_description)
[1.941s] Level 1:colcon.colcon_core.environment:checking '/home/agv/Desktop/catkin/catkin_ws/install/bot_description' for CMake module files
[1.942s] Level 1:colcon.colcon_core.environment:checking '/home/agv/Desktop/catkin/catkin_ws/install/bot_description' for CMake config files
[1.942s] Level 1:colcon.colcon_core.shell:create_environment_hook('bot_description', 'cmake_prefix_path')
[1.942s] INFO:colcon.colcon_core.shell:Creating environment hook '/home/agv/Desktop/catkin/catkin_ws/install/bot_description/share/bot_description/hook/cmake_prefix_path.ps1'
[1.944s] INFO:colcon.colcon_core.shell:Creating environment descriptor '/home/agv/Desktop/catkin/catkin_ws/install/bot_description/share/bot_description/hook/cmake_prefix_path.dsv'
[1.945s] INFO:colcon.colcon_core.shell:Creating environment hook '/home/agv/Desktop/catkin/catkin_ws/install/bot_description/share/bot_description/hook/cmake_prefix_path.sh'
[1.946s] Level 1:colcon.colcon_core.environment:checking '/home/agv/Desktop/catkin/catkin_ws/install/bot_description/bin'
[1.947s] Level 1:colcon.colcon_core.environment:checking '/home/agv/Desktop/catkin/catkin_ws/install/bot_description/lib/pkgconfig/bot_description.pc'
[1.947s] Level 1:colcon.colcon_core.environment:checking '/home/agv/Desktop/catkin/catkin_ws/install/bot_description/lib/python3.10/site-packages'
[1.947s] Level 1:colcon.colcon_core.environment:checking '/home/agv/Desktop/catkin/catkin_ws/install/bot_description/bin'
[1.948s] INFO:colcon.colcon_core.shell:Creating package script '/home/agv/Desktop/catkin/catkin_ws/install/bot_description/share/bot_description/package.ps1'
[1.950s] INFO:colcon.colcon_core.shell:Creating package descriptor '/home/agv/Desktop/catkin/catkin_ws/install/bot_description/share/bot_description/package.dsv'
[1.952s] INFO:colcon.colcon_core.shell:Creating package script '/home/agv/Desktop/catkin/catkin_ws/install/bot_description/share/bot_description/package.sh'
[1.958s] INFO:colcon.colcon_core.shell:Creating package script '/home/agv/Desktop/catkin/catkin_ws/install/bot_description/share/bot_description/package.bash'
[1.961s] INFO:colcon.colcon_core.shell:Creating package script '/home/agv/Desktop/catkin/catkin_ws/install/bot_description/share/bot_description/package.zsh'
[1.965s] Level 1:colcon.colcon_core.environment:create_file_with_runtime_dependencies(/home/agv/Desktop/catkin/catkin_ws/install/bot_description/share/colcon-core/packages/bot_description)
[1.968s] Level 1:colcon.colcon_core.environment:create_environment_scripts_only(bot_description)
[1.969s] Level 1:colcon.colcon_core.environment:checking '/home/agv/Desktop/catkin/catkin_ws/install/bot_description' for CMake module files
[1.972s] Level 1:colcon.colcon_core.environment:checking '/home/agv/Desktop/catkin/catkin_ws/install/bot_description' for CMake config files
[1.972s] Level 1:colcon.colcon_core.shell:create_environment_hook('bot_description', 'cmake_prefix_path')
[1.972s] INFO:colcon.colcon_core.shell:Creating environment hook '/home/agv/Desktop/catkin/catkin_ws/install/bot_description/share/bot_description/hook/cmake_prefix_path.ps1'
[1.973s] INFO:colcon.colcon_core.shell:Creating environment descriptor '/home/agv/Desktop/catkin/catkin_ws/install/bot_description/share/bot_description/hook/cmake_prefix_path.dsv'
[1.980s] INFO:colcon.colcon_core.shell:Creating environment hook '/home/agv/Desktop/catkin/catkin_ws/install/bot_description/share/bot_description/hook/cmake_prefix_path.sh'
[1.986s] Level 1:colcon.colcon_core.environment:checking '/home/agv/Desktop/catkin/catkin_ws/install/bot_description/bin'
[1.986s] Level 1:colcon.colcon_core.environment:checking '/home/agv/Desktop/catkin/catkin_ws/install/bot_description/lib/pkgconfig/bot_description.pc'
[1.987s] Level 1:colcon.colcon_core.environment:checking '/home/agv/Desktop/catkin/catkin_ws/install/bot_description/lib/python3.10/site-packages'
[1.987s] Level 1:colcon.colcon_core.environment:checking '/home/agv/Desktop/catkin/catkin_ws/install/bot_description/bin'
[1.988s] INFO:colcon.colcon_core.shell:Creating package script '/home/agv/Desktop/catkin/catkin_ws/install/bot_description/share/bot_description/package.ps1'
[1.990s] INFO:colcon.colcon_core.shell:Creating package descriptor '/home/agv/Desktop/catkin/catkin_ws/install/bot_description/share/bot_description/package.dsv'
[1.992s] INFO:colcon.colcon_core.shell:Creating package script '/home/agv/Desktop/catkin/catkin_ws/install/bot_description/share/bot_description/package.sh'
[1.994s] DEBUG:colcon.colcon_core.event_handler.log_command:Invoked command in '/home/agv/Desktop/catkin/catkin_ws/build/bot_description' returned '0': CMAKE_PREFIX_PATH=${CMAKE_PREFIX_PATH}:/home/agv/Desktop/catkin/catkin_ws/install/bot_navigation:/home/agv/Desktop/catkin/catkin_ws/install/bot_localization:/home/agv/Desktop/catkin/catkin_ws/install/bot_apriltag:/opt/ros/humble /usr/bin/cmake --install /home/agv/Desktop/catkin/catkin_ws/build/bot_description
[1.995s] INFO:colcon.colcon_core.shell:Creating package script '/home/agv/Desktop/catkin/catkin_ws/install/bot_description/share/bot_description/package.bash'
[1.996s] INFO:colcon.colcon_core.shell:Creating package script '/home/agv/Desktop/catkin/catkin_ws/install/bot_description/share/bot_description/package.zsh'
[1.998s] Level 1:colcon.colcon_core.environment:create_file_with_runtime_dependencies(/home/agv/Desktop/catkin/catkin_ws/install/bot_description/share/colcon-core/packages/bot_description)
[2.003s] Level 1:colcon.colcon_core.environment:create_environment_scripts_only(bot_gazebo)
[2.004s] Level 1:colcon.colcon_core.environment:checking '/home/agv/Desktop/catkin/catkin_ws/install/bot_gazebo' for CMake module files
[2.006s] Level 1:colcon.colcon_core.environment:checking '/home/agv/Desktop/catkin/catkin_ws/install/bot_gazebo' for CMake config files
[2.007s] DEBUG:colcon.colcon_core.event_handler.log_command:Invoked command in '/home/agv/Desktop/catkin/catkin_ws/build/bot_gazebo' returned '0': CMAKE_PREFIX_PATH=${CMAKE_PREFIX_PATH}:/home/agv/Desktop/catkin/catkin_ws/install/bot_navigation:/home/agv/Desktop/catkin/catkin_ws/install/bot_localization:/home/agv/Desktop/catkin/catkin_ws/install/bot_apriltag:/opt/ros/humble /usr/bin/cmake --install /home/agv/Desktop/catkin/catkin_ws/build/bot_gazebo
[2.008s] Level 1:colcon.colcon_core.shell:create_environment_hook('bot_gazebo', 'cmake_prefix_path')
[2.008s] INFO:colcon.colcon_core.shell:Creating environment hook '/home/agv/Desktop/catkin/catkin_ws/install/bot_gazebo/share/bot_gazebo/hook/cmake_prefix_path.ps1'
[2.010s] INFO:colcon.colcon_core.shell:Creating environment descriptor '/home/agv/Desktop/catkin/catkin_ws/install/bot_gazebo/share/bot_gazebo/hook/cmake_prefix_path.dsv'
[2.011s] INFO:colcon.colcon_core.shell:Creating environment hook '/home/agv/Desktop/catkin/catkin_ws/install/bot_gazebo/share/bot_gazebo/hook/cmake_prefix_path.sh'
[2.012s] Level 1:colcon.colcon_core.environment:checking '/home/agv/Desktop/catkin/catkin_ws/install/bot_gazebo/bin'
[2.012s] Level 1:colcon.colcon_core.environment:checking '/home/agv/Desktop/catkin/catkin_ws/install/bot_gazebo/lib/pkgconfig/bot_gazebo.pc'
[2.012s] Level 1:colcon.colcon_core.environment:checking '/home/agv/Desktop/catkin/catkin_ws/install/bot_gazebo/lib/python3.10/site-packages'
[2.013s] Level 1:colcon.colcon_core.environment:checking '/home/agv/Desktop/catkin/catkin_ws/install/bot_gazebo/bin'
[2.013s] INFO:colcon.colcon_core.shell:Creating package script '/home/agv/Desktop/catkin/catkin_ws/install/bot_gazebo/share/bot_gazebo/package.ps1'
[2.014s] INFO:colcon.colcon_core.shell:Creating package descriptor '/home/agv/Desktop/catkin/catkin_ws/install/bot_gazebo/share/bot_gazebo/package.dsv'
[2.015s] INFO:colcon.colcon_core.shell:Creating package script '/home/agv/Desktop/catkin/catkin_ws/install/bot_gazebo/share/bot_gazebo/package.sh'
[2.017s] INFO:colcon.colcon_core.shell:Creating package script '/home/agv/Desktop/catkin/catkin_ws/install/bot_gazebo/share/bot_gazebo/package.bash'
[2.019s] INFO:colcon.colcon_core.shell:Creating package script '/home/agv/Desktop/catkin/catkin_ws/install/bot_gazebo/share/bot_gazebo/package.zsh'
[2.020s] Level 1:colcon.colcon_core.environment:create_file_with_runtime_dependencies(/home/agv/Desktop/catkin/catkin_ws/install/bot_gazebo/share/colcon-core/packages/bot_gazebo)
[2.021s] Level 1:colcon.colcon_core.environment:create_environment_scripts_only(bot_gazebo)
[2.021s] Level 1:colcon.colcon_core.environment:checking '/home/agv/Desktop/catkin/catkin_ws/install/bot_gazebo' for CMake module files
[2.022s] Level 1:colcon.colcon_core.environment:checking '/home/agv/Desktop/catkin/catkin_ws/install/bot_gazebo' for CMake config files
[2.023s] Level 1:colcon.colcon_core.shell:create_environment_hook('bot_gazebo', 'cmake_prefix_path')
[2.023s] INFO:colcon.colcon_core.shell:Creating environment hook '/home/agv/Desktop/catkin/catkin_ws/install/bot_gazebo/share/bot_gazebo/hook/cmake_prefix_path.ps1'
[2.024s] INFO:colcon.colcon_core.shell:Creating environment descriptor '/home/agv/Desktop/catkin/catkin_ws/install/bot_gazebo/share/bot_gazebo/hook/cmake_prefix_path.dsv'
[2.026s] INFO:colcon.colcon_core.shell:Creating environment hook '/home/agv/Desktop/catkin/catkin_ws/install/bot_gazebo/share/bot_gazebo/hook/cmake_prefix_path.sh'
[2.027s] Level 1:colcon.colcon_core.environment:checking '/home/agv/Desktop/catkin/catkin_ws/install/bot_gazebo/bin'
[2.027s] Level 1:colcon.colcon_core.environment:checking '/home/agv/Desktop/catkin/catkin_ws/install/bot_gazebo/lib/pkgconfig/bot_gazebo.pc'
[2.028s] Level 1:colcon.colcon_core.environment:checking '/home/agv/Desktop/catkin/catkin_ws/install/bot_gazebo/lib/python3.10/site-packages'
[2.028s] Level 1:colcon.colcon_core.environment:checking '/home/agv/Desktop/catkin/catkin_ws/install/bot_gazebo/bin'
[2.028s] INFO:colcon.colcon_core.shell:Creating package script '/home/agv/Desktop/catkin/catkin_ws/install/bot_gazebo/share/bot_gazebo/package.ps1'
[2.029s] INFO:colcon.colcon_core.shell:Creating package descriptor '/home/agv/Desktop/catkin/catkin_ws/install/bot_gazebo/share/bot_gazebo/package.dsv'
[2.030s] INFO:colcon.colcon_core.shell:Creating package script '/home/agv/Desktop/catkin/catkin_ws/install/bot_gazebo/share/bot_gazebo/package.sh'
[2.037s] INFO:colcon.colcon_core.shell:Creating package script '/home/agv/Desktop/catkin/catkin_ws/install/bot_gazebo/share/bot_gazebo/package.bash'
[2.039s] INFO:colcon.colcon_core.shell:Creating package script '/home/agv/Desktop/catkin/catkin_ws/install/bot_gazebo/share/bot_gazebo/package.zsh'
[2.040s] Level 1:colcon.colcon_core.environment:create_file_with_runtime_dependencies(/home/agv/Desktop/catkin/catkin_ws/install/bot_gazebo/share/colcon-core/packages/bot_gazebo)
[2.545s] DEBUG:colcon.colcon_core.event_handler.log_command:Invoking command in '/home/agv/Desktop/catkin/catkin_ws/src/bot_localization': PYTHONPATH=/home/agv/Desktop/catkin/catkin_ws/build/bot_localization/prefix_override:/usr/lib/python3/dist-packages/colcon_core/task/python/colcon_distutils_commands:/home/agv/Desktop/catkin/catkin_ws/install/bot_localization/lib/python3.10/site-packages:${PYTHONPATH} /usr/bin/python3 -W ignore:setup.py install is deprecated -W ignore:easy_install command is deprecated setup.py egg_info --egg-base ../../build/bot_localization build --build-base /home/agv/Desktop/catkin/catkin_ws/build/bot_localization/build install --record /home/agv/Desktop/catkin/catkin_ws/build/bot_localization/install.log --single-version-externally-managed install_data
[2.567s] DEBUG:colcon.colcon_core.event_handler.log_command:Invoking command in '/home/agv/Desktop/catkin/catkin_ws/src/bot_apriltag': PYTHONPATH=/home/agv/Desktop/catkin/catkin_ws/build/bot_apriltag/prefix_override:/usr/lib/python3/dist-packages/colcon_core/task/python/colcon_distutils_commands:/home/agv/Desktop/catkin/catkin_ws/install/bot_apriltag/lib/python3.10/site-packages:${PYTHONPATH} /usr/bin/python3 -W ignore:setup.py install is deprecated -W ignore:easy_install command is deprecated setup.py egg_info --egg-base ../../build/bot_apriltag build --build-base /home/agv/Desktop/catkin/catkin_ws/build/bot_apriltag/build install --record /home/agv/Desktop/catkin/catkin_ws/build/bot_apriltag/install.log --single-version-externally-managed install_data
[2.614s] DEBUG:colcon.colcon_core.event_handler.log_command:Invoking command in '/home/agv/Desktop/catkin/catkin_ws/src/bot_navigation': PYTHONPATH=/home/agv/Desktop/catkin/catkin_ws/build/bot_navigation/prefix_override:/usr/lib/python3/dist-packages/colcon_core/task/python/colcon_distutils_commands:/home/agv/Desktop/catkin/catkin_ws/install/bot_navigation/lib/python3.10/site-packages:${PYTHONPATH} /usr/bin/python3 -W ignore:setup.py install is deprecated -W ignore:easy_install command is deprecated setup.py egg_info --egg-base ../../build/bot_navigation build --build-base /home/agv/Desktop/catkin/catkin_ws/build/bot_navigation/build install --record /home/agv/Desktop/catkin/catkin_ws/build/bot_navigation/install.log --single-version-externally-managed install_data
[3.019s] Level 1:colcon.colcon_core.environment:checking '/home/agv/Desktop/catkin/catkin_ws/install/bot_localization' for CMake module files
[3.020s] Level 1:colcon.colcon_core.environment:checking '/home/agv/Desktop/catkin/catkin_ws/install/bot_localization' for CMake config files
[3.021s] Level 1:colcon.colcon_core.environment:checking '/home/agv/Desktop/catkin/catkin_ws/install/bot_localization/lib'
[3.022s] DEBUG:colcon.colcon_core.event_handler.log_command:Invoked command in '/home/agv/Desktop/catkin/catkin_ws/src/bot_localization' returned '0': PYTHONPATH=/home/agv/Desktop/catkin/catkin_ws/build/bot_localization/prefix_override:/usr/lib/python3/dist-packages/colcon_core/task/python/colcon_distutils_commands:/home/agv/Desktop/catkin/catkin_ws/install/bot_localization/lib/python3.10/site-packages:${PYTHONPATH} /usr/bin/python3 -W ignore:setup.py install is deprecated -W ignore:easy_install command is deprecated setup.py egg_info --egg-base ../../build/bot_localization build --build-base /home/agv/Desktop/catkin/catkin_ws/build/bot_localization/build install --record /home/agv/Desktop/catkin/catkin_ws/build/bot_localization/install.log --single-version-externally-managed install_data
[3.023s] Level 1:colcon.colcon_core.environment:checking '/home/agv/Desktop/catkin/catkin_ws/install/bot_localization/bin'
[3.024s] Level 1:colcon.colcon_core.environment:checking '/home/agv/Desktop/catkin/catkin_ws/install/bot_localization/lib/pkgconfig/bot_localization.pc'
[3.026s] Level 1:colcon.colcon_core.environment:checking '/home/agv/Desktop/catkin/catkin_ws/install/bot_localization/lib/python3.10/site-packages'
[3.026s] Level 1:colcon.colcon_core.shell:create_environment_hook('bot_localization', 'pythonpath')
[3.027s] INFO:colcon.colcon_core.shell:Creating environment hook '/home/agv/Desktop/catkin/catkin_ws/install/bot_localization/share/bot_localization/hook/pythonpath.ps1'
[3.028s] INFO:colcon.colcon_core.shell:Creating environment descriptor '/home/agv/Desktop/catkin/catkin_ws/install/bot_localization/share/bot_localization/hook/pythonpath.dsv'
[3.031s] INFO:colcon.colcon_core.shell:Creating environment hook '/home/agv/Desktop/catkin/catkin_ws/install/bot_localization/share/bot_localization/hook/pythonpath.sh'
[3.032s] Level 1:colcon.colcon_core.environment:checking '/home/agv/Desktop/catkin/catkin_ws/install/bot_localization/bin'
[3.032s] Level 1:colcon.colcon_core.environment:create_environment_scripts_only(bot_localization)
[3.033s] INFO:colcon.colcon_core.shell:Creating package script '/home/agv/Desktop/catkin/catkin_ws/install/bot_localization/share/bot_localization/package.ps1'
[3.034s] INFO:colcon.colcon_core.shell:Creating package descriptor '/home/agv/Desktop/catkin/catkin_ws/install/bot_localization/share/bot_localization/package.dsv'
[3.035s] INFO:colcon.colcon_core.shell:Creating package script '/home/agv/Desktop/catkin/catkin_ws/install/bot_localization/share/bot_localization/package.sh'
[3.037s] INFO:colcon.colcon_core.shell:Creating package script '/home/agv/Desktop/catkin/catkin_ws/install/bot_localization/share/bot_localization/package.bash'
[3.038s] INFO:colcon.colcon_core.shell:Creating package script '/home/agv/Desktop/catkin/catkin_ws/install/bot_localization/share/bot_localization/package.zsh'
[3.039s] Level 1:colcon.colcon_core.environment:create_file_with_runtime_dependencies(/home/agv/Desktop/catkin/catkin_ws/install/bot_localization/share/colcon-core/packages/bot_localization)
[3.074s] Level 1:colcon.colcon_core.environment:checking '/home/agv/Desktop/catkin/catkin_ws/install/bot_apriltag' for CMake module files
[3.076s] DEBUG:colcon.colcon_core.event_handler.log_command:Invoked command in '/home/agv/Desktop/catkin/catkin_ws/src/bot_apriltag' returned '0': PYTHONPATH=/home/agv/Desktop/catkin/catkin_ws/build/bot_apriltag/prefix_override:/usr/lib/python3/dist-packages/colcon_core/task/python/colcon_distutils_commands:/home/agv/Desktop/catkin/catkin_ws/install/bot_apriltag/lib/python3.10/site-packages:${PYTHONPATH} /usr/bin/python3 -W ignore:setup.py install is deprecated -W ignore:easy_install command is deprecated setup.py egg_info --egg-base ../../build/bot_apriltag build --build-base /home/agv/Desktop/catkin/catkin_ws/build/bot_apriltag/build install --record /home/agv/Desktop/catkin/catkin_ws/build/bot_apriltag/install.log --single-version-externally-managed install_data
[3.076s] Level 1:colcon.colcon_core.environment:checking '/home/agv/Desktop/catkin/catkin_ws/install/bot_apriltag' for CMake config files
[3.078s] Level 1:colcon.colcon_core.environment:checking '/home/agv/Desktop/catkin/catkin_ws/install/bot_apriltag/lib'
[3.078s] Level 1:colcon.colcon_core.environment:checking '/home/agv/Desktop/catkin/catkin_ws/install/bot_apriltag/bin'
[3.078s] Level 1:colcon.colcon_core.environment:checking '/home/agv/Desktop/catkin/catkin_ws/install/bot_apriltag/lib/pkgconfig/bot_apriltag.pc'
[3.078s] Level 1:colcon.colcon_core.environment:checking '/home/agv/Desktop/catkin/catkin_ws/install/bot_apriltag/lib/python3.10/site-packages'
[3.079s] Level 1:colcon.colcon_core.shell:create_environment_hook('bot_apriltag', 'pythonpath')
[3.079s] INFO:colcon.colcon_core.shell:Creating environment hook '/home/agv/Desktop/catkin/catkin_ws/install/bot_apriltag/share/bot_apriltag/hook/pythonpath.ps1'
[3.084s] INFO:colcon.colcon_core.shell:Creating environment descriptor '/home/agv/Desktop/catkin/catkin_ws/install/bot_apriltag/share/bot_apriltag/hook/pythonpath.dsv'
[3.085s] INFO:colcon.colcon_core.shell:Creating environment hook '/home/agv/Desktop/catkin/catkin_ws/install/bot_apriltag/share/bot_apriltag/hook/pythonpath.sh'
[3.088s] Level 1:colcon.colcon_core.environment:checking '/home/agv/Desktop/catkin/catkin_ws/install/bot_apriltag/bin'
[3.088s] Level 1:colcon.colcon_core.environment:create_environment_scripts_only(bot_apriltag)
[3.089s] INFO:colcon.colcon_core.shell:Creating package script '/home/agv/Desktop/catkin/catkin_ws/install/bot_apriltag/share/bot_apriltag/package.ps1'
[3.090s] INFO:colcon.colcon_core.shell:Creating package descriptor '/home/agv/Desktop/catkin/catkin_ws/install/bot_apriltag/share/bot_apriltag/package.dsv'
[3.091s] INFO:colcon.colcon_core.shell:Creating package script '/home/agv/Desktop/catkin/catkin_ws/install/bot_apriltag/share/bot_apriltag/package.sh'
[3.093s] INFO:colcon.colcon_core.shell:Creating package script '/home/agv/Desktop/catkin/catkin_ws/install/bot_apriltag/share/bot_apriltag/package.bash'
[3.094s] INFO:colcon.colcon_core.shell:Creating package script '/home/agv/Desktop/catkin/catkin_ws/install/bot_apriltag/share/bot_apriltag/package.zsh'
[3.095s] Level 1:colcon.colcon_core.environment:create_file_with_runtime_dependencies(/home/agv/Desktop/catkin/catkin_ws/install/bot_apriltag/share/colcon-core/packages/bot_apriltag)
[3.102s] Level 1:colcon.colcon_core.environment:checking '/home/agv/Desktop/catkin/catkin_ws/install/bot_navigation' for CMake module files
[3.103s] Level 1:colcon.colcon_core.environment:checking '/home/agv/Desktop/catkin/catkin_ws/install/bot_navigation' for CMake config files
[3.103s] DEBUG:colcon.colcon_core.event_handler.log_command:Invoked command in '/home/agv/Desktop/catkin/catkin_ws/src/bot_navigation' returned '0': PYTHONPATH=/home/agv/Desktop/catkin/catkin_ws/build/bot_navigation/prefix_override:/usr/lib/python3/dist-packages/colcon_core/task/python/colcon_distutils_commands:/home/agv/Desktop/catkin/catkin_ws/install/bot_navigation/lib/python3.10/site-packages:${PYTHONPATH} /usr/bin/python3 -W ignore:setup.py install is deprecated -W ignore:easy_install command is deprecated setup.py egg_info --egg-base ../../build/bot_navigation build --build-base /home/agv/Desktop/catkin/catkin_ws/build/bot_navigation/build install --record /home/agv/Desktop/catkin/catkin_ws/build/bot_navigation/install.log --single-version-externally-managed install_data
[3.105s] Level 1:colcon.colcon_core.environment:checking '/home/agv/Desktop/catkin/catkin_ws/install/bot_navigation/lib'
[3.105s] Level 1:colcon.colcon_core.environment:checking '/home/agv/Desktop/catkin/catkin_ws/install/bot_navigation/bin'
[3.105s] Level 1:colcon.colcon_core.environment:checking '/home/agv/Desktop/catkin/catkin_ws/install/bot_navigation/lib/pkgconfig/bot_navigation.pc'
[3.105s] Level 1:colcon.colcon_core.environment:checking '/home/agv/Desktop/catkin/catkin_ws/install/bot_navigation/lib/python3.10/site-packages'
[3.105s] Level 1:colcon.colcon_core.shell:create_environment_hook('bot_navigation', 'pythonpath')
[3.106s] INFO:colcon.colcon_core.shell:Creating environment hook '/home/agv/Desktop/catkin/catkin_ws/install/bot_navigation/share/bot_navigation/hook/pythonpath.ps1'
[3.107s] INFO:colcon.colcon_core.shell:Creating environment descriptor '/home/agv/Desktop/catkin/catkin_ws/install/bot_navigation/share/bot_navigation/hook/pythonpath.dsv'
[3.108s] INFO:colcon.colcon_core.shell:Creating environment hook '/home/agv/Desktop/catkin/catkin_ws/install/bot_navigation/share/bot_navigation/hook/pythonpath.sh'
[3.109s] Level 1:colcon.colcon_core.environment:checking '/home/agv/Desktop/catkin/catkin_ws/install/bot_navigation/bin'
[3.110s] Level 1:colcon.colcon_core.environment:create_environment_scripts_only(bot_navigation)
[3.110s] INFO:colcon.colcon_core.shell:Creating package script '/home/agv/Desktop/catkin/catkin_ws/install/bot_navigation/share/bot_navigation/package.ps1'
[3.111s] INFO:colcon.colcon_core.shell:Creating package descriptor '/home/agv/Desktop/catkin/catkin_ws/install/bot_navigation/share/bot_navigation/package.dsv'
[3.112s] INFO:colcon.colcon_core.shell:Creating package script '/home/agv/Desktop/catkin/catkin_ws/install/bot_navigation/share/bot_navigation/package.sh'
[3.113s] INFO:colcon.colcon_core.shell:Creating package script '/home/agv/Desktop/catkin/catkin_ws/install/bot_navigation/share/bot_navigation/package.bash'
[3.114s] INFO:colcon.colcon_core.shell:Creating package script '/home/agv/Desktop/catkin/catkin_ws/install/bot_navigation/share/bot_navigation/package.zsh'
[3.115s] Level 1:colcon.colcon_core.environment:create_file_with_runtime_dependencies(/home/agv/Desktop/catkin/catkin_ws/install/bot_navigation/share/colcon-core/packages/bot_navigation)
[3.115s] DEBUG:colcon.colcon_parallel_executor.executor.parallel:closing loop
[3.116s] DEBUG:colcon.colcon_parallel_executor.executor.parallel:loop closed
[3.116s] DEBUG:colcon.colcon_parallel_executor.executor.parallel:run_until_complete finished with '0'
[3.116s] DEBUG:colcon.colcon_core.event_reactor:joining thread
[3.125s] INFO:colcon.colcon_core.plugin_system:Skipping extension 'colcon_notification.desktop_notification.terminal_notifier': Not used on non-Darwin systems
[3.126s] INFO:colcon.colcon_core.plugin_system:Skipping extension 'colcon_notification.desktop_notification.win32': Not used on non-Windows systems
[3.126s] INFO:colcon.colcon_notification.desktop_notification:Sending desktop notification using 'notify2'
[3.145s] DEBUG:colcon.colcon_core.event_reactor:joined thread
[3.146s] INFO:colcon.colcon_core.shell:Creating prefix script '/home/agv/Desktop/catkin/catkin_ws/install/local_setup.ps1'
[3.148s] INFO:colcon.colcon_core.shell:Creating prefix util module '/home/agv/Desktop/catkin/catkin_ws/install/_local_setup_util_ps1.py'
[3.149s] INFO:colcon.colcon_core.shell:Creating prefix chain script '/home/agv/Desktop/catkin/catkin_ws/install/setup.ps1'
[3.152s] INFO:colcon.colcon_core.shell:Creating prefix script '/home/agv/Desktop/catkin/catkin_ws/install/local_setup.sh'
[3.153s] INFO:colcon.colcon_core.shell:Creating prefix util module '/home/agv/Desktop/catkin/catkin_ws/install/_local_setup_util_sh.py'
[3.154s] INFO:colcon.colcon_core.shell:Creating prefix chain script '/home/agv/Desktop/catkin/catkin_ws/install/setup.sh'
[3.156s] INFO:colcon.colcon_core.shell:Creating prefix script '/home/agv/Desktop/catkin/catkin_ws/install/local_setup.bash'
[3.158s] INFO:colcon.colcon_core.shell:Creating prefix chain script '/home/agv/Desktop/catkin/catkin_ws/install/setup.bash'
[3.160s] INFO:colcon.colcon_core.shell:Creating prefix script '/home/agv/Desktop/catkin/catkin_ws/install/local_setup.zsh'
[3.161s] INFO:colcon.colcon_core.shell:Creating prefix chain script '/home/agv/Desktop/catkin/catkin_ws/install/setup.zsh'
