[0.130s] DEBUG:colcon:Command line arguments: ['/usr/bin/colcon', 'build']
[0.130s] DEBUG:colcon:Parsed command line arguments: Namespace(log_base=None, log_level=None, verb_name='build', build_base='build', install_base='install', merge_install=False, symlink_install=False, test_result_base=None, continue_on_error=False, executor='parallel', parallel_workers=8, event_handlers=None, ignore_user_meta=False, metas=['./colcon.meta'], base_paths=['.'], packages_ignore=None, packages_ignore_regex=None, paths=None, packages_up_to=None, packages_up_to_regex=None, packages_above=None, packages_above_and_dependencies=None, packages_above_depth=None, packages_select_by_dep=None, packages_skip_by_dep=None, packages_skip_up_to=None, packages_select_build_failed=False, packages_skip_build_finished=False, packages_select_test_failures=False, packages_skip_test_passed=False, packages_select=None, packages_skip=None, packages_select_regex=None, packages_skip_regex=None, packages_start=None, packages_end=None, allow_overriding=[], cmake_args=None, cmake_target=None, cmake_target_skip_unavailable=False, cmake_clean_cache=False, cmake_clean_first=False, cmake_force_configure=False, ament_cmake_args=None, catkin_cmake_args=None, catkin_skip_building_tests=False, verb_parser=<colcon_defaults.argument_parser.defaults.DefaultArgumentsDecorator object at 0x7353e7cfc490>, verb_extension=<colcon_core.verb.build.BuildVerb object at 0x7353e7ccfd60>, main=<bound method BuildVerb.main of <colcon_core.verb.build.BuildVerb object at 0x7353e7ccfd60>>)
[0.367s] Level 1:colcon.colcon_core.package_discovery:discover_packages(colcon_meta) check parameters
[0.367s] Level 1:colcon.colcon_core.package_discovery:discover_packages(recursive) check parameters
[0.367s] Level 1:colcon.colcon_core.package_discovery:discover_packages(ignore) check parameters
[0.367s] Level 1:colcon.colcon_core.package_discovery:discover_packages(path) check parameters
[0.367s] Level 1:colcon.colcon_core.package_discovery:discover_packages(colcon_meta) discover
[0.367s] Level 1:colcon.colcon_core.package_discovery:discover_packages(recursive) discover
[0.367s] INFO:colcon.colcon_core.package_discovery:Crawling recursively for packages in '/home/agv/Desktop/catkin/catkin_ws'
[0.368s] Level 1:colcon.colcon_core.package_identification:_identify(.) by extensions ['ignore', 'ignore_ament_install']
[0.368s] Level 1:colcon.colcon_core.package_identification:_identify(.) by extension 'ignore'
[0.368s] Level 1:colcon.colcon_core.package_identification:_identify(.) by extension 'ignore_ament_install'
[0.368s] Level 1:colcon.colcon_core.package_identification:_identify(.) by extensions ['colcon_pkg']
[0.368s] Level 1:colcon.colcon_core.package_identification:_identify(.) by extension 'colcon_pkg'
[0.369s] Level 1:colcon.colcon_core.package_identification:_identify(.) by extensions ['colcon_meta']
[0.369s] Level 1:colcon.colcon_core.package_identification:_identify(.) by extension 'colcon_meta'
[0.369s] Level 1:colcon.colcon_core.package_identification:_identify(.) by extensions ['ros']
[0.369s] Level 1:colcon.colcon_core.package_identification:_identify(.) by extension 'ros'
[0.395s] Level 1:colcon.colcon_core.package_identification:_identify(.) by extensions ['cmake', 'python']
[0.395s] Level 1:colcon.colcon_core.package_identification:_identify(.) by extension 'cmake'
[0.395s] Level 1:colcon.colcon_core.package_identification:_identify(.) by extension 'python'
[0.395s] Level 1:colcon.colcon_core.package_identification:_identify(.) by extensions ['python_setup_py']
[0.395s] Level 1:colcon.colcon_core.package_identification:_identify(.) by extension 'python_setup_py'
[0.395s] Level 1:colcon.colcon_core.package_identification:_identify(build) by extensions ['ignore', 'ignore_ament_install']
[0.395s] Level 1:colcon.colcon_core.package_identification:_identify(build) by extension 'ignore'
[0.396s] Level 1:colcon.colcon_core.package_identification:_identify(build) ignored
[0.396s] Level 1:colcon.colcon_core.package_identification:_identify(install) by extensions ['ignore', 'ignore_ament_install']
[0.396s] Level 1:colcon.colcon_core.package_identification:_identify(install) by extension 'ignore'
[0.396s] Level 1:colcon.colcon_core.package_identification:_identify(install) ignored
[0.396s] Level 1:colcon.colcon_core.package_identification:_identify(log) by extensions ['ignore', 'ignore_ament_install']
[0.396s] Level 1:colcon.colcon_core.package_identification:_identify(log) by extension 'ignore'
[0.396s] Level 1:colcon.colcon_core.package_identification:_identify(log) ignored
[0.397s] Level 1:colcon.colcon_core.package_identification:_identify(src) by extensions ['ignore', 'ignore_ament_install']
[0.397s] Level 1:colcon.colcon_core.package_identification:_identify(src) by extension 'ignore'
[0.397s] Level 1:colcon.colcon_core.package_identification:_identify(src) by extension 'ignore_ament_install'
[0.397s] Level 1:colcon.colcon_core.package_identification:_identify(src) by extensions ['colcon_pkg']
[0.397s] Level 1:colcon.colcon_core.package_identification:_identify(src) by extension 'colcon_pkg'
[0.397s] Level 1:colcon.colcon_core.package_identification:_identify(src) by extensions ['colcon_meta']
[0.397s] Level 1:colcon.colcon_core.package_identification:_identify(src) by extension 'colcon_meta'
[0.397s] Level 1:colcon.colcon_core.package_identification:_identify(src) by extensions ['ros']
[0.397s] Level 1:colcon.colcon_core.package_identification:_identify(src) by extension 'ros'
[0.397s] Level 1:colcon.colcon_core.package_identification:_identify(src) by extensions ['cmake', 'python']
[0.397s] Level 1:colcon.colcon_core.package_identification:_identify(src) by extension 'cmake'
[0.397s] Level 1:colcon.colcon_core.package_identification:_identify(src) by extension 'python'
[0.398s] Level 1:colcon.colcon_core.package_identification:_identify(src) by extensions ['python_setup_py']
[0.398s] Level 1:colcon.colcon_core.package_identification:_identify(src) by extension 'python_setup_py'
[0.398s] Level 1:colcon.colcon_core.package_identification:_identify(src/bot_apriltag) by extensions ['ignore', 'ignore_ament_install']
[0.398s] Level 1:colcon.colcon_core.package_identification:_identify(src/bot_apriltag) by extension 'ignore'
[0.398s] Level 1:colcon.colcon_core.package_identification:_identify(src/bot_apriltag) by extension 'ignore_ament_install'
[0.398s] Level 1:colcon.colcon_core.package_identification:_identify(src/bot_apriltag) by extensions ['colcon_pkg']
[0.398s] Level 1:colcon.colcon_core.package_identification:_identify(src/bot_apriltag) by extension 'colcon_pkg'
[0.398s] Level 1:colcon.colcon_core.package_identification:_identify(src/bot_apriltag) by extensions ['colcon_meta']
[0.399s] Level 1:colcon.colcon_core.package_identification:_identify(src/bot_apriltag) by extension 'colcon_meta'
[0.399s] Level 1:colcon.colcon_core.package_identification:_identify(src/bot_apriltag) by extensions ['ros']
[0.399s] Level 1:colcon.colcon_core.package_identification:_identify(src/bot_apriltag) by extension 'ros'
[0.402s] DEBUG:colcon.colcon_core.package_identification:Package 'src/bot_apriltag' with type 'ros.ament_python' and name 'bot_apriltag'
[0.403s] Level 1:colcon.colcon_core.package_identification:_identify(src/bot_description) by extensions ['ignore', 'ignore_ament_install']
[0.403s] Level 1:colcon.colcon_core.package_identification:_identify(src/bot_description) by extension 'ignore'
[0.403s] Level 1:colcon.colcon_core.package_identification:_identify(src/bot_description) by extension 'ignore_ament_install'
[0.403s] Level 1:colcon.colcon_core.package_identification:_identify(src/bot_description) by extensions ['colcon_pkg']
[0.403s] Level 1:colcon.colcon_core.package_identification:_identify(src/bot_description) by extension 'colcon_pkg'
[0.403s] Level 1:colcon.colcon_core.package_identification:_identify(src/bot_description) by extensions ['colcon_meta']
[0.404s] Level 1:colcon.colcon_core.package_identification:_identify(src/bot_description) by extension 'colcon_meta'
[0.404s] Level 1:colcon.colcon_core.package_identification:_identify(src/bot_description) by extensions ['ros']
[0.404s] Level 1:colcon.colcon_core.package_identification:_identify(src/bot_description) by extension 'ros'
[0.405s] DEBUG:colcon.colcon_core.package_identification:Package 'src/bot_description' with type 'ros.ament_cmake' and name 'bot_description'
[0.405s] Level 1:colcon.colcon_core.package_identification:_identify(src/bot_gazebo) by extensions ['ignore', 'ignore_ament_install']
[0.405s] Level 1:colcon.colcon_core.package_identification:_identify(src/bot_gazebo) by extension 'ignore'
[0.405s] Level 1:colcon.colcon_core.package_identification:_identify(src/bot_gazebo) by extension 'ignore_ament_install'
[0.406s] Level 1:colcon.colcon_core.package_identification:_identify(src/bot_gazebo) by extensions ['colcon_pkg']
[0.406s] Level 1:colcon.colcon_core.package_identification:_identify(src/bot_gazebo) by extension 'colcon_pkg'
[0.406s] Level 1:colcon.colcon_core.package_identification:_identify(src/bot_gazebo) by extensions ['colcon_meta']
[0.406s] Level 1:colcon.colcon_core.package_identification:_identify(src/bot_gazebo) by extension 'colcon_meta'
[0.406s] Level 1:colcon.colcon_core.package_identification:_identify(src/bot_gazebo) by extensions ['ros']
[0.406s] Level 1:colcon.colcon_core.package_identification:_identify(src/bot_gazebo) by extension 'ros'
[0.407s] DEBUG:colcon.colcon_core.package_identification:Package 'src/bot_gazebo' with type 'ros.ament_cmake' and name 'bot_gazebo'
[0.407s] Level 1:colcon.colcon_core.package_identification:_identify(src/bot_localization) by extensions ['ignore', 'ignore_ament_install']
[0.407s] Level 1:colcon.colcon_core.package_identification:_identify(src/bot_localization) by extension 'ignore'
[0.407s] Level 1:colcon.colcon_core.package_identification:_identify(src/bot_localization) by extension 'ignore_ament_install'
[0.407s] Level 1:colcon.colcon_core.package_identification:_identify(src/bot_localization) by extensions ['colcon_pkg']
[0.407s] Level 1:colcon.colcon_core.package_identification:_identify(src/bot_localization) by extension 'colcon_pkg'
[0.407s] Level 1:colcon.colcon_core.package_identification:_identify(src/bot_localization) by extensions ['colcon_meta']
[0.407s] Level 1:colcon.colcon_core.package_identification:_identify(src/bot_localization) by extension 'colcon_meta'
[0.407s] Level 1:colcon.colcon_core.package_identification:_identify(src/bot_localization) by extensions ['ros']
[0.408s] Level 1:colcon.colcon_core.package_identification:_identify(src/bot_localization) by extension 'ros'
[0.408s] DEBUG:colcon.colcon_core.package_identification:Package 'src/bot_localization' with type 'ros.ament_python' and name 'bot_localization'
[0.408s] Level 1:colcon.colcon_core.package_identification:_identify(src/bot_navigation) by extensions ['ignore', 'ignore_ament_install']
[0.409s] Level 1:colcon.colcon_core.package_identification:_identify(src/bot_navigation) by extension 'ignore'
[0.409s] Level 1:colcon.colcon_core.package_identification:_identify(src/bot_navigation) by extension 'ignore_ament_install'
[0.409s] Level 1:colcon.colcon_core.package_identification:_identify(src/bot_navigation) by extensions ['colcon_pkg']
[0.409s] Level 1:colcon.colcon_core.package_identification:_identify(src/bot_navigation) by extension 'colcon_pkg'
[0.409s] Level 1:colcon.colcon_core.package_identification:_identify(src/bot_navigation) by extensions ['colcon_meta']
[0.409s] Level 1:colcon.colcon_core.package_identification:_identify(src/bot_navigation) by extension 'colcon_meta'
[0.409s] Level 1:colcon.colcon_core.package_identification:_identify(src/bot_navigation) by extensions ['ros']
[0.409s] Level 1:colcon.colcon_core.package_identification:_identify(src/bot_navigation) by extension 'ros'
[0.410s] DEBUG:colcon.colcon_core.package_identification:Package 'src/bot_navigation' with type 'ros.ament_python' and name 'bot_navigation'
[0.410s] Level 1:colcon.colcon_core.package_discovery:discover_packages(recursive) using defaults
[0.411s] Level 1:colcon.colcon_core.package_discovery:discover_packages(ignore) discover
[0.411s] Level 1:colcon.colcon_core.package_discovery:discover_packages(ignore) using defaults
[0.411s] Level 1:colcon.colcon_core.package_discovery:discover_packages(path) discover
[0.411s] Level 1:colcon.colcon_core.package_discovery:discover_packages(path) using defaults
[0.435s] Level 1:colcon.colcon_core.package_discovery:discover_packages(prefix_path) check parameters
[0.435s] Level 1:colcon.colcon_core.package_discovery:discover_packages(prefix_path) discover
[0.439s] DEBUG:colcon.colcon_installed_package_information.package_discovery:Found 379 installed packages in /opt/ros/humble
[0.440s] Level 1:colcon.colcon_core.package_discovery:discover_packages(prefix_path) using defaults
[0.493s] Level 5:colcon.colcon_core.verb:set package 'bot_apriltag' build argument 'cmake_args' from command line to 'None'
[0.493s] Level 5:colcon.colcon_core.verb:set package 'bot_apriltag' build argument 'cmake_target' from command line to 'None'
[0.493s] Level 5:colcon.colcon_core.verb:set package 'bot_apriltag' build argument 'cmake_target_skip_unavailable' from command line to 'False'
[0.493s] Level 5:colcon.colcon_core.verb:set package 'bot_apriltag' build argument 'cmake_clean_cache' from command line to 'False'
[0.493s] Level 5:colcon.colcon_core.verb:set package 'bot_apriltag' build argument 'cmake_clean_first' from command line to 'False'
[0.493s] Level 5:colcon.colcon_core.verb:set package 'bot_apriltag' build argument 'cmake_force_configure' from command line to 'False'
[0.493s] Level 5:colcon.colcon_core.verb:set package 'bot_apriltag' build argument 'ament_cmake_args' from command line to 'None'
[0.493s] Level 5:colcon.colcon_core.verb:set package 'bot_apriltag' build argument 'catkin_cmake_args' from command line to 'None'
[0.493s] Level 5:colcon.colcon_core.verb:set package 'bot_apriltag' build argument 'catkin_skip_building_tests' from command line to 'False'
[0.493s] DEBUG:colcon.colcon_core.verb:Building package 'bot_apriltag' with the following arguments: {'ament_cmake_args': None, 'build_base': '/home/agv/Desktop/catkin/catkin_ws/build/bot_apriltag', 'catkin_cmake_args': None, 'catkin_skip_building_tests': False, 'cmake_args': None, 'cmake_clean_cache': False, 'cmake_clean_first': False, 'cmake_force_configure': False, 'cmake_target': None, 'cmake_target_skip_unavailable': False, 'install_base': '/home/agv/Desktop/catkin/catkin_ws/install/bot_apriltag', 'merge_install': False, 'path': '/home/agv/Desktop/catkin/catkin_ws/src/bot_apriltag', 'symlink_install': False, 'test_result_base': None}
[0.494s] Level 5:colcon.colcon_core.verb:set package 'bot_description' build argument 'cmake_args' from command line to 'None'
[0.494s] Level 5:colcon.colcon_core.verb:set package 'bot_description' build argument 'cmake_target' from command line to 'None'
[0.494s] Level 5:colcon.colcon_core.verb:set package 'bot_description' build argument 'cmake_target_skip_unavailable' from command line to 'False'
[0.494s] Level 5:colcon.colcon_core.verb:set package 'bot_description' build argument 'cmake_clean_cache' from command line to 'False'
[0.494s] Level 5:colcon.colcon_core.verb:set package 'bot_description' build argument 'cmake_clean_first' from command line to 'False'
[0.494s] Level 5:colcon.colcon_core.verb:set package 'bot_description' build argument 'cmake_force_configure' from command line to 'False'
[0.494s] Level 5:colcon.colcon_core.verb:set package 'bot_description' build argument 'ament_cmake_args' from command line to 'None'
[0.494s] Level 5:colcon.colcon_core.verb:set package 'bot_description' build argument 'catkin_cmake_args' from command line to 'None'
[0.494s] Level 5:colcon.colcon_core.verb:set package 'bot_description' build argument 'catkin_skip_building_tests' from command line to 'False'
[0.494s] DEBUG:colcon.colcon_core.verb:Building package 'bot_description' with the following arguments: {'ament_cmake_args': None, 'build_base': '/home/agv/Desktop/catkin/catkin_ws/build/bot_description', 'catkin_cmake_args': None, 'catkin_skip_building_tests': False, 'cmake_args': None, 'cmake_clean_cache': False, 'cmake_clean_first': False, 'cmake_force_configure': False, 'cmake_target': None, 'cmake_target_skip_unavailable': False, 'install_base': '/home/agv/Desktop/catkin/catkin_ws/install/bot_description', 'merge_install': False, 'path': '/home/agv/Desktop/catkin/catkin_ws/src/bot_description', 'symlink_install': False, 'test_result_base': None}
[0.495s] Level 5:colcon.colcon_core.verb:set package 'bot_gazebo' build argument 'cmake_args' from command line to 'None'
[0.495s] Level 5:colcon.colcon_core.verb:set package 'bot_gazebo' build argument 'cmake_target' from command line to 'None'
[0.495s] Level 5:colcon.colcon_core.verb:set package 'bot_gazebo' build argument 'cmake_target_skip_unavailable' from command line to 'False'
[0.495s] Level 5:colcon.colcon_core.verb:set package 'bot_gazebo' build argument 'cmake_clean_cache' from command line to 'False'
[0.495s] Level 5:colcon.colcon_core.verb:set package 'bot_gazebo' build argument 'cmake_clean_first' from command line to 'False'
[0.495s] Level 5:colcon.colcon_core.verb:set package 'bot_gazebo' build argument 'cmake_force_configure' from command line to 'False'
[0.495s] Level 5:colcon.colcon_core.verb:set package 'bot_gazebo' build argument 'ament_cmake_args' from command line to 'None'
[0.495s] Level 5:colcon.colcon_core.verb:set package 'bot_gazebo' build argument 'catkin_cmake_args' from command line to 'None'
[0.495s] Level 5:colcon.colcon_core.verb:set package 'bot_gazebo' build argument 'catkin_skip_building_tests' from command line to 'False'
[0.495s] DEBUG:colcon.colcon_core.verb:Building package 'bot_gazebo' with the following arguments: {'ament_cmake_args': None, 'build_base': '/home/agv/Desktop/catkin/catkin_ws/build/bot_gazebo', 'catkin_cmake_args': None, 'catkin_skip_building_tests': False, 'cmake_args': None, 'cmake_clean_cache': False, 'cmake_clean_first': False, 'cmake_force_configure': False, 'cmake_target': None, 'cmake_target_skip_unavailable': False, 'install_base': '/home/agv/Desktop/catkin/catkin_ws/install/bot_gazebo', 'merge_install': False, 'path': '/home/agv/Desktop/catkin/catkin_ws/src/bot_gazebo', 'symlink_install': False, 'test_result_base': None}
[0.496s] Level 5:colcon.colcon_core.verb:set package 'bot_localization' build argument 'cmake_args' from command line to 'None'
[0.496s] Level 5:colcon.colcon_core.verb:set package 'bot_localization' build argument 'cmake_target' from command line to 'None'
[0.496s] Level 5:colcon.colcon_core.verb:set package 'bot_localization' build argument 'cmake_target_skip_unavailable' from command line to 'False'
[0.496s] Level 5:colcon.colcon_core.verb:set package 'bot_localization' build argument 'cmake_clean_cache' from command line to 'False'
[0.496s] Level 5:colcon.colcon_core.verb:set package 'bot_localization' build argument 'cmake_clean_first' from command line to 'False'
[0.496s] Level 5:colcon.colcon_core.verb:set package 'bot_localization' build argument 'cmake_force_configure' from command line to 'False'
[0.496s] Level 5:colcon.colcon_core.verb:set package 'bot_localization' build argument 'ament_cmake_args' from command line to 'None'
[0.496s] Level 5:colcon.colcon_core.verb:set package 'bot_localization' build argument 'catkin_cmake_args' from command line to 'None'
[0.496s] Level 5:colcon.colcon_core.verb:set package 'bot_localization' build argument 'catkin_skip_building_tests' from command line to 'False'
[0.497s] DEBUG:colcon.colcon_core.verb:Building package 'bot_localization' with the following arguments: {'ament_cmake_args': None, 'build_base': '/home/agv/Desktop/catkin/catkin_ws/build/bot_localization', 'catkin_cmake_args': None, 'catkin_skip_building_tests': False, 'cmake_args': None, 'cmake_clean_cache': False, 'cmake_clean_first': False, 'cmake_force_configure': False, 'cmake_target': None, 'cmake_target_skip_unavailable': False, 'install_base': '/home/agv/Desktop/catkin/catkin_ws/install/bot_localization', 'merge_install': False, 'path': '/home/agv/Desktop/catkin/catkin_ws/src/bot_localization', 'symlink_install': False, 'test_result_base': None}
[0.497s] Level 5:colcon.colcon_core.verb:set package 'bot_navigation' build argument 'cmake_args' from command line to 'None'
[0.497s] Level 5:colcon.colcon_core.verb:set package 'bot_navigation' build argument 'cmake_target' from command line to 'None'
[0.497s] Level 5:colcon.colcon_core.verb:set package 'bot_navigation' build argument 'cmake_target_skip_unavailable' from command line to 'False'
[0.497s] Level 5:colcon.colcon_core.verb:set package 'bot_navigation' build argument 'cmake_clean_cache' from command line to 'False'
[0.497s] Level 5:colcon.colcon_core.verb:set package 'bot_navigation' build argument 'cmake_clean_first' from command line to 'False'
[0.497s] Level 5:colcon.colcon_core.verb:set package 'bot_navigation' build argument 'cmake_force_configure' from command line to 'False'
[0.497s] Level 5:colcon.colcon_core.verb:set package 'bot_navigation' build argument 'ament_cmake_args' from command line to 'None'
[0.497s] Level 5:colcon.colcon_core.verb:set package 'bot_navigation' build argument 'catkin_cmake_args' from command line to 'None'
[0.497s] Level 5:colcon.colcon_core.verb:set package 'bot_navigation' build argument 'catkin_skip_building_tests' from command line to 'False'
[0.498s] DEBUG:colcon.colcon_core.verb:Building package 'bot_navigation' with the following arguments: {'ament_cmake_args': None, 'build_base': '/home/agv/Desktop/catkin/catkin_ws/build/bot_navigation', 'catkin_cmake_args': None, 'catkin_skip_building_tests': False, 'cmake_args': None, 'cmake_clean_cache': False, 'cmake_clean_first': False, 'cmake_force_configure': False, 'cmake_target': None, 'cmake_target_skip_unavailable': False, 'install_base': '/home/agv/Desktop/catkin/catkin_ws/install/bot_navigation', 'merge_install': False, 'path': '/home/agv/Desktop/catkin/catkin_ws/src/bot_navigation', 'symlink_install': False, 'test_result_base': None}
[0.498s] INFO:colcon.colcon_core.executor:Executing jobs using 'parallel' executor
[0.500s] DEBUG:colcon.colcon_parallel_executor.executor.parallel:run_until_complete
[0.500s] INFO:colcon.colcon_ros.task.ament_python.build:Building ROS package in '/home/agv/Desktop/catkin/catkin_ws/src/bot_apriltag' with build type 'ament_python'
[0.501s] Level 1:colcon.colcon_core.shell:create_environment_hook('bot_apriltag', 'ament_prefix_path')
[0.504s] INFO:colcon.colcon_core.plugin_system:Skipping extension 'colcon_core.shell.bat': Not used on non-Windows systems
[0.504s] INFO:colcon.colcon_core.shell:Creating environment hook '/home/agv/Desktop/catkin/catkin_ws/install/bot_apriltag/share/bot_apriltag/hook/ament_prefix_path.ps1'
[0.505s] INFO:colcon.colcon_core.shell:Creating environment descriptor '/home/agv/Desktop/catkin/catkin_ws/install/bot_apriltag/share/bot_apriltag/hook/ament_prefix_path.dsv'
[0.506s] INFO:colcon.colcon_core.shell:Creating environment hook '/home/agv/Desktop/catkin/catkin_ws/install/bot_apriltag/share/bot_apriltag/hook/ament_prefix_path.sh'
[0.508s] INFO:colcon.colcon_core.shell:Skip shell extension 'powershell' for command environment: Not usable outside of PowerShell
[0.509s] DEBUG:colcon.colcon_core.shell:Skip shell extension 'dsv' for command environment
[0.514s] INFO:colcon.colcon_ros.task.ament_cmake.build:Building ROS package in '/home/agv/Desktop/catkin/catkin_ws/src/bot_description' with build type 'ament_cmake'
[0.514s] INFO:colcon.colcon_cmake.task.cmake.build:Building CMake package in '/home/agv/Desktop/catkin/catkin_ws/src/bot_description'
[0.514s] INFO:colcon.colcon_core.shell:Skip shell extension 'powershell' for command environment: Not usable outside of PowerShell
[0.515s] DEBUG:colcon.colcon_core.shell:Skip shell extension 'dsv' for command environment
[0.520s] INFO:colcon.colcon_ros.task.ament_cmake.build:Building ROS package in '/home/agv/Desktop/catkin/catkin_ws/src/bot_gazebo' with build type 'ament_cmake'
[0.520s] INFO:colcon.colcon_cmake.task.cmake.build:Building CMake package in '/home/agv/Desktop/catkin/catkin_ws/src/bot_gazebo'
[0.520s] INFO:colcon.colcon_core.shell:Skip shell extension 'powershell' for command environment: Not usable outside of PowerShell
[0.521s] DEBUG:colcon.colcon_core.shell:Skip shell extension 'dsv' for command environment
[0.525s] INFO:colcon.colcon_ros.task.ament_python.build:Building ROS package in '/home/agv/Desktop/catkin/catkin_ws/src/bot_localization' with build type 'ament_python'
[0.526s] Level 1:colcon.colcon_core.shell:create_environment_hook('bot_localization', 'ament_prefix_path')
[0.526s] INFO:colcon.colcon_core.shell:Creating environment hook '/home/agv/Desktop/catkin/catkin_ws/install/bot_localization/share/bot_localization/hook/ament_prefix_path.ps1'
[0.527s] INFO:colcon.colcon_core.shell:Creating environment descriptor '/home/agv/Desktop/catkin/catkin_ws/install/bot_localization/share/bot_localization/hook/ament_prefix_path.dsv'
[0.528s] INFO:colcon.colcon_core.shell:Creating environment hook '/home/agv/Desktop/catkin/catkin_ws/install/bot_localization/share/bot_localization/hook/ament_prefix_path.sh'
[0.530s] INFO:colcon.colcon_core.shell:Skip shell extension 'powershell' for command environment: Not usable outside of PowerShell
[0.530s] DEBUG:colcon.colcon_core.shell:Skip shell extension 'dsv' for command environment
[0.535s] INFO:colcon.colcon_ros.task.ament_python.build:Building ROS package in '/home/agv/Desktop/catkin/catkin_ws/src/bot_navigation' with build type 'ament_python'
[0.535s] Level 1:colcon.colcon_core.shell:create_environment_hook('bot_navigation', 'ament_prefix_path')
[0.536s] INFO:colcon.colcon_core.shell:Creating environment hook '/home/agv/Desktop/catkin/catkin_ws/install/bot_navigation/share/bot_navigation/hook/ament_prefix_path.ps1'
[0.537s] INFO:colcon.colcon_core.shell:Creating environment descriptor '/home/agv/Desktop/catkin/catkin_ws/install/bot_navigation/share/bot_navigation/hook/ament_prefix_path.dsv'
[0.538s] INFO:colcon.colcon_core.shell:Creating environment hook '/home/agv/Desktop/catkin/catkin_ws/install/bot_navigation/share/bot_navigation/hook/ament_prefix_path.sh'
[0.539s] INFO:colcon.colcon_core.shell:Skip shell extension 'powershell' for command environment: Not usable outside of PowerShell
[0.540s] DEBUG:colcon.colcon_core.shell:Skip shell extension 'dsv' for command environment
[0.940s] INFO:colcon.colcon_core.task.python.build:Building Python package in '/home/agv/Desktop/catkin/catkin_ws/src/bot_apriltag'
[0.941s] INFO:colcon.colcon_core.shell:Skip shell extension 'powershell' for command environment: Not usable outside of PowerShell
[0.941s] DEBUG:colcon.colcon_core.shell:Skip shell extension 'dsv' for command environment
[0.955s] DEBUG:colcon.colcon_core.event_handler.log_command:Invoking command in '/home/agv/Desktop/catkin/catkin_ws/build/bot_description': CMAKE_PREFIX_PATH=/opt/ros/humble /usr/bin/cmake --build /home/agv/Desktop/catkin/catkin_ws/build/bot_description -- -j8 -l8
[0.963s] DEBUG:colcon.colcon_core.event_handler.log_command:Invoking command in '/home/agv/Desktop/catkin/catkin_ws/build/bot_gazebo': CMAKE_PREFIX_PATH=/opt/ros/humble /usr/bin/cmake --build /home/agv/Desktop/catkin/catkin_ws/build/bot_gazebo -- -j8 -l8
[1.304s] INFO:colcon.colcon_core.task.python.build:Building Python package in '/home/agv/Desktop/catkin/catkin_ws/src/bot_localization'
[1.305s] INFO:colcon.colcon_core.shell:Skip shell extension 'powershell' for command environment: Not usable outside of PowerShell
[1.305s] DEBUG:colcon.colcon_core.shell:Skip shell extension 'dsv' for command environment
[1.665s] INFO:colcon.colcon_core.task.python.build:Building Python package in '/home/agv/Desktop/catkin/catkin_ws/src/bot_navigation'
[1.666s] INFO:colcon.colcon_core.shell:Skip shell extension 'powershell' for command environment: Not usable outside of PowerShell
[1.667s] DEBUG:colcon.colcon_core.shell:Skip shell extension 'dsv' for command environment
[1.677s] DEBUG:colcon.colcon_core.event_handler.log_command:Invoked command in '/home/agv/Desktop/catkin/catkin_ws/build/bot_description' returned '0': CMAKE_PREFIX_PATH=/opt/ros/humble /usr/bin/cmake --build /home/agv/Desktop/catkin/catkin_ws/build/bot_description -- -j8 -l8
[1.692s] DEBUG:colcon.colcon_core.event_handler.log_command:Invoking command in '/home/agv/Desktop/catkin/catkin_ws/build/bot_description': CMAKE_PREFIX_PATH=/opt/ros/humble /usr/bin/cmake --install /home/agv/Desktop/catkin/catkin_ws/build/bot_description
[1.695s] DEBUG:colcon.colcon_core.event_handler.log_command:Invoked command in '/home/agv/Desktop/catkin/catkin_ws/build/bot_gazebo' returned '0': CMAKE_PREFIX_PATH=/opt/ros/humble /usr/bin/cmake --build /home/agv/Desktop/catkin/catkin_ws/build/bot_gazebo -- -j8 -l8
[1.696s] DEBUG:colcon.colcon_core.event_handler.log_command:Invoking command in '/home/agv/Desktop/catkin/catkin_ws/build/bot_gazebo': CMAKE_PREFIX_PATH=/opt/ros/humble /usr/bin/cmake --install /home/agv/Desktop/catkin/catkin_ws/build/bot_gazebo
[1.736s] Level 1:colcon.colcon_core.environment:create_environment_scripts_only(bot_description)
[1.756s] Level 1:colcon.colcon_core.environment:checking '/home/agv/Desktop/catkin/catkin_ws/install/bot_description' for CMake module files
[1.759s] Level 1:colcon.colcon_core.environment:checking '/home/agv/Desktop/catkin/catkin_ws/install/bot_description' for CMake config files
[1.759s] Level 1:colcon.colcon_core.shell:create_environment_hook('bot_description', 'cmake_prefix_path')
[1.761s] INFO:colcon.colcon_core.shell:Creating environment hook '/home/agv/Desktop/catkin/catkin_ws/install/bot_description/share/bot_description/hook/cmake_prefix_path.ps1'
[1.764s] INFO:colcon.colcon_core.shell:Creating environment descriptor '/home/agv/Desktop/catkin/catkin_ws/install/bot_description/share/bot_description/hook/cmake_prefix_path.dsv'
[1.765s] INFO:colcon.colcon_core.shell:Creating environment hook '/home/agv/Desktop/catkin/catkin_ws/install/bot_description/share/bot_description/hook/cmake_prefix_path.sh'
[1.766s] Level 1:colcon.colcon_core.environment:checking '/home/agv/Desktop/catkin/catkin_ws/install/bot_description/bin'
[1.768s] Level 1:colcon.colcon_core.environment:checking '/home/agv/Desktop/catkin/catkin_ws/install/bot_description/lib/pkgconfig/bot_description.pc'
[1.770s] Level 1:colcon.colcon_core.environment:checking '/home/agv/Desktop/catkin/catkin_ws/install/bot_description/lib/python3.10/site-packages'
[1.771s] Level 1:colcon.colcon_core.environment:checking '/home/agv/Desktop/catkin/catkin_ws/install/bot_description/bin'
[1.775s] INFO:colcon.colcon_core.shell:Creating package script '/home/agv/Desktop/catkin/catkin_ws/install/bot_description/share/bot_description/package.ps1'
[1.777s] INFO:colcon.colcon_core.shell:Creating package descriptor '/home/agv/Desktop/catkin/catkin_ws/install/bot_description/share/bot_description/package.dsv'
[1.784s] INFO:colcon.colcon_core.shell:Creating package script '/home/agv/Desktop/catkin/catkin_ws/install/bot_description/share/bot_description/package.sh'
[1.786s] INFO:colcon.colcon_core.shell:Creating package script '/home/agv/Desktop/catkin/catkin_ws/install/bot_description/share/bot_description/package.bash'
[1.790s] INFO:colcon.colcon_core.shell:Creating package script '/home/agv/Desktop/catkin/catkin_ws/install/bot_description/share/bot_description/package.zsh'
[1.792s] Level 1:colcon.colcon_core.environment:create_file_with_runtime_dependencies(/home/agv/Desktop/catkin/catkin_ws/install/bot_description/share/colcon-core/packages/bot_description)
[1.794s] DEBUG:colcon.colcon_core.event_handler.log_command:Invoked command in '/home/agv/Desktop/catkin/catkin_ws/build/bot_description' returned '0': CMAKE_PREFIX_PATH=/opt/ros/humble /usr/bin/cmake --install /home/agv/Desktop/catkin/catkin_ws/build/bot_description
[1.801s] Level 1:colcon.colcon_core.environment:create_environment_scripts_only(bot_description)
[1.802s] Level 1:colcon.colcon_core.environment:checking '/home/agv/Desktop/catkin/catkin_ws/install/bot_description' for CMake module files
[1.805s] Level 1:colcon.colcon_core.environment:checking '/home/agv/Desktop/catkin/catkin_ws/install/bot_description' for CMake config files
[1.806s] Level 1:colcon.colcon_core.shell:create_environment_hook('bot_description', 'cmake_prefix_path')
[1.806s] INFO:colcon.colcon_core.shell:Creating environment hook '/home/agv/Desktop/catkin/catkin_ws/install/bot_description/share/bot_description/hook/cmake_prefix_path.ps1'
[1.808s] INFO:colcon.colcon_core.shell:Creating environment descriptor '/home/agv/Desktop/catkin/catkin_ws/install/bot_description/share/bot_description/hook/cmake_prefix_path.dsv'
[1.809s] INFO:colcon.colcon_core.shell:Creating environment hook '/home/agv/Desktop/catkin/catkin_ws/install/bot_description/share/bot_description/hook/cmake_prefix_path.sh'
[1.810s] Level 1:colcon.colcon_core.environment:checking '/home/agv/Desktop/catkin/catkin_ws/install/bot_description/bin'
[1.811s] Level 1:colcon.colcon_core.environment:checking '/home/agv/Desktop/catkin/catkin_ws/install/bot_description/lib/pkgconfig/bot_description.pc'
[1.811s] Level 1:colcon.colcon_core.environment:checking '/home/agv/Desktop/catkin/catkin_ws/install/bot_description/lib/python3.10/site-packages'
[1.812s] Level 1:colcon.colcon_core.environment:checking '/home/agv/Desktop/catkin/catkin_ws/install/bot_description/bin'
[1.813s] INFO:colcon.colcon_core.shell:Creating package script '/home/agv/Desktop/catkin/catkin_ws/install/bot_description/share/bot_description/package.ps1'
[1.814s] INFO:colcon.colcon_core.shell:Creating package descriptor '/home/agv/Desktop/catkin/catkin_ws/install/bot_description/share/bot_description/package.dsv'
[1.815s] INFO:colcon.colcon_core.shell:Creating package script '/home/agv/Desktop/catkin/catkin_ws/install/bot_description/share/bot_description/package.sh'
[1.816s] INFO:colcon.colcon_core.shell:Creating package script '/home/agv/Desktop/catkin/catkin_ws/install/bot_description/share/bot_description/package.bash'
[1.818s] INFO:colcon.colcon_core.shell:Creating package script '/home/agv/Desktop/catkin/catkin_ws/install/bot_description/share/bot_description/package.zsh'
[1.819s] Level 1:colcon.colcon_core.environment:create_file_with_runtime_dependencies(/home/agv/Desktop/catkin/catkin_ws/install/bot_description/share/colcon-core/packages/bot_description)
[1.832s] Level 1:colcon.colcon_core.environment:create_environment_scripts_only(bot_gazebo)
[1.833s] Level 1:colcon.colcon_core.environment:checking '/home/agv/Desktop/catkin/catkin_ws/install/bot_gazebo' for CMake module files
[1.833s] Level 1:colcon.colcon_core.environment:checking '/home/agv/Desktop/catkin/catkin_ws/install/bot_gazebo' for CMake config files
[1.834s] Level 1:colcon.colcon_core.shell:create_environment_hook('bot_gazebo', 'cmake_prefix_path')
[1.834s] INFO:colcon.colcon_core.shell:Creating environment hook '/home/agv/Desktop/catkin/catkin_ws/install/bot_gazebo/share/bot_gazebo/hook/cmake_prefix_path.ps1'
[1.847s] DEBUG:colcon.colcon_core.event_handler.log_command:Invoked command in '/home/agv/Desktop/catkin/catkin_ws/build/bot_gazebo' returned '0': CMAKE_PREFIX_PATH=/opt/ros/humble /usr/bin/cmake --install /home/agv/Desktop/catkin/catkin_ws/build/bot_gazebo
[1.848s] INFO:colcon.colcon_core.shell:Creating environment descriptor '/home/agv/Desktop/catkin/catkin_ws/install/bot_gazebo/share/bot_gazebo/hook/cmake_prefix_path.dsv'
[1.855s] INFO:colcon.colcon_core.shell:Creating environment hook '/home/agv/Desktop/catkin/catkin_ws/install/bot_gazebo/share/bot_gazebo/hook/cmake_prefix_path.sh'
[1.863s] Level 1:colcon.colcon_core.environment:checking '/home/agv/Desktop/catkin/catkin_ws/install/bot_gazebo/bin'
[1.865s] Level 1:colcon.colcon_core.environment:checking '/home/agv/Desktop/catkin/catkin_ws/install/bot_gazebo/lib/pkgconfig/bot_gazebo.pc'
[1.865s] Level 1:colcon.colcon_core.environment:checking '/home/agv/Desktop/catkin/catkin_ws/install/bot_gazebo/lib/python3.10/site-packages'
[1.866s] Level 1:colcon.colcon_core.environment:checking '/home/agv/Desktop/catkin/catkin_ws/install/bot_gazebo/bin'
[1.867s] INFO:colcon.colcon_core.shell:Creating package script '/home/agv/Desktop/catkin/catkin_ws/install/bot_gazebo/share/bot_gazebo/package.ps1'
[1.873s] INFO:colcon.colcon_core.shell:Creating package descriptor '/home/agv/Desktop/catkin/catkin_ws/install/bot_gazebo/share/bot_gazebo/package.dsv'
[1.889s] INFO:colcon.colcon_core.shell:Creating package script '/home/agv/Desktop/catkin/catkin_ws/install/bot_gazebo/share/bot_gazebo/package.sh'
[1.899s] INFO:colcon.colcon_core.shell:Creating package script '/home/agv/Desktop/catkin/catkin_ws/install/bot_gazebo/share/bot_gazebo/package.bash'
[1.901s] INFO:colcon.colcon_core.shell:Creating package script '/home/agv/Desktop/catkin/catkin_ws/install/bot_gazebo/share/bot_gazebo/package.zsh'
[1.901s] Level 1:colcon.colcon_core.environment:create_file_with_runtime_dependencies(/home/agv/Desktop/catkin/catkin_ws/install/bot_gazebo/share/colcon-core/packages/bot_gazebo)
[1.905s] Level 1:colcon.colcon_core.environment:create_environment_scripts_only(bot_gazebo)
[1.906s] Level 1:colcon.colcon_core.environment:checking '/home/agv/Desktop/catkin/catkin_ws/install/bot_gazebo' for CMake module files
[1.908s] Level 1:colcon.colcon_core.environment:checking '/home/agv/Desktop/catkin/catkin_ws/install/bot_gazebo' for CMake config files
[1.908s] Level 1:colcon.colcon_core.shell:create_environment_hook('bot_gazebo', 'cmake_prefix_path')
[1.909s] INFO:colcon.colcon_core.shell:Creating environment hook '/home/agv/Desktop/catkin/catkin_ws/install/bot_gazebo/share/bot_gazebo/hook/cmake_prefix_path.ps1'
[1.912s] INFO:colcon.colcon_core.shell:Creating environment descriptor '/home/agv/Desktop/catkin/catkin_ws/install/bot_gazebo/share/bot_gazebo/hook/cmake_prefix_path.dsv'
[1.913s] INFO:colcon.colcon_core.shell:Creating environment hook '/home/agv/Desktop/catkin/catkin_ws/install/bot_gazebo/share/bot_gazebo/hook/cmake_prefix_path.sh'
[1.914s] Level 1:colcon.colcon_core.environment:checking '/home/agv/Desktop/catkin/catkin_ws/install/bot_gazebo/bin'
[1.914s] Level 1:colcon.colcon_core.environment:checking '/home/agv/Desktop/catkin/catkin_ws/install/bot_gazebo/lib/pkgconfig/bot_gazebo.pc'
[1.915s] Level 1:colcon.colcon_core.environment:checking '/home/agv/Desktop/catkin/catkin_ws/install/bot_gazebo/lib/python3.10/site-packages'
[1.916s] Level 1:colcon.colcon_core.environment:checking '/home/agv/Desktop/catkin/catkin_ws/install/bot_gazebo/bin'
[1.916s] INFO:colcon.colcon_core.shell:Creating package script '/home/agv/Desktop/catkin/catkin_ws/install/bot_gazebo/share/bot_gazebo/package.ps1'
[1.920s] INFO:colcon.colcon_core.shell:Creating package descriptor '/home/agv/Desktop/catkin/catkin_ws/install/bot_gazebo/share/bot_gazebo/package.dsv'
[1.921s] INFO:colcon.colcon_core.shell:Creating package script '/home/agv/Desktop/catkin/catkin_ws/install/bot_gazebo/share/bot_gazebo/package.sh'
[1.922s] INFO:colcon.colcon_core.shell:Creating package script '/home/agv/Desktop/catkin/catkin_ws/install/bot_gazebo/share/bot_gazebo/package.bash'
[1.923s] INFO:colcon.colcon_core.shell:Creating package script '/home/agv/Desktop/catkin/catkin_ws/install/bot_gazebo/share/bot_gazebo/package.zsh'
[1.924s] Level 1:colcon.colcon_core.environment:create_file_with_runtime_dependencies(/home/agv/Desktop/catkin/catkin_ws/install/bot_gazebo/share/colcon-core/packages/bot_gazebo)
[2.377s] DEBUG:colcon.colcon_core.event_handler.log_command:Invoking command in '/home/agv/Desktop/catkin/catkin_ws/src/bot_localization': PYTHONPATH=/home/agv/Desktop/catkin/catkin_ws/build/bot_localization/prefix_override:/usr/lib/python3/dist-packages/colcon_core/task/python/colcon_distutils_commands:/home/agv/Desktop/catkin/catkin_ws/install/bot_localization/lib/python3.10/site-packages:${PYTHONPATH} /usr/bin/python3 -W ignore:setup.py install is deprecated -W ignore:easy_install command is deprecated setup.py egg_info --egg-base ../../build/bot_localization build --build-base /home/agv/Desktop/catkin/catkin_ws/build/bot_localization/build install --record /home/agv/Desktop/catkin/catkin_ws/build/bot_localization/install.log --single-version-externally-managed install_data
[2.415s] DEBUG:colcon.colcon_core.event_handler.log_command:Invoking command in '/home/agv/Desktop/catkin/catkin_ws/src/bot_apriltag': PYTHONPATH=/home/agv/Desktop/catkin/catkin_ws/build/bot_apriltag/prefix_override:/usr/lib/python3/dist-packages/colcon_core/task/python/colcon_distutils_commands:/home/agv/Desktop/catkin/catkin_ws/install/bot_apriltag/lib/python3.10/site-packages:${PYTHONPATH} /usr/bin/python3 -W ignore:setup.py install is deprecated -W ignore:easy_install command is deprecated setup.py egg_info --egg-base ../../build/bot_apriltag build --build-base /home/agv/Desktop/catkin/catkin_ws/build/bot_apriltag/build install --record /home/agv/Desktop/catkin/catkin_ws/build/bot_apriltag/install.log --single-version-externally-managed install_data
[2.454s] DEBUG:colcon.colcon_core.event_handler.log_command:Invoking command in '/home/agv/Desktop/catkin/catkin_ws/src/bot_navigation': PYTHONPATH=/home/agv/Desktop/catkin/catkin_ws/build/bot_navigation/prefix_override:/usr/lib/python3/dist-packages/colcon_core/task/python/colcon_distutils_commands:/home/agv/Desktop/catkin/catkin_ws/install/bot_navigation/lib/python3.10/site-packages:${PYTHONPATH} /usr/bin/python3 -W ignore:setup.py install is deprecated -W ignore:easy_install command is deprecated setup.py egg_info --egg-base ../../build/bot_navigation build --build-base /home/agv/Desktop/catkin/catkin_ws/build/bot_navigation/build install --record /home/agv/Desktop/catkin/catkin_ws/build/bot_navigation/install.log --single-version-externally-managed install_data
[2.817s] Level 1:colcon.colcon_core.environment:checking '/home/agv/Desktop/catkin/catkin_ws/install/bot_localization' for CMake module files
[2.818s] DEBUG:colcon.colcon_core.event_handler.log_command:Invoked command in '/home/agv/Desktop/catkin/catkin_ws/src/bot_localization' returned '0': PYTHONPATH=/home/agv/Desktop/catkin/catkin_ws/build/bot_localization/prefix_override:/usr/lib/python3/dist-packages/colcon_core/task/python/colcon_distutils_commands:/home/agv/Desktop/catkin/catkin_ws/install/bot_localization/lib/python3.10/site-packages:${PYTHONPATH} /usr/bin/python3 -W ignore:setup.py install is deprecated -W ignore:easy_install command is deprecated setup.py egg_info --egg-base ../../build/bot_localization build --build-base /home/agv/Desktop/catkin/catkin_ws/build/bot_localization/build install --record /home/agv/Desktop/catkin/catkin_ws/build/bot_localization/install.log --single-version-externally-managed install_data
[2.819s] Level 1:colcon.colcon_core.environment:checking '/home/agv/Desktop/catkin/catkin_ws/install/bot_localization' for CMake config files
[2.821s] Level 1:colcon.colcon_core.environment:checking '/home/agv/Desktop/catkin/catkin_ws/install/bot_localization/lib'
[2.821s] Level 1:colcon.colcon_core.environment:checking '/home/agv/Desktop/catkin/catkin_ws/install/bot_localization/bin'
[2.821s] Level 1:colcon.colcon_core.environment:checking '/home/agv/Desktop/catkin/catkin_ws/install/bot_localization/lib/pkgconfig/bot_localization.pc'
[2.822s] Level 1:colcon.colcon_core.environment:checking '/home/agv/Desktop/catkin/catkin_ws/install/bot_localization/lib/python3.10/site-packages'
[2.822s] Level 1:colcon.colcon_core.shell:create_environment_hook('bot_localization', 'pythonpath')
[2.823s] INFO:colcon.colcon_core.shell:Creating environment hook '/home/agv/Desktop/catkin/catkin_ws/install/bot_localization/share/bot_localization/hook/pythonpath.ps1'
[2.824s] INFO:colcon.colcon_core.shell:Creating environment descriptor '/home/agv/Desktop/catkin/catkin_ws/install/bot_localization/share/bot_localization/hook/pythonpath.dsv'
[2.826s] INFO:colcon.colcon_core.shell:Creating environment hook '/home/agv/Desktop/catkin/catkin_ws/install/bot_localization/share/bot_localization/hook/pythonpath.sh'
[2.829s] Level 1:colcon.colcon_core.environment:checking '/home/agv/Desktop/catkin/catkin_ws/install/bot_localization/bin'
[2.829s] Level 1:colcon.colcon_core.environment:create_environment_scripts_only(bot_localization)
[2.830s] INFO:colcon.colcon_core.shell:Creating package script '/home/agv/Desktop/catkin/catkin_ws/install/bot_localization/share/bot_localization/package.ps1'
[2.832s] INFO:colcon.colcon_core.shell:Creating package descriptor '/home/agv/Desktop/catkin/catkin_ws/install/bot_localization/share/bot_localization/package.dsv'
[2.832s] INFO:colcon.colcon_core.shell:Creating package script '/home/agv/Desktop/catkin/catkin_ws/install/bot_localization/share/bot_localization/package.sh'
[2.834s] INFO:colcon.colcon_core.shell:Creating package script '/home/agv/Desktop/catkin/catkin_ws/install/bot_localization/share/bot_localization/package.bash'
[2.834s] INFO:colcon.colcon_core.shell:Creating package script '/home/agv/Desktop/catkin/catkin_ws/install/bot_localization/share/bot_localization/package.zsh'
[2.835s] Level 1:colcon.colcon_core.environment:create_file_with_runtime_dependencies(/home/agv/Desktop/catkin/catkin_ws/install/bot_localization/share/colcon-core/packages/bot_localization)
[2.892s] Level 1:colcon.colcon_core.environment:checking '/home/agv/Desktop/catkin/catkin_ws/install/bot_navigation' for CMake module files
[2.893s] Level 1:colcon.colcon_core.environment:checking '/home/agv/Desktop/catkin/catkin_ws/install/bot_navigation' for CMake config files
[2.895s] DEBUG:colcon.colcon_core.event_handler.log_command:Invoked command in '/home/agv/Desktop/catkin/catkin_ws/src/bot_navigation' returned '0': PYTHONPATH=/home/agv/Desktop/catkin/catkin_ws/build/bot_navigation/prefix_override:/usr/lib/python3/dist-packages/colcon_core/task/python/colcon_distutils_commands:/home/agv/Desktop/catkin/catkin_ws/install/bot_navigation/lib/python3.10/site-packages:${PYTHONPATH} /usr/bin/python3 -W ignore:setup.py install is deprecated -W ignore:easy_install command is deprecated setup.py egg_info --egg-base ../../build/bot_navigation build --build-base /home/agv/Desktop/catkin/catkin_ws/build/bot_navigation/build install --record /home/agv/Desktop/catkin/catkin_ws/build/bot_navigation/install.log --single-version-externally-managed install_data
[2.895s] Level 1:colcon.colcon_core.environment:checking '/home/agv/Desktop/catkin/catkin_ws/install/bot_navigation/lib'
[2.896s] Level 1:colcon.colcon_core.environment:checking '/home/agv/Desktop/catkin/catkin_ws/install/bot_navigation/bin'
[2.896s] Level 1:colcon.colcon_core.environment:checking '/home/agv/Desktop/catkin/catkin_ws/install/bot_navigation/lib/pkgconfig/bot_navigation.pc'
[2.896s] Level 1:colcon.colcon_core.environment:checking '/home/agv/Desktop/catkin/catkin_ws/install/bot_navigation/lib/python3.10/site-packages'
[2.896s] Level 1:colcon.colcon_core.shell:create_environment_hook('bot_navigation', 'pythonpath')
[2.897s] INFO:colcon.colcon_core.shell:Creating environment hook '/home/agv/Desktop/catkin/catkin_ws/install/bot_navigation/share/bot_navigation/hook/pythonpath.ps1'
[2.899s] INFO:colcon.colcon_core.shell:Creating environment descriptor '/home/agv/Desktop/catkin/catkin_ws/install/bot_navigation/share/bot_navigation/hook/pythonpath.dsv'
[2.900s] INFO:colcon.colcon_core.shell:Creating environment hook '/home/agv/Desktop/catkin/catkin_ws/install/bot_navigation/share/bot_navigation/hook/pythonpath.sh'
[2.902s] Level 1:colcon.colcon_core.environment:checking '/home/agv/Desktop/catkin/catkin_ws/install/bot_navigation/bin'
[2.902s] Level 1:colcon.colcon_core.environment:create_environment_scripts_only(bot_navigation)
[2.902s] INFO:colcon.colcon_core.shell:Creating package script '/home/agv/Desktop/catkin/catkin_ws/install/bot_navigation/share/bot_navigation/package.ps1'
[2.903s] INFO:colcon.colcon_core.shell:Creating package descriptor '/home/agv/Desktop/catkin/catkin_ws/install/bot_navigation/share/bot_navigation/package.dsv'
[2.905s] INFO:colcon.colcon_core.shell:Creating package script '/home/agv/Desktop/catkin/catkin_ws/install/bot_navigation/share/bot_navigation/package.sh'
[2.906s] INFO:colcon.colcon_core.shell:Creating package script '/home/agv/Desktop/catkin/catkin_ws/install/bot_navigation/share/bot_navigation/package.bash'
[2.906s] INFO:colcon.colcon_core.shell:Creating package script '/home/agv/Desktop/catkin/catkin_ws/install/bot_navigation/share/bot_navigation/package.zsh'
[2.907s] Level 1:colcon.colcon_core.environment:create_file_with_runtime_dependencies(/home/agv/Desktop/catkin/catkin_ws/install/bot_navigation/share/colcon-core/packages/bot_navigation)
[2.916s] Level 1:colcon.colcon_core.environment:checking '/home/agv/Desktop/catkin/catkin_ws/install/bot_apriltag' for CMake module files
[2.917s] DEBUG:colcon.colcon_core.event_handler.log_command:Invoked command in '/home/agv/Desktop/catkin/catkin_ws/src/bot_apriltag' returned '0': PYTHONPATH=/home/agv/Desktop/catkin/catkin_ws/build/bot_apriltag/prefix_override:/usr/lib/python3/dist-packages/colcon_core/task/python/colcon_distutils_commands:/home/agv/Desktop/catkin/catkin_ws/install/bot_apriltag/lib/python3.10/site-packages:${PYTHONPATH} /usr/bin/python3 -W ignore:setup.py install is deprecated -W ignore:easy_install command is deprecated setup.py egg_info --egg-base ../../build/bot_apriltag build --build-base /home/agv/Desktop/catkin/catkin_ws/build/bot_apriltag/build install --record /home/agv/Desktop/catkin/catkin_ws/build/bot_apriltag/install.log --single-version-externally-managed install_data
[2.917s] Level 1:colcon.colcon_core.environment:checking '/home/agv/Desktop/catkin/catkin_ws/install/bot_apriltag' for CMake config files
[2.918s] Level 1:colcon.colcon_core.environment:checking '/home/agv/Desktop/catkin/catkin_ws/install/bot_apriltag/lib'
[2.918s] Level 1:colcon.colcon_core.environment:checking '/home/agv/Desktop/catkin/catkin_ws/install/bot_apriltag/bin'
[2.918s] Level 1:colcon.colcon_core.environment:checking '/home/agv/Desktop/catkin/catkin_ws/install/bot_apriltag/lib/pkgconfig/bot_apriltag.pc'
[2.918s] Level 1:colcon.colcon_core.environment:checking '/home/agv/Desktop/catkin/catkin_ws/install/bot_apriltag/lib/python3.10/site-packages'
[2.919s] Level 1:colcon.colcon_core.shell:create_environment_hook('bot_apriltag', 'pythonpath')
[2.919s] INFO:colcon.colcon_core.shell:Creating environment hook '/home/agv/Desktop/catkin/catkin_ws/install/bot_apriltag/share/bot_apriltag/hook/pythonpath.ps1'
[2.921s] INFO:colcon.colcon_core.shell:Creating environment descriptor '/home/agv/Desktop/catkin/catkin_ws/install/bot_apriltag/share/bot_apriltag/hook/pythonpath.dsv'
[2.921s] INFO:colcon.colcon_core.shell:Creating environment hook '/home/agv/Desktop/catkin/catkin_ws/install/bot_apriltag/share/bot_apriltag/hook/pythonpath.sh'
[2.923s] Level 1:colcon.colcon_core.environment:checking '/home/agv/Desktop/catkin/catkin_ws/install/bot_apriltag/bin'
[2.923s] Level 1:colcon.colcon_core.environment:create_environment_scripts_only(bot_apriltag)
[2.923s] INFO:colcon.colcon_core.shell:Creating package script '/home/agv/Desktop/catkin/catkin_ws/install/bot_apriltag/share/bot_apriltag/package.ps1'
[2.925s] INFO:colcon.colcon_core.shell:Creating package descriptor '/home/agv/Desktop/catkin/catkin_ws/install/bot_apriltag/share/bot_apriltag/package.dsv'
[2.925s] INFO:colcon.colcon_core.shell:Creating package script '/home/agv/Desktop/catkin/catkin_ws/install/bot_apriltag/share/bot_apriltag/package.sh'
[2.926s] INFO:colcon.colcon_core.shell:Creating package script '/home/agv/Desktop/catkin/catkin_ws/install/bot_apriltag/share/bot_apriltag/package.bash'
[2.927s] INFO:colcon.colcon_core.shell:Creating package script '/home/agv/Desktop/catkin/catkin_ws/install/bot_apriltag/share/bot_apriltag/package.zsh'
[2.928s] Level 1:colcon.colcon_core.environment:create_file_with_runtime_dependencies(/home/agv/Desktop/catkin/catkin_ws/install/bot_apriltag/share/colcon-core/packages/bot_apriltag)
[2.930s] DEBUG:colcon.colcon_parallel_executor.executor.parallel:closing loop
[2.932s] DEBUG:colcon.colcon_parallel_executor.executor.parallel:loop closed
[2.932s] DEBUG:colcon.colcon_parallel_executor.executor.parallel:run_until_complete finished with '0'
[2.932s] DEBUG:colcon.colcon_core.event_reactor:joining thread
[2.940s] INFO:colcon.colcon_core.plugin_system:Skipping extension 'colcon_notification.desktop_notification.terminal_notifier': Not used on non-Darwin systems
[2.940s] INFO:colcon.colcon_core.plugin_system:Skipping extension 'colcon_notification.desktop_notification.win32': Not used on non-Windows systems
[2.940s] INFO:colcon.colcon_notification.desktop_notification:Sending desktop notification using 'notify2'
[2.956s] DEBUG:colcon.colcon_core.event_reactor:joined thread
[2.956s] INFO:colcon.colcon_core.shell:Creating prefix script '/home/agv/Desktop/catkin/catkin_ws/install/local_setup.ps1'
[2.958s] INFO:colcon.colcon_core.shell:Creating prefix util module '/home/agv/Desktop/catkin/catkin_ws/install/_local_setup_util_ps1.py'
[2.961s] INFO:colcon.colcon_core.shell:Creating prefix chain script '/home/agv/Desktop/catkin/catkin_ws/install/setup.ps1'
[2.963s] INFO:colcon.colcon_core.shell:Creating prefix script '/home/agv/Desktop/catkin/catkin_ws/install/local_setup.sh'
[2.965s] INFO:colcon.colcon_core.shell:Creating prefix util module '/home/agv/Desktop/catkin/catkin_ws/install/_local_setup_util_sh.py'
[2.966s] INFO:colcon.colcon_core.shell:Creating prefix chain script '/home/agv/Desktop/catkin/catkin_ws/install/setup.sh'
[2.967s] INFO:colcon.colcon_core.shell:Creating prefix script '/home/agv/Desktop/catkin/catkin_ws/install/local_setup.bash'
[2.969s] INFO:colcon.colcon_core.shell:Creating prefix chain script '/home/agv/Desktop/catkin/catkin_ws/install/setup.bash'
[2.970s] INFO:colcon.colcon_core.shell:Creating prefix script '/home/agv/Desktop/catkin/catkin_ws/install/local_setup.zsh'
[2.971s] INFO:colcon.colcon_core.shell:Creating prefix chain script '/home/agv/Desktop/catkin/catkin_ws/install/setup.zsh'
