[0.360s] Invoking command in '/home/agv/Desktop/catkin/catkin_ws/build/bot_gazebo': CMAKE_PREFIX_PATH=${CMAKE_PREFIX_PATH}:/home/agv/Desktop/catkin/catkin_ws/install/bot_navigation:/home/agv/Desktop/catkin/catkin_ws/install/bot_localization:/home/agv/Desktop/catkin/catkin_ws/install/bot_apriltag:/opt/ros/humble /usr/bin/cmake --build /home/agv/Desktop/catkin/catkin_ws/build/bot_gazebo -- -j8 -l8
[0.949s] Invoked command in '/home/agv/Desktop/catkin/catkin_ws/build/bot_gazebo' returned '0': CMAKE_PREFIX_PATH=${CMAKE_PREFIX_PATH}:/home/agv/Desktop/catkin/catkin_ws/install/bot_navigation:/home/agv/Desktop/catkin/catkin_ws/install/bot_localization:/home/agv/Desktop/catkin/catkin_ws/install/bot_apriltag:/opt/ros/humble /usr/bin/cmake --build /home/agv/Desktop/catkin/catkin_ws/build/bot_gazebo -- -j8 -l8
[0.962s] Invoking command in '/home/agv/Desktop/catkin/catkin_ws/build/bot_gazebo': CMAKE_PREFIX_PATH=${CMAKE_PREFIX_PATH}:/home/agv/Desktop/catkin/catkin_ws/install/bot_navigation:/home/agv/Desktop/catkin/catkin_ws/install/bot_localization:/home/agv/Desktop/catkin/catkin_ws/install/bot_apriltag:/opt/ros/humble /usr/bin/cmake --install /home/agv/Desktop/catkin/catkin_ws/build/bot_gazebo
[0.975s] -- Install configuration: ""
[0.976s] -- Up-to-date: /home/agv/Desktop/catkin/catkin_ws/install/bot_gazebo/share/bot_gazebo/launch
[0.976s] -- Installing: /home/agv/Desktop/catkin/catkin_ws/install/bot_gazebo/share/bot_gazebo/launch/gazebo_sim.launch.py
[0.976s] -- Up-to-date: /home/agv/Desktop/catkin/catkin_ws/install/bot_gazebo/share/bot_gazebo/launch/__pycache__
[0.994s] -- Up-to-date: /home/agv/Desktop/catkin/catkin_ws/install/bot_gazebo/share/bot_gazebo/launch/__pycache__/display_robot.launch.cpython-310.pyc
[0.995s] -- Up-to-date: /home/agv/Desktop/catkin/catkin_ws/install/bot_gazebo/share/bot_gazebo/world
[0.995s] -- Up-to-date: /home/agv/Desktop/catkin/catkin_ws/install/bot_gazebo/share/bot_gazebo/world/experiment_rooms
[0.995s] -- Up-to-date: /home/agv/Desktop/catkin/catkin_ws/install/bot_gazebo/share/bot_gazebo/world/experiment_rooms/worlds
[0.995s] -- Up-to-date: /home/agv/Desktop/catkin/catkin_ws/install/bot_gazebo/share/bot_gazebo/world/experiment_rooms/worlds/room2
[0.995s] -- Up-to-date: /home/agv/Desktop/catkin/catkin_ws/install/bot_gazebo/share/bot_gazebo/world/experiment_rooms/worlds/room2/world_dynamic.model
[0.995s] -- Up-to-date: /home/agv/Desktop/catkin/catkin_ws/install/bot_gazebo/share/bot_gazebo/world/experiment_rooms/worlds/room2/world.model
[0.995s] -- Up-to-date: /home/agv/Desktop/catkin/catkin_ws/install/bot_gazebo/share/bot_gazebo/world/experiment_rooms/worlds/room2/map
[0.995s] -- Up-to-date: /home/agv/Desktop/catkin/catkin_ws/install/bot_gazebo/share/bot_gazebo/world/experiment_rooms/worlds/room2/map/room2.yaml
[0.995s] -- Up-to-date: /home/agv/Desktop/catkin/catkin_ws/install/bot_gazebo/share/bot_gazebo/world/experiment_rooms/worlds/room2/map/room2.png
[0.996s] -- Up-to-date: /home/agv/Desktop/catkin/catkin_ws/install/bot_gazebo/share/bot_gazebo/world/experiment_rooms/experiments_room.png
[0.996s] -- Up-to-date: /home/agv/Desktop/catkin/catkin_ws/install/bot_gazebo/share/bot_gazebo/world/experiment_rooms/models
[0.996s] -- Up-to-date: /home/agv/Desktop/catkin/catkin_ws/install/bot_gazebo/share/bot_gazebo/world/experiment_rooms/models/dynamic_obstacle
[0.996s] -- Up-to-date: /home/agv/Desktop/catkin/catkin_ws/install/bot_gazebo/share/bot_gazebo/world/experiment_rooms/models/dynamic_obstacle/model.sdf
[0.996s] -- Up-to-date: /home/agv/Desktop/catkin/catkin_ws/install/bot_gazebo/share/bot_gazebo/world/experiment_rooms/models/dynamic_obstacle/model.config
[0.996s] -- Up-to-date: /home/agv/Desktop/catkin/catkin_ws/install/bot_gazebo/share/bot_gazebo/world/experiment_rooms/models/exp_empty_rooms
[0.996s] -- Up-to-date: /home/agv/Desktop/catkin/catkin_ws/install/bot_gazebo/share/bot_gazebo/world/experiment_rooms/models/exp_empty_rooms/model.sdf
[0.996s] -- Up-to-date: /home/agv/Desktop/catkin/catkin_ws/install/bot_gazebo/share/bot_gazebo/world/experiment_rooms/models/exp_empty_rooms/model.config
[0.997s] -- Up-to-date: /home/agv/Desktop/catkin/catkin_ws/install/bot_gazebo/share/bot_gazebo/world/warehouse
[0.997s] -- Up-to-date: /home/agv/Desktop/catkin/catkin_ws/install/bot_gazebo/share/bot_gazebo/world/warehouse/no_roof_small_warehouse.world
[0.997s] -- Up-to-date: /home/agv/Desktop/catkin/catkin_ws/install/bot_gazebo/share/bot_gazebo/world/warehouse/warehouse2.world
[0.997s] -- Up-to-date: /home/agv/Desktop/catkin/catkin_ws/install/bot_gazebo/share/bot_gazebo/world/warehouse/warehouse1.world
[0.997s] -- Up-to-date: /home/agv/Desktop/catkin/catkin_ws/install/bot_gazebo/share/bot_gazebo/world/warehouse/warehouse0.world
[0.997s] -- Up-to-date: /home/agv/Desktop/catkin/catkin_ws/install/bot_gazebo/share/bot_gazebo/world/warehouse/models
[1.001s] -- Up-to-date: /home/agv/Desktop/catkin/catkin_ws/install/bot_gazebo/share/bot_gazebo/world/warehouse/models/aws_robomaker_warehouse_ClutteringC_01
[1.002s] -- Up-to-date: /home/agv/Desktop/catkin/catkin_ws/install/bot_gazebo/share/bot_gazebo/world/warehouse/models/aws_robomaker_warehouse_ClutteringC_01/model.sdf
[1.002s] -- Up-to-date: /home/agv/Desktop/catkin/catkin_ws/install/bot_gazebo/share/bot_gazebo/world/warehouse/models/aws_robomaker_warehouse_ClutteringC_01/meshes
[1.003s] -- Up-to-date: /home/agv/Desktop/catkin/catkin_ws/install/bot_gazebo/share/bot_gazebo/world/warehouse/models/aws_robomaker_warehouse_ClutteringC_01/meshes/aws_robomaker_warehouse_ClutteringC_01_visual.DAE
[1.003s] -- Up-to-date: /home/agv/Desktop/catkin/catkin_ws/install/bot_gazebo/share/bot_gazebo/world/warehouse/models/aws_robomaker_warehouse_ClutteringC_01/meshes/aws_robomaker_warehouse_ClutteringC_01_collision.DAE
[1.003s] -- Up-to-date: /home/agv/Desktop/catkin/catkin_ws/install/bot_gazebo/share/bot_gazebo/world/warehouse/models/aws_robomaker_warehouse_ClutteringC_01/materials
[1.003s] -- Up-to-date: /home/agv/Desktop/catkin/catkin_ws/install/bot_gazebo/share/bot_gazebo/world/warehouse/models/aws_robomaker_warehouse_ClutteringC_01/materials/textures
[1.003s] -- Up-to-date: /home/agv/Desktop/catkin/catkin_ws/install/bot_gazebo/share/bot_gazebo/world/warehouse/models/aws_robomaker_warehouse_ClutteringC_01/materials/textures/aws_robomaker_warehouse_ClutteringC_01.png
[1.004s] -- Up-to-date: /home/agv/Desktop/catkin/catkin_ws/install/bot_gazebo/share/bot_gazebo/world/warehouse/models/aws_robomaker_warehouse_ClutteringC_01/materials/textures/aws_robomaker_warehouse_ClutteringC_02.png
[1.004s] -- Up-to-date: /home/agv/Desktop/catkin/catkin_ws/install/bot_gazebo/share/bot_gazebo/world/warehouse/models/aws_robomaker_warehouse_ClutteringC_01/model.config
[1.004s] -- Up-to-date: /home/agv/Desktop/catkin/catkin_ws/install/bot_gazebo/share/bot_gazebo/world/warehouse/models/aws_robomaker_warehouse_ShelfE_01
[1.004s] -- Up-to-date: /home/agv/Desktop/catkin/catkin_ws/install/bot_gazebo/share/bot_gazebo/world/warehouse/models/aws_robomaker_warehouse_ShelfE_01/model.sdf
[1.004s] -- Up-to-date: /home/agv/Desktop/catkin/catkin_ws/install/bot_gazebo/share/bot_gazebo/world/warehouse/models/aws_robomaker_warehouse_ShelfE_01/.DS_Store
[1.005s] -- Up-to-date: /home/agv/Desktop/catkin/catkin_ws/install/bot_gazebo/share/bot_gazebo/world/warehouse/models/aws_robomaker_warehouse_ShelfE_01/meshes
[1.005s] -- Up-to-date: /home/agv/Desktop/catkin/catkin_ws/install/bot_gazebo/share/bot_gazebo/world/warehouse/models/aws_robomaker_warehouse_ShelfE_01/meshes/aws_robomaker_warehouse_ShelfE_01_collision.DAE
[1.006s] -- Up-to-date: /home/agv/Desktop/catkin/catkin_ws/install/bot_gazebo/share/bot_gazebo/world/warehouse/models/aws_robomaker_warehouse_ShelfE_01/meshes/aws_robomaker_warehouse_ShelfE_01_visual.DAE
[1.006s] -- Up-to-date: /home/agv/Desktop/catkin/catkin_ws/install/bot_gazebo/share/bot_gazebo/world/warehouse/models/aws_robomaker_warehouse_ShelfE_01/materials
[1.006s] -- Up-to-date: /home/agv/Desktop/catkin/catkin_ws/install/bot_gazebo/share/bot_gazebo/world/warehouse/models/aws_robomaker_warehouse_ShelfE_01/materials/textures
[1.006s] -- Up-to-date: /home/agv/Desktop/catkin/catkin_ws/install/bot_gazebo/share/bot_gazebo/world/warehouse/models/aws_robomaker_warehouse_ShelfE_01/materials/textures/aws_robomaker_warehouse_ShelfE_02.png
[1.007s] -- Up-to-date: /home/agv/Desktop/catkin/catkin_ws/install/bot_gazebo/share/bot_gazebo/world/warehouse/models/aws_robomaker_warehouse_ShelfE_01/materials/textures/aws_robomaker_warehouse_ShelfE_01.png
[1.007s] -- Up-to-date: /home/agv/Desktop/catkin/catkin_ws/install/bot_gazebo/share/bot_gazebo/world/warehouse/models/aws_robomaker_warehouse_ShelfE_01/materials/textures/aws_robomaker_warehouse_ShelfE_03.png
[1.007s] -- Up-to-date: /home/agv/Desktop/catkin/catkin_ws/install/bot_gazebo/share/bot_gazebo/world/warehouse/models/aws_robomaker_warehouse_ShelfE_01/materials/textures/aws_robomaker_warehouse_ShelfE_04.png
[1.007s] -- Up-to-date: /home/agv/Desktop/catkin/catkin_ws/install/bot_gazebo/share/bot_gazebo/world/warehouse/models/aws_robomaker_warehouse_ShelfE_01/materials/.DS_Store
[1.007s] -- Up-to-date: /home/agv/Desktop/catkin/catkin_ws/install/bot_gazebo/share/bot_gazebo/world/warehouse/models/aws_robomaker_warehouse_ShelfE_01/model.config
[1.007s] -- Up-to-date: /home/agv/Desktop/catkin/catkin_ws/install/bot_gazebo/share/bot_gazebo/world/warehouse/models/apriltag_0
[1.007s] -- Up-to-date: /home/agv/Desktop/catkin/catkin_ws/install/bot_gazebo/share/bot_gazebo/world/warehouse/models/apriltag_0/apriltag_0.sdf
[1.007s] -- Up-to-date: /home/agv/Desktop/catkin/catkin_ws/install/bot_gazebo/share/bot_gazebo/world/warehouse/models/apriltag_0/meshes
[1.008s] -- Up-to-date: /home/agv/Desktop/catkin/catkin_ws/install/bot_gazebo/share/bot_gazebo/world/warehouse/models/apriltag_0/meshes/apriltag_0.dae
[1.008s] -- Up-to-date: /home/agv/Desktop/catkin/catkin_ws/install/bot_gazebo/share/bot_gazebo/world/warehouse/models/apriltag_0/model.config
[1.008s] -- Up-to-date: /home/agv/Desktop/catkin/catkin_ws/install/bot_gazebo/share/bot_gazebo/world/warehouse/models/aws_robomaker_warehouse_WallB_01
[1.009s] -- Up-to-date: /home/agv/Desktop/catkin/catkin_ws/install/bot_gazebo/share/bot_gazebo/world/warehouse/models/aws_robomaker_warehouse_WallB_01/model.sdf
[1.009s] -- Up-to-date: /home/agv/Desktop/catkin/catkin_ws/install/bot_gazebo/share/bot_gazebo/world/warehouse/models/aws_robomaker_warehouse_WallB_01/meshes
[1.010s] -- Up-to-date: /home/agv/Desktop/catkin/catkin_ws/install/bot_gazebo/share/bot_gazebo/world/warehouse/models/aws_robomaker_warehouse_WallB_01/meshes/aws_robomaker_warehouse_WallB_01_collision.DAE
[1.010s] -- Up-to-date: /home/agv/Desktop/catkin/catkin_ws/install/bot_gazebo/share/bot_gazebo/world/warehouse/models/aws_robomaker_warehouse_WallB_01/meshes/aws_robomaker_warehouse_WallB_01_visual.DAE
[1.010s] -- Up-to-date: /home/agv/Desktop/catkin/catkin_ws/install/bot_gazebo/share/bot_gazebo/world/warehouse/models/aws_robomaker_warehouse_WallB_01/materials
[1.010s] -- Up-to-date: /home/agv/Desktop/catkin/catkin_ws/install/bot_gazebo/share/bot_gazebo/world/warehouse/models/aws_robomaker_warehouse_WallB_01/materials/textures
[1.010s] -- Up-to-date: /home/agv/Desktop/catkin/catkin_ws/install/bot_gazebo/share/bot_gazebo/world/warehouse/models/aws_robomaker_warehouse_WallB_01/materials/textures/aws_robomaker_warehouse_WallB_01.png
[1.010s] -- Up-to-date: /home/agv/Desktop/catkin/catkin_ws/install/bot_gazebo/share/bot_gazebo/world/warehouse/models/aws_robomaker_warehouse_WallB_01/model.config
[1.013s] -- Up-to-date: /home/agv/Desktop/catkin/catkin_ws/install/bot_gazebo/share/bot_gazebo/world/warehouse/models/aws_robomaker_warehouse_ShelfF_01
[1.014s] -- Up-to-date: /home/agv/Desktop/catkin/catkin_ws/install/bot_gazebo/share/bot_gazebo/world/warehouse/models/aws_robomaker_warehouse_ShelfF_01/model.sdf
[1.014s] -- Up-to-date: /home/agv/Desktop/catkin/catkin_ws/install/bot_gazebo/share/bot_gazebo/world/warehouse/models/aws_robomaker_warehouse_ShelfF_01/meshes
[1.016s] -- Up-to-date: /home/agv/Desktop/catkin/catkin_ws/install/bot_gazebo/share/bot_gazebo/world/warehouse/models/aws_robomaker_warehouse_ShelfF_01/meshes/aws_robomaker_warehouse_ShelfF_01_collision.DAE
[1.016s] -- Up-to-date: /home/agv/Desktop/catkin/catkin_ws/install/bot_gazebo/share/bot_gazebo/world/warehouse/models/aws_robomaker_warehouse_ShelfF_01/meshes/aws_robomaker_warehouse_ShelfF_01_visual.DAE
[1.017s] -- Up-to-date: /home/agv/Desktop/catkin/catkin_ws/install/bot_gazebo/share/bot_gazebo/world/warehouse/models/aws_robomaker_warehouse_ShelfF_01/materials
[1.017s] -- Up-to-date: /home/agv/Desktop/catkin/catkin_ws/install/bot_gazebo/share/bot_gazebo/world/warehouse/models/aws_robomaker_warehouse_ShelfF_01/materials/textures
[1.019s] -- Up-to-date: /home/agv/Desktop/catkin/catkin_ws/install/bot_gazebo/share/bot_gazebo/world/warehouse/models/aws_robomaker_warehouse_ShelfF_01/materials/textures/aws_robomaker_warehouse_ShelfF_03.png
[1.020s] -- Up-to-date: /home/agv/Desktop/catkin/catkin_ws/install/bot_gazebo/share/bot_gazebo/world/warehouse/models/aws_robomaker_warehouse_ShelfF_01/materials/textures/aws_robomaker_warehouse_ShelfF_01.png
[1.020s] -- Up-to-date: /home/agv/Desktop/catkin/catkin_ws/install/bot_gazebo/share/bot_gazebo/world/warehouse/models/aws_robomaker_warehouse_ShelfF_01/materials/textures/aws_robomaker_warehouse_ShelfF_02.png
[1.020s] -- Up-to-date: /home/agv/Desktop/catkin/catkin_ws/install/bot_gazebo/share/bot_gazebo/world/warehouse/models/aws_robomaker_warehouse_ShelfF_01/model.config
[1.020s] -- Up-to-date: /home/agv/Desktop/catkin/catkin_ws/install/bot_gazebo/share/bot_gazebo/world/warehouse/models/aws_robomaker_warehouse_PalletJackB_01
[1.020s] -- Up-to-date: /home/agv/Desktop/catkin/catkin_ws/install/bot_gazebo/share/bot_gazebo/world/warehouse/models/aws_robomaker_warehouse_PalletJackB_01/model.sdf
[1.020s] -- Up-to-date: /home/agv/Desktop/catkin/catkin_ws/install/bot_gazebo/share/bot_gazebo/world/warehouse/models/aws_robomaker_warehouse_PalletJackB_01/.DS_Store
[1.020s] -- Up-to-date: /home/agv/Desktop/catkin/catkin_ws/install/bot_gazebo/share/bot_gazebo/world/warehouse/models/aws_robomaker_warehouse_PalletJackB_01/meshes
[1.021s] -- Up-to-date: /home/agv/Desktop/catkin/catkin_ws/install/bot_gazebo/share/bot_gazebo/world/warehouse/models/aws_robomaker_warehouse_PalletJackB_01/meshes/aws_robomaker_warehouse_PalletJackB_01_collision.DAE
[1.022s] -- Up-to-date: /home/agv/Desktop/catkin/catkin_ws/install/bot_gazebo/share/bot_gazebo/world/warehouse/models/aws_robomaker_warehouse_PalletJackB_01/meshes/aws_robomaker_warehouse_PalletJackB_01_visual.DAE
[1.022s] -- Up-to-date: /home/agv/Desktop/catkin/catkin_ws/install/bot_gazebo/share/bot_gazebo/world/warehouse/models/aws_robomaker_warehouse_PalletJackB_01/materials
[1.022s] -- Up-to-date: /home/agv/Desktop/catkin/catkin_ws/install/bot_gazebo/share/bot_gazebo/world/warehouse/models/aws_robomaker_warehouse_PalletJackB_01/materials/textures
[1.022s] -- Up-to-date: /home/agv/Desktop/catkin/catkin_ws/install/bot_gazebo/share/bot_gazebo/world/warehouse/models/aws_robomaker_warehouse_PalletJackB_01/materials/textures/aws_robomaker_warehouse_PalletJackB_01.png
[1.023s] -- Up-to-date: /home/agv/Desktop/catkin/catkin_ws/install/bot_gazebo/share/bot_gazebo/world/warehouse/models/aws_robomaker_warehouse_PalletJackB_01/materials/textures/aws_robomaker_warehouse_PalletJackB_02.png
[1.023s] -- Up-to-date: /home/agv/Desktop/catkin/catkin_ws/install/bot_gazebo/share/bot_gazebo/world/warehouse/models/aws_robomaker_warehouse_PalletJackB_01/materials/.DS_Store
[1.023s] -- Up-to-date: /home/agv/Desktop/catkin/catkin_ws/install/bot_gazebo/share/bot_gazebo/world/warehouse/models/aws_robomaker_warehouse_PalletJackB_01/model.config
[1.023s] -- Up-to-date: /home/agv/Desktop/catkin/catkin_ws/install/bot_gazebo/share/bot_gazebo/world/warehouse/models/aws_robomaker_warehouse_Lamp_01
[1.023s] -- Up-to-date: /home/agv/Desktop/catkin/catkin_ws/install/bot_gazebo/share/bot_gazebo/world/warehouse/models/aws_robomaker_warehouse_Lamp_01/model.sdf
[1.023s] -- Up-to-date: /home/agv/Desktop/catkin/catkin_ws/install/bot_gazebo/share/bot_gazebo/world/warehouse/models/aws_robomaker_warehouse_Lamp_01/meshes
[1.024s] -- Up-to-date: /home/agv/Desktop/catkin/catkin_ws/install/bot_gazebo/share/bot_gazebo/world/warehouse/models/aws_robomaker_warehouse_Lamp_01/meshes/aws_robomaker_warehouse_Lamp_01_visual.DAE
[1.024s] -- Up-to-date: /home/agv/Desktop/catkin/catkin_ws/install/bot_gazebo/share/bot_gazebo/world/warehouse/models/aws_robomaker_warehouse_Lamp_01/meshes/aws_robomaker_warehouse_Lamp_01_collision.DAE
[1.024s] -- Up-to-date: /home/agv/Desktop/catkin/catkin_ws/install/bot_gazebo/share/bot_gazebo/world/warehouse/models/aws_robomaker_warehouse_Lamp_01/materials
[1.026s] -- Up-to-date: /home/agv/Desktop/catkin/catkin_ws/install/bot_gazebo/share/bot_gazebo/world/warehouse/models/aws_robomaker_warehouse_Lamp_01/materials/textures
[1.026s] -- Up-to-date: /home/agv/Desktop/catkin/catkin_ws/install/bot_gazebo/share/bot_gazebo/world/warehouse/models/aws_robomaker_warehouse_Lamp_01/materials/textures/aws_robomaker_warehouse_Lamp_01.png
[1.027s] -- Up-to-date: /home/agv/Desktop/catkin/catkin_ws/install/bot_gazebo/share/bot_gazebo/world/warehouse/models/aws_robomaker_warehouse_Lamp_01/model.config
[1.027s] -- Up-to-date: /home/agv/Desktop/catkin/catkin_ws/install/bot_gazebo/share/bot_gazebo/world/warehouse/models/.DS_Store
[1.027s] -- Up-to-date: /home/agv/Desktop/catkin/catkin_ws/install/bot_gazebo/share/bot_gazebo/world/warehouse/models/aws_robomaker_warehouse_GroundB_01
[1.027s] -- Up-to-date: /home/agv/Desktop/catkin/catkin_ws/install/bot_gazebo/share/bot_gazebo/world/warehouse/models/aws_robomaker_warehouse_GroundB_01/model.sdf
[1.029s] -- Up-to-date: /home/agv/Desktop/catkin/catkin_ws/install/bot_gazebo/share/bot_gazebo/world/warehouse/models/aws_robomaker_warehouse_GroundB_01/meshes
[1.029s] -- Up-to-date: /home/agv/Desktop/catkin/catkin_ws/install/bot_gazebo/share/bot_gazebo/world/warehouse/models/aws_robomaker_warehouse_GroundB_01/meshes/aws_robomaker_warehouse_GroundB_01_visual.DAE
[1.030s] -- Up-to-date: /home/agv/Desktop/catkin/catkin_ws/install/bot_gazebo/share/bot_gazebo/world/warehouse/models/aws_robomaker_warehouse_GroundB_01/meshes/aws_robomaker_warehouse_GroundB_01_collision.DAE
[1.030s] -- Up-to-date: /home/agv/Desktop/catkin/catkin_ws/install/bot_gazebo/share/bot_gazebo/world/warehouse/models/aws_robomaker_warehouse_GroundB_01/materials
[1.031s] -- Up-to-date: /home/agv/Desktop/catkin/catkin_ws/install/bot_gazebo/share/bot_gazebo/world/warehouse/models/aws_robomaker_warehouse_GroundB_01/materials/textures
[1.031s] -- Up-to-date: /home/agv/Desktop/catkin/catkin_ws/install/bot_gazebo/share/bot_gazebo/world/warehouse/models/aws_robomaker_warehouse_GroundB_01/materials/textures/aws_robomaker_warehouse_GroundB_01.png
[1.032s] -- Up-to-date: /home/agv/Desktop/catkin/catkin_ws/install/bot_gazebo/share/bot_gazebo/world/warehouse/models/aws_robomaker_warehouse_GroundB_01/materials/textures/aws_robomaker_warehouse_GroundB_02.png
[1.032s] -- Up-to-date: /home/agv/Desktop/catkin/catkin_ws/install/bot_gazebo/share/bot_gazebo/world/warehouse/models/aws_robomaker_warehouse_GroundB_01/model.config
[1.032s] -- Up-to-date: /home/agv/Desktop/catkin/catkin_ws/install/bot_gazebo/share/bot_gazebo/world/warehouse/models/aws_robomaker_warehouse_Bucket_01
[1.032s] -- Up-to-date: /home/agv/Desktop/catkin/catkin_ws/install/bot_gazebo/share/bot_gazebo/world/warehouse/models/aws_robomaker_warehouse_Bucket_01/model.sdf
[1.032s] -- Up-to-date: /home/agv/Desktop/catkin/catkin_ws/install/bot_gazebo/share/bot_gazebo/world/warehouse/models/aws_robomaker_warehouse_Bucket_01/.DS_Store
[1.033s] -- Up-to-date: /home/agv/Desktop/catkin/catkin_ws/install/bot_gazebo/share/bot_gazebo/world/warehouse/models/aws_robomaker_warehouse_Bucket_01/meshes
[1.033s] -- Up-to-date: /home/agv/Desktop/catkin/catkin_ws/install/bot_gazebo/share/bot_gazebo/world/warehouse/models/aws_robomaker_warehouse_Bucket_01/meshes/aws_robomaker_warehouse_Bucket_01_visual.DAE
[1.036s] -- Up-to-date: /home/agv/Desktop/catkin/catkin_ws/install/bot_gazebo/share/bot_gazebo/world/warehouse/models/aws_robomaker_warehouse_Bucket_01/meshes/aws_robomaker_warehouse_Bucket_01_collision.DAE
[1.036s] -- Up-to-date: /home/agv/Desktop/catkin/catkin_ws/install/bot_gazebo/share/bot_gazebo/world/warehouse/models/aws_robomaker_warehouse_Bucket_01/materials
[1.036s] -- Up-to-date: /home/agv/Desktop/catkin/catkin_ws/install/bot_gazebo/share/bot_gazebo/world/warehouse/models/aws_robomaker_warehouse_Bucket_01/materials/textures
[1.036s] -- Up-to-date: /home/agv/Desktop/catkin/catkin_ws/install/bot_gazebo/share/bot_gazebo/world/warehouse/models/aws_robomaker_warehouse_Bucket_01/materials/textures/aws_robomaker_warehouse_Bucket_01.png
[1.037s] -- Up-to-date: /home/agv/Desktop/catkin/catkin_ws/install/bot_gazebo/share/bot_gazebo/world/warehouse/models/aws_robomaker_warehouse_Bucket_01/materials/.DS_Store
[1.037s] -- Up-to-date: /home/agv/Desktop/catkin/catkin_ws/install/bot_gazebo/share/bot_gazebo/world/warehouse/models/aws_robomaker_warehouse_Bucket_01/model.config
[1.037s] -- Up-to-date: /home/agv/Desktop/catkin/catkin_ws/install/bot_gazebo/share/bot_gazebo/world/warehouse/models/aws_robomaker_warehouse_ShelfD_01
[1.038s] -- Up-to-date: /home/agv/Desktop/catkin/catkin_ws/install/bot_gazebo/share/bot_gazebo/world/warehouse/models/aws_robomaker_warehouse_ShelfD_01/model.sdf
[1.038s] -- Up-to-date: /home/agv/Desktop/catkin/catkin_ws/install/bot_gazebo/share/bot_gazebo/world/warehouse/models/aws_robomaker_warehouse_ShelfD_01/meshes
[1.038s] -- Up-to-date: /home/agv/Desktop/catkin/catkin_ws/install/bot_gazebo/share/bot_gazebo/world/warehouse/models/aws_robomaker_warehouse_ShelfD_01/meshes/aws_robomaker_warehouse_ShelfD_01_collision.DAE
[1.038s] -- Up-to-date: /home/agv/Desktop/catkin/catkin_ws/install/bot_gazebo/share/bot_gazebo/world/warehouse/models/aws_robomaker_warehouse_ShelfD_01/meshes/aws_robomaker_warehouse_ShelfD_01_visual.DAE
[1.038s] -- Up-to-date: /home/agv/Desktop/catkin/catkin_ws/install/bot_gazebo/share/bot_gazebo/world/warehouse/models/aws_robomaker_warehouse_ShelfD_01/materials
[1.038s] -- Up-to-date: /home/agv/Desktop/catkin/catkin_ws/install/bot_gazebo/share/bot_gazebo/world/warehouse/models/aws_robomaker_warehouse_ShelfD_01/materials/textures
[1.039s] -- Up-to-date: /home/agv/Desktop/catkin/catkin_ws/install/bot_gazebo/share/bot_gazebo/world/warehouse/models/aws_robomaker_warehouse_ShelfD_01/materials/textures/aws_robomaker_warehouse_ShelfD_01.png
[1.039s] -- Up-to-date: /home/agv/Desktop/catkin/catkin_ws/install/bot_gazebo/share/bot_gazebo/world/warehouse/models/aws_robomaker_warehouse_ShelfD_01/materials/textures/aws_robomaker_warehouse_ShelfD_02.png
[1.039s] -- Up-to-date: /home/agv/Desktop/catkin/catkin_ws/install/bot_gazebo/share/bot_gazebo/world/warehouse/models/aws_robomaker_warehouse_ShelfD_01/materials/textures/aws_robomaker_warehouse_ShelfD_04.png
[1.039s] -- Up-to-date: /home/agv/Desktop/catkin/catkin_ws/install/bot_gazebo/share/bot_gazebo/world/warehouse/models/aws_robomaker_warehouse_ShelfD_01/materials/textures/aws_robomaker_warehouse_ShelfD_03.png
[1.039s] -- Up-to-date: /home/agv/Desktop/catkin/catkin_ws/install/bot_gazebo/share/bot_gazebo/world/warehouse/models/aws_robomaker_warehouse_ShelfD_01/model.config
[1.039s] -- Up-to-date: /home/agv/Desktop/catkin/catkin_ws/install/bot_gazebo/share/bot_gazebo/world/warehouse/models/aws_robomaker_warehouse_ClutteringA_01
[1.039s] -- Up-to-date: /home/agv/Desktop/catkin/catkin_ws/install/bot_gazebo/share/bot_gazebo/world/warehouse/models/aws_robomaker_warehouse_ClutteringA_01/model.sdf
[1.039s] -- Up-to-date: /home/agv/Desktop/catkin/catkin_ws/install/bot_gazebo/share/bot_gazebo/world/warehouse/models/aws_robomaker_warehouse_ClutteringA_01/.DS_Store
[1.039s] -- Up-to-date: /home/agv/Desktop/catkin/catkin_ws/install/bot_gazebo/share/bot_gazebo/world/warehouse/models/aws_robomaker_warehouse_ClutteringA_01/meshes
[1.039s] -- Up-to-date: /home/agv/Desktop/catkin/catkin_ws/install/bot_gazebo/share/bot_gazebo/world/warehouse/models/aws_robomaker_warehouse_ClutteringA_01/meshes/aws_robomaker_warehouse_ClutteringA_01_visual.DAE
[1.039s] -- Up-to-date: /home/agv/Desktop/catkin/catkin_ws/install/bot_gazebo/share/bot_gazebo/world/warehouse/models/aws_robomaker_warehouse_ClutteringA_01/meshes/aws_robomaker_warehouse_ClutteringA_01_collision.DAE
[1.040s] -- Up-to-date: /home/agv/Desktop/catkin/catkin_ws/install/bot_gazebo/share/bot_gazebo/world/warehouse/models/aws_robomaker_warehouse_ClutteringA_01/materials
[1.040s] -- Up-to-date: /home/agv/Desktop/catkin/catkin_ws/install/bot_gazebo/share/bot_gazebo/world/warehouse/models/aws_robomaker_warehouse_ClutteringA_01/materials/textures
[1.040s] -- Up-to-date: /home/agv/Desktop/catkin/catkin_ws/install/bot_gazebo/share/bot_gazebo/world/warehouse/models/aws_robomaker_warehouse_ClutteringA_01/materials/textures/.DS_Store
[1.040s] -- Up-to-date: /home/agv/Desktop/catkin/catkin_ws/install/bot_gazebo/share/bot_gazebo/world/warehouse/models/aws_robomaker_warehouse_ClutteringA_01/materials/textures/aws_robomaker_warehouse_ClutteringA_02.png
[1.040s] -- Up-to-date: /home/agv/Desktop/catkin/catkin_ws/install/bot_gazebo/share/bot_gazebo/world/warehouse/models/aws_robomaker_warehouse_ClutteringA_01/materials/textures/aws_robomaker_warehouse_ClutteringA_03.png
[1.040s] -- Up-to-date: /home/agv/Desktop/catkin/catkin_ws/install/bot_gazebo/share/bot_gazebo/world/warehouse/models/aws_robomaker_warehouse_ClutteringA_01/materials/textures/aws_robomaker_warehouse_ClutteringA_01.png
[1.040s] -- Up-to-date: /home/agv/Desktop/catkin/catkin_ws/install/bot_gazebo/share/bot_gazebo/world/warehouse/models/aws_robomaker_warehouse_ClutteringA_01/materials/.DS_Store
[1.041s] -- Up-to-date: /home/agv/Desktop/catkin/catkin_ws/install/bot_gazebo/share/bot_gazebo/world/warehouse/models/aws_robomaker_warehouse_ClutteringA_01/model.config
[1.041s] -- Up-to-date: /home/agv/Desktop/catkin/catkin_ws/install/bot_gazebo/share/bot_gazebo/world/warehouse/models/aws_robomaker_warehouse_ClutteringD_01
[1.041s] -- Up-to-date: /home/agv/Desktop/catkin/catkin_ws/install/bot_gazebo/share/bot_gazebo/world/warehouse/models/aws_robomaker_warehouse_ClutteringD_01/model.sdf
[1.041s] -- Up-to-date: /home/agv/Desktop/catkin/catkin_ws/install/bot_gazebo/share/bot_gazebo/world/warehouse/models/aws_robomaker_warehouse_ClutteringD_01/meshes
[1.041s] -- Up-to-date: /home/agv/Desktop/catkin/catkin_ws/install/bot_gazebo/share/bot_gazebo/world/warehouse/models/aws_robomaker_warehouse_ClutteringD_01/meshes/aws_robomaker_warehouse_ClutteringD_01_collision.DAE
[1.041s] -- Up-to-date: /home/agv/Desktop/catkin/catkin_ws/install/bot_gazebo/share/bot_gazebo/world/warehouse/models/aws_robomaker_warehouse_ClutteringD_01/meshes/aws_robomaker_warehouse_ClutteringD_01_visual.DAE
[1.041s] -- Up-to-date: /home/agv/Desktop/catkin/catkin_ws/install/bot_gazebo/share/bot_gazebo/world/warehouse/models/aws_robomaker_warehouse_ClutteringD_01/materials
[1.041s] -- Up-to-date: /home/agv/Desktop/catkin/catkin_ws/install/bot_gazebo/share/bot_gazebo/world/warehouse/models/aws_robomaker_warehouse_ClutteringD_01/materials/textures
[1.041s] -- Up-to-date: /home/agv/Desktop/catkin/catkin_ws/install/bot_gazebo/share/bot_gazebo/world/warehouse/models/aws_robomaker_warehouse_ClutteringD_01/materials/textures/aws_robomaker_warehouse_ClutteringD_02.png
[1.041s] -- Up-to-date: /home/agv/Desktop/catkin/catkin_ws/install/bot_gazebo/share/bot_gazebo/world/warehouse/models/aws_robomaker_warehouse_ClutteringD_01/materials/textures/aws_robomaker_warehouse_ClutteringD_01.png
[1.042s] -- Up-to-date: /home/agv/Desktop/catkin/catkin_ws/install/bot_gazebo/share/bot_gazebo/world/warehouse/models/aws_robomaker_warehouse_ClutteringD_01/model.config
[1.042s] -- Up-to-date: /home/agv/Desktop/catkin/catkin_ws/install/bot_gazebo/share/bot_gazebo/world/warehouse/models/aws_robomaker_warehouse_TrashCanC_01
[1.042s] -- Up-to-date: /home/agv/Desktop/catkin/catkin_ws/install/bot_gazebo/share/bot_gazebo/world/warehouse/models/aws_robomaker_warehouse_TrashCanC_01/model.sdf
[1.042s] -- Up-to-date: /home/agv/Desktop/catkin/catkin_ws/install/bot_gazebo/share/bot_gazebo/world/warehouse/models/aws_robomaker_warehouse_TrashCanC_01/meshes
[1.042s] -- Up-to-date: /home/agv/Desktop/catkin/catkin_ws/install/bot_gazebo/share/bot_gazebo/world/warehouse/models/aws_robomaker_warehouse_TrashCanC_01/meshes/aws_robomaker_warehouse_TrashCanC_01_collision.DAE
[1.042s] -- Up-to-date: /home/agv/Desktop/catkin/catkin_ws/install/bot_gazebo/share/bot_gazebo/world/warehouse/models/aws_robomaker_warehouse_TrashCanC_01/meshes/aws_robomaker_warehouse_TrashCanC_01_visual.DAE
[1.043s] -- Up-to-date: /home/agv/Desktop/catkin/catkin_ws/install/bot_gazebo/share/bot_gazebo/world/warehouse/models/aws_robomaker_warehouse_TrashCanC_01/materials
[1.043s] -- Up-to-date: /home/agv/Desktop/catkin/catkin_ws/install/bot_gazebo/share/bot_gazebo/world/warehouse/models/aws_robomaker_warehouse_TrashCanC_01/materials/textures
[1.043s] -- Up-to-date: /home/agv/Desktop/catkin/catkin_ws/install/bot_gazebo/share/bot_gazebo/world/warehouse/models/aws_robomaker_warehouse_TrashCanC_01/materials/textures/aws_robomaker_warehouse_TrashCanC_01.png
[1.043s] -- Up-to-date: /home/agv/Desktop/catkin/catkin_ws/install/bot_gazebo/share/bot_gazebo/world/warehouse/models/aws_robomaker_warehouse_TrashCanC_01/model.config
[1.043s] -- Up-to-date: /home/agv/Desktop/catkin/catkin_ws/install/bot_gazebo/share/bot_gazebo/world/warehouse/models/aws_robomaker_warehouse_DeskC_01
[1.044s] -- Up-to-date: /home/agv/Desktop/catkin/catkin_ws/install/bot_gazebo/share/bot_gazebo/world/warehouse/models/aws_robomaker_warehouse_DeskC_01/model.sdf
[1.044s] -- Up-to-date: /home/agv/Desktop/catkin/catkin_ws/install/bot_gazebo/share/bot_gazebo/world/warehouse/models/aws_robomaker_warehouse_DeskC_01/meshes
[1.045s] -- Up-to-date: /home/agv/Desktop/catkin/catkin_ws/install/bot_gazebo/share/bot_gazebo/world/warehouse/models/aws_robomaker_warehouse_DeskC_01/meshes/aws_robomaker_warehouse_DeskC_01_visual.DAE
[1.045s] -- Up-to-date: /home/agv/Desktop/catkin/catkin_ws/install/bot_gazebo/share/bot_gazebo/world/warehouse/models/aws_robomaker_warehouse_DeskC_01/meshes/aws_robomaker_warehouse_DeskC_01_collision.DAE
[1.045s] -- Up-to-date: /home/agv/Desktop/catkin/catkin_ws/install/bot_gazebo/share/bot_gazebo/world/warehouse/models/aws_robomaker_warehouse_DeskC_01/materials
[1.046s] -- Up-to-date: /home/agv/Desktop/catkin/catkin_ws/install/bot_gazebo/share/bot_gazebo/world/warehouse/models/aws_robomaker_warehouse_DeskC_01/materials/textures
[1.046s] -- Up-to-date: /home/agv/Desktop/catkin/catkin_ws/install/bot_gazebo/share/bot_gazebo/world/warehouse/models/aws_robomaker_warehouse_DeskC_01/materials/textures/aws_robomaker_warehouse_DeskC_03.png
[1.046s] -- Up-to-date: /home/agv/Desktop/catkin/catkin_ws/install/bot_gazebo/share/bot_gazebo/world/warehouse/models/aws_robomaker_warehouse_DeskC_01/materials/textures/aws_robomaker_warehouse_DeskC_03.psd
[1.046s] -- Up-to-date: /home/agv/Desktop/catkin/catkin_ws/install/bot_gazebo/share/bot_gazebo/world/warehouse/models/aws_robomaker_warehouse_DeskC_01/materials/textures/aws_robomaker_warehouse_DeskC_02.png
[1.047s] -- Up-to-date: /home/agv/Desktop/catkin/catkin_ws/install/bot_gazebo/share/bot_gazebo/world/warehouse/models/aws_robomaker_warehouse_DeskC_01/materials/textures/aws_robomaker_warehouse_DeskC_04.png
[1.047s] -- Up-to-date: /home/agv/Desktop/catkin/catkin_ws/install/bot_gazebo/share/bot_gazebo/world/warehouse/models/aws_robomaker_warehouse_DeskC_01/materials/textures/aws_robomaker_warehouse_DeskC_01.png
[1.047s] -- Up-to-date: /home/agv/Desktop/catkin/catkin_ws/install/bot_gazebo/share/bot_gazebo/world/warehouse/models/aws_robomaker_warehouse_DeskC_01/materials/.DS_Store
[1.048s] -- Up-to-date: /home/agv/Desktop/catkin/catkin_ws/install/bot_gazebo/share/bot_gazebo/world/warehouse/models/aws_robomaker_warehouse_DeskC_01/model.config
[1.048s] -- Up-to-date: /home/agv/Desktop/catkin/catkin_ws/install/bot_gazebo/share/bot_gazebo/world/warehouse/models/apriltag_1
[1.048s] -- Up-to-date: /home/agv/Desktop/catkin/catkin_ws/install/bot_gazebo/share/bot_gazebo/world/warehouse/models/apriltag_1/meshes
[1.049s] -- Up-to-date: /home/agv/Desktop/catkin/catkin_ws/install/bot_gazebo/share/bot_gazebo/world/warehouse/models/apriltag_1/meshes/apriltag_1.dae
[1.049s] -- Up-to-date: /home/agv/Desktop/catkin/catkin_ws/install/bot_gazebo/share/bot_gazebo/world/warehouse/models/apriltag_1/model.config
[1.049s] -- Up-to-date: /home/agv/Desktop/catkin/catkin_ws/install/bot_gazebo/share/bot_gazebo/world/warehouse/models/apriltag_1/apriltag_1.sdf
[1.049s] -- Up-to-date: /home/agv/Desktop/catkin/catkin_ws/install/bot_gazebo/share/bot_gazebo/world/warehouse/models/aws_robomaker_warehouse_RoofB_01
[1.050s] -- Up-to-date: /home/agv/Desktop/catkin/catkin_ws/install/bot_gazebo/share/bot_gazebo/world/warehouse/models/aws_robomaker_warehouse_RoofB_01/model.sdf
[1.050s] -- Up-to-date: /home/agv/Desktop/catkin/catkin_ws/install/bot_gazebo/share/bot_gazebo/world/warehouse/models/aws_robomaker_warehouse_RoofB_01/meshes
[1.050s] -- Up-to-date: /home/agv/Desktop/catkin/catkin_ws/install/bot_gazebo/share/bot_gazebo/world/warehouse/models/aws_robomaker_warehouse_RoofB_01/meshes/aws_robomaker_warehouse_RoofB_01_collision.DAE
[1.050s] -- Up-to-date: /home/agv/Desktop/catkin/catkin_ws/install/bot_gazebo/share/bot_gazebo/world/warehouse/models/aws_robomaker_warehouse_RoofB_01/meshes/aws_robomaker_warehouse_RoofB_01_visual.DAE
[1.051s] -- Up-to-date: /home/agv/Desktop/catkin/catkin_ws/install/bot_gazebo/share/bot_gazebo/world/warehouse/models/aws_robomaker_warehouse_RoofB_01/materials
[1.052s] -- Up-to-date: /home/agv/Desktop/catkin/catkin_ws/install/bot_gazebo/share/bot_gazebo/world/warehouse/models/aws_robomaker_warehouse_RoofB_01/materials/textures
[1.053s] -- Up-to-date: /home/agv/Desktop/catkin/catkin_ws/install/bot_gazebo/share/bot_gazebo/world/warehouse/models/aws_robomaker_warehouse_RoofB_01/materials/textures/aws_robomaker_warehouse_RoofB_01.png
[1.053s] -- Up-to-date: /home/agv/Desktop/catkin/catkin_ws/install/bot_gazebo/share/bot_gazebo/world/warehouse/models/aws_robomaker_warehouse_RoofB_01/model.config
[1.053s] -- Up-to-date: /home/agv/Desktop/catkin/catkin_ws/install/bot_gazebo/share/bot_gazebo/world/test_april
[1.053s] -- Up-to-date: /home/agv/Desktop/catkin/catkin_ws/install/bot_gazebo/share/bot_gazebo/world/test_april/test2.world
[1.054s] -- Up-to-date: /home/agv/Desktop/catkin/catkin_ws/install/bot_gazebo/share/bot_gazebo/world/test_april/test.world
[1.054s] -- Up-to-date: /home/agv/Desktop/catkin/catkin_ws/install/bot_gazebo/share/bot_gazebo/world/test_april/models
[1.054s] -- Up-to-date: /home/agv/Desktop/catkin/catkin_ws/install/bot_gazebo/share/bot_gazebo/world/test_april/models/apriltag_0
[1.054s] -- Up-to-date: /home/agv/Desktop/catkin/catkin_ws/install/bot_gazebo/share/bot_gazebo/world/test_april/models/apriltag_0/apriltag_0.sdf
[1.055s] -- Up-to-date: /home/agv/Desktop/catkin/catkin_ws/install/bot_gazebo/share/bot_gazebo/world/test_april/models/apriltag_0/meshes
[1.055s] -- Up-to-date: /home/agv/Desktop/catkin/catkin_ws/install/bot_gazebo/share/bot_gazebo/world/test_april/models/apriltag_0/meshes/apriltag_0.dae
[1.055s] -- Up-to-date: /home/agv/Desktop/catkin/catkin_ws/install/bot_gazebo/share/bot_gazebo/world/test_april/models/apriltag_0/model.config
[1.055s] -- Up-to-date: /home/agv/Desktop/catkin/catkin_ws/install/bot_gazebo/share/bot_gazebo/world/test_april/models/apriltag_1
[1.055s] -- Up-to-date: /home/agv/Desktop/catkin/catkin_ws/install/bot_gazebo/share/bot_gazebo/world/test_april/models/apriltag_1/meshes
[1.055s] -- Up-to-date: /home/agv/Desktop/catkin/catkin_ws/install/bot_gazebo/share/bot_gazebo/world/test_april/models/apriltag_1/meshes/apriltag_1.dae
[1.055s] -- Up-to-date: /home/agv/Desktop/catkin/catkin_ws/install/bot_gazebo/share/bot_gazebo/world/test_april/models/apriltag_1/model.config
[1.056s] -- Up-to-date: /home/agv/Desktop/catkin/catkin_ws/install/bot_gazebo/share/bot_gazebo/world/test_april/models/apriltag_1/apriltag_1.sdf
[1.056s] -- Up-to-date: /home/agv/Desktop/catkin/catkin_ws/install/bot_gazebo/share/ament_index/resource_index/package_run_dependencies/bot_gazebo
[1.056s] -- Up-to-date: /home/agv/Desktop/catkin/catkin_ws/install/bot_gazebo/share/ament_index/resource_index/parent_prefix_path/bot_gazebo
[1.056s] -- Up-to-date: /home/agv/Desktop/catkin/catkin_ws/install/bot_gazebo/share/bot_gazebo/environment/ament_prefix_path.sh
[1.057s] -- Up-to-date: /home/agv/Desktop/catkin/catkin_ws/install/bot_gazebo/share/bot_gazebo/environment/ament_prefix_path.dsv
[1.057s] -- Up-to-date: /home/agv/Desktop/catkin/catkin_ws/install/bot_gazebo/share/bot_gazebo/environment/path.sh
[1.057s] -- Up-to-date: /home/agv/Desktop/catkin/catkin_ws/install/bot_gazebo/share/bot_gazebo/environment/path.dsv
[1.057s] -- Up-to-date: /home/agv/Desktop/catkin/catkin_ws/install/bot_gazebo/share/bot_gazebo/local_setup.bash
[1.057s] -- Up-to-date: /home/agv/Desktop/catkin/catkin_ws/install/bot_gazebo/share/bot_gazebo/local_setup.sh
[1.057s] -- Up-to-date: /home/agv/Desktop/catkin/catkin_ws/install/bot_gazebo/share/bot_gazebo/local_setup.zsh
[1.057s] -- Up-to-date: /home/agv/Desktop/catkin/catkin_ws/install/bot_gazebo/share/bot_gazebo/local_setup.dsv
[1.058s] -- Installing: /home/agv/Desktop/catkin/catkin_ws/install/bot_gazebo/share/bot_gazebo/package.dsv
[1.058s] -- Up-to-date: /home/agv/Desktop/catkin/catkin_ws/install/bot_gazebo/share/ament_index/resource_index/packages/bot_gazebo
[1.058s] -- Up-to-date: /home/agv/Desktop/catkin/catkin_ws/install/bot_gazebo/share/bot_gazebo/cmake/bot_gazeboConfig.cmake
[1.059s] -- Up-to-date: /home/agv/Desktop/catkin/catkin_ws/install/bot_gazebo/share/bot_gazebo/cmake/bot_gazeboConfig-version.cmake
[1.059s] -- Up-to-date: /home/agv/Desktop/catkin/catkin_ws/install/bot_gazebo/share/bot_gazebo/package.xml
[1.061s] Invoked command in '/home/agv/Desktop/catkin/catkin_ws/build/bot_gazebo' returned '0': CMAKE_PREFIX_PATH=${CMAKE_PREFIX_PATH}:/home/agv/Desktop/catkin/catkin_ws/install/bot_navigation:/home/agv/Desktop/catkin/catkin_ws/install/bot_localization:/home/agv/Desktop/catkin/catkin_ws/install/bot_apriltag:/opt/ros/humble /usr/bin/cmake --install /home/agv/Desktop/catkin/catkin_ws/build/bot_gazebo
