running egg_info
creating ../../build/bot_navigation/bot_navigation.egg-info
writing ../../build/bot_navigation/bot_navigation.egg-info/PKG-INFO
writing dependency_links to ../../build/bot_navigation/bot_navigation.egg-info/dependency_links.txt
writing entry points to ../../build/bot_navigation/bot_navigation.egg-info/entry_points.txt
writing requirements to ../../build/bot_navigation/bot_navigation.egg-info/requires.txt
writing top-level names to ../../build/bot_navigation/bot_navigation.egg-info/top_level.txt
writing manifest file '../../build/bot_navigation/bot_navigation.egg-info/SOURCES.txt'
reading manifest file '../../build/bot_navigation/bot_navigation.egg-info/SOURCES.txt'
writing manifest file '../../build/bot_navigation/bot_navigation.egg-info/SOURCES.txt'
running build
running build_py
creating /home/agv/Desktop/catkin/catkin_ws/build/bot_navigation/build
creating /home/agv/Desktop/catkin/catkin_ws/build/bot_navigation/build/lib
creating /home/agv/Desktop/catkin/catkin_ws/build/bot_navigation/build/lib/bot_navigation
copying bot_navigation/__init__.py -> /home/agv/Desktop/catkin/catkin_ws/build/bot_navigation/build/lib/bot_navigation
running install
running install_lib
creating /home/agv/Desktop/catkin/catkin_ws/install/bot_navigation/lib/python3.10/site-packages/bot_navigation
copying /home/agv/Desktop/catkin/catkin_ws/build/bot_navigation/build/lib/bot_navigation/__init__.py -> /home/agv/Desktop/catkin/catkin_ws/install/bot_navigation/lib/python3.10/site-packages/bot_navigation
byte-compiling /home/agv/Desktop/catkin/catkin_ws/install/bot_navigation/lib/python3.10/site-packages/bot_navigation/__init__.py to __init__.cpython-310.pyc
running install_data
creating /home/agv/Desktop/catkin/catkin_ws/install/bot_navigation/share/ament_index
creating /home/agv/Desktop/catkin/catkin_ws/install/bot_navigation/share/ament_index/resource_index
creating /home/agv/Desktop/catkin/catkin_ws/install/bot_navigation/share/ament_index/resource_index/packages
copying resource/bot_navigation -> /home/agv/Desktop/catkin/catkin_ws/install/bot_navigation/share/ament_index/resource_index/packages
copying package.xml -> /home/agv/Desktop/catkin/catkin_ws/install/bot_navigation/share/bot_navigation
creating /home/agv/Desktop/catkin/catkin_ws/install/bot_navigation/share/bot_navigation/launch
copying launch/nav2.launch.py -> /home/agv/Desktop/catkin/catkin_ws/install/bot_navigation/share/bot_navigation/launch
creating /home/agv/Desktop/catkin/catkin_ws/install/bot_navigation/share/bot_navigation/config
copying config/nav2_params.yaml -> /home/agv/Desktop/catkin/catkin_ws/install/bot_navigation/share/bot_navigation/config
running install_egg_info
Copying ../../build/bot_navigation/bot_navigation.egg-info to /home/agv/Desktop/catkin/catkin_ws/install/bot_navigation/lib/python3.10/site-packages/bot_navigation-0.0.0-py3.10.egg-info
running install_scripts
writing list of installed files to '/home/agv/Desktop/catkin/catkin_ws/build/bot_navigation/install.log'
