[1.605s] Invoking command in '/home/agv/Desktop/catkin/catkin_ws/src/bot_navigation': PYTHONPATH=/home/agv/Desktop/catkin/catkin_ws/build/bot_navigation/prefix_override:/usr/lib/python3/dist-packages/colcon_core/task/python/colcon_distutils_commands:/home/agv/Desktop/catkin/catkin_ws/install/bot_navigation/lib/python3.10/site-packages:${PYTHONPATH} /usr/bin/python3 -W ignore:setup.py install is deprecated -W ignore:easy_install command is deprecated setup.py egg_info --egg-base ../../build/bot_navigation build --build-base /home/agv/Desktop/catkin/catkin_ws/build/bot_navigation/build install --record /home/agv/Desktop/catkin/catkin_ws/build/bot_navigation/install.log --single-version-externally-managed install_data
[1.921s] running egg_info
[1.921s] creating ../../build/bot_navigation/bot_navigation.egg-info
[1.922s] writing ../../build/bot_navigation/bot_navigation.egg-info/PKG-INFO
[1.922s] writing dependency_links to ../../build/bot_navigation/bot_navigation.egg-info/dependency_links.txt
[1.922s] writing entry points to ../../build/bot_navigation/bot_navigation.egg-info/entry_points.txt
[1.922s] writing requirements to ../../build/bot_navigation/bot_navigation.egg-info/requires.txt
[1.922s] writing top-level names to ../../build/bot_navigation/bot_navigation.egg-info/top_level.txt
[1.922s] writing manifest file '../../build/bot_navigation/bot_navigation.egg-info/SOURCES.txt'
[1.924s] reading manifest file '../../build/bot_navigation/bot_navigation.egg-info/SOURCES.txt'
[1.927s] writing manifest file '../../build/bot_navigation/bot_navigation.egg-info/SOURCES.txt'
[1.928s] running build
[1.928s] running build_py
[1.928s] creating /home/agv/Desktop/catkin/catkin_ws/build/bot_navigation/build
[1.928s] creating /home/agv/Desktop/catkin/catkin_ws/build/bot_navigation/build/lib
[1.928s] creating /home/agv/Desktop/catkin/catkin_ws/build/bot_navigation/build/lib/bot_navigation
[1.928s] copying bot_navigation/__init__.py -> /home/agv/Desktop/catkin/catkin_ws/build/bot_navigation/build/lib/bot_navigation
[1.928s] running install
[1.929s] running install_lib
[1.929s] creating /home/agv/Desktop/catkin/catkin_ws/install/bot_navigation/lib/python3.10/site-packages/bot_navigation
[1.929s] copying /home/agv/Desktop/catkin/catkin_ws/build/bot_navigation/build/lib/bot_navigation/__init__.py -> /home/agv/Desktop/catkin/catkin_ws/install/bot_navigation/lib/python3.10/site-packages/bot_navigation
[1.929s] byte-compiling /home/agv/Desktop/catkin/catkin_ws/install/bot_navigation/lib/python3.10/site-packages/bot_navigation/__init__.py to __init__.cpython-310.pyc
[1.930s] running install_data
[1.930s] creating /home/agv/Desktop/catkin/catkin_ws/install/bot_navigation/share/ament_index
[1.930s] creating /home/agv/Desktop/catkin/catkin_ws/install/bot_navigation/share/ament_index/resource_index
[1.930s] creating /home/agv/Desktop/catkin/catkin_ws/install/bot_navigation/share/ament_index/resource_index/packages
[1.930s] copying resource/bot_navigation -> /home/agv/Desktop/catkin/catkin_ws/install/bot_navigation/share/ament_index/resource_index/packages
[1.930s] copying package.xml -> /home/agv/Desktop/catkin/catkin_ws/install/bot_navigation/share/bot_navigation
[1.930s] creating /home/agv/Desktop/catkin/catkin_ws/install/bot_navigation/share/bot_navigation/launch
[1.931s] copying launch/nav2.launch.py -> /home/agv/Desktop/catkin/catkin_ws/install/bot_navigation/share/bot_navigation/launch
[1.931s] creating /home/agv/Desktop/catkin/catkin_ws/install/bot_navigation/share/bot_navigation/config
[1.931s] copying config/nav2_params.yaml -> /home/agv/Desktop/catkin/catkin_ws/install/bot_navigation/share/bot_navigation/config
[1.931s] running install_egg_info
[1.935s] Copying ../../build/bot_navigation/bot_navigation.egg-info to /home/agv/Desktop/catkin/catkin_ws/install/bot_navigation/lib/python3.10/site-packages/bot_navigation-0.0.0-py3.10.egg-info
[1.935s] running install_scripts
[1.959s] writing list of installed files to '/home/agv/Desktop/catkin/catkin_ws/build/bot_navigation/install.log'
[2.000s] Invoked command in '/home/agv/Desktop/catkin/catkin_ws/src/bot_navigation' returned '0': PYTHONPATH=/home/agv/Desktop/catkin/catkin_ws/build/bot_navigation/prefix_override:/usr/lib/python3/dist-packages/colcon_core/task/python/colcon_distutils_commands:/home/agv/Desktop/catkin/catkin_ws/install/bot_navigation/lib/python3.10/site-packages:${PYTHONPATH} /usr/bin/python3 -W ignore:setup.py install is deprecated -W ignore:easy_install command is deprecated setup.py egg_info --egg-base ../../build/bot_navigation build --build-base /home/agv/Desktop/catkin/catkin_ws/build/bot_navigation/build install --record /home/agv/Desktop/catkin/catkin_ws/build/bot_navigation/install.log --single-version-externally-managed install_data
