[0.444s] Invoking command in '/home/agv/Desktop/catkin/catkin_ws/build/bot_description': CMAKE_PREFIX_PATH=/opt/ros/humble /usr/bin/cmake --build /home/agv/Desktop/catkin/catkin_ws/build/bot_description -- -j8 -l8
[1.232s] Invoked command in '/home/agv/Desktop/catkin/catkin_ws/build/bot_description' returned '0': CMAKE_PREFIX_PATH=/opt/ros/humble /usr/bin/cmake --build /home/agv/Desktop/catkin/catkin_ws/build/bot_description -- -j8 -l8
[1.240s] Invoking command in '/home/agv/Desktop/catkin/catkin_ws/build/bot_description': CMAKE_PREFIX_PATH=/opt/ros/humble /usr/bin/cmake --install /home/agv/Desktop/catkin/catkin_ws/build/bot_description
[1.310s] -- Install configuration: ""
[1.314s] -- Up-to-date: /home/agv/Desktop/catkin/catkin_ws/install/bot_description/share/bot_description/launch
[1.316s] -- Up-to-date: /home/agv/Desktop/catkin/catkin_ws/install/bot_description/share/bot_description/launch/description.launch.py
[1.316s] -- Up-to-date: /home/agv/Desktop/catkin/catkin_ws/install/bot_description/share/bot_description/launch/display_robot.launch.py
[1.320s] -- Up-to-date: /home/agv/Desktop/catkin/catkin_ws/install/bot_description/share/bot_description/urdf
[1.320s] -- Up-to-date: /home/agv/Desktop/catkin/catkin_ws/install/bot_description/share/bot_description/urdf/robot
[1.320s] -- Up-to-date: /home/agv/Desktop/catkin/catkin_ws/install/bot_description/share/bot_description/urdf/robot/sensor
[1.321s] -- Up-to-date: /home/agv/Desktop/catkin/catkin_ws/install/bot_description/share/bot_description/urdf/robot/sensor/camera.urdf.xacro
[1.322s] -- Up-to-date: /home/agv/Desktop/catkin/catkin_ws/install/bot_description/share/bot_description/urdf/robot/sensor/imu.urdf.xacro
[1.324s] -- Up-to-date: /home/agv/Desktop/catkin/catkin_ws/install/bot_description/share/bot_description/urdf/robot/sensor/laser.urdf.xacro
[1.324s] -- Up-to-date: /home/agv/Desktop/catkin/catkin_ws/install/bot_description/share/bot_description/urdf/robot/plugins
[1.324s] -- Up-to-date: /home/agv/Desktop/catkin/catkin_ws/install/bot_description/share/bot_description/urdf/robot/plugins/gazebo_sensor_plugin.xacro
[1.327s] -- Up-to-date: /home/agv/Desktop/catkin/catkin_ws/install/bot_description/share/bot_description/urdf/robot/plugins/gazebo_control_plugin.xacro
[1.328s] -- Up-to-date: /home/agv/Desktop/catkin/catkin_ws/install/bot_description/share/bot_description/urdf/robot/actuator
[1.328s] -- Up-to-date: /home/agv/Desktop/catkin/catkin_ws/install/bot_description/share/bot_description/urdf/robot/actuator/caster.urdf.xacro
[1.328s] -- Up-to-date: /home/agv/Desktop/catkin/catkin_ws/install/bot_description/share/bot_description/urdf/robot/actuator/wheel.urdf.xacro
[1.328s] -- Up-to-date: /home/agv/Desktop/catkin/catkin_ws/install/bot_description/share/bot_description/urdf/robot/robot.ros2_control.xacro
[1.328s] -- Up-to-date: /home/agv/Desktop/catkin/catkin_ws/install/bot_description/share/bot_description/urdf/robot/base.urdf.xacro
[1.329s] -- Up-to-date: /home/agv/Desktop/catkin/catkin_ws/install/bot_description/share/bot_description/urdf/robot/common_inertia.urdf.xacro
[1.329s] -- Up-to-date: /home/agv/Desktop/catkin/catkin_ws/install/bot_description/share/bot_description/urdf/robot/robot.urdf.xacro
[1.330s] -- Up-to-date: /home/agv/Desktop/catkin/catkin_ws/install/bot_description/share/bot_description/config
[1.330s] -- Up-to-date: /home/agv/Desktop/catkin/catkin_ws/install/bot_description/share/bot_description/config/display_robot_model.rviz
[1.331s] -- Up-to-date: /home/agv/Desktop/catkin/catkin_ws/install/bot_description/share/bot_description/config/bot_ros2_controller.yaml
[1.331s] -- Up-to-date: /home/agv/Desktop/catkin/catkin_ws/install/bot_description/share/ament_index/resource_index/package_run_dependencies/bot_description
[1.332s] -- Up-to-date: /home/agv/Desktop/catkin/catkin_ws/install/bot_description/share/ament_index/resource_index/parent_prefix_path/bot_description
[1.332s] -- Up-to-date: /home/agv/Desktop/catkin/catkin_ws/install/bot_description/share/bot_description/environment/ament_prefix_path.sh
[1.332s] -- Up-to-date: /home/agv/Desktop/catkin/catkin_ws/install/bot_description/share/bot_description/environment/ament_prefix_path.dsv
[1.332s] -- Up-to-date: /home/agv/Desktop/catkin/catkin_ws/install/bot_description/share/bot_description/environment/path.sh
[1.332s] -- Up-to-date: /home/agv/Desktop/catkin/catkin_ws/install/bot_description/share/bot_description/environment/path.dsv
[1.332s] -- Up-to-date: /home/agv/Desktop/catkin/catkin_ws/install/bot_description/share/bot_description/local_setup.bash
[1.332s] -- Up-to-date: /home/agv/Desktop/catkin/catkin_ws/install/bot_description/share/bot_description/local_setup.sh
[1.332s] -- Up-to-date: /home/agv/Desktop/catkin/catkin_ws/install/bot_description/share/bot_description/local_setup.zsh
[1.333s] -- Up-to-date: /home/agv/Desktop/catkin/catkin_ws/install/bot_description/share/bot_description/local_setup.dsv
[1.333s] -- Installing: /home/agv/Desktop/catkin/catkin_ws/install/bot_description/share/bot_description/package.dsv
[1.333s] -- Up-to-date: /home/agv/Desktop/catkin/catkin_ws/install/bot_description/share/ament_index/resource_index/packages/bot_description
[1.334s] -- Up-to-date: /home/agv/Desktop/catkin/catkin_ws/install/bot_description/share/bot_description/cmake/bot_descriptionConfig.cmake
[1.334s] -- Up-to-date: /home/agv/Desktop/catkin/catkin_ws/install/bot_description/share/bot_description/cmake/bot_descriptionConfig-version.cmake
[1.338s] -- Up-to-date: /home/agv/Desktop/catkin/catkin_ws/install/bot_description/share/bot_description/package.xml
[1.339s] Invoked command in '/home/agv/Desktop/catkin/catkin_ws/build/bot_description' returned '0': CMAKE_PREFIX_PATH=/opt/ros/humble /usr/bin/cmake --install /home/agv/Desktop/catkin/catkin_ws/build/bot_description
