[2.132s] Invoking command in '/home/agv/Desktop/catkin/catkin_ws/src/bot_localization': PYTHONPATH=/home/agv/Desktop/catkin/catkin_ws/build/bot_localization/prefix_override:/usr/lib/python3/dist-packages/colcon_core/task/python/colcon_distutils_commands:/home/agv/Desktop/catkin/catkin_ws/install/bot_localization/lib/python3.10/site-packages:${PYTHONPATH} /usr/bin/python3 -W ignore:setup.py install is deprecated -W ignore:easy_install command is deprecated setup.py egg_info --egg-base ../../build/bot_localization build --build-base /home/agv/Desktop/catkin/catkin_ws/build/bot_localization/build install --record /home/agv/Desktop/catkin/catkin_ws/build/bot_localization/install.log --single-version-externally-managed install_data
[2.540s] running egg_info
[2.542s] writing ../../build/bot_localization/bot_localization.egg-info/PKG-INFO
[2.544s] writing dependency_links to ../../build/bot_localization/bot_localization.egg-info/dependency_links.txt
[2.545s] writing entry points to ../../build/bot_localization/bot_localization.egg-info/entry_points.txt
[2.546s] writing requirements to ../../build/bot_localization/bot_localization.egg-info/requires.txt
[2.547s] writing top-level names to ../../build/bot_localization/bot_localization.egg-info/top_level.txt
[2.550s] reading manifest file '../../build/bot_localization/bot_localization.egg-info/SOURCES.txt'
[2.553s] writing manifest file '../../build/bot_localization/bot_localization.egg-info/SOURCES.txt'
[2.553s] running build
[2.554s] running build_py
[2.554s] running install
[2.554s] running install_lib
[2.556s] running install_data
[2.556s] running install_egg_info
[2.562s] removing '/home/agv/Desktop/catkin/catkin_ws/install/bot_localization/lib/python3.10/site-packages/bot_localization-0.0.0-py3.10.egg-info' (and everything under it)
[2.563s] Copying ../../build/bot_localization/bot_localization.egg-info to /home/agv/Desktop/catkin/catkin_ws/install/bot_localization/lib/python3.10/site-packages/bot_localization-0.0.0-py3.10.egg-info
[2.567s] running install_scripts
[2.604s] Installing apriltag_to_pose_node script to /home/agv/Desktop/catkin/catkin_ws/install/bot_localization/lib/bot_localization
[2.605s] writing list of installed files to '/home/agv/Desktop/catkin/catkin_ws/build/bot_localization/install.log'
[2.647s] Invoked command in '/home/agv/Desktop/catkin/catkin_ws/src/bot_localization' returned '0': PYTHONPATH=/home/agv/Desktop/catkin/catkin_ws/build/bot_localization/prefix_override:/usr/lib/python3/dist-packages/colcon_core/task/python/colcon_distutils_commands:/home/agv/Desktop/catkin/catkin_ws/install/bot_localization/lib/python3.10/site-packages:${PYTHONPATH} /usr/bin/python3 -W ignore:setup.py install is deprecated -W ignore:easy_install command is deprecated setup.py egg_info --egg-base ../../build/bot_localization build --build-base /home/agv/Desktop/catkin/catkin_ws/build/bot_localization/build install --record /home/agv/Desktop/catkin/catkin_ws/build/bot_localization/install.log --single-version-externally-managed install_data
