[1.969s] Invoking command in '/home/agv/Desktop/catkin/catkin_ws/src/bot_navigation': PYTHONPATH=/home/agv/Desktop/catkin/catkin_ws/build/bot_navigation/prefix_override:/usr/lib/python3/dist-packages/colcon_core/task/python/colcon_distutils_commands:/home/agv/Desktop/catkin/catkin_ws/install/bot_navigation/lib/python3.10/site-packages:${PYTHONPATH} /usr/bin/python3 -W ignore:setup.py install is deprecated -W ignore:easy_install command is deprecated setup.py egg_info --egg-base ../../build/bot_navigation build --build-base /home/agv/Desktop/catkin/catkin_ws/build/bot_navigation/build install --record /home/agv/Desktop/catkin/catkin_ws/build/bot_navigation/install.log --single-version-externally-managed install_data
[2.386s] running egg_info
[2.393s] writing ../../build/bot_navigation/bot_navigation.egg-info/PKG-INFO
[2.395s] writing dependency_links to ../../build/bot_navigation/bot_navigation.egg-info/dependency_links.txt
[2.395s] writing entry points to ../../build/bot_navigation/bot_navigation.egg-info/entry_points.txt
[2.396s] writing requirements to ../../build/bot_navigation/bot_navigation.egg-info/requires.txt
[2.396s] writing top-level names to ../../build/bot_navigation/bot_navigation.egg-info/top_level.txt
[2.397s] reading manifest file '../../build/bot_navigation/bot_navigation.egg-info/SOURCES.txt'
[2.400s] writing manifest file '../../build/bot_navigation/bot_navigation.egg-info/SOURCES.txt'
[2.402s] running build
[2.403s] running build_py
[2.403s] running install
[2.403s] running install_lib
[2.404s] running install_data
[2.404s] running install_egg_info
[2.408s] removing '/home/agv/Desktop/catkin/catkin_ws/install/bot_navigation/lib/python3.10/site-packages/bot_navigation-0.0.0-py3.10.egg-info' (and everything under it)
[2.409s] Copying ../../build/bot_navigation/bot_navigation.egg-info to /home/agv/Desktop/catkin/catkin_ws/install/bot_navigation/lib/python3.10/site-packages/bot_navigation-0.0.0-py3.10.egg-info
[2.409s] running install_scripts
[2.491s] Installing waypoint_navigator script to /home/agv/Desktop/catkin/catkin_ws/install/bot_navigation/lib/bot_navigation
[2.491s] writing list of installed files to '/home/agv/Desktop/catkin/catkin_ws/build/bot_navigation/install.log'
[2.541s] Invoked command in '/home/agv/Desktop/catkin/catkin_ws/src/bot_navigation' returned '0': PYTHONPATH=/home/agv/Desktop/catkin/catkin_ws/build/bot_navigation/prefix_override:/usr/lib/python3/dist-packages/colcon_core/task/python/colcon_distutils_commands:/home/agv/Desktop/catkin/catkin_ws/install/bot_navigation/lib/python3.10/site-packages:${PYTHONPATH} /usr/bin/python3 -W ignore:setup.py install is deprecated -W ignore:easy_install command is deprecated setup.py egg_info --egg-base ../../build/bot_navigation build --build-base /home/agv/Desktop/catkin/catkin_ws/build/bot_navigation/build install --record /home/agv/Desktop/catkin/catkin_ws/build/bot_navigation/install.log --single-version-externally-managed install_data
