-- Install configuration: ""
-- Up-to-date: /home/agv/Desktop/catkin/catkin_ws/install/bot_description/share/bot_description/launch
-- Up-to-date: /home/agv/Desktop/catkin/catkin_ws/install/bot_description/share/bot_description/launch/description.launch.py
-- Up-to-date: /home/agv/Desktop/catkin/catkin_ws/install/bot_description/share/bot_description/launch/display_robot.launch.py
-- Up-to-date: /home/agv/Desktop/catkin/catkin_ws/install/bot_description/share/bot_description/urdf
-- Up-to-date: /home/agv/Desktop/catkin/catkin_ws/install/bot_description/share/bot_description/urdf/robot
-- Up-to-date: /home/agv/Desktop/catkin/catkin_ws/install/bot_description/share/bot_description/urdf/robot/sensor
-- Up-to-date: /home/agv/Desktop/catkin/catkin_ws/install/bot_description/share/bot_description/urdf/robot/sensor/camera.urdf.xacro
-- Up-to-date: /home/agv/Desktop/catkin/catkin_ws/install/bot_description/share/bot_description/urdf/robot/sensor/imu.urdf.xacro
-- Up-to-date: /home/agv/Desktop/catkin/catkin_ws/install/bot_description/share/bot_description/urdf/robot/sensor/laser.urdf.xacro
-- Up-to-date: /home/agv/Desktop/catkin/catkin_ws/install/bot_description/share/bot_description/urdf/robot/plugins
-- Up-to-date: /home/agv/Desktop/catkin/catkin_ws/install/bot_description/share/bot_description/urdf/robot/plugins/gazebo_sensor_plugin.xacro
-- Up-to-date: /home/agv/Desktop/catkin/catkin_ws/install/bot_description/share/bot_description/urdf/robot/plugins/gazebo_control_plugin.xacro
-- Up-to-date: /home/agv/Desktop/catkin/catkin_ws/install/bot_description/share/bot_description/urdf/robot/actuator
-- Up-to-date: /home/agv/Desktop/catkin/catkin_ws/install/bot_description/share/bot_description/urdf/robot/actuator/caster.urdf.xacro
-- Up-to-date: /home/agv/Desktop/catkin/catkin_ws/install/bot_description/share/bot_description/urdf/robot/actuator/wheel.urdf.xacro
-- Up-to-date: /home/agv/Desktop/catkin/catkin_ws/install/bot_description/share/bot_description/urdf/robot/robot.ros2_control.xacro
-- Up-to-date: /home/agv/Desktop/catkin/catkin_ws/install/bot_description/share/bot_description/urdf/robot/base.urdf.xacro
-- Up-to-date: /home/agv/Desktop/catkin/catkin_ws/install/bot_description/share/bot_description/urdf/robot/common_inertia.urdf.xacro
-- Up-to-date: /home/agv/Desktop/catkin/catkin_ws/install/bot_description/share/bot_description/urdf/robot/robot.urdf.xacro
-- Up-to-date: /home/agv/Desktop/catkin/catkin_ws/install/bot_description/share/bot_description/config
-- Up-to-date: /home/agv/Desktop/catkin/catkin_ws/install/bot_description/share/bot_description/config/display_robot_model.rviz
-- Installing: /home/agv/Desktop/catkin/catkin_ws/install/bot_description/share/bot_description/config/bot_ros2_controller.yaml
-- Up-to-date: /home/agv/Desktop/catkin/catkin_ws/install/bot_description/share/ament_index/resource_index/package_run_dependencies/bot_description
-- Up-to-date: /home/agv/Desktop/catkin/catkin_ws/install/bot_description/share/ament_index/resource_index/parent_prefix_path/bot_description
-- Up-to-date: /home/agv/Desktop/catkin/catkin_ws/install/bot_description/share/bot_description/environment/ament_prefix_path.sh
-- Up-to-date: /home/agv/Desktop/catkin/catkin_ws/install/bot_description/share/bot_description/environment/ament_prefix_path.dsv
-- Up-to-date: /home/agv/Desktop/catkin/catkin_ws/install/bot_description/share/bot_description/environment/path.sh
-- Up-to-date: /home/agv/Desktop/catkin/catkin_ws/install/bot_description/share/bot_description/environment/path.dsv
-- Up-to-date: /home/agv/Desktop/catkin/catkin_ws/install/bot_description/share/bot_description/local_setup.bash
-- Up-to-date: /home/agv/Desktop/catkin/catkin_ws/install/bot_description/share/bot_description/local_setup.sh
-- Up-to-date: /home/agv/Desktop/catkin/catkin_ws/install/bot_description/share/bot_description/local_setup.zsh
-- Up-to-date: /home/agv/Desktop/catkin/catkin_ws/install/bot_description/share/bot_description/local_setup.dsv
-- Installing: /home/agv/Desktop/catkin/catkin_ws/install/bot_description/share/bot_description/package.dsv
-- Up-to-date: /home/agv/Desktop/catkin/catkin_ws/install/bot_description/share/ament_index/resource_index/packages/bot_description
-- Up-to-date: /home/agv/Desktop/catkin/catkin_ws/install/bot_description/share/bot_description/cmake/bot_descriptionConfig.cmake
-- Up-to-date: /home/agv/Desktop/catkin/catkin_ws/install/bot_description/share/bot_description/cmake/bot_descriptionConfig-version.cmake
-- Up-to-date: /home/agv/Desktop/catkin/catkin_ws/install/bot_description/share/bot_description/package.xml
