[0.360s] Invoking command in '/home/agv/Desktop/catkin/catkin_ws/build/bot_description': CMAKE_PREFIX_PATH=${CMAKE_PREFIX_PATH}:/home/agv/Desktop/catkin/catkin_ws/install/bot_navigation:/home/agv/Desktop/catkin/catkin_ws/install/bot_localization:/home/agv/Desktop/catkin/catkin_ws/install/bot_apriltag:/opt/ros/humble /usr/bin/cmake --build /home/agv/Desktop/catkin/catkin_ws/build/bot_description -- -j8 -l8
[1.014s] Invoked command in '/home/agv/Desktop/catkin/catkin_ws/build/bot_description' returned '0': CMAKE_PREFIX_PATH=${CMAKE_PREFIX_PATH}:/home/agv/Desktop/catkin/catkin_ws/install/bot_navigation:/home/agv/Desktop/catkin/catkin_ws/install/bot_localization:/home/agv/Desktop/catkin/catkin_ws/install/bot_apriltag:/opt/ros/humble /usr/bin/cmake --build /home/agv/Desktop/catkin/catkin_ws/build/bot_description -- -j8 -l8
[1.028s] Invoking command in '/home/agv/Desktop/catkin/catkin_ws/build/bot_description': CMAKE_PREFIX_PATH=${CMAKE_PREFIX_PATH}:/home/agv/Desktop/catkin/catkin_ws/install/bot_navigation:/home/agv/Desktop/catkin/catkin_ws/install/bot_localization:/home/agv/Desktop/catkin/catkin_ws/install/bot_apriltag:/opt/ros/humble /usr/bin/cmake --install /home/agv/Desktop/catkin/catkin_ws/build/bot_description
[1.042s] -- Install configuration: ""
[1.042s] -- Up-to-date: /home/agv/Desktop/catkin/catkin_ws/install/bot_description/share/bot_description/launch
[1.048s] -- Up-to-date: /home/agv/Desktop/catkin/catkin_ws/install/bot_description/share/bot_description/launch/description.launch.py
[1.049s] -- Up-to-date: /home/agv/Desktop/catkin/catkin_ws/install/bot_description/share/bot_description/launch/display_robot.launch.py
[1.049s] -- Up-to-date: /home/agv/Desktop/catkin/catkin_ws/install/bot_description/share/bot_description/urdf
[1.049s] -- Up-to-date: /home/agv/Desktop/catkin/catkin_ws/install/bot_description/share/bot_description/urdf/robot
[1.049s] -- Up-to-date: /home/agv/Desktop/catkin/catkin_ws/install/bot_description/share/bot_description/urdf/robot/sensor
[1.050s] -- Up-to-date: /home/agv/Desktop/catkin/catkin_ws/install/bot_description/share/bot_description/urdf/robot/sensor/camera.urdf.xacro
[1.054s] -- Up-to-date: /home/agv/Desktop/catkin/catkin_ws/install/bot_description/share/bot_description/urdf/robot/sensor/imu.urdf.xacro
[1.055s] -- Up-to-date: /home/agv/Desktop/catkin/catkin_ws/install/bot_description/share/bot_description/urdf/robot/sensor/laser.urdf.xacro
[1.055s] -- Up-to-date: /home/agv/Desktop/catkin/catkin_ws/install/bot_description/share/bot_description/urdf/robot/plugins
[1.055s] -- Up-to-date: /home/agv/Desktop/catkin/catkin_ws/install/bot_description/share/bot_description/urdf/robot/plugins/gazebo_sensor_plugin.xacro
[1.055s] -- Up-to-date: /home/agv/Desktop/catkin/catkin_ws/install/bot_description/share/bot_description/urdf/robot/plugins/gazebo_control_plugin.xacro
[1.055s] -- Up-to-date: /home/agv/Desktop/catkin/catkin_ws/install/bot_description/share/bot_description/urdf/robot/actuator
[1.056s] -- Up-to-date: /home/agv/Desktop/catkin/catkin_ws/install/bot_description/share/bot_description/urdf/robot/actuator/caster.urdf.xacro
[1.056s] -- Up-to-date: /home/agv/Desktop/catkin/catkin_ws/install/bot_description/share/bot_description/urdf/robot/actuator/wheel.urdf.xacro
[1.056s] -- Up-to-date: /home/agv/Desktop/catkin/catkin_ws/install/bot_description/share/bot_description/urdf/robot/robot.ros2_control.xacro
[1.056s] -- Up-to-date: /home/agv/Desktop/catkin/catkin_ws/install/bot_description/share/bot_description/urdf/robot/base.urdf.xacro
[1.057s] -- Up-to-date: /home/agv/Desktop/catkin/catkin_ws/install/bot_description/share/bot_description/urdf/robot/common_inertia.urdf.xacro
[1.057s] -- Up-to-date: /home/agv/Desktop/catkin/catkin_ws/install/bot_description/share/bot_description/urdf/robot/robot.urdf.xacro
[1.057s] -- Up-to-date: /home/agv/Desktop/catkin/catkin_ws/install/bot_description/share/bot_description/config
[1.057s] -- Up-to-date: /home/agv/Desktop/catkin/catkin_ws/install/bot_description/share/bot_description/config/display_robot_model.rviz
[1.057s] -- Installing: /home/agv/Desktop/catkin/catkin_ws/install/bot_description/share/bot_description/config/bot_ros2_controller.yaml
[1.057s] -- Up-to-date: /home/agv/Desktop/catkin/catkin_ws/install/bot_description/share/ament_index/resource_index/package_run_dependencies/bot_description
[1.058s] -- Up-to-date: /home/agv/Desktop/catkin/catkin_ws/install/bot_description/share/ament_index/resource_index/parent_prefix_path/bot_description
[1.059s] -- Up-to-date: /home/agv/Desktop/catkin/catkin_ws/install/bot_description/share/bot_description/environment/ament_prefix_path.sh
[1.060s] -- Up-to-date: /home/agv/Desktop/catkin/catkin_ws/install/bot_description/share/bot_description/environment/ament_prefix_path.dsv
[1.061s] -- Up-to-date: /home/agv/Desktop/catkin/catkin_ws/install/bot_description/share/bot_description/environment/path.sh
[1.062s] -- Up-to-date: /home/agv/Desktop/catkin/catkin_ws/install/bot_description/share/bot_description/environment/path.dsv
[1.064s] -- Up-to-date: /home/agv/Desktop/catkin/catkin_ws/install/bot_description/share/bot_description/local_setup.bash
[1.066s] -- Up-to-date: /home/agv/Desktop/catkin/catkin_ws/install/bot_description/share/bot_description/local_setup.sh
[1.067s] -- Up-to-date: /home/agv/Desktop/catkin/catkin_ws/install/bot_description/share/bot_description/local_setup.zsh
[1.068s] -- Up-to-date: /home/agv/Desktop/catkin/catkin_ws/install/bot_description/share/bot_description/local_setup.dsv
[1.068s] -- Installing: /home/agv/Desktop/catkin/catkin_ws/install/bot_description/share/bot_description/package.dsv
[1.068s] -- Up-to-date: /home/agv/Desktop/catkin/catkin_ws/install/bot_description/share/ament_index/resource_index/packages/bot_description
[1.068s] -- Up-to-date: /home/agv/Desktop/catkin/catkin_ws/install/bot_description/share/bot_description/cmake/bot_descriptionConfig.cmake
[1.068s] -- Up-to-date: /home/agv/Desktop/catkin/catkin_ws/install/bot_description/share/bot_description/cmake/bot_descriptionConfig-version.cmake
[1.068s] -- Up-to-date: /home/agv/Desktop/catkin/catkin_ws/install/bot_description/share/bot_description/package.xml
[1.071s] Invoked command in '/home/agv/Desktop/catkin/catkin_ws/build/bot_description' returned '0': CMAKE_PREFIX_PATH=${CMAKE_PREFIX_PATH}:/home/agv/Desktop/catkin/catkin_ws/install/bot_navigation:/home/agv/Desktop/catkin/catkin_ws/install/bot_localization:/home/agv/Desktop/catkin/catkin_ws/install/bot_apriltag:/opt/ros/humble /usr/bin/cmake --install /home/agv/Desktop/catkin/catkin_ws/build/bot_description
