[1.001s] Invoking command in '/home/agv/Desktop/catkin/catkin_ws/src/bot_apriltag': PYTHONPATH=/home/agv/Desktop/catkin/catkin_ws/build/bot_apriltag/prefix_override:/usr/lib/python3/dist-packages/colcon_core/task/python/colcon_distutils_commands:/home/agv/Desktop/catkin/catkin_ws/install/bot_apriltag/lib/python3.10/site-packages:${PYTHONPATH} /usr/bin/python3 -W ignore:setup.py install is deprecated -W ignore:easy_install command is deprecated setup.py egg_info --egg-base ../../build/bot_apriltag build --build-base /home/agv/Desktop/catkin/catkin_ws/build/bot_apriltag/build install --record /home/agv/Desktop/catkin/catkin_ws/build/bot_apriltag/install.log --single-version-externally-managed install_data
[1.380s] running egg_info
[1.382s] writing ../../build/bot_apriltag/bot_apriltag.egg-info/PKG-INFO
[1.382s] writing dependency_links to ../../build/bot_apriltag/bot_apriltag.egg-info/dependency_links.txt
[1.382s] writing entry points to ../../build/bot_apriltag/bot_apriltag.egg-info/entry_points.txt
[1.383s] writing requirements to ../../build/bot_apriltag/bot_apriltag.egg-info/requires.txt
[1.383s] writing top-level names to ../../build/bot_apriltag/bot_apriltag.egg-info/top_level.txt
[1.388s] reading manifest file '../../build/bot_apriltag/bot_apriltag.egg-info/SOURCES.txt'
[1.390s] writing manifest file '../../build/bot_apriltag/bot_apriltag.egg-info/SOURCES.txt'
[1.391s] running build
[1.391s] running build_py
[1.393s] copying bot_apriltag/apriltag_localizer.py -> /home/agv/Desktop/catkin/catkin_ws/build/bot_apriltag/build/lib/bot_apriltag
[1.393s] copying bot_apriltag/apriltag_detector.py -> /home/agv/Desktop/catkin/catkin_ws/build/bot_apriltag/build/lib/bot_apriltag
[1.393s] running install
[1.394s] running install_lib
[1.394s] copying /home/agv/Desktop/catkin/catkin_ws/build/bot_apriltag/build/lib/bot_apriltag/apriltag_localizer.py -> /home/agv/Desktop/catkin/catkin_ws/install/bot_apriltag/lib/python3.10/site-packages/bot_apriltag
[1.396s] copying /home/agv/Desktop/catkin/catkin_ws/build/bot_apriltag/build/lib/bot_apriltag/apriltag_detector.py -> /home/agv/Desktop/catkin/catkin_ws/install/bot_apriltag/lib/python3.10/site-packages/bot_apriltag
[1.396s] byte-compiling /home/agv/Desktop/catkin/catkin_ws/install/bot_apriltag/lib/python3.10/site-packages/bot_apriltag/apriltag_localizer.py to apriltag_localizer.cpython-310.pyc
[1.399s] byte-compiling /home/agv/Desktop/catkin/catkin_ws/install/bot_apriltag/lib/python3.10/site-packages/bot_apriltag/apriltag_detector.py to apriltag_detector.cpython-310.pyc
[1.403s] running install_data
[1.403s] running install_egg_info
[1.405s] removing '/home/agv/Desktop/catkin/catkin_ws/install/bot_apriltag/lib/python3.10/site-packages/bot_apriltag-0.0.0-py3.10.egg-info' (and everything under it)
[1.406s] Copying ../../build/bot_apriltag/bot_apriltag.egg-info to /home/agv/Desktop/catkin/catkin_ws/install/bot_apriltag/lib/python3.10/site-packages/bot_apriltag-0.0.0-py3.10.egg-info
[1.408s] running install_scripts
[1.437s] Installing apriltag_detector script to /home/agv/Desktop/catkin/catkin_ws/install/bot_apriltag/lib/bot_apriltag
[1.439s] Installing apriltag_localizer script to /home/agv/Desktop/catkin/catkin_ws/install/bot_apriltag/lib/bot_apriltag
[1.439s] writing list of installed files to '/home/agv/Desktop/catkin/catkin_ws/build/bot_apriltag/install.log'
[1.482s] Invoked command in '/home/agv/Desktop/catkin/catkin_ws/src/bot_apriltag' returned '0': PYTHONPATH=/home/agv/Desktop/catkin/catkin_ws/build/bot_apriltag/prefix_override:/usr/lib/python3/dist-packages/colcon_core/task/python/colcon_distutils_commands:/home/agv/Desktop/catkin/catkin_ws/install/bot_apriltag/lib/python3.10/site-packages:${PYTHONPATH} /usr/bin/python3 -W ignore:setup.py install is deprecated -W ignore:easy_install command is deprecated setup.py egg_info --egg-base ../../build/bot_apriltag build --build-base /home/agv/Desktop/catkin/catkin_ws/build/bot_apriltag/build install --record /home/agv/Desktop/catkin/catkin_ws/build/bot_apriltag/install.log --single-version-externally-managed install_data
