[0.420s] Invoking command in '/home/agv/Desktop/catkin/catkin_ws/build/bot_gazebo': CMAKE_PREFIX_PATH=/opt/ros/humble /usr/bin/cmake --build /home/agv/Desktop/catkin/catkin_ws/build/bot_gazebo -- -j8 -l8
[0.828s] Invoked command in '/home/agv/Desktop/catkin/catkin_ws/build/bot_gazebo' returned '0': CMAKE_PREFIX_PATH=/opt/ros/humble /usr/bin/cmake --build /home/agv/Desktop/catkin/catkin_ws/build/bot_gazebo -- -j8 -l8
[0.831s] Invoking command in '/home/agv/Desktop/catkin/catkin_ws/build/bot_gazebo': CMAKE_PREFIX_PATH=/opt/ros/humble /usr/bin/cmake --install /home/agv/Desktop/catkin/catkin_ws/build/bot_gazebo
[1.222s] -- Install configuration: ""
[1.223s] -- Up-to-date: /home/agv/Desktop/catkin/catkin_ws/install/bot_gazebo/share/bot_gazebo/launch
[1.223s] -- Up-to-date: /home/agv/Desktop/catkin/catkin_ws/install/bot_gazebo/share/bot_gazebo/launch/gazebo_sim.launch.py
[1.223s] -- Up-to-date: /home/agv/Desktop/catkin/catkin_ws/install/bot_gazebo/share/bot_gazebo/launch/__pycache__
[1.223s] -- Up-to-date: /home/agv/Desktop/catkin/catkin_ws/install/bot_gazebo/share/bot_gazebo/launch/__pycache__/display_robot.launch.cpython-310.pyc
[1.223s] -- Up-to-date: /home/agv/Desktop/catkin/catkin_ws/install/bot_gazebo/share/bot_gazebo/config
[1.223s] -- Up-to-date: /home/agv/Desktop/catkin/catkin_ws/install/bot_gazebo/share/bot_gazebo/config/bot_ros2_controller.yaml
[1.224s] -- Up-to-date: /home/agv/Desktop/catkin/catkin_ws/install/bot_gazebo/share/bot_gazebo/world
[1.224s] -- Up-to-date: /home/agv/Desktop/catkin/catkin_ws/install/bot_gazebo/share/bot_gazebo/world/experiment_rooms
[1.224s] -- Up-to-date: /home/agv/Desktop/catkin/catkin_ws/install/bot_gazebo/share/bot_gazebo/world/experiment_rooms/worlds
[1.224s] -- Up-to-date: /home/agv/Desktop/catkin/catkin_ws/install/bot_gazebo/share/bot_gazebo/world/experiment_rooms/worlds/room2
[1.224s] -- Up-to-date: /home/agv/Desktop/catkin/catkin_ws/install/bot_gazebo/share/bot_gazebo/world/experiment_rooms/worlds/room2/world_dynamic.model
[1.224s] -- Up-to-date: /home/agv/Desktop/catkin/catkin_ws/install/bot_gazebo/share/bot_gazebo/world/experiment_rooms/worlds/room2/world.model
[1.225s] -- Up-to-date: /home/agv/Desktop/catkin/catkin_ws/install/bot_gazebo/share/bot_gazebo/world/experiment_rooms/worlds/room2/map
[1.225s] -- Up-to-date: /home/agv/Desktop/catkin/catkin_ws/install/bot_gazebo/share/bot_gazebo/world/experiment_rooms/worlds/room2/map/room2.yaml
[1.225s] -- Up-to-date: /home/agv/Desktop/catkin/catkin_ws/install/bot_gazebo/share/bot_gazebo/world/experiment_rooms/worlds/room2/map/room2.png
[1.225s] -- Up-to-date: /home/agv/Desktop/catkin/catkin_ws/install/bot_gazebo/share/bot_gazebo/world/experiment_rooms/experiments_room.png
[1.225s] -- Up-to-date: /home/agv/Desktop/catkin/catkin_ws/install/bot_gazebo/share/bot_gazebo/world/experiment_rooms/models
[1.225s] -- Up-to-date: /home/agv/Desktop/catkin/catkin_ws/install/bot_gazebo/share/bot_gazebo/world/experiment_rooms/models/dynamic_obstacle
[1.230s] -- Up-to-date: /home/agv/Desktop/catkin/catkin_ws/install/bot_gazebo/share/bot_gazebo/world/experiment_rooms/models/dynamic_obstacle/model.sdf
[1.231s] -- Up-to-date: /home/agv/Desktop/catkin/catkin_ws/install/bot_gazebo/share/bot_gazebo/world/experiment_rooms/models/dynamic_obstacle/model.config
[1.231s] -- Up-to-date: /home/agv/Desktop/catkin/catkin_ws/install/bot_gazebo/share/bot_gazebo/world/experiment_rooms/models/exp_empty_rooms
[1.231s] -- Up-to-date: /home/agv/Desktop/catkin/catkin_ws/install/bot_gazebo/share/bot_gazebo/world/experiment_rooms/models/exp_empty_rooms/model.sdf
[1.231s] -- Up-to-date: /home/agv/Desktop/catkin/catkin_ws/install/bot_gazebo/share/bot_gazebo/world/experiment_rooms/models/exp_empty_rooms/model.config
[1.232s] -- Up-to-date: /home/agv/Desktop/catkin/catkin_ws/install/bot_gazebo/share/bot_gazebo/world/warehouse
[1.232s] -- Up-to-date: /home/agv/Desktop/catkin/catkin_ws/install/bot_gazebo/share/bot_gazebo/world/warehouse/no_roof_small_warehouse.world
[1.232s] -- Up-to-date: /home/agv/Desktop/catkin/catkin_ws/install/bot_gazebo/share/bot_gazebo/world/warehouse/warehouse0.world
[1.232s] -- Up-to-date: /home/agv/Desktop/catkin/catkin_ws/install/bot_gazebo/share/bot_gazebo/world/warehouse/models
[1.232s] -- Up-to-date: /home/agv/Desktop/catkin/catkin_ws/install/bot_gazebo/share/bot_gazebo/world/warehouse/models/aws_robomaker_warehouse_ClutteringC_01
[1.233s] -- Up-to-date: /home/agv/Desktop/catkin/catkin_ws/install/bot_gazebo/share/bot_gazebo/world/warehouse/models/aws_robomaker_warehouse_ClutteringC_01/model.sdf
[1.234s] -- Up-to-date: /home/agv/Desktop/catkin/catkin_ws/install/bot_gazebo/share/bot_gazebo/world/warehouse/models/aws_robomaker_warehouse_ClutteringC_01/meshes
[1.234s] -- Up-to-date: /home/agv/Desktop/catkin/catkin_ws/install/bot_gazebo/share/bot_gazebo/world/warehouse/models/aws_robomaker_warehouse_ClutteringC_01/meshes/aws_robomaker_warehouse_ClutteringC_01_visual.DAE
[1.234s] -- Up-to-date: /home/agv/Desktop/catkin/catkin_ws/install/bot_gazebo/share/bot_gazebo/world/warehouse/models/aws_robomaker_warehouse_ClutteringC_01/meshes/aws_robomaker_warehouse_ClutteringC_01_collision.DAE
[1.234s] -- Up-to-date: /home/agv/Desktop/catkin/catkin_ws/install/bot_gazebo/share/bot_gazebo/world/warehouse/models/aws_robomaker_warehouse_ClutteringC_01/materials
[1.234s] -- Up-to-date: /home/agv/Desktop/catkin/catkin_ws/install/bot_gazebo/share/bot_gazebo/world/warehouse/models/aws_robomaker_warehouse_ClutteringC_01/materials/textures
[1.235s] -- Up-to-date: /home/agv/Desktop/catkin/catkin_ws/install/bot_gazebo/share/bot_gazebo/world/warehouse/models/aws_robomaker_warehouse_ClutteringC_01/materials/textures/aws_robomaker_warehouse_ClutteringC_01.png
[1.235s] -- Up-to-date: /home/agv/Desktop/catkin/catkin_ws/install/bot_gazebo/share/bot_gazebo/world/warehouse/models/aws_robomaker_warehouse_ClutteringC_01/materials/textures/aws_robomaker_warehouse_ClutteringC_02.png
[1.235s] -- Up-to-date: /home/agv/Desktop/catkin/catkin_ws/install/bot_gazebo/share/bot_gazebo/world/warehouse/models/aws_robomaker_warehouse_ClutteringC_01/model.config
[1.235s] -- Up-to-date: /home/agv/Desktop/catkin/catkin_ws/install/bot_gazebo/share/bot_gazebo/world/warehouse/models/aws_robomaker_warehouse_ShelfE_01
[1.235s] -- Up-to-date: /home/agv/Desktop/catkin/catkin_ws/install/bot_gazebo/share/bot_gazebo/world/warehouse/models/aws_robomaker_warehouse_ShelfE_01/model.sdf
[1.235s] -- Up-to-date: /home/agv/Desktop/catkin/catkin_ws/install/bot_gazebo/share/bot_gazebo/world/warehouse/models/aws_robomaker_warehouse_ShelfE_01/.DS_Store
[1.236s] -- Up-to-date: /home/agv/Desktop/catkin/catkin_ws/install/bot_gazebo/share/bot_gazebo/world/warehouse/models/aws_robomaker_warehouse_ShelfE_01/meshes
[1.237s] -- Up-to-date: /home/agv/Desktop/catkin/catkin_ws/install/bot_gazebo/share/bot_gazebo/world/warehouse/models/aws_robomaker_warehouse_ShelfE_01/meshes/aws_robomaker_warehouse_ShelfE_01_collision.DAE
[1.237s] -- Up-to-date: /home/agv/Desktop/catkin/catkin_ws/install/bot_gazebo/share/bot_gazebo/world/warehouse/models/aws_robomaker_warehouse_ShelfE_01/meshes/aws_robomaker_warehouse_ShelfE_01_visual.DAE
[1.238s] -- Up-to-date: /home/agv/Desktop/catkin/catkin_ws/install/bot_gazebo/share/bot_gazebo/world/warehouse/models/aws_robomaker_warehouse_ShelfE_01/materials
[1.239s] -- Up-to-date: /home/agv/Desktop/catkin/catkin_ws/install/bot_gazebo/share/bot_gazebo/world/warehouse/models/aws_robomaker_warehouse_ShelfE_01/materials/textures
[1.243s] -- Up-to-date: /home/agv/Desktop/catkin/catkin_ws/install/bot_gazebo/share/bot_gazebo/world/warehouse/models/aws_robomaker_warehouse_ShelfE_01/materials/textures/aws_robomaker_warehouse_ShelfE_02.png
[1.244s] -- Up-to-date: /home/agv/Desktop/catkin/catkin_ws/install/bot_gazebo/share/bot_gazebo/world/warehouse/models/aws_robomaker_warehouse_ShelfE_01/materials/textures/aws_robomaker_warehouse_ShelfE_01.png
[1.244s] -- Up-to-date: /home/agv/Desktop/catkin/catkin_ws/install/bot_gazebo/share/bot_gazebo/world/warehouse/models/aws_robomaker_warehouse_ShelfE_01/materials/textures/aws_robomaker_warehouse_ShelfE_03.png
[1.244s] -- Up-to-date: /home/agv/Desktop/catkin/catkin_ws/install/bot_gazebo/share/bot_gazebo/world/warehouse/models/aws_robomaker_warehouse_ShelfE_01/materials/textures/aws_robomaker_warehouse_ShelfE_04.png
[1.247s] -- Up-to-date: /home/agv/Desktop/catkin/catkin_ws/install/bot_gazebo/share/bot_gazebo/world/warehouse/models/aws_robomaker_warehouse_ShelfE_01/materials/.DS_Store
[1.251s] -- Up-to-date: /home/agv/Desktop/catkin/catkin_ws/install/bot_gazebo/share/bot_gazebo/world/warehouse/models/aws_robomaker_warehouse_ShelfE_01/model.config
[1.251s] -- Up-to-date: /home/agv/Desktop/catkin/catkin_ws/install/bot_gazebo/share/bot_gazebo/world/warehouse/models/apriltag_0
[1.251s] -- Up-to-date: /home/agv/Desktop/catkin/catkin_ws/install/bot_gazebo/share/bot_gazebo/world/warehouse/models/apriltag_0/apriltag_0.sdf
[1.251s] -- Up-to-date: /home/agv/Desktop/catkin/catkin_ws/install/bot_gazebo/share/bot_gazebo/world/warehouse/models/apriltag_0/meshes
[1.252s] -- Up-to-date: /home/agv/Desktop/catkin/catkin_ws/install/bot_gazebo/share/bot_gazebo/world/warehouse/models/apriltag_0/meshes/apriltag_0.dae
[1.252s] -- Up-to-date: /home/agv/Desktop/catkin/catkin_ws/install/bot_gazebo/share/bot_gazebo/world/warehouse/models/apriltag_0/model.config
[1.252s] -- Up-to-date: /home/agv/Desktop/catkin/catkin_ws/install/bot_gazebo/share/bot_gazebo/world/warehouse/models/aws_robomaker_warehouse_WallB_01
[1.252s] -- Up-to-date: /home/agv/Desktop/catkin/catkin_ws/install/bot_gazebo/share/bot_gazebo/world/warehouse/models/aws_robomaker_warehouse_WallB_01/model.sdf
[1.252s] -- Up-to-date: /home/agv/Desktop/catkin/catkin_ws/install/bot_gazebo/share/bot_gazebo/world/warehouse/models/aws_robomaker_warehouse_WallB_01/meshes
[1.252s] -- Up-to-date: /home/agv/Desktop/catkin/catkin_ws/install/bot_gazebo/share/bot_gazebo/world/warehouse/models/aws_robomaker_warehouse_WallB_01/meshes/aws_robomaker_warehouse_WallB_01_collision.DAE
[1.253s] -- Up-to-date: /home/agv/Desktop/catkin/catkin_ws/install/bot_gazebo/share/bot_gazebo/world/warehouse/models/aws_robomaker_warehouse_WallB_01/meshes/aws_robomaker_warehouse_WallB_01_visual.DAE
[1.253s] -- Up-to-date: /home/agv/Desktop/catkin/catkin_ws/install/bot_gazebo/share/bot_gazebo/world/warehouse/models/aws_robomaker_warehouse_WallB_01/materials
[1.253s] -- Up-to-date: /home/agv/Desktop/catkin/catkin_ws/install/bot_gazebo/share/bot_gazebo/world/warehouse/models/aws_robomaker_warehouse_WallB_01/materials/textures
[1.253s] -- Up-to-date: /home/agv/Desktop/catkin/catkin_ws/install/bot_gazebo/share/bot_gazebo/world/warehouse/models/aws_robomaker_warehouse_WallB_01/materials/textures/aws_robomaker_warehouse_WallB_01.png
[1.255s] -- Up-to-date: /home/agv/Desktop/catkin/catkin_ws/install/bot_gazebo/share/bot_gazebo/world/warehouse/models/aws_robomaker_warehouse_WallB_01/model.config
[1.255s] -- Up-to-date: /home/agv/Desktop/catkin/catkin_ws/install/bot_gazebo/share/bot_gazebo/world/warehouse/models/aws_robomaker_warehouse_ShelfF_01
[1.255s] -- Up-to-date: /home/agv/Desktop/catkin/catkin_ws/install/bot_gazebo/share/bot_gazebo/world/warehouse/models/aws_robomaker_warehouse_ShelfF_01/model.sdf
[1.255s] -- Up-to-date: /home/agv/Desktop/catkin/catkin_ws/install/bot_gazebo/share/bot_gazebo/world/warehouse/models/aws_robomaker_warehouse_ShelfF_01/meshes
[1.255s] -- Up-to-date: /home/agv/Desktop/catkin/catkin_ws/install/bot_gazebo/share/bot_gazebo/world/warehouse/models/aws_robomaker_warehouse_ShelfF_01/meshes/aws_robomaker_warehouse_ShelfF_01_collision.DAE
[1.256s] -- Up-to-date: /home/agv/Desktop/catkin/catkin_ws/install/bot_gazebo/share/bot_gazebo/world/warehouse/models/aws_robomaker_warehouse_ShelfF_01/meshes/aws_robomaker_warehouse_ShelfF_01_visual.DAE
[1.258s] -- Up-to-date: /home/agv/Desktop/catkin/catkin_ws/install/bot_gazebo/share/bot_gazebo/world/warehouse/models/aws_robomaker_warehouse_ShelfF_01/materials
[1.262s] -- Up-to-date: /home/agv/Desktop/catkin/catkin_ws/install/bot_gazebo/share/bot_gazebo/world/warehouse/models/aws_robomaker_warehouse_ShelfF_01/materials/textures
[1.262s] -- Up-to-date: /home/agv/Desktop/catkin/catkin_ws/install/bot_gazebo/share/bot_gazebo/world/warehouse/models/aws_robomaker_warehouse_ShelfF_01/materials/textures/aws_robomaker_warehouse_ShelfF_03.png
[1.262s] -- Up-to-date: /home/agv/Desktop/catkin/catkin_ws/install/bot_gazebo/share/bot_gazebo/world/warehouse/models/aws_robomaker_warehouse_ShelfF_01/materials/textures/aws_robomaker_warehouse_ShelfF_01.png
[1.263s] -- Up-to-date: /home/agv/Desktop/catkin/catkin_ws/install/bot_gazebo/share/bot_gazebo/world/warehouse/models/aws_robomaker_warehouse_ShelfF_01/materials/textures/aws_robomaker_warehouse_ShelfF_02.png
[1.263s] -- Up-to-date: /home/agv/Desktop/catkin/catkin_ws/install/bot_gazebo/share/bot_gazebo/world/warehouse/models/aws_robomaker_warehouse_ShelfF_01/model.config
[1.263s] -- Up-to-date: /home/agv/Desktop/catkin/catkin_ws/install/bot_gazebo/share/bot_gazebo/world/warehouse/models/aws_robomaker_warehouse_PalletJackB_01
[1.265s] -- Up-to-date: /home/agv/Desktop/catkin/catkin_ws/install/bot_gazebo/share/bot_gazebo/world/warehouse/models/aws_robomaker_warehouse_PalletJackB_01/model.sdf
[1.265s] -- Up-to-date: /home/agv/Desktop/catkin/catkin_ws/install/bot_gazebo/share/bot_gazebo/world/warehouse/models/aws_robomaker_warehouse_PalletJackB_01/.DS_Store
[1.265s] -- Up-to-date: /home/agv/Desktop/catkin/catkin_ws/install/bot_gazebo/share/bot_gazebo/world/warehouse/models/aws_robomaker_warehouse_PalletJackB_01/meshes
[1.266s] -- Up-to-date: /home/agv/Desktop/catkin/catkin_ws/install/bot_gazebo/share/bot_gazebo/world/warehouse/models/aws_robomaker_warehouse_PalletJackB_01/meshes/aws_robomaker_warehouse_PalletJackB_01_collision.DAE
[1.266s] -- Up-to-date: /home/agv/Desktop/catkin/catkin_ws/install/bot_gazebo/share/bot_gazebo/world/warehouse/models/aws_robomaker_warehouse_PalletJackB_01/meshes/aws_robomaker_warehouse_PalletJackB_01_visual.DAE
[1.266s] -- Up-to-date: /home/agv/Desktop/catkin/catkin_ws/install/bot_gazebo/share/bot_gazebo/world/warehouse/models/aws_robomaker_warehouse_PalletJackB_01/materials
[1.266s] -- Up-to-date: /home/agv/Desktop/catkin/catkin_ws/install/bot_gazebo/share/bot_gazebo/world/warehouse/models/aws_robomaker_warehouse_PalletJackB_01/materials/textures
[1.266s] -- Up-to-date: /home/agv/Desktop/catkin/catkin_ws/install/bot_gazebo/share/bot_gazebo/world/warehouse/models/aws_robomaker_warehouse_PalletJackB_01/materials/textures/aws_robomaker_warehouse_PalletJackB_01.png
[1.266s] -- Up-to-date: /home/agv/Desktop/catkin/catkin_ws/install/bot_gazebo/share/bot_gazebo/world/warehouse/models/aws_robomaker_warehouse_PalletJackB_01/materials/textures/aws_robomaker_warehouse_PalletJackB_02.png
[1.266s] -- Up-to-date: /home/agv/Desktop/catkin/catkin_ws/install/bot_gazebo/share/bot_gazebo/world/warehouse/models/aws_robomaker_warehouse_PalletJackB_01/materials/.DS_Store
[1.266s] -- Up-to-date: /home/agv/Desktop/catkin/catkin_ws/install/bot_gazebo/share/bot_gazebo/world/warehouse/models/aws_robomaker_warehouse_PalletJackB_01/model.config
[1.267s] -- Up-to-date: /home/agv/Desktop/catkin/catkin_ws/install/bot_gazebo/share/bot_gazebo/world/warehouse/models/aws_robomaker_warehouse_Lamp_01
[1.267s] -- Up-to-date: /home/agv/Desktop/catkin/catkin_ws/install/bot_gazebo/share/bot_gazebo/world/warehouse/models/aws_robomaker_warehouse_Lamp_01/model.sdf
[1.267s] -- Up-to-date: /home/agv/Desktop/catkin/catkin_ws/install/bot_gazebo/share/bot_gazebo/world/warehouse/models/aws_robomaker_warehouse_Lamp_01/meshes
[1.267s] -- Up-to-date: /home/agv/Desktop/catkin/catkin_ws/install/bot_gazebo/share/bot_gazebo/world/warehouse/models/aws_robomaker_warehouse_Lamp_01/meshes/aws_robomaker_warehouse_Lamp_01_visual.DAE
[1.267s] -- Up-to-date: /home/agv/Desktop/catkin/catkin_ws/install/bot_gazebo/share/bot_gazebo/world/warehouse/models/aws_robomaker_warehouse_Lamp_01/meshes/aws_robomaker_warehouse_Lamp_01_collision.DAE
[1.267s] -- Up-to-date: /home/agv/Desktop/catkin/catkin_ws/install/bot_gazebo/share/bot_gazebo/world/warehouse/models/aws_robomaker_warehouse_Lamp_01/materials
[1.268s] -- Up-to-date: /home/agv/Desktop/catkin/catkin_ws/install/bot_gazebo/share/bot_gazebo/world/warehouse/models/aws_robomaker_warehouse_Lamp_01/materials/textures
[1.268s] -- Up-to-date: /home/agv/Desktop/catkin/catkin_ws/install/bot_gazebo/share/bot_gazebo/world/warehouse/models/aws_robomaker_warehouse_Lamp_01/materials/textures/aws_robomaker_warehouse_Lamp_01.png
[1.268s] -- Up-to-date: /home/agv/Desktop/catkin/catkin_ws/install/bot_gazebo/share/bot_gazebo/world/warehouse/models/aws_robomaker_warehouse_Lamp_01/model.config
[1.268s] -- Up-to-date: /home/agv/Desktop/catkin/catkin_ws/install/bot_gazebo/share/bot_gazebo/world/warehouse/models/.DS_Store
[1.268s] -- Up-to-date: /home/agv/Desktop/catkin/catkin_ws/install/bot_gazebo/share/bot_gazebo/world/warehouse/models/aws_robomaker_warehouse_GroundB_01
[1.273s] -- Up-to-date: /home/agv/Desktop/catkin/catkin_ws/install/bot_gazebo/share/bot_gazebo/world/warehouse/models/aws_robomaker_warehouse_GroundB_01/model.sdf
[1.273s] -- Up-to-date: /home/agv/Desktop/catkin/catkin_ws/install/bot_gazebo/share/bot_gazebo/world/warehouse/models/aws_robomaker_warehouse_GroundB_01/meshes
[1.273s] -- Up-to-date: /home/agv/Desktop/catkin/catkin_ws/install/bot_gazebo/share/bot_gazebo/world/warehouse/models/aws_robomaker_warehouse_GroundB_01/meshes/aws_robomaker_warehouse_GroundB_01_visual.DAE
[1.274s] -- Up-to-date: /home/agv/Desktop/catkin/catkin_ws/install/bot_gazebo/share/bot_gazebo/world/warehouse/models/aws_robomaker_warehouse_GroundB_01/meshes/aws_robomaker_warehouse_GroundB_01_collision.DAE
[1.274s] -- Up-to-date: /home/agv/Desktop/catkin/catkin_ws/install/bot_gazebo/share/bot_gazebo/world/warehouse/models/aws_robomaker_warehouse_GroundB_01/materials
[1.274s] -- Up-to-date: /home/agv/Desktop/catkin/catkin_ws/install/bot_gazebo/share/bot_gazebo/world/warehouse/models/aws_robomaker_warehouse_GroundB_01/materials/textures
[1.274s] -- Up-to-date: /home/agv/Desktop/catkin/catkin_ws/install/bot_gazebo/share/bot_gazebo/world/warehouse/models/aws_robomaker_warehouse_GroundB_01/materials/textures/aws_robomaker_warehouse_GroundB_01.png
[1.274s] -- Up-to-date: /home/agv/Desktop/catkin/catkin_ws/install/bot_gazebo/share/bot_gazebo/world/warehouse/models/aws_robomaker_warehouse_GroundB_01/materials/textures/aws_robomaker_warehouse_GroundB_02.png
[1.274s] -- Up-to-date: /home/agv/Desktop/catkin/catkin_ws/install/bot_gazebo/share/bot_gazebo/world/warehouse/models/aws_robomaker_warehouse_GroundB_01/model.config
[1.275s] -- Up-to-date: /home/agv/Desktop/catkin/catkin_ws/install/bot_gazebo/share/bot_gazebo/world/warehouse/models/aws_robomaker_warehouse_Bucket_01
[1.275s] -- Up-to-date: /home/agv/Desktop/catkin/catkin_ws/install/bot_gazebo/share/bot_gazebo/world/warehouse/models/aws_robomaker_warehouse_Bucket_01/model.sdf
[1.278s] -- Up-to-date: /home/agv/Desktop/catkin/catkin_ws/install/bot_gazebo/share/bot_gazebo/world/warehouse/models/aws_robomaker_warehouse_Bucket_01/.DS_Store
[1.278s] -- Up-to-date: /home/agv/Desktop/catkin/catkin_ws/install/bot_gazebo/share/bot_gazebo/world/warehouse/models/aws_robomaker_warehouse_Bucket_01/meshes
[1.279s] -- Up-to-date: /home/agv/Desktop/catkin/catkin_ws/install/bot_gazebo/share/bot_gazebo/world/warehouse/models/aws_robomaker_warehouse_Bucket_01/meshes/aws_robomaker_warehouse_Bucket_01_visual.DAE
[1.282s] -- Up-to-date: /home/agv/Desktop/catkin/catkin_ws/install/bot_gazebo/share/bot_gazebo/world/warehouse/models/aws_robomaker_warehouse_Bucket_01/meshes/aws_robomaker_warehouse_Bucket_01_collision.DAE
[1.282s] -- Up-to-date: /home/agv/Desktop/catkin/catkin_ws/install/bot_gazebo/share/bot_gazebo/world/warehouse/models/aws_robomaker_warehouse_Bucket_01/materials
[1.283s] -- Up-to-date: /home/agv/Desktop/catkin/catkin_ws/install/bot_gazebo/share/bot_gazebo/world/warehouse/models/aws_robomaker_warehouse_Bucket_01/materials/textures
[1.283s] -- Up-to-date: /home/agv/Desktop/catkin/catkin_ws/install/bot_gazebo/share/bot_gazebo/world/warehouse/models/aws_robomaker_warehouse_Bucket_01/materials/textures/aws_robomaker_warehouse_Bucket_01.png
[1.283s] -- Up-to-date: /home/agv/Desktop/catkin/catkin_ws/install/bot_gazebo/share/bot_gazebo/world/warehouse/models/aws_robomaker_warehouse_Bucket_01/materials/.DS_Store
[1.283s] -- Up-to-date: /home/agv/Desktop/catkin/catkin_ws/install/bot_gazebo/share/bot_gazebo/world/warehouse/models/aws_robomaker_warehouse_Bucket_01/model.config
[1.283s] -- Up-to-date: /home/agv/Desktop/catkin/catkin_ws/install/bot_gazebo/share/bot_gazebo/world/warehouse/models/aws_robomaker_warehouse_ShelfD_01
[1.283s] -- Up-to-date: /home/agv/Desktop/catkin/catkin_ws/install/bot_gazebo/share/bot_gazebo/world/warehouse/models/aws_robomaker_warehouse_ShelfD_01/model.sdf
[1.283s] -- Up-to-date: /home/agv/Desktop/catkin/catkin_ws/install/bot_gazebo/share/bot_gazebo/world/warehouse/models/aws_robomaker_warehouse_ShelfD_01/meshes
[1.283s] -- Up-to-date: /home/agv/Desktop/catkin/catkin_ws/install/bot_gazebo/share/bot_gazebo/world/warehouse/models/aws_robomaker_warehouse_ShelfD_01/meshes/aws_robomaker_warehouse_ShelfD_01_collision.DAE
[1.283s] -- Up-to-date: /home/agv/Desktop/catkin/catkin_ws/install/bot_gazebo/share/bot_gazebo/world/warehouse/models/aws_robomaker_warehouse_ShelfD_01/meshes/aws_robomaker_warehouse_ShelfD_01_visual.DAE
[1.284s] -- Up-to-date: /home/agv/Desktop/catkin/catkin_ws/install/bot_gazebo/share/bot_gazebo/world/warehouse/models/aws_robomaker_warehouse_ShelfD_01/materials
[1.284s] -- Up-to-date: /home/agv/Desktop/catkin/catkin_ws/install/bot_gazebo/share/bot_gazebo/world/warehouse/models/aws_robomaker_warehouse_ShelfD_01/materials/textures
[1.284s] -- Up-to-date: /home/agv/Desktop/catkin/catkin_ws/install/bot_gazebo/share/bot_gazebo/world/warehouse/models/aws_robomaker_warehouse_ShelfD_01/materials/textures/aws_robomaker_warehouse_ShelfD_01.png
[1.284s] -- Up-to-date: /home/agv/Desktop/catkin/catkin_ws/install/bot_gazebo/share/bot_gazebo/world/warehouse/models/aws_robomaker_warehouse_ShelfD_01/materials/textures/aws_robomaker_warehouse_ShelfD_02.png
[1.284s] -- Up-to-date: /home/agv/Desktop/catkin/catkin_ws/install/bot_gazebo/share/bot_gazebo/world/warehouse/models/aws_robomaker_warehouse_ShelfD_01/materials/textures/aws_robomaker_warehouse_ShelfD_04.png
[1.284s] -- Up-to-date: /home/agv/Desktop/catkin/catkin_ws/install/bot_gazebo/share/bot_gazebo/world/warehouse/models/aws_robomaker_warehouse_ShelfD_01/materials/textures/aws_robomaker_warehouse_ShelfD_03.png
[1.284s] -- Up-to-date: /home/agv/Desktop/catkin/catkin_ws/install/bot_gazebo/share/bot_gazebo/world/warehouse/models/aws_robomaker_warehouse_ShelfD_01/model.config
[1.284s] -- Up-to-date: /home/agv/Desktop/catkin/catkin_ws/install/bot_gazebo/share/bot_gazebo/world/warehouse/models/aws_robomaker_warehouse_ClutteringA_01
[1.285s] -- Up-to-date: /home/agv/Desktop/catkin/catkin_ws/install/bot_gazebo/share/bot_gazebo/world/warehouse/models/aws_robomaker_warehouse_ClutteringA_01/model.sdf
[1.285s] -- Up-to-date: /home/agv/Desktop/catkin/catkin_ws/install/bot_gazebo/share/bot_gazebo/world/warehouse/models/aws_robomaker_warehouse_ClutteringA_01/.DS_Store
[1.285s] -- Up-to-date: /home/agv/Desktop/catkin/catkin_ws/install/bot_gazebo/share/bot_gazebo/world/warehouse/models/aws_robomaker_warehouse_ClutteringA_01/meshes
[1.285s] -- Up-to-date: /home/agv/Desktop/catkin/catkin_ws/install/bot_gazebo/share/bot_gazebo/world/warehouse/models/aws_robomaker_warehouse_ClutteringA_01/meshes/aws_robomaker_warehouse_ClutteringA_01_visual.DAE
[1.285s] -- Up-to-date: /home/agv/Desktop/catkin/catkin_ws/install/bot_gazebo/share/bot_gazebo/world/warehouse/models/aws_robomaker_warehouse_ClutteringA_01/meshes/aws_robomaker_warehouse_ClutteringA_01_collision.DAE
[1.285s] -- Up-to-date: /home/agv/Desktop/catkin/catkin_ws/install/bot_gazebo/share/bot_gazebo/world/warehouse/models/aws_robomaker_warehouse_ClutteringA_01/materials
[1.285s] -- Up-to-date: /home/agv/Desktop/catkin/catkin_ws/install/bot_gazebo/share/bot_gazebo/world/warehouse/models/aws_robomaker_warehouse_ClutteringA_01/materials/textures
[1.286s] -- Up-to-date: /home/agv/Desktop/catkin/catkin_ws/install/bot_gazebo/share/bot_gazebo/world/warehouse/models/aws_robomaker_warehouse_ClutteringA_01/materials/textures/.DS_Store
[1.286s] -- Up-to-date: /home/agv/Desktop/catkin/catkin_ws/install/bot_gazebo/share/bot_gazebo/world/warehouse/models/aws_robomaker_warehouse_ClutteringA_01/materials/textures/aws_robomaker_warehouse_ClutteringA_02.png
[1.286s] -- Up-to-date: /home/agv/Desktop/catkin/catkin_ws/install/bot_gazebo/share/bot_gazebo/world/warehouse/models/aws_robomaker_warehouse_ClutteringA_01/materials/textures/aws_robomaker_warehouse_ClutteringA_03.png
[1.286s] -- Up-to-date: /home/agv/Desktop/catkin/catkin_ws/install/bot_gazebo/share/bot_gazebo/world/warehouse/models/aws_robomaker_warehouse_ClutteringA_01/materials/textures/aws_robomaker_warehouse_ClutteringA_01.png
[1.286s] -- Up-to-date: /home/agv/Desktop/catkin/catkin_ws/install/bot_gazebo/share/bot_gazebo/world/warehouse/models/aws_robomaker_warehouse_ClutteringA_01/materials/.DS_Store
[1.286s] -- Up-to-date: /home/agv/Desktop/catkin/catkin_ws/install/bot_gazebo/share/bot_gazebo/world/warehouse/models/aws_robomaker_warehouse_ClutteringA_01/model.config
[1.286s] -- Up-to-date: /home/agv/Desktop/catkin/catkin_ws/install/bot_gazebo/share/bot_gazebo/world/warehouse/models/aws_robomaker_warehouse_ClutteringD_01
[1.287s] -- Up-to-date: /home/agv/Desktop/catkin/catkin_ws/install/bot_gazebo/share/bot_gazebo/world/warehouse/models/aws_robomaker_warehouse_ClutteringD_01/model.sdf
[1.287s] -- Up-to-date: /home/agv/Desktop/catkin/catkin_ws/install/bot_gazebo/share/bot_gazebo/world/warehouse/models/aws_robomaker_warehouse_ClutteringD_01/meshes
[1.287s] -- Up-to-date: /home/agv/Desktop/catkin/catkin_ws/install/bot_gazebo/share/bot_gazebo/world/warehouse/models/aws_robomaker_warehouse_ClutteringD_01/meshes/aws_robomaker_warehouse_ClutteringD_01_collision.DAE
[1.287s] -- Up-to-date: /home/agv/Desktop/catkin/catkin_ws/install/bot_gazebo/share/bot_gazebo/world/warehouse/models/aws_robomaker_warehouse_ClutteringD_01/meshes/aws_robomaker_warehouse_ClutteringD_01_visual.DAE
[1.287s] -- Up-to-date: /home/agv/Desktop/catkin/catkin_ws/install/bot_gazebo/share/bot_gazebo/world/warehouse/models/aws_robomaker_warehouse_ClutteringD_01/materials
[1.287s] -- Up-to-date: /home/agv/Desktop/catkin/catkin_ws/install/bot_gazebo/share/bot_gazebo/world/warehouse/models/aws_robomaker_warehouse_ClutteringD_01/materials/textures
[1.287s] -- Up-to-date: /home/agv/Desktop/catkin/catkin_ws/install/bot_gazebo/share/bot_gazebo/world/warehouse/models/aws_robomaker_warehouse_ClutteringD_01/materials/textures/aws_robomaker_warehouse_ClutteringD_02.png
[1.287s] -- Up-to-date: /home/agv/Desktop/catkin/catkin_ws/install/bot_gazebo/share/bot_gazebo/world/warehouse/models/aws_robomaker_warehouse_ClutteringD_01/materials/textures/aws_robomaker_warehouse_ClutteringD_01.png
[1.288s] -- Up-to-date: /home/agv/Desktop/catkin/catkin_ws/install/bot_gazebo/share/bot_gazebo/world/warehouse/models/aws_robomaker_warehouse_ClutteringD_01/model.config
[1.288s] -- Up-to-date: /home/agv/Desktop/catkin/catkin_ws/install/bot_gazebo/share/bot_gazebo/world/warehouse/models/aws_robomaker_warehouse_TrashCanC_01
[1.288s] -- Up-to-date: /home/agv/Desktop/catkin/catkin_ws/install/bot_gazebo/share/bot_gazebo/world/warehouse/models/aws_robomaker_warehouse_TrashCanC_01/model.sdf
[1.288s] -- Up-to-date: /home/agv/Desktop/catkin/catkin_ws/install/bot_gazebo/share/bot_gazebo/world/warehouse/models/aws_robomaker_warehouse_TrashCanC_01/meshes
[1.288s] -- Up-to-date: /home/agv/Desktop/catkin/catkin_ws/install/bot_gazebo/share/bot_gazebo/world/warehouse/models/aws_robomaker_warehouse_TrashCanC_01/meshes/aws_robomaker_warehouse_TrashCanC_01_collision.DAE
[1.288s] -- Up-to-date: /home/agv/Desktop/catkin/catkin_ws/install/bot_gazebo/share/bot_gazebo/world/warehouse/models/aws_robomaker_warehouse_TrashCanC_01/meshes/aws_robomaker_warehouse_TrashCanC_01_visual.DAE
[1.288s] -- Up-to-date: /home/agv/Desktop/catkin/catkin_ws/install/bot_gazebo/share/bot_gazebo/world/warehouse/models/aws_robomaker_warehouse_TrashCanC_01/materials
[1.289s] -- Up-to-date: /home/agv/Desktop/catkin/catkin_ws/install/bot_gazebo/share/bot_gazebo/world/warehouse/models/aws_robomaker_warehouse_TrashCanC_01/materials/textures
[1.289s] -- Up-to-date: /home/agv/Desktop/catkin/catkin_ws/install/bot_gazebo/share/bot_gazebo/world/warehouse/models/aws_robomaker_warehouse_TrashCanC_01/materials/textures/aws_robomaker_warehouse_TrashCanC_01.png
[1.290s] -- Up-to-date: /home/agv/Desktop/catkin/catkin_ws/install/bot_gazebo/share/bot_gazebo/world/warehouse/models/aws_robomaker_warehouse_TrashCanC_01/model.config
[1.290s] -- Up-to-date: /home/agv/Desktop/catkin/catkin_ws/install/bot_gazebo/share/bot_gazebo/world/warehouse/models/aws_robomaker_warehouse_DeskC_01
[1.296s] -- Up-to-date: /home/agv/Desktop/catkin/catkin_ws/install/bot_gazebo/share/bot_gazebo/world/warehouse/models/aws_robomaker_warehouse_DeskC_01/model.sdf
[1.296s] -- Up-to-date: /home/agv/Desktop/catkin/catkin_ws/install/bot_gazebo/share/bot_gazebo/world/warehouse/models/aws_robomaker_warehouse_DeskC_01/meshes
[1.296s] -- Up-to-date: /home/agv/Desktop/catkin/catkin_ws/install/bot_gazebo/share/bot_gazebo/world/warehouse/models/aws_robomaker_warehouse_DeskC_01/meshes/aws_robomaker_warehouse_DeskC_01_visual.DAE
[1.296s] -- Up-to-date: /home/agv/Desktop/catkin/catkin_ws/install/bot_gazebo/share/bot_gazebo/world/warehouse/models/aws_robomaker_warehouse_DeskC_01/meshes/aws_robomaker_warehouse_DeskC_01_collision.DAE
[1.296s] -- Up-to-date: /home/agv/Desktop/catkin/catkin_ws/install/bot_gazebo/share/bot_gazebo/world/warehouse/models/aws_robomaker_warehouse_DeskC_01/materials
[1.299s] -- Up-to-date: /home/agv/Desktop/catkin/catkin_ws/install/bot_gazebo/share/bot_gazebo/world/warehouse/models/aws_robomaker_warehouse_DeskC_01/materials/textures
[1.299s] -- Up-to-date: /home/agv/Desktop/catkin/catkin_ws/install/bot_gazebo/share/bot_gazebo/world/warehouse/models/aws_robomaker_warehouse_DeskC_01/materials/textures/aws_robomaker_warehouse_DeskC_03.png
[1.299s] -- Up-to-date: /home/agv/Desktop/catkin/catkin_ws/install/bot_gazebo/share/bot_gazebo/world/warehouse/models/aws_robomaker_warehouse_DeskC_01/materials/textures/aws_robomaker_warehouse_DeskC_03.psd
[1.299s] -- Up-to-date: /home/agv/Desktop/catkin/catkin_ws/install/bot_gazebo/share/bot_gazebo/world/warehouse/models/aws_robomaker_warehouse_DeskC_01/materials/textures/aws_robomaker_warehouse_DeskC_02.png
[1.299s] -- Up-to-date: /home/agv/Desktop/catkin/catkin_ws/install/bot_gazebo/share/bot_gazebo/world/warehouse/models/aws_robomaker_warehouse_DeskC_01/materials/textures/aws_robomaker_warehouse_DeskC_04.png
[1.299s] -- Up-to-date: /home/agv/Desktop/catkin/catkin_ws/install/bot_gazebo/share/bot_gazebo/world/warehouse/models/aws_robomaker_warehouse_DeskC_01/materials/textures/aws_robomaker_warehouse_DeskC_01.png
[1.299s] -- Up-to-date: /home/agv/Desktop/catkin/catkin_ws/install/bot_gazebo/share/bot_gazebo/world/warehouse/models/aws_robomaker_warehouse_DeskC_01/materials/.DS_Store
[1.299s] -- Up-to-date: /home/agv/Desktop/catkin/catkin_ws/install/bot_gazebo/share/bot_gazebo/world/warehouse/models/aws_robomaker_warehouse_DeskC_01/model.config
[1.300s] -- Up-to-date: /home/agv/Desktop/catkin/catkin_ws/install/bot_gazebo/share/bot_gazebo/world/warehouse/models/apriltag_1
[1.300s] -- Up-to-date: /home/agv/Desktop/catkin/catkin_ws/install/bot_gazebo/share/bot_gazebo/world/warehouse/models/apriltag_1/meshes
[1.300s] -- Up-to-date: /home/agv/Desktop/catkin/catkin_ws/install/bot_gazebo/share/bot_gazebo/world/warehouse/models/apriltag_1/meshes/apriltag_1.dae
[1.300s] -- Up-to-date: /home/agv/Desktop/catkin/catkin_ws/install/bot_gazebo/share/bot_gazebo/world/warehouse/models/apriltag_1/model.config
[1.300s] -- Up-to-date: /home/agv/Desktop/catkin/catkin_ws/install/bot_gazebo/share/bot_gazebo/world/warehouse/models/apriltag_1/apriltag_1.sdf
[1.302s] -- Up-to-date: /home/agv/Desktop/catkin/catkin_ws/install/bot_gazebo/share/bot_gazebo/world/warehouse/models/aws_robomaker_warehouse_RoofB_01
[1.302s] -- Up-to-date: /home/agv/Desktop/catkin/catkin_ws/install/bot_gazebo/share/bot_gazebo/world/warehouse/models/aws_robomaker_warehouse_RoofB_01/model.sdf
[1.303s] -- Up-to-date: /home/agv/Desktop/catkin/catkin_ws/install/bot_gazebo/share/bot_gazebo/world/warehouse/models/aws_robomaker_warehouse_RoofB_01/meshes
[1.303s] -- Up-to-date: /home/agv/Desktop/catkin/catkin_ws/install/bot_gazebo/share/bot_gazebo/world/warehouse/models/aws_robomaker_warehouse_RoofB_01/meshes/aws_robomaker_warehouse_RoofB_01_collision.DAE
[1.303s] -- Up-to-date: /home/agv/Desktop/catkin/catkin_ws/install/bot_gazebo/share/bot_gazebo/world/warehouse/models/aws_robomaker_warehouse_RoofB_01/meshes/aws_robomaker_warehouse_RoofB_01_visual.DAE
[1.304s] -- Up-to-date: /home/agv/Desktop/catkin/catkin_ws/install/bot_gazebo/share/bot_gazebo/world/warehouse/models/aws_robomaker_warehouse_RoofB_01/materials
[1.304s] -- Up-to-date: /home/agv/Desktop/catkin/catkin_ws/install/bot_gazebo/share/bot_gazebo/world/warehouse/models/aws_robomaker_warehouse_RoofB_01/materials/textures
[1.304s] -- Up-to-date: /home/agv/Desktop/catkin/catkin_ws/install/bot_gazebo/share/bot_gazebo/world/warehouse/models/aws_robomaker_warehouse_RoofB_01/materials/textures/aws_robomaker_warehouse_RoofB_01.png
[1.305s] -- Up-to-date: /home/agv/Desktop/catkin/catkin_ws/install/bot_gazebo/share/bot_gazebo/world/warehouse/models/aws_robomaker_warehouse_RoofB_01/model.config
[1.305s] -- Up-to-date: /home/agv/Desktop/catkin/catkin_ws/install/bot_gazebo/share/bot_gazebo/world/test_april
[1.308s] -- Up-to-date: /home/agv/Desktop/catkin/catkin_ws/install/bot_gazebo/share/bot_gazebo/world/test_april/test2.world
[1.308s] -- Up-to-date: /home/agv/Desktop/catkin/catkin_ws/install/bot_gazebo/share/bot_gazebo/world/test_april/test.world
[1.308s] -- Up-to-date: /home/agv/Desktop/catkin/catkin_ws/install/bot_gazebo/share/bot_gazebo/world/test_april/models
[1.308s] -- Up-to-date: /home/agv/Desktop/catkin/catkin_ws/install/bot_gazebo/share/bot_gazebo/world/test_april/models/apriltag_0
[1.309s] -- Up-to-date: /home/agv/Desktop/catkin/catkin_ws/install/bot_gazebo/share/bot_gazebo/world/test_april/models/apriltag_0/apriltag_0.sdf
[1.313s] -- Up-to-date: /home/agv/Desktop/catkin/catkin_ws/install/bot_gazebo/share/bot_gazebo/world/test_april/models/apriltag_0/meshes
[1.313s] -- Up-to-date: /home/agv/Desktop/catkin/catkin_ws/install/bot_gazebo/share/bot_gazebo/world/test_april/models/apriltag_0/meshes/apriltag_0.dae
[1.313s] -- Up-to-date: /home/agv/Desktop/catkin/catkin_ws/install/bot_gazebo/share/bot_gazebo/world/test_april/models/apriltag_0/model.config
[1.313s] -- Up-to-date: /home/agv/Desktop/catkin/catkin_ws/install/bot_gazebo/share/bot_gazebo/world/test_april/models/apriltag_1
[1.313s] -- Up-to-date: /home/agv/Desktop/catkin/catkin_ws/install/bot_gazebo/share/bot_gazebo/world/test_april/models/apriltag_1/meshes
[1.313s] -- Up-to-date: /home/agv/Desktop/catkin/catkin_ws/install/bot_gazebo/share/bot_gazebo/world/test_april/models/apriltag_1/meshes/apriltag_1.dae
[1.313s] -- Up-to-date: /home/agv/Desktop/catkin/catkin_ws/install/bot_gazebo/share/bot_gazebo/world/test_april/models/apriltag_1/model.config
[1.313s] -- Up-to-date: /home/agv/Desktop/catkin/catkin_ws/install/bot_gazebo/share/bot_gazebo/world/test_april/models/apriltag_1/apriltag_1.sdf
[1.313s] -- Up-to-date: /home/agv/Desktop/catkin/catkin_ws/install/bot_gazebo/share/ament_index/resource_index/package_run_dependencies/bot_gazebo
[1.315s] -- Up-to-date: /home/agv/Desktop/catkin/catkin_ws/install/bot_gazebo/share/ament_index/resource_index/parent_prefix_path/bot_gazebo
[1.318s] -- Up-to-date: /home/agv/Desktop/catkin/catkin_ws/install/bot_gazebo/share/bot_gazebo/environment/ament_prefix_path.sh
[1.318s] -- Up-to-date: /home/agv/Desktop/catkin/catkin_ws/install/bot_gazebo/share/bot_gazebo/environment/ament_prefix_path.dsv
[1.318s] -- Up-to-date: /home/agv/Desktop/catkin/catkin_ws/install/bot_gazebo/share/bot_gazebo/environment/path.sh
[1.318s] -- Up-to-date: /home/agv/Desktop/catkin/catkin_ws/install/bot_gazebo/share/bot_gazebo/environment/path.dsv
[1.318s] -- Up-to-date: /home/agv/Desktop/catkin/catkin_ws/install/bot_gazebo/share/bot_gazebo/local_setup.bash
[1.318s] -- Up-to-date: /home/agv/Desktop/catkin/catkin_ws/install/bot_gazebo/share/bot_gazebo/local_setup.sh
[1.318s] -- Up-to-date: /home/agv/Desktop/catkin/catkin_ws/install/bot_gazebo/share/bot_gazebo/local_setup.zsh
[1.318s] -- Up-to-date: /home/agv/Desktop/catkin/catkin_ws/install/bot_gazebo/share/bot_gazebo/local_setup.dsv
[1.318s] -- Installing: /home/agv/Desktop/catkin/catkin_ws/install/bot_gazebo/share/bot_gazebo/package.dsv
[1.318s] -- Up-to-date: /home/agv/Desktop/catkin/catkin_ws/install/bot_gazebo/share/ament_index/resource_index/packages/bot_gazebo
[1.319s] -- Up-to-date: /home/agv/Desktop/catkin/catkin_ws/install/bot_gazebo/share/bot_gazebo/cmake/bot_gazeboConfig.cmake
[1.319s] -- Up-to-date: /home/agv/Desktop/catkin/catkin_ws/install/bot_gazebo/share/bot_gazebo/cmake/bot_gazeboConfig-version.cmake
[1.319s] -- Up-to-date: /home/agv/Desktop/catkin/catkin_ws/install/bot_gazebo/share/bot_gazebo/package.xml
[1.327s] Invoked command in '/home/agv/Desktop/catkin/catkin_ws/build/bot_gazebo' returned '0': CMAKE_PREFIX_PATH=/opt/ros/humble /usr/bin/cmake --install /home/agv/Desktop/catkin/catkin_ws/build/bot_gazebo
